2025-08-27 10:11:36,850 [T1] INFO  EngineStarter
BOT Engine Start - v3.1.125.00701 at 2025-08-27 오전 10:11:36
EngineID: D_20250827_101135_940
PID : 6920
PPID: 480
Working Directory: C:\Users\GVTI1C18\AppData\Roaming\Brity RPA Designer

2025-08-27 10:11:36,881 [T1] INFO  EngineStarter
System Language: ko-KR
Resolution: 1920 x 1080

2025-08-27 10:11:37,180 [T1] INFO  Config
Initialize Config

2025-08-27 10:11:37,238 [T1] DEBUG Config
Config Loaded

2025-08-27 10:11:37,238 [T1] DEBUG Config
Backup config file.

2025-08-27 10:11:37,249 [T1] INFO  Config
Orchestrator Service => https://bwrpa.samsungsds.com:8777

2025-08-27 10:11:37,254 [T1] INFO  Config
Initialize Resource Config

2025-08-27 10:11:37,295 [T1] DEBUG Config
Refresh Language Information

2025-08-27 10:11:37,401 [T1] INFO  Config
All Config Initialized.

2025-08-27 10:11:37,409 [T1] DEBUG KeyManager
Initialize KeyManager

2025-08-27 10:11:37,413 [T1] DEBUG KeyManager
Load device unique id.

2025-08-27 10:11:37,422 [T1] DEBUG KeyManager
Device ID is initialized.

2025-08-27 10:11:37,427 [T1] INFO  Config
Activated License Type : StandAloneDesigner

2025-08-27 10:11:37,498 [T5] DEBUG JobService
Connect to agent service

2025-08-27 10:11:37,534 [T5] DEBUG JobService
JobService URL : net.tcp://127.0.0.1:59001/rpa/agent

2025-08-27 10:11:37,534 [T5] DEBUG JobService
Open connection

2025-08-27 10:11:37,542 [T1] DEBUG ApplicationInitializer
InitMode: Thread

2025-08-27 10:11:37,555 [T1] INFO  LibraryManager
Load Libraries - Started

2025-08-27 10:11:37,555 [T5] DEBUG JobService
Register engine to agent

2025-08-27 10:11:37,571 [T1] DEBUG AddInLoader
Load Assembly : IPA.Lib.Chrome

2025-08-27 10:11:37,575 [T5] DEBUG JobService
Engine is connected to agent service.

2025-08-27 10:11:37,575 [T5] DEBUG JobService
Owner Process PID: 480

2025-08-27 10:11:37,578 [T5] INFO  JobService
Start monitoring owner process is terminated.

2025-08-27 10:11:37,829 [T1] DEBUG AddInLoader
Load Assembly : IPA.Lib.Desktop

2025-08-27 10:11:38,021 [T1] DEBUG AddInLoader
Load Assembly : IPA.Lib.Excel

2025-08-27 10:11:38,218 [T1] DEBUG AddInLoader
Load Assembly : IPA.Lib.Flow

2025-08-27 10:11:38,360 [T1] DEBUG AddInLoader
Load Assembly : IPA.Lib.IE

2025-08-27 10:11:38,471 [T1] DEBUG AddInLoader
Load Assembly : IPA.Lib.ImageConverter

2025-08-27 10:11:38,541 [T1] DEBUG AddInLoader
Load Assembly : IPA.Lib.ImageRecognition

2025-08-27 10:11:38,780 [T1] DEBUG AddInLoader
Load Assembly : IPA.Lib.MicrosoftOCR

2025-08-27 10:11:38,855 [T1] DEBUG AddInLoader
Load Assembly : IPA.Lib.Net

2025-08-27 10:11:38,953 [T1] DEBUG AddInLoader
Load Assembly : IPA.Lib.Orchestra

2025-08-27 10:11:39,056 [T1] DEBUG AddInLoader
Load Assembly : IPA.Lib.ProcessFlow

2025-08-27 10:11:39,165 [T1] DEBUG AddInLoader
Load Assembly : IPA.Lib.SAP

2025-08-27 10:11:39,262 [T1] DEBUG AddInLoader
Load Assembly : IPA.Lib.Web

2025-08-27 10:11:39,399 [T1] DEBUG AddInLoader
Load Assembly : IPA.Lib.Win

2025-08-27 10:11:39,563 [T1] INFO  ScreenCapture
Default Screen Capture Bounds: 0,0,1920,1080

2025-08-27 10:11:39,603 [T1] DEBUG AddInLoader
Load Assembly : BrityRPA.AddIn.NativeApp

2025-08-27 10:11:39,736 [T1] DEBUG AddInLoader
Load Assembly : BrityWorks.AddIn.Outlook

2025-08-27 10:11:39,821 [T1] DEBUG AddInLoader
Load Assembly : BrityWorks.AddIn.Pdf

2025-08-27 10:11:39,920 [T1] DEBUG LibraryManager
Load Library - Chrome

2025-08-27 10:11:39,935 [T1] DEBUG LibraryManager
Load Library - Desktop

2025-08-27 10:11:39,951 [T1] DEBUG LibraryManager
Load Library - Excel

2025-08-27 10:11:39,966 [T1] DEBUG LibraryManager
Load Library - Flow

2025-08-27 10:11:39,981 [T1] DEBUG LibraryManager
Load Library - IE

2025-08-27 10:11:39,996 [T1] DEBUG LibraryManager
Load Library - ImageConverter

2025-08-27 10:11:40,012 [T1] DEBUG LibraryManager
Load Library - ImageRecognition

2025-08-27 10:11:40,027 [T1] DEBUG LibraryManager
Load Library - MicrosoftOCR

2025-08-27 10:11:40,043 [T1] DEBUG LibraryManager
Load Library - NativeApp

2025-08-27 10:11:40,058 [T1] DEBUG LibraryManager
Load Library - Net

2025-08-27 10:11:40,073 [T1] DEBUG LibraryManager
Load Library - Orchestra

2025-08-27 10:11:40,088 [T1] DEBUG LibraryManager
Load Library - Outlook

2025-08-27 10:11:40,104 [T1] DEBUG LibraryManager
Load Library - Pdf

2025-08-27 10:11:40,119 [T1] DEBUG LibraryManager
Load Library - SAP

2025-08-27 10:11:40,135 [T1] DEBUG LibraryManager
Load Library - Web

2025-08-27 10:11:40,150 [T1] DEBUG LibraryManager
Load Library - Win

2025-08-27 10:11:40,165 [T1] DEBUG LibraryManager
Load Library - WorkFlow

2025-08-27 10:11:40,170 [T1] DEBUG LibraryManager
Load built-in script libraries

2025-08-27 10:11:40,487 [T1] INFO  LibraryManager
Load Libraries - Completed.

2025-08-27 10:11:40,503 [T1] INFO  App
Launch Arguments: Total: 6 |  -eid D_20250827_101135_940 -runtype ProcRunner -ppid 480

2025-08-27 10:11:40,503 [T1] DEBUG Config
Refresh Language Information

2025-08-27 10:11:40,504 [T1] DEBUG LibraryManager
LibraryManager Initialized.

2025-08-27 10:15:19,458 [T8] INFO  JobService
Start Job: T_3_시각화 (Foreground)
{
  "JobType": 1,
  "State": 0,
  "IsRunning": false,
  "ResultMessage": null,
  "StartTime": "2025-08-27 10:15:19",
  "EndTime": null,
  "JobId": "Designer_20250827_101519_221",
  "UserAuthentication": null,
  "ProcessPath": "C:\\Users\\GVTI1C18\\Desktop\\Automatic-Analysis\\T_3_시각화.proc",
  "ProcessId": "1ef12143-8738-4a20-b78f-851548397f8a",
  "ProcessVer": "1.0",
  "ProcessArgs": "S1488dab3bd2a4586837d8f69a7c5ef3c;;False",
  "RequesterType": 3,
  "RequesterId": "designer",
  "RequesterPID": 480,
  "OptionsJsonString": null,
  "TimeoutSec": 0,
  "EngineID": "D_20250827_101135_940",
  "EnginePID": 0,
  "EngineRecommededVersion": "",
  "JobWorkDir": "C:\\Users\\GVTI1C18\\Desktop\\Automatic-Analysis\\Histories\\20250827_101519_T_3_시각화_Designer_20250827_101519_221",
  "JobLogDir": "C:\\Users\\GVTI1C18\\Desktop\\Automatic-Analysis\\Histories\\20250827_101519_T_3_시각화_Designer_20250827_101519_221\\Log",
  "JobScreenshotDir": "C:\\Users\\GVTI1C18\\Desktop\\Automatic-Analysis\\Histories\\20250827_101519_T_3_시각화_Designer_20250827_101519_221\\Log\\Screenshot"
}

2025-08-27 10:15:19,627 [T9] DEBUG JobService
Waiting library loading...

2025-08-27 10:15:19,630 [T9] DEBUG Config
Reload User Settings

2025-08-27 10:15:19,633 [T9] INFO  JobService
Config Loading Completed.

2025-08-27 10:15:19,634 [T9] DEBUG JobService
Config Loading Time: 6 ms.

2025-08-27 10:15:19,639 [T9] DEBUG JobService
Check Shared Token

2025-08-27 10:15:19,642 [T9] DEBUG TokenManager
Load connection token

2025-08-27 10:15:19,645 [T9] DEBUG TokenManager
Clear Connection Token - No Shared Token

2025-08-27 10:15:19,654 [T9] DEBUG ServerInformationClient
get server features for engine bot from config.

2025-08-27 10:15:19,656 [T9] INFO  Config
Try to load server features from config.

2025-08-27 10:15:19,657 [T9] INFO  TokenManager
SecurityType : v2

2025-08-27 10:15:19,660 [T9] INFO  JobService
Shared Token - No Token

2025-08-27 10:15:19,667 [T9] INFO  JobManager
Create JobManager instance for job T_3_시각화(Designer_20250827_101519_221)

2025-08-27 10:15:19,674 [T9] INFO  JobRequest
Job ID : Designer_20250827_101519_221
Project Path  : C:\Users\GVTI1C18\Desktop\Automatic-Analysis\Automatic_Analysis.proj
Process Name  : T_3_시각화
Engine Mode   : Designer
Requester Type: Designer
Requester PID : 480

2025-08-27 10:15:19,677 [T10] INFO  JobRequest
Start Callback Sender

2025-08-27 10:15:19,677 [T10] DEBUG JobRequest
Step Callback Interval: 500

2025-08-27 10:15:19,731 [T9] DEBUG ProjectManager
Set Project Information

2025-08-27 10:15:19,764 [T9] INFO  PlayOptionManager
PlayOption
- Step Interval : 1
- Disable DrawBounds : False
- Invoke First : False
- Allow Upload of DumpScreen results : False

2025-08-27 10:15:19,766 [T9] INFO  JobRunner
Initialize Script Engine

2025-08-27 10:15:19,787 [T13-ScriptEngine] INFO  JobRequest
##############################################################
### STATE: Initializing
##############################################################


2025-08-27 10:15:19,804 [T10] DEBUG JobRequest
Callback - State: Initializing


2025-08-27 10:15:20,889 [T13-ScriptEngine] INFO  JobRequest
##############################################################
### STATE: Ready
##############################################################


2025-08-27 10:15:20,898 [T10] DEBUG JobRequest
Callback - State: Ready


2025-08-27 10:15:20,904 [T9] INFO  JobRunnerHook
HotKey Hook Started

2025-08-27 10:15:20,905 [T9] INFO  JobRequest
##############################################################
### STATE: Starting
##############################################################


2025-08-27 10:15:20,907 [T13-ScriptEngine] INFO  JobRunner
RunProcess start

2025-08-27 10:15:20,909 [T13-ScriptEngine] INFO  JobRequest
##############################################################
### STATE: Running
##############################################################


2025-08-27 10:15:20,909 [T13-ScriptEngine] INFO  JobRequest
Last job life cycle state: Running

2025-08-27 10:15:20,914 [T10] DEBUG JobRequest
Callback - State: Starting


2025-08-27 10:15:20,929 [T10] DEBUG JobRequest
Callback - State: Running


2025-08-27 10:15:22,127 [T13-ScriptEngine] DEBUG ScreenCapture
DirectX Screen Capture Initialized.

2025-08-27 10:15:22,151 [T13-ScriptEngine] DEBUG JobRunner
DirectX ScreenCapture Checked.

2025-08-27 10:15:22,259 [T13-ScriptEngine] INFO  JobRequest
##############################################################
### STATE: StartProcess - T_3_시각화
##############################################################
1ef12143-8738-4a20-b78f-851548397f8a
T_3_시각화


2025-08-27 10:15:22,332 [T13-ScriptEngine] INFO  JobRequest
**************************************************************
*** TASK: T_3_시각화
**************************************************************
 - STEP 1: S1488dab3bd2a4586837d8f69a7c5ef3c (50/83) - (1/32)
 - [50] Click


2025-08-27 10:15:22,627 [T12] DEBUG UIAEventHandler
Start UIA event handler

2025-08-27 10:15:22,830 [T12] DEBUG UIAEventHandler
UI Structure Changed Count: 0

2025-08-27 10:15:22,830 [T12] DEBUG UIAEventHandler
Waiting additional time 103 msec for the screen structure is changing. Requested interval: 200 msec.

2025-08-27 10:15:22,869 [T12] INFO  WinFinder
Finding Object In App... Try: 1, IsLastTry: False. AppCount: 1

2025-08-27 10:15:23,029 [T12] DEBUG WinElementTargetFinder
## Object Find In App (name: '업종분석_264_2020-2024.xlsx - Exce...')

2025-08-27 10:15:23,182 [T12] INFO  WinFinder
 . Finding Object by 'RelativePoint Search' (Try: 1) ... 

2025-08-27 10:15:23,309 [T13-ScriptEngine] INFO  WinFinder
Finding Result: Found by 'ObjectPathEx' method. (Total: 1)
 - name: '기업명'
 - value: ''

2025-08-27 10:15:23,780 [T13-ScriptEngine] INFO  JobRequest
 - STEP 2: S2a068390532449a7ac529868500fa4d1 (52/83) - (2/32)
 - [52] Click


2025-08-27 10:15:23,810 [T12] INFO  WinFinder
Finding Object In App... Try: 1, IsLastTry: False. AppCount: 1

2025-08-27 10:15:23,811 [T12] DEBUG WinElementTargetFinder
## Object Find In App (name: '업종분석_264_2020-2024.xlsx - Exce...')

2025-08-27 10:15:23,911 [T12] INFO  WinFinder
 . Finding Object by 'RelativePoint Search' (Try: 1) ... 

2025-08-27 10:15:23,976 [T13-ScriptEngine] INFO  WinFinder
Finding Result: Found by 'ObjectPathEx' method. (Total: 1)
 - name: '구분'
 - value: ''

2025-08-27 10:15:24,391 [T13-ScriptEngine] INFO  JobRequest
 - STEP 3: S330e2baba8fd4098b829868f27497fcd (53/83) - (3/32)
 - [53] MouseScroll


2025-08-27 10:15:24,501 [T12] INFO  WinFinder
Finding Object In App... Try: 1, IsLastTry: False. AppCount: 1

2025-08-27 10:15:24,502 [T12] DEBUG WinElementTargetFinder
## Object Find In App (name: '업종분석_264_2020-2024.xlsx - Exce...')

2025-08-27 10:15:24,620 [T12] INFO  WinFinder
 . Finding Object by 'RelativePoint Search' (Try: 1) ... 

2025-08-27 10:15:24,678 [T13-ScriptEngine] INFO  WinFinder
Finding Result: Found by 'ObjectPathEx' method. (Total: 1)
 - name: '위치'
 - value: ''

2025-08-27 10:15:26,216 [T13-ScriptEngine] INFO  JobRequest
 - STEP 4: S9d132a22d6e04476a966f340d3312e1d (54/83) - (4/32)
 - [54] Click


2025-08-27 10:15:26,254 [T12] INFO  WinFinder
Finding Object In App... Try: 1, IsLastTry: False. AppCount: 1

2025-08-27 10:15:26,255 [T12] DEBUG WinElementTargetFinder
## Object Find In App (name: '업종분석_264_2020-2024.xlsx - Exce...')

2025-08-27 10:15:26,368 [T12] INFO  WinFinder
 . Finding Object by 'RelativePoint Search' (Try: 1) ... 

2025-08-27 10:15:26,429 [T13-ScriptEngine] INFO  WinFinder
Finding Result: Found by 'ObjectPathEx' method. (Total: 1)
 - name: '영업비용률'
 - value: ''

2025-08-27 10:15:26,838 [T13-ScriptEngine] INFO  JobRequest
 - STEP 5: S1f991b05444b4b88b43fe1dc2e530884 (55/83) - (5/32)
 - [55] Click


2025-08-27 10:15:27,125 [T12] INFO  WinFinder
Finding Object In App... Try: 1, IsLastTry: False. AppCount: 1

2025-08-27 10:15:27,126 [T12] DEBUG WinElementTargetFinder
## Object Find In App (name: '업종분석_264_2020-2024.xlsx - Exce...')

2025-08-27 10:15:27,230 [T12] INFO  WinFinder
 . Finding Object by 'RelativePoint Search' (Try: 1) ... 

2025-08-27 10:15:27,288 [T13-ScriptEngine] INFO  WinFinder
Finding Result: Found by 'ObjectPathEx' method. (Total: 1)
 - name: '영업이익률'
 - value: ''

2025-08-27 10:15:27,712 [T13-ScriptEngine] INFO  JobRequest
 - STEP 6: Sd1804f6066344779971a6ab26db601ee (56/83) - (6/32)
 - [56] Click


2025-08-27 10:15:28,136 [T12] INFO  WinFinder
Finding Object In App... Try: 1, IsLastTry: False. AppCount: 1

2025-08-27 10:15:28,915 [T12] DEBUG WinElementTargetFinder
## Object Find In App (name: '업종분석_264_2020-2024.xlsx - Exce...')

2025-08-27 10:15:29,848 [T8] INFO  JobService
Stop Job

2025-08-27 10:15:29,850 [T8] INFO  JobRunner
Stop Job Runner - Cause: LocalUser / Message: stop by user

2025-08-27 10:15:29,851 [T8] INFO  JobRequest
##############################################################
### STATE: Stopping
##############################################################
stop by user


2025-08-27 10:15:29,858 [T10] DEBUG JobRequest
Callback - State: Stopping
stop by user

2025-08-27 10:15:30,404 [T13-ScriptEngine] INFO  WinFinder
Finding Result: NotFound

2025-08-27 10:15:30,413 [T13-ScriptEngine] DEBUG JobRunner
RunTask Interrupted. TASK: T_3_시각화 => Script execution interrupted by host

2025-08-27 10:15:30,448 [T13-ScriptEngine] DEBUG JobManager
Set Result State: Stopped

2025-08-27 10:15:30,455 [T13-ScriptEngine] INFO  JobRunner
Make report.

2025-08-27 10:15:30,499 [T13-ScriptEngine] INFO  JobRunner
Start to clean up resources.

2025-08-27 10:15:30,501 [T13-ScriptEngine] DEBUG JobRunner
OnProcessCompleted

2025-08-27 10:15:30,501 [T12] DEBUG JobRunner
Start timer for checking the job to be completed.

2025-08-27 10:15:30,502 [T13-ScriptEngine] INFO  JobRunner
Start to clean up resources.

2025-08-27 10:15:30,503 [T13-ScriptEngine] DEBUG JobRunner
Remove all Process Stack: 1

2025-08-27 10:15:30,509 [T13-ScriptEngine] INFO  JobRequest
##############################################################
### STATE: EndProcess - T_3_시각화
##############################################################
1ef12143-8738-4a20-b78f-851548397f8a
T_3_시각화


2025-08-27 10:15:30,511 [T13-ScriptEngine] DEBUG JobRunner
Remove all libraries

2025-08-27 10:15:30,521 [T13-ScriptEngine] DEBUG NetPlayer
WebPlayer OnDispose

2025-08-27 10:15:30,524 [T13-ScriptEngine] DEBUG WebPlayer
WebPlayer OnDispose : Do Nothing

2025-08-27 10:15:30,525 [T13-ScriptEngine] DEBUG UIAEventHandler
Stop UIA event handler

2025-08-27 10:15:30,526 [T13-ScriptEngine] DEBUG UIAEventHandler
Stop UIA event handler

2025-08-27 10:15:30,539 [T13-ScriptEngine] DEBUG UiaAppHelper
WinHelper DisposeAppList Count: 0

2025-08-27 10:15:30,539 [T13-ScriptEngine] INFO  JobRunner
All Resources Clear

2025-08-27 10:15:30,543 [T13-ScriptEngine] DEBUG JobRunner
OnCompleted

2025-08-27 10:15:30,543 [T13-ScriptEngine] DEBUG JobRunner
SendJobResult: Stopped

2025-08-27 10:15:30,544 [T13-ScriptEngine] INFO  JobRequest
##############################################################
### STATE: Stopped
##############################################################
Process: T_3_시각화
Step: Click (56/83)

Stopped by User


2025-08-27 10:15:30,544 [T13-ScriptEngine] INFO  JobRequest
Last job life cycle state: Stopped

2025-08-27 10:15:30,547 [T13-ScriptEngine] DEBUG JobDBManager
Set last life-cycle state: Stopped - Process: T_3_시각화
Step: Click (56/83)

Stopped by User

2025-08-27 10:15:30,573 [T13-ScriptEngine] INFO  JobRequest
##############################################################
### JOB COMPLETED
##############################################################


2025-08-27 10:15:30,576 [T10] DEBUG JobRequest
Callback - State: Stopped
Process: T_3_시각화
Step: Click (56/83)

Stopped by User

2025-08-27 10:15:30,577 [T10] INFO  JobRequest
Callback - EngineClosed

2025-08-27 10:15:30,577 [T10] INFO  JobService
Disconnect agent service

2025-08-27 10:15:30,578 [T10] DEBUG JobRequest
End of Callback Sender

