2025-08-27 09:17:56,043 [T1] INFO  EngineStarter
BOT Engine Start - v3.1.125.00701 at 2025-08-27 오전 9:17:56
EngineID: D_20250827_091754_702
PID : 1680
PPID: 480
Working Directory: C:\Users\GVTI1C18\AppData\Roaming\Brity RPA Designer

2025-08-27 09:17:56,065 [T1] INFO  EngineStarter
System Language: ko-KR
Resolution: 1920 x 1080

2025-08-27 09:17:56,346 [T1] INFO  Config
Initialize Config

2025-08-27 09:17:56,400 [T1] DEBUG Config
Config Loaded

2025-08-27 09:17:56,401 [T1] DEBUG Config
Backup config file.

2025-08-27 09:17:56,428 [T1] INFO  Config
Orchestrator Service => https://bwrpa.samsungsds.com:8777

2025-08-27 09:17:56,433 [T1] INFO  Config
Initialize Resource Config

2025-08-27 09:17:56,466 [T1] DEBUG Config
Refresh Language Information

2025-08-27 09:17:56,545 [T1] INFO  Config
All Config Initialized.

2025-08-27 09:17:56,553 [T1] DEBUG KeyManager
Initialize KeyManager

2025-08-27 09:17:56,555 [T1] DEBUG KeyManager
Load device unique id.

2025-08-27 09:17:56,562 [T1] DEBUG KeyManager
Device ID is initialized.

2025-08-27 09:17:56,567 [T1] INFO  Config
Activated License Type : StandAloneDesigner

2025-08-27 09:17:56,645 [T5] DEBUG JobService
Connect to agent service

2025-08-27 09:17:56,678 [T1] DEBUG ApplicationInitializer
InitMode: Thread

2025-08-27 09:17:56,687 [T5] DEBUG JobService
JobService URL : net.tcp://127.0.0.1:59001/rpa/agent

2025-08-27 09:17:56,687 [T5] DEBUG JobService
Open connection

2025-08-27 09:17:56,690 [T1] INFO  LibraryManager
Load Libraries - Started

2025-08-27 09:17:56,707 [T1] DEBUG AddInLoader
Load Assembly : IPA.Lib.Chrome

2025-08-27 09:17:56,726 [T5] DEBUG JobService
Register engine to agent

2025-08-27 09:17:56,759 [T5] DEBUG JobService
Engine is connected to agent service.

2025-08-27 09:17:56,760 [T5] DEBUG JobService
Owner Process PID: 480

2025-08-27 09:17:56,762 [T5] INFO  JobService
Start monitoring owner process is terminated.

2025-08-27 09:17:56,892 [T8] INFO  JobService
Start Job: P_Automatic_Analysis (Foreground)
{
  "JobType": 1,
  "State": 0,
  "IsRunning": false,
  "ResultMessage": null,
  "StartTime": "2025-08-27 09:17:54",
  "EndTime": null,
  "JobId": "Designer_20250827_091754_054",
  "UserAuthentication": null,
  "ProcessPath": "C:\\Users\\GVTI1C18\\Desktop\\Automatic-Analysis\\P_Automatic_Analysis.proc",
  "ProcessId": "2cc63046-6ac4-4bfe-b1d8-d587a5eae5f5",
  "ProcessVer": "1.0",
  "ProcessArgs": null,
  "RequesterType": 3,
  "RequesterId": "designer",
  "RequesterPID": 480,
  "OptionsJsonString": null,
  "TimeoutSec": 0,
  "EngineID": "D_20250827_091754_702",
  "EnginePID": 0,
  "EngineRecommededVersion": "",
  "JobWorkDir": "C:\\Users\\GVTI1C18\\Desktop\\Automatic-Analysis\\Histories\\20250827_091754_P_Automatic_Analysis_Designer_20250827_091754_054",
  "JobLogDir": "C:\\Users\\GVTI1C18\\Desktop\\Automatic-Analysis\\Histories\\20250827_091754_P_Automatic_Analysis_Designer_20250827_091754_054\\Log",
  "JobScreenshotDir": "C:\\Users\\GVTI1C18\\Desktop\\Automatic-Analysis\\Histories\\20250827_091754_P_Automatic_Analysis_Designer_20250827_091754_054\\Log\\Screenshot"
}

2025-08-27 09:17:56,972 [T1] DEBUG AddInLoader
Load Assembly : IPA.Lib.Desktop

2025-08-27 09:17:57,077 [T7] DEBUG JobService
Waiting library loading...

2025-08-27 09:17:57,183 [T1] DEBUG AddInLoader
Load Assembly : IPA.Lib.Excel

2025-08-27 09:17:57,367 [T1] DEBUG AddInLoader
Load Assembly : IPA.Lib.Flow

2025-08-27 09:17:57,493 [T1] DEBUG AddInLoader
Load Assembly : IPA.Lib.IE

2025-08-27 09:17:57,598 [T1] DEBUG AddInLoader
Load Assembly : IPA.Lib.ImageConverter

2025-08-27 09:17:57,672 [T1] DEBUG AddInLoader
Load Assembly : IPA.Lib.ImageRecognition

2025-08-27 09:17:57,897 [T1] DEBUG AddInLoader
Load Assembly : IPA.Lib.MicrosoftOCR

2025-08-27 09:17:57,963 [T1] DEBUG AddInLoader
Load Assembly : IPA.Lib.Net

2025-08-27 09:17:58,057 [T1] DEBUG AddInLoader
Load Assembly : IPA.Lib.Orchestra

2025-08-27 09:17:58,148 [T1] DEBUG AddInLoader
Load Assembly : IPA.Lib.ProcessFlow

2025-08-27 09:17:58,243 [T1] DEBUG AddInLoader
Load Assembly : IPA.Lib.SAP

2025-08-27 09:17:58,329 [T1] DEBUG AddInLoader
Load Assembly : IPA.Lib.Web

2025-08-27 09:17:58,446 [T1] DEBUG AddInLoader
Load Assembly : IPA.Lib.Win

2025-08-27 09:17:58,585 [T1] INFO  ScreenCapture
Default Screen Capture Bounds: 0,0,1920,1080

2025-08-27 09:17:58,623 [T1] DEBUG AddInLoader
Load Assembly : BrityRPA.AddIn.NativeApp

2025-08-27 09:17:58,746 [T1] DEBUG AddInLoader
Load Assembly : BrityWorks.AddIn.Outlook

2025-08-27 09:17:58,823 [T1] DEBUG AddInLoader
Load Assembly : BrityWorks.AddIn.Pdf

2025-08-27 09:17:58,917 [T1] DEBUG LibraryManager
Load Library - Chrome

2025-08-27 09:17:58,932 [T1] DEBUG LibraryManager
Load Library - Desktop

2025-08-27 09:17:58,948 [T1] DEBUG LibraryManager
Load Library - Excel

2025-08-27 09:17:58,963 [T1] DEBUG LibraryManager
Load Library - Flow

2025-08-27 09:17:58,978 [T1] DEBUG LibraryManager
Load Library - IE

2025-08-27 09:17:58,994 [T1] DEBUG LibraryManager
Load Library - ImageConverter

2025-08-27 09:17:59,009 [T1] DEBUG LibraryManager
Load Library - ImageRecognition

2025-08-27 09:17:59,024 [T1] DEBUG LibraryManager
Load Library - MicrosoftOCR

2025-08-27 09:17:59,039 [T1] DEBUG LibraryManager
Load Library - NativeApp

2025-08-27 09:17:59,056 [T1] DEBUG LibraryManager
Load Library - Net

2025-08-27 09:17:59,072 [T1] DEBUG LibraryManager
Load Library - Orchestra

2025-08-27 09:17:59,087 [T1] DEBUG LibraryManager
Load Library - Outlook

2025-08-27 09:17:59,102 [T1] DEBUG LibraryManager
Load Library - Pdf

2025-08-27 09:17:59,118 [T1] DEBUG LibraryManager
Load Library - SAP

2025-08-27 09:17:59,134 [T1] DEBUG LibraryManager
Load Library - Web

2025-08-27 09:17:59,149 [T1] DEBUG LibraryManager
Load Library - Win

2025-08-27 09:17:59,165 [T1] DEBUG LibraryManager
Load Library - WorkFlow

2025-08-27 09:17:59,176 [T1] DEBUG LibraryManager
Load built-in script libraries

2025-08-27 09:17:59,489 [T1] INFO  LibraryManager
Load Libraries - Completed.

2025-08-27 09:17:59,505 [T1] INFO  App
Launch Arguments: Total: 6 |  -eid D_20250827_091754_702 -runtype ProcRunner -ppid 480

2025-08-27 09:17:59,505 [T1] DEBUG Config
Refresh Language Information

2025-08-27 09:17:59,506 [T1] DEBUG LibraryManager
LibraryManager Initialized.

2025-08-27 09:17:59,525 [T7] DEBUG Config
Reload User Settings

2025-08-27 09:17:59,536 [T7] INFO  JobService
Config Loading Completed.

2025-08-27 09:17:59,536 [T7] DEBUG JobService
Config Loading Time: 2459 ms.

2025-08-27 09:17:59,542 [T7] DEBUG JobService
Check Shared Token

2025-08-27 09:17:59,545 [T7] DEBUG TokenManager
Load connection token

2025-08-27 09:17:59,549 [T7] DEBUG TokenManager
Clear Connection Token - No Shared Token

2025-08-27 09:17:59,558 [T7] DEBUG ServerInformationClient
get server features for engine bot from config.

2025-08-27 09:17:59,560 [T7] INFO  Config
Try to load server features from config.

2025-08-27 09:17:59,561 [T7] INFO  TokenManager
SecurityType : v2

2025-08-27 09:17:59,566 [T7] INFO  JobService
Shared Token - No Token

2025-08-27 09:17:59,573 [T7] INFO  JobManager
Create JobManager instance for job P_Automatic_Analysis(Designer_20250827_091754_054)

2025-08-27 09:17:59,582 [T7] INFO  JobRequest
Job ID : Designer_20250827_091754_054
Project Path  : C:\Users\GVTI1C18\Desktop\Automatic-Analysis\Automatic_Analysis.proj
Process Name  : P_Automatic_Analysis
Engine Mode   : Designer
Requester Type: Designer
Requester PID : 480

2025-08-27 09:17:59,584 [T4] INFO  JobRequest
Start Callback Sender

2025-08-27 09:17:59,584 [T4] DEBUG JobRequest
Step Callback Interval: 500

2025-08-27 09:17:59,639 [T7] DEBUG ProjectManager
Set Project Information

2025-08-27 09:17:59,673 [T7] INFO  PlayOptionManager
PlayOption
- Step Interval : 1
- Disable DrawBounds : False
- Invoke First : False
- Allow Upload of DumpScreen results : False

2025-08-27 09:17:59,674 [T7] INFO  JobRunner
Initialize Script Engine

2025-08-27 09:17:59,694 [T11-ScriptEngine] INFO  JobRequest
##############################################################
### STATE: Initializing
##############################################################


2025-08-27 09:17:59,735 [T4] DEBUG JobRequest
Callback - State: Initializing


2025-08-27 09:18:01,416 [T11-ScriptEngine] INFO  JobRequest
##############################################################
### STATE: Ready
##############################################################


2025-08-27 09:18:01,431 [T4] DEBUG JobRequest
Callback - State: Ready


2025-08-27 09:18:01,438 [T7] INFO  JobRunnerHook
HotKey Hook Started

2025-08-27 09:18:01,439 [T7] INFO  JobRequest
##############################################################
### STATE: Starting
##############################################################


2025-08-27 09:18:01,441 [T11-ScriptEngine] INFO  JobRunner
RunProcess start

2025-08-27 09:18:01,443 [T11-ScriptEngine] INFO  JobRequest
##############################################################
### STATE: Running
##############################################################


2025-08-27 09:18:01,443 [T11-ScriptEngine] INFO  JobRequest
Last job life cycle state: Running

2025-08-27 09:18:01,447 [T4] DEBUG JobRequest
Callback - State: Starting


2025-08-27 09:18:01,463 [T4] DEBUG JobRequest
Callback - State: Running


2025-08-27 09:18:02,803 [T11-ScriptEngine] DEBUG ScreenCapture
DirectX Screen Capture Initialized.

2025-08-27 09:18:02,828 [T11-ScriptEngine] DEBUG JobRunner
DirectX ScreenCapture Checked.

2025-08-27 09:18:02,861 [T11-ScriptEngine] INFO  JobRequest
##############################################################
### STATE: StartProcess - P_Automatic_Analysis
##############################################################
2cc63046-6ac4-4bfe-b1d8-d587a5eae5f5
P_Automatic_Analysis


2025-08-27 09:18:02,933 [T11-ScriptEngine] INFO  JobRequest
**************************************************************
*** TASK: P_Automatic_Analysis
**************************************************************
 - STEP 1: S9eee63e54b944340a136fee0551fa16b (1/4) - (1/114)
 - [1] RunTask


2025-08-27 09:18:03,046 [T11-ScriptEngine] INFO  JobRequest
##############################################################
### STATE: StartTask - T_1_데이터_수집
##############################################################
70204bce-0ab1-4fba-b301-aaccfc8d39cd
T_1_데이터_수집


2025-08-27 09:18:03,060 [T11-ScriptEngine] INFO  JobRequest
**************************************************************
*** TASK: T_1_데이터_수집
**************************************************************
 - STEP 2: S9a22cf0485d445ffb21eb037754381ad (2/9) - (2/114)
 - [2] IsFileExist


2025-08-27 09:18:03,120 [T11-ScriptEngine] INFO  JobRequest
 - STEP 3: Sc7238b4dfc9d4b46a9f4ed9d3a6a541f (3/9) - (3/114)
 - [3] IfElse


2025-08-27 09:18:03,136 [T11-ScriptEngine] INFO  JobRequest
 - STEP 4: Sc154f03f3d554c7ea5a770463c3f6fa3 (4/9) - (4/114)
 - [4] Else


2025-08-27 09:18:03,152 [T11-ScriptEngine] INFO  JobRequest
 - STEP 5: S9b2ad93387d044c69d07cd56977aa0a2 (5/9) - (5/114)
 - [5] ExecuteFile


2025-08-27 09:18:03,480 [T11-ScriptEngine] INFO  JobRequest
 - STEP 6: Scf40351ad93044dc971b5b7711091161 (6/9) - (6/114)
 - [6] Delay


2025-08-27 09:18:08,508 [T11-ScriptEngine] INFO  JobRequest
 - STEP 7: S2c395b2bec8047c989909b4cff95476b (8/9) - (7/114)
 - [8] WaitFileCreation


2025-08-27 09:18:18,762 [T11-ScriptEngine] INFO  JobRequest
 - STEP 8: Sadd26bbe7fbd4bc3a5894489171d8fc0 (9/9) - (8/114)
 - [9] End-IfElse


2025-08-27 09:18:18,763 [T11-ScriptEngine] INFO  JobRunner
[PASS] TASK: T_1_데이터_수집

2025-08-27 09:18:18,787 [T11-ScriptEngine] INFO  JobRequest
##############################################################
### STATE: EndTask - T_1_데이터_수집
##############################################################
70204bce-0ab1-4fba-b301-aaccfc8d39cd
T_1_데이터_수집


2025-08-27 09:18:18,810 [T11-ScriptEngine] INFO  JobRequest
**************************************************************
*** TASK: P_Automatic_Analysis
**************************************************************
 - STEP 9: Sc26cb9e689a446ceaddb9ccc0a790485 (2/4) - (9/114)
 - [2] RunTask


2025-08-27 09:18:18,820 [T11-ScriptEngine] INFO  JobRequest
##############################################################
### STATE: StartTask - T_2_데이터_가공
##############################################################
a3b24c3c-040c-4e96-8a6f-982534afe863
T_2_데이터_가공


2025-08-27 09:18:18,826 [T11-ScriptEngine] INFO  JobRequest
**************************************************************
*** TASK: T_2_데이터_가공
**************************************************************
 - STEP 10: S5627f8e7c97c41c9963b3e4cc74648d8 (1/19) - (10/114)
 - [1] OpenExcel


2025-08-27 09:18:23,593 [T11-ScriptEngine] INFO  JobRequest
 - STEP 11: S718e4c754dd8433587c70e6beb306fb9 (2/19) - (11/114)
 - [2] SelectRange


2025-08-27 09:18:23,905 [T11-ScriptEngine] INFO  JobRequest
 - STEP 12: Sce068113d0664a578f43f5c0dfdce35c (3/19) - (12/114)
 - [3] SendShortCut


2025-08-27 09:18:24,284 [T11-ScriptEngine] INFO  JobRequest
 - STEP 13: S6ece845c1f154f1b90cef4f6daf4bf96 (4/19) - (13/114)
 - [4] SendShortCut


2025-08-27 09:18:24,595 [T11-ScriptEngine] INFO  JobRequest
 - STEP 14: S90d500a222bf422bb0bef7b9417ca822 (5/19) - (14/114)
 - [5] WaitAppear


2025-08-27 09:18:26,258 [T6] DEBUG UIAEventHandler
Start UIA event handler

2025-08-27 09:18:26,653 [T6] DEBUG UIAEventHandler
UI Structure Changed Count: 1

2025-08-27 09:18:26,763 [T6] DEBUG UIAEventHandler
Waiting additional time 380 msec for the screen structure is changing. Requested interval: 200 msec.

2025-08-27 09:18:26,809 [T6] INFO  WinFinder
Finding Object In App... Try: 1, IsLastTry: False. AppCount: 1

2025-08-27 09:18:26,830 [T6] DEBUG WinElementTargetFinder
## Object Find In App (name: '업종분석_264_2020-2024.xlsx - Exce...')

2025-08-27 09:18:27,138 [T6] INFO  WinFinder
 . Finding Object by 'RelativePoint Search' (Try: 1) ... 

2025-08-27 09:18:27,303 [T11-ScriptEngine] INFO  WinFinder
Finding Result: Found by 'ObjectPathEx' method. (Total: 1)
 - name: '"I" 1'
 - value: '매출액'

2025-08-27 09:18:27,324 [T11-ScriptEngine] INFO  JobRequest
 - STEP 15: S36537397c79742dc86f2a2218ae85f65 (6/19) - (15/114)
 - [6] SelectRange


2025-08-27 09:18:27,511 [T11-ScriptEngine] INFO  JobRequest
 - STEP 16: Sf7774126e7224cf3a2f7298b200d8971 (7/19) - (16/114)
 - [7] SendShortCut


2025-08-27 09:18:27,835 [T11-ScriptEngine] INFO  JobRequest
 - STEP 17: Sc775a4198c124e64a4174b76115eef37 (8/19) - (17/114)
 - [8] SelectRange


2025-08-27 09:18:27,913 [T11-ScriptEngine] INFO  JobRequest
 - STEP 18: S162c5684950a439fa705bb52ee44f7e2 (9/19) - (18/114)
 - [9] SendShortCut


2025-08-27 09:18:28,225 [T11-ScriptEngine] INFO  JobRequest
 - STEP 19: S33d7ea1c13f44fa2b12ff52f17c52cf2 (10/19) - (19/114)
 - [10] MouseScroll


2025-08-27 09:18:28,492 [T6] INFO  WinFinder
Finding Object In App... Try: 1, IsLastTry: False. AppCount: 1

2025-08-27 09:18:28,508 [T6] DEBUG WinElementTargetFinder
## Object Find In App (name: '업종분석_264_2020-2024.xlsx - Exce...')

2025-08-27 09:18:28,587 [T6] INFO  WinFinder
 . Finding Object by 'RelativePoint Search' (Try: 1) ... 

2025-08-27 09:18:28,657 [T11-ScriptEngine] INFO  WinFinder
Finding Result: Found by 'ObjectPathEx' method. (Total: 1)
 - name: '위치'
 - value: ''

2025-08-27 09:18:32,710 [T11-ScriptEngine] INFO  JobRequest
 - STEP 20: Sbd130ce899584563a5414b7f423b2a44 (11/19) - (20/114)
 - [11] SelectRange


2025-08-27 09:18:32,787 [T11-ScriptEngine] INFO  JobRequest
 - STEP 21: S588d7bd17299404a9a97ef7930a49f48 (12/19) - (21/114)
 - [12] SendShortCut


2025-08-27 09:18:33,097 [T11-ScriptEngine] INFO  JobRequest
 - STEP 22: Sad17e2650d9e45e9b8ff03190c9277e0 (13/19) - (22/114)
 - [13] SelectRange


2025-08-27 09:18:33,192 [T11-ScriptEngine] INFO  JobRequest
 - STEP 23: S471cb826a5664ee0afb756e5f05ffc61 (14/19) - (23/114)
 - [14] SendShortCut


2025-08-27 09:18:33,517 [T11-ScriptEngine] INFO  JobRequest
 - STEP 24: S2c03ffa3a16a41039231af6b011b0528 (15/19) - (24/114)
 - [15] WriteRange


2025-08-27 09:18:33,641 [T11-ScriptEngine] INFO  JobRequest
 - STEP 25: S02273569533c4484b8cc280621fe20c7 (16/19) - (25/114)
 - [16] SelectRange


2025-08-27 09:18:33,735 [T11-ScriptEngine] INFO  JobRequest
 - STEP 26: S3c478e9bab46434e95f2eb9183d53aff (17/19) - (26/114)
 - [17] DoubleClick


2025-08-27 09:18:33,789 [T7] INFO  WinFinder
Finding Object In App... Try: 1, IsLastTry: False. AppCount: 1

2025-08-27 09:18:33,790 [T7] DEBUG WinElementTargetFinder
## Object Find In App (name: '업종분석_264_2020-2024.xlsx - Exce...')

2025-08-27 09:18:34,005 [T7] INFO  WinFinder
 . Finding Object by 'RelativePoint Search' (Try: 1) ... 

2025-08-27 09:18:34,061 [T11-ScriptEngine] INFO  WinFinder
Finding Result: Found by 'ObjectPathEx' method. (Total: 1)
 - name: '"R" 22'
 - value: '90.8142'

2025-08-27 09:18:34,703 [T11-ScriptEngine] INFO  JobRequest
 - STEP 27: S03a9a5fceac144f9b1a47e625078f199 (19/19) - (27/114)
 - [19] SaveExcel


2025-08-27 09:18:34,816 [T11-ScriptEngine] INFO  JobRunner
[PASS] TASK: T_2_데이터_가공

2025-08-27 09:18:34,817 [T11-ScriptEngine] INFO  JobRequest
##############################################################
### STATE: EndTask - T_2_데이터_가공
##############################################################
a3b24c3c-040c-4e96-8a6f-982534afe863
T_2_데이터_가공


2025-08-27 09:18:34,827 [T11-ScriptEngine] INFO  JobRequest
**************************************************************
*** TASK: P_Automatic_Analysis
**************************************************************
 - STEP 28: S39ee30f700f7435db2a63845f7c321ed (3/4) - (28/114)
 - [3] RunTask


2025-08-27 09:18:34,909 [T11-ScriptEngine] INFO  JobRequest
##############################################################
### STATE: StartTask - T_3_시각화
##############################################################
1ef12143-8738-4a20-b78f-851548397f8a
T_3_시각화


2025-08-27 09:18:34,921 [T11-ScriptEngine] INFO  JobRequest
**************************************************************
*** TASK: T_3_시각화
**************************************************************
 - STEP 29: S2fb83b29998d4a88b7c391b9e283efb7 (3/83) - (29/114)
 - [3] SendShortCut


2025-08-27 09:18:35,261 [T11-ScriptEngine] INFO  JobRequest
 - STEP 30: S29dde30d5c9a4ad7b022772737ce049c (4/83) - (30/114)
 - [4] SendShortCut


2025-08-27 09:18:35,837 [T11-ScriptEngine] INFO  JobRequest
 - STEP 31: S2b27f52f7d7f4b2c976ed0729f36870e (5/83) - (31/114)
 - [5] Delay


2025-08-27 09:18:36,867 [T11-ScriptEngine] INFO  JobRequest
 - STEP 32: S5f3ad3fc7de24bac86613e3bcd566aa7 (6/83) - (32/114)
 - [6] KeyInput


2025-08-27 09:18:38,759 [T11-ScriptEngine] INFO  JobRequest
 - STEP 33: S4949f471696340bd8c6ff086f5eede47 (7/83) - (33/114)
 - [7] Click


2025-08-27 09:18:38,953 [T6] INFO  WinFinder
Finding Object In App... Try: 1, IsLastTry: False. AppCount: 1

2025-08-27 09:18:38,980 [T6] DEBUG WinElementTargetFinder
## Object Find In App (name: '업종분석_264_2020-2024.xlsx - Exce...')

2025-08-27 09:18:39,291 [T6] INFO  WinFinder
 . Finding Object by 'RelativePoint Search' (Try: 1) ... 

2025-08-27 09:18:39,350 [T11-ScriptEngine] INFO  WinFinder
Finding Result: Found by 'ObjectPathEx' method. (Total: 1)
 - name: '기업명'
 - value: ''

2025-08-27 09:18:39,802 [T11-ScriptEngine] INFO  JobRequest
 - STEP 34: S92a09432cb5b4bdf97f21581f9a306d1 (8/83) - (34/114)
 - [8] Click


2025-08-27 09:18:39,935 [T6] INFO  WinFinder
Finding Object In App... Try: 1, IsLastTry: False. AppCount: 1

2025-08-27 09:18:39,936 [T6] DEBUG WinElementTargetFinder
## Object Find In App (name: '업종분석_264_2020-2024.xlsx - Exce...')

2025-08-27 09:18:40,028 [T6] INFO  WinFinder
 . Finding Object by 'RelativePoint Search' (Try: 1) ... 

2025-08-27 09:18:40,082 [T11-ScriptEngine] INFO  WinFinder
Finding Result: Found by 'ObjectPathEx' method. (Total: 1)
 - name: '날짜'
 - value: ''

2025-08-27 09:18:40,491 [T11-ScriptEngine] INFO  JobRequest
 - STEP 35: S86984f460750474093eb48e13e463f96 (9/83) - (35/114)
 - [9] Click


2025-08-27 09:18:40,544 [T6] INFO  WinFinder
Finding Object In App... Try: 1, IsLastTry: False. AppCount: 1

2025-08-27 09:18:40,545 [T6] DEBUG WinElementTargetFinder
## Object Find In App (name: '업종분석_264_2020-2024.xlsx - Exce...')

2025-08-27 09:18:40,639 [T6] INFO  WinFinder
 . Finding Object by 'RelativePoint Search' (Try: 1) ... 

2025-08-27 09:18:40,690 [T11-ScriptEngine] INFO  WinFinder
Finding Result: Found by 'ObjectPathEx' method. (Total: 1)
 - name: '분기'
 - value: ''

2025-08-27 09:18:41,117 [T11-ScriptEngine] INFO  JobRequest
 - STEP 36: Se86ecad2bcf64a21ab6e7f8f6b3bb813 (10/83) - (36/114)
 - [10] MouseScroll


2025-08-27 09:18:41,206 [T6] INFO  WinFinder
Finding Object In App... Try: 1, IsLastTry: False. AppCount: 1

2025-08-27 09:18:41,207 [T6] DEBUG WinElementTargetFinder
## Object Find In App (name: '업종분석_264_2020-2024.xlsx - Exce...')

2025-08-27 09:18:41,295 [T6] INFO  WinFinder
 . Finding Object by 'RelativePoint Search' (Try: 1) ... 

2025-08-27 09:18:41,354 [T11-ScriptEngine] INFO  WinFinder
Finding Result: Found by 'ObjectPathEx' method. (Total: 1)
 - name: '위치'
 - value: ''

2025-08-27 09:18:42,879 [T11-ScriptEngine] INFO  JobRequest
 - STEP 37: Sdeb71b1968a448d4b03f1e71b3a3584b (11/83) - (37/114)
 - [11] Click


2025-08-27 09:18:42,930 [T6] INFO  WinFinder
Finding Object In App... Try: 1, IsLastTry: False. AppCount: 1

2025-08-27 09:18:42,931 [T6] DEBUG WinElementTargetFinder
## Object Find In App (name: '업종분석_264_2020-2024.xlsx - Exce...')

2025-08-27 09:18:43,022 [T6] INFO  WinFinder
 . Finding Object by 'RelativePoint Search' (Try: 1) ... 

2025-08-27 09:18:43,079 [T11-ScriptEngine] INFO  WinFinder
Finding Result: Found by 'ObjectPathEx' method. (Total: 1)
 - name: '매출액'
 - value: ''

2025-08-27 09:18:43,506 [T11-ScriptEngine] INFO  JobRequest
 - STEP 38: Scf668fa5866f45c2861f9e4cf5be7e97 (12/83) - (38/114)
 - [12] Click


2025-08-27 09:18:43,821 [T6] INFO  WinFinder
Finding Object In App... Try: 1, IsLastTry: False. AppCount: 1

2025-08-27 09:18:43,823 [T6] DEBUG WinElementTargetFinder
## Object Find In App (name: '업종분석_264_2020-2024.xlsx - Exce...')

2025-08-27 09:18:43,926 [T6] INFO  WinFinder
 . Finding Object by 'RelativePoint Search' (Try: 1) ... 

2025-08-27 09:18:43,989 [T11-ScriptEngine] INFO  WinFinder
Finding Result: Found by 'ObjectPathEx' method. (Total: 1)
 - name: '영업이익률'
 - value: ''

2025-08-27 09:18:44,397 [T11-ScriptEngine] INFO  JobRequest
 - STEP 39: S84013a40bb4f4af09f9b0842ed6e0d8c (13/83) - (39/114)
 - [13] Click


2025-08-27 09:18:44,845 [T6] INFO  WinFinder
Finding Object In App... Try: 1, IsLastTry: False. AppCount: 1

2025-08-27 09:18:44,846 [T6] DEBUG WinElementTargetFinder
## Object Find In App (name: '업종분석_264_2020-2024.xlsx - Exce...')

2025-08-27 09:18:44,950 [T6] INFO  WinFinder
 . Finding Object by 'RelativePoint Search' (Try: 1) ... 

2025-08-27 09:18:45,020 [T11-ScriptEngine] INFO  WinFinder
Finding Result: Found by 'ObjectPathEx' method. (Total: 1)
 - name: '영업비용률'
 - value: ''

2025-08-27 09:18:45,444 [T11-ScriptEngine] INFO  JobRequest
 - STEP 40: S1714a95e783342da8940c0d08cac5120 (14/83) - (40/114)
 - [14] Click


2025-08-27 09:18:45,862 [T6] INFO  WinFinder
Finding Object In App... Try: 1, IsLastTry: False. AppCount: 1

2025-08-27 09:18:45,863 [T6] DEBUG WinElementTargetFinder
## Object Find In App (name: '업종분석_264_2020-2024.xlsx - Exce...')

2025-08-27 09:18:45,956 [T6] INFO  WinFinder
 . Finding Object by 'RelativePoint Search' (Try: 1) ... 

2025-08-27 09:18:45,992 [T11-ScriptEngine] INFO  WinFinder
Finding Result: Found by 'ObjectPathEx' method. (Total: 1)
 - name: '기업명'
 - value: ''

2025-08-27 09:18:46,440 [T11-ScriptEngine] INFO  JobRequest
 - STEP 41: Saa9d872ed9f548928c73e7fb9b6e28ca (15/83) - (41/114)
 - [15] Click


2025-08-27 09:18:46,751 [T9] INFO  WinFinder
Finding Object In App... Try: 1, IsLastTry: False. AppCount: 1

2025-08-27 09:18:46,758 [T9] DEBUG WinElementTargetFinder
## Object Find In App (name: '업종분석_264_2020-2024.xlsx - Exce...')

2025-08-27 09:18:46,891 [T9] INFO  WinFinder
 . Finding Object by 'RelativePoint Search' (Try: 1) ... 

2025-08-27 09:18:46,945 [T11-ScriptEngine] INFO  WinFinder
Finding Result: Found by 'ObjectPathEx' method. (Total: 1)
 - name: '범례 필드(계열)로 이동'
 - value: ''

2025-08-27 09:18:47,374 [T11-ScriptEngine] INFO  JobRequest
 - STEP 42: Sf51a9e61708642bbbdd34eca903b8e2a (16/83) - (42/114)
 - [16] Click


2025-08-27 09:18:47,664 [T6] INFO  WinFinder
Finding Object In App... Try: 1, IsLastTry: False. AppCount: 1

2025-08-27 09:18:47,665 [T6] DEBUG WinElementTargetFinder
## Object Find In App (name: '업종분석_264_2020-2024.xlsx - Exce...')

2025-08-27 09:18:47,793 [T6] INFO  WinFinder
 . Finding Object by 'RelativePoint Search' (Try: 1) ... 

2025-08-27 09:18:47,852 [T11-ScriptEngine] INFO  WinFinder
Finding Result: Found by 'ObjectPathEx' method. (Total: 1)
 - name: ''
 - value: ''

2025-08-27 09:18:48,278 [T11-ScriptEngine] INFO  JobRequest
 - STEP 43: Sf3ea61fa2c53457e997e9b871e07c4d8 (17/83) - (43/114)
 - [17] SetCheckState


2025-08-27 09:18:48,507 [T22] INFO  WinFinder
Finding Object In App... Try: 1, IsLastTry: False. AppCount: 1

2025-08-27 09:18:48,654 [T22] DEBUG WinElementTargetFinder
## Object Find In App (name: '업종분석_264_2020-2024.xlsx - Exce...')

2025-08-27 09:18:48,781 [T11-ScriptEngine] INFO  WinFinder
Finding Result: Found by 'ObjectPathEx' method. (Total: 1)
 - name: '2025'
 - value: ''

2025-08-27 09:18:48,806 [T11-ScriptEngine] INFO  JobRequest
 - STEP 44: Sefc53bf393e14279bf4959dfdfa92394 (18/83) - (44/114)
 - [18] Click


2025-08-27 09:18:48,850 [T7] INFO  WinFinder
Finding Object In App... Try: 1, IsLastTry: False. AppCount: 1

2025-08-27 09:18:48,980 [T7] DEBUG WinElementTargetFinder
## Object Find In App (name: '업종분석_264_2020-2024.xlsx - Exce...')

2025-08-27 09:18:49,042 [T7] INFO  WinFinder
 . Finding Object by 'RelativePoint Search' (Try: 1) ... 

2025-08-27 09:18:49,097 [T11-ScriptEngine] INFO  WinFinder
Finding Result: Found by 'ObjectPathEx' method. (Total: 1)
 - name: '확인'
 - value: ''

2025-08-27 09:18:49,526 [T11-ScriptEngine] INFO  JobRequest
 - STEP 45: S434fdd2c3895457d8e924c3e895b5491 (19/83) - (45/114)
 - [19] RightClick


2025-08-27 09:18:50,563 [T9] INFO  WinFinder
Finding Object In App... Try: 1, IsLastTry: False. AppCount: 1

2025-08-27 09:18:50,585 [T9] DEBUG WinElementTargetFinder
## Object Find In App (name: '업종분석_264_2020-2024.xlsx - Exce...')

2025-08-27 09:18:51,273 [T9] INFO  WinFinder
 . Finding Object by 'RelativePoint Search' (Try: 1) ... 

2025-08-27 09:18:51,329 [T11-ScriptEngine] INFO  WinFinder
Finding Result: Found by 'ObjectPathEx' method. (Total: 1)
 - name: ''
 - value: ''

2025-08-27 09:18:51,738 [T11-ScriptEngine] INFO  JobRequest
 - STEP 46: Sc6b929430293420696b94c1741e34e3a (20/83) - (46/114)
 - [20] Click


2025-08-27 09:18:52,038 [T9] WARN  UIAEventHandler
UI Structure Changed Count: 11

2025-08-27 09:18:53,048 [T9] DEBUG UIAEventHandler
Waiting additional time 1254 msec for the screen structure is changing. Requested interval: 200 msec.

2025-08-27 09:18:53,100 [T9] INFO  WinFinder
Finding Object In App... Try: 1, IsLastTry: False. AppCount: 1

2025-08-27 09:18:53,101 [T9] DEBUG WinElementTargetFinder
## Object Find In App (name: '업종분석_264_2020-2024.xlsx - Exce...')

2025-08-27 09:18:53,157 [T9] INFO  WinFinder
 . Finding Object by 'RelativePoint Search' (Try: 1) ... 

2025-08-27 09:18:53,213 [T11-ScriptEngine] INFO  WinFinder
Finding Result: Found by 'ObjectPathEx' method. (Total: 1)
 - name: '차트 종류 변경...'
 - value: ''

2025-08-27 09:18:53,648 [T11-ScriptEngine] INFO  JobRequest
 - STEP 47: Sdd8ff49f8abe4d9c9064540856d4b4ed (21/83) - (47/114)
 - [21] Click


2025-08-27 09:18:53,838 [T22] INFO  WinFinder
Finding Object In App... Try: 1, IsLastTry: False. AppCount: 1

2025-08-27 09:18:54,855 [T15] WARN  WinApi
SetForeground Failed.
 Attach ThreadInput - True
 Foreground Window - HWND: 1443036, Title: 차트 종류 변경, PID: 9284, ProcessName: EXCEL
 Target Window - HWND: 197936, Title: 업종분석_264_2020-2024.xlsx - Excel, PID: 9284, ProcessName: EXCEL

2025-08-27 09:18:54,972 [T22] DEBUG WinElementTargetFinder
## Object Find In App (name: '업종분석_264_2020-2024.xlsx - Exce...')

2025-08-27 09:18:55,117 [T22] INFO  WinFinder
 . Finding Object by 'RelativePoint Search' (Try: 1) ... 

2025-08-27 09:18:55,167 [T11-ScriptEngine] INFO  WinFinder
Finding Result: Found by 'ObjectPathEx' method. (Total: 1)
 - name: '혼합'
 - value: ''

2025-08-27 09:18:55,789 [T11-ScriptEngine] INFO  JobRequest
 - STEP 48: S7e56bc633884422ca838510de3723d8f (22/83) - (48/114)
 - [22] Click


2025-08-27 09:18:55,849 [T7] INFO  WinFinder
Finding Object In App... Try: 1, IsLastTry: False. AppCount: 1

2025-08-27 09:18:56,872 [T9] WARN  WinApi
SetForeground Failed.
 Attach ThreadInput - True
 Foreground Window - HWND: 1443036, Title: 차트 종류 변경, PID: 9284, ProcessName: EXCEL
 Target Window - HWND: 197936, Title: 업종분석_264_2020-2024.xlsx - Excel, PID: 9284, ProcessName: EXCEL

2025-08-27 09:18:56,977 [T7] DEBUG WinElementTargetFinder
## Object Find In App (name: '업종분석_264_2020-2024.xlsx - Exce...')

2025-08-27 09:18:57,057 [T7] INFO  WinFinder
 . Finding Object by 'RelativePoint Search' (Try: 1) ... 

2025-08-27 09:18:57,102 [T11-ScriptEngine] INFO  WinFinder
Finding Result: Found by 'ObjectPathEx' method. (Total: 1)
 - name: '사용자 지정 조합'
 - value: ''

2025-08-27 09:18:57,731 [T11-ScriptEngine] INFO  JobRequest
 - STEP 49: Sa64f2bbb879246259c8093cf7915b3cb (23/83) - (49/114)
 - [23] Click


2025-08-27 09:18:57,794 [T23] INFO  WinFinder
Finding Object In App... Try: 1, IsLastTry: False. AppCount: 1

2025-08-27 09:18:58,808 [T9] WARN  WinApi
SetForeground Failed.
 Attach ThreadInput - True
 Foreground Window - HWND: 1443036, Title: 차트 종류 변경, PID: 9284, ProcessName: EXCEL
 Target Window - HWND: 197936, Title: 업종분석_264_2020-2024.xlsx - Excel, PID: 9284, ProcessName: EXCEL

2025-08-27 09:18:58,911 [T23] DEBUG WinElementTargetFinder
## Object Find In App (name: '업종분석_264_2020-2024.xlsx - Exce...')

2025-08-27 09:18:59,002 [T23] INFO  WinFinder
 . Finding Object by 'RelativePoint Search' (Try: 1) ... 

2025-08-27 09:18:59,048 [T11-ScriptEngine] INFO  WinFinder
Finding Result: Found by 'ObjectPathEx' method. (Total: 1)
 - name: '묶은 세로 막대형'
 - value: ''

2025-08-27 09:18:59,659 [T11-ScriptEngine] INFO  JobRequest
 - STEP 50: S3e8a1f77a8714ae7860016ca3de5fac7 (24/83) - (50/114)
 - [24] Click


2025-08-27 09:18:59,907 [T7] DEBUG UIAEventHandler
UI Structure Changed Count: 2

2025-08-27 09:19:00,108 [T7] DEBUG UIAEventHandler
Waiting additional time 407 msec for the screen structure is changing. Requested interval: 200 msec.

2025-08-27 09:19:00,130 [T7] INFO  WinFinder
Finding Object In App... Try: 1, IsLastTry: False. AppCount: 1

2025-08-27 09:19:01,147 [T9] WARN  WinApi
SetForeground Failed.
 Attach ThreadInput - True
 Foreground Window - HWND: 525910, Title: [NoTitle], PID: 9284, ProcessName: EXCEL
 Target Window - HWND: 197936, Title: 업종분석_264_2020-2024.xlsx - Excel, PID: 9284, ProcessName: EXCEL

2025-08-27 09:19:01,250 [T7] DEBUG WinElementTargetFinder
## Object Find In App (name: '업종분석_264_2020-2024.xlsx - Exce...')

2025-08-27 09:19:01,331 [T7] INFO  WinFinder
 . Finding Object by 'RelativePoint Search' (Try: 1) ... 

2025-08-27 09:19:01,387 [T11-ScriptEngine] INFO  WinFinder
Finding Result: Found by 'ObjectPathEx' method. (Total: 1)
 - name: '표식이 있는 꺾은선형'
 - value: ''

2025-08-27 09:19:02,018 [T11-ScriptEngine] INFO  JobRequest
 - STEP 51: S0657f3ea2e8649939e21eab4ed01b16c (25/83) - (51/114)
 - [25] Click


2025-08-27 09:19:02,059 [T15] INFO  WinFinder
Finding Object In App... Try: 1, IsLastTry: False. AppCount: 1

2025-08-27 09:19:03,075 [T23] WARN  WinApi
SetForeground Failed.
 Attach ThreadInput - True
 Foreground Window - HWND: 1443036, Title: 차트 종류 변경, PID: 9284, ProcessName: EXCEL
 Target Window - HWND: 197936, Title: 업종분석_264_2020-2024.xlsx - Excel, PID: 9284, ProcessName: EXCEL

2025-08-27 09:19:03,181 [T15] DEBUG WinElementTargetFinder
## Object Find In App (name: '업종분석_264_2020-2024.xlsx - Exce...')

2025-08-27 09:19:03,248 [T15] INFO  WinFinder
 . Finding Object by 'RelativePoint Search' (Try: 1) ... 

2025-08-27 09:19:03,305 [T11-ScriptEngine] INFO  WinFinder
Finding Result: Found by 'ObjectPathEx' method. (Total: 1)
 - name: '보조 축 옵션으로 이동'
 - value: ''

2025-08-27 09:19:03,935 [T11-ScriptEngine] INFO  JobRequest
 - STEP 52: S76ab3fcb10004d1f8e0bd9a5d5262ec0 (26/83) - (52/114)
 - [26] MouseScroll


2025-08-27 09:19:03,971 [T22] INFO  WinFinder
Finding Object In App... Try: 1, IsLastTry: False. AppCount: 1

2025-08-27 09:19:04,986 [T23] WARN  WinApi
SetForeground Failed.
 Attach ThreadInput - True
 Foreground Window - HWND: 1443036, Title: 차트 종류 변경, PID: 9284, ProcessName: EXCEL
 Target Window - HWND: 197936, Title: 업종분석_264_2020-2024.xlsx - Excel, PID: 9284, ProcessName: EXCEL

2025-08-27 09:19:05,090 [T22] DEBUG WinElementTargetFinder
## Object Find In App (name: '업종분석_264_2020-2024.xlsx - Exce...')

2025-08-27 09:19:05,191 [T22] INFO  WinFinder
 . Finding Object by 'RelativePoint Search' (Try: 1) ... 

2025-08-27 09:19:05,241 [T11-ScriptEngine] INFO  WinFinder
Finding Result: Found by 'ObjectPathEx' method. (Total: 1)
 - name: '위치'
 - value: ''

2025-08-27 09:19:07,100 [T11-ScriptEngine] INFO  JobRequest
 - STEP 53: S00dea3eefe4c4d75b2a7c86b4180f56c (27/83) - (53/114)
 - [27] Click


2025-08-27 09:19:07,147 [T22] INFO  WinFinder
Finding Object In App... Try: 1, IsLastTry: False. AppCount: 1

2025-08-27 09:19:08,160 [T23] WARN  WinApi
SetForeground Failed.
 Attach ThreadInput - True
 Foreground Window - HWND: 1443036, Title: 차트 종류 변경, PID: 9284, ProcessName: EXCEL
 Target Window - HWND: 197936, Title: 업종분석_264_2020-2024.xlsx - Excel, PID: 9284, ProcessName: EXCEL

2025-08-27 09:19:08,266 [T22] DEBUG WinElementTargetFinder
## Object Find In App (name: '업종분석_264_2020-2024.xlsx - Exce...')

2025-08-27 09:19:08,347 [T22] INFO  WinFinder
 . Finding Object by 'RelativePoint Search' (Try: 1) ... 

2025-08-27 09:19:08,396 [T11-ScriptEngine] INFO  WinFinder
Finding Result: Found by 'ObjectPathEx' method. (Total: 1)
 - name: '꺾은선형'
 - value: ''

2025-08-27 09:19:09,019 [T11-ScriptEngine] INFO  JobRequest
 - STEP 54: S464ecdafa4224bada5b6f821e49f429f (28/83) - (54/114)
 - [28] Click


2025-08-27 09:19:09,268 [T22] DEBUG UIAEventHandler
UI Structure Changed Count: 1

2025-08-27 09:19:09,379 [T22] DEBUG UIAEventHandler
Waiting additional time 321 msec for the screen structure is changing. Requested interval: 200 msec.

2025-08-27 09:19:09,424 [T22] INFO  WinFinder
Finding Object In App... Try: 1, IsLastTry: False. AppCount: 1

2025-08-27 09:19:10,447 [T23] WARN  WinApi
SetForeground Failed.
 Attach ThreadInput - True
 Foreground Window - HWND: 853350, Title: [NoTitle], PID: 9284, ProcessName: EXCEL
 Target Window - HWND: 197936, Title: 업종분석_264_2020-2024.xlsx - Excel, PID: 9284, ProcessName: EXCEL

2025-08-27 09:19:10,552 [T22] DEBUG WinElementTargetFinder
## Object Find In App (name: '업종분석_264_2020-2024.xlsx - Exce...')

2025-08-27 09:19:10,654 [T22] INFO  WinFinder
 . Finding Object by 'RelativePoint Search' (Try: 1) ... 

2025-08-27 09:19:10,709 [T11-ScriptEngine] INFO  WinFinder
Finding Result: Found by 'ObjectPathEx' method. (Total: 1)
 - name: '표식이 있는 꺾은선형'
 - value: ''

2025-08-27 09:19:11,340 [T11-ScriptEngine] INFO  JobRequest
 - STEP 55: S429a6427b7b24d5484e65ad6776a354d (29/83) - (55/114)
 - [29] Click


2025-08-27 09:19:11,377 [T22] INFO  WinFinder
Finding Object In App... Try: 1, IsLastTry: False. AppCount: 1

2025-08-27 09:19:12,390 [T7] WARN  WinApi
SetForeground Failed.
 Attach ThreadInput - True
 Foreground Window - HWND: 1443036, Title: 차트 종류 변경, PID: 9284, ProcessName: EXCEL
 Target Window - HWND: 197936, Title: 업종분석_264_2020-2024.xlsx - Excel, PID: 9284, ProcessName: EXCEL

2025-08-27 09:19:12,492 [T22] DEBUG WinElementTargetFinder
## Object Find In App (name: '업종분석_264_2020-2024.xlsx - Exce...')

2025-08-27 09:19:12,576 [T22] INFO  WinFinder
 . Finding Object by 'RelativePoint Search' (Try: 1) ... 

2025-08-27 09:19:12,627 [T11-ScriptEngine] INFO  WinFinder
Finding Result: Found by 'ObjectPathEx' method. (Total: 1)
 - name: '보조 축 옵션으로 이동'
 - value: ''

2025-08-27 09:19:13,260 [T11-ScriptEngine] INFO  JobRequest
 - STEP 56: S27f8752c8460444eb2ede9102e14ec3f (30/83) - (56/114)
 - [30] Click


2025-08-27 09:19:13,296 [T7] INFO  WinFinder
Finding Object In App... Try: 1, IsLastTry: False. AppCount: 1

2025-08-27 09:19:14,310 [T23] WARN  WinApi
SetForeground Failed.
 Attach ThreadInput - True
 Foreground Window - HWND: 1443036, Title: 차트 종류 변경, PID: 9284, ProcessName: EXCEL
 Target Window - HWND: 197936, Title: 업종분석_264_2020-2024.xlsx - Excel, PID: 9284, ProcessName: EXCEL

2025-08-27 09:19:14,413 [T7] DEBUG WinElementTargetFinder
## Object Find In App (name: '업종분석_264_2020-2024.xlsx - Exce...')

2025-08-27 09:19:14,500 [T7] INFO  WinFinder
 . Finding Object by 'RelativePoint Search' (Try: 1) ... 

2025-08-27 09:19:14,546 [T11-ScriptEngine] INFO  WinFinder
Finding Result: Found by 'ObjectPathEx' method. (Total: 1)
 - name: '꺾은선형'
 - value: ''

2025-08-27 09:19:15,169 [T11-ScriptEngine] INFO  JobRequest
 - STEP 57: S793d888457eb4f7c8c425e9f2bf76f0f (31/83) - (57/114)
 - [31] Click


2025-08-27 09:19:15,452 [T23] DEBUG UIAEventHandler
UI Structure Changed Count: 3

2025-08-27 09:19:15,762 [T23] DEBUG UIAEventHandler
Waiting additional time 534 msec for the screen structure is changing. Requested interval: 200 msec.

2025-08-27 09:19:15,784 [T23] INFO  WinFinder
Finding Object In App... Try: 1, IsLastTry: False. AppCount: 1

2025-08-27 09:19:16,801 [T22] WARN  WinApi
SetForeground Failed.
 Attach ThreadInput - True
 Foreground Window - HWND: 918886, Title: [NoTitle], PID: 9284, ProcessName: EXCEL
 Target Window - HWND: 197936, Title: 업종분석_264_2020-2024.xlsx - Excel, PID: 9284, ProcessName: EXCEL

2025-08-27 09:19:16,904 [T23] DEBUG WinElementTargetFinder
## Object Find In App (name: '업종분석_264_2020-2024.xlsx - Exce...')

2025-08-27 09:19:16,984 [T23] INFO  WinFinder
 . Finding Object by 'RelativePoint Search' (Try: 1) ... 

2025-08-27 09:19:17,041 [T11-ScriptEngine] INFO  WinFinder
Finding Result: Found by 'ObjectPathEx' method. (Total: 1)
 - name: '표식이 있는 꺾은선형'
 - value: ''

2025-08-27 09:19:17,656 [T11-ScriptEngine] INFO  JobRequest
 - STEP 58: Sbe42ba0efd534e6e87601cb2a22576e9 (32/83) - (58/114)
 - [32] Click


2025-08-27 09:19:17,696 [T7] INFO  WinFinder
Finding Object In App... Try: 1, IsLastTry: False. AppCount: 1

2025-08-27 09:19:18,715 [T22] WARN  WinApi
SetForeground Failed.
 Attach ThreadInput - True
 Foreground Window - HWND: 1443036, Title: 차트 종류 변경, PID: 9284, ProcessName: EXCEL
 Target Window - HWND: 197936, Title: 업종분석_264_2020-2024.xlsx - Excel, PID: 9284, ProcessName: EXCEL

2025-08-27 09:19:18,819 [T7] DEBUG WinElementTargetFinder
## Object Find In App (name: '업종분석_264_2020-2024.xlsx - Exce...')

2025-08-27 09:19:18,881 [T7] INFO  WinFinder
 . Finding Object by 'RelativePoint Search' (Try: 1) ... 

2025-08-27 09:19:18,932 [T11-ScriptEngine] INFO  WinFinder
Finding Result: Found by 'ObjectPathEx' method. (Total: 1)
 - name: '보조 축 옵션으로 이동'
 - value: ''

2025-08-27 09:19:19,565 [T11-ScriptEngine] INFO  JobRequest
 - STEP 59: S1a617cc9e2484f09b1d0ea28dfedce91 (33/83) - (59/114)
 - [33] Click


2025-08-27 09:19:19,600 [T7] INFO  WinFinder
Finding Object In App... Try: 1, IsLastTry: False. AppCount: 1

2025-08-27 09:19:20,614 [T23] WARN  WinApi
SetForeground Failed.
 Attach ThreadInput - True
 Foreground Window - HWND: 1443036, Title: 차트 종류 변경, PID: 9284, ProcessName: EXCEL
 Target Window - HWND: 197936, Title: 업종분석_264_2020-2024.xlsx - Excel, PID: 9284, ProcessName: EXCEL

2025-08-27 09:19:20,716 [T7] DEBUG WinElementTargetFinder
## Object Find In App (name: '업종분석_264_2020-2024.xlsx - Exce...')

2025-08-27 09:19:20,782 [T7] INFO  WinFinder
 . Finding Object by 'RelativePoint Search' (Try: 1) ... 

2025-08-27 09:19:20,830 [T11-ScriptEngine] INFO  WinFinder
Finding Result: Found by 'ObjectPathEx' method. (Total: 1)
 - name: '꺾은선형'
 - value: ''

2025-08-27 09:19:21,466 [T11-ScriptEngine] INFO  JobRequest
 - STEP 60: Sea1b7b16626a49b794e49dc66d35c89c (34/83) - (60/114)
 - [34] Click


2025-08-27 09:19:21,668 [T23] DEBUG UIAEventHandler
UI Structure Changed Count: 0

2025-08-27 09:19:21,668 [T23] DEBUG UIAEventHandler
Waiting additional time 181 msec for the screen structure is changing. Requested interval: 200 msec.

2025-08-27 09:19:21,693 [T23] INFO  WinFinder
Finding Object In App... Try: 1, IsLastTry: False. AppCount: 1

2025-08-27 09:19:22,705 [T6] WARN  WinApi
SetForeground Failed.
 Attach ThreadInput - True
 Foreground Window - HWND: 984422, Title: [NoTitle], PID: 9284, ProcessName: EXCEL
 Target Window - HWND: 197936, Title: 업종분석_264_2020-2024.xlsx - Excel, PID: 9284, ProcessName: EXCEL

2025-08-27 09:19:22,809 [T23] DEBUG WinElementTargetFinder
## Object Find In App (name: '업종분석_264_2020-2024.xlsx - Exce...')

2025-08-27 09:19:22,897 [T23] INFO  WinFinder
 . Finding Object by 'RelativePoint Search' (Try: 1) ... 

2025-08-27 09:19:22,954 [T11-ScriptEngine] INFO  WinFinder
Finding Result: Found by 'ObjectPathEx' method. (Total: 1)
 - name: '표식이 있는 꺾은선형'
 - value: ''

2025-08-27 09:19:23,591 [T11-ScriptEngine] INFO  JobRequest
 - STEP 61: S8a3f3d40b93f4d7b97fd791f29cb7378 (35/83) - (61/114)
 - [35] Click


2025-08-27 09:19:23,631 [T6] INFO  WinFinder
Finding Object In App... Try: 1, IsLastTry: False. AppCount: 1

2025-08-27 09:19:24,652 [T22] WARN  WinApi
SetForeground Failed.
 Attach ThreadInput - True
 Foreground Window - HWND: 1443036, Title: 차트 종류 변경, PID: 9284, ProcessName: EXCEL
 Target Window - HWND: 197936, Title: 업종분석_264_2020-2024.xlsx - Excel, PID: 9284, ProcessName: EXCEL

2025-08-27 09:19:24,756 [T6] DEBUG WinElementTargetFinder
## Object Find In App (name: '업종분석_264_2020-2024.xlsx - Exce...')

2025-08-27 09:19:24,849 [T6] INFO  WinFinder
 . Finding Object by 'RelativePoint Search' (Try: 1) ... 

2025-08-27 09:19:24,902 [T11-ScriptEngine] INFO  WinFinder
Finding Result: Found by 'ObjectPathEx' method. (Total: 1)
 - name: '보조 축 옵션으로 이동'
 - value: ''

2025-08-27 09:19:25,527 [T11-ScriptEngine] INFO  JobRequest
 - STEP 62: S07f25720f9394b25a197c52db67836b5 (36/83) - (62/114)
 - [36] Click


2025-08-27 09:19:25,562 [T7] INFO  WinFinder
Finding Object In App... Try: 1, IsLastTry: False. AppCount: 1

2025-08-27 09:19:26,583 [T9] WARN  WinApi
SetForeground Failed.
 Attach ThreadInput - True
 Foreground Window - HWND: 1443036, Title: 차트 종류 변경, PID: 9284, ProcessName: EXCEL
 Target Window - HWND: 197936, Title: 업종분석_264_2020-2024.xlsx - Excel, PID: 9284, ProcessName: EXCEL

2025-08-27 09:19:26,684 [T7] DEBUG WinElementTargetFinder
## Object Find In App (name: '업종분석_264_2020-2024.xlsx - Exce...')

2025-08-27 09:19:26,736 [T7] INFO  WinFinder
 . Finding Object by 'RelativePoint Search' (Try: 1) ... 

2025-08-27 09:19:26,783 [T11-ScriptEngine] INFO  WinFinder
Finding Result: Found by 'ObjectPathEx' method. (Total: 1)
 - name: '확인'
 - value: ''

2025-08-27 09:19:27,397 [T11-ScriptEngine] INFO  JobRequest
 - STEP 63: Sdfb0eed679624302b265343dfca6d3b7 (37/83) - (63/114)
 - [37] RightClick


2025-08-27 09:19:27,675 [T15] INFO  WinFinder
Finding Object In App... Try: 1, IsLastTry: False. AppCount: 1

2025-08-27 09:19:27,678 [T15] DEBUG WinElementTargetFinder
## Object Find In App (name: '업종분석_264_2020-2024.xlsx - Exce...')

2025-08-27 09:19:28,390 [T15] INFO  WinFinder
 . Finding Object by 'RelativePoint Search' (Try: 1) ... 

2025-08-27 09:19:28,627 [T15] DEBUG UIAEventHandler
UI Structure Changed Count: 0

2025-08-27 09:19:28,627 [T15] DEBUG UIAEventHandler
Waiting additional time 62 msec for the screen structure is changing. Requested interval: 100 msec.

2025-08-27 09:19:28,627 [T11-ScriptEngine] INFO  WinFinder
Finding Result: Found by 'ObjectPathEx' method. (Total: 1)
 - name: ''
 - value: ''

2025-08-27 09:19:29,045 [T11-ScriptEngine] INFO  JobRequest
 - STEP 64: S70682de173fd40e8983727c594d95e8c (38/83) - (64/114)
 - [38] Click


2025-08-27 09:19:29,342 [T23] INFO  WinFinder
Finding Object In App... Try: 1, IsLastTry: False. AppCount: 1

2025-08-27 09:19:29,351 [T23] DEBUG WinElementTargetFinder
## Object Find In App (name: '업종분석_264_2020-2024.xlsx - Exce...')

2025-08-27 09:19:29,507 [T23] INFO  WinFinder
 . Finding Object by 'RelativePoint Search' (Try: 1) ... 

2025-08-27 09:19:29,618 [T23] DEBUG UIAEventHandler
UI Structure Changed Count: 0

2025-08-27 09:19:29,618 [T23] DEBUG UIAEventHandler
Waiting additional time 52 msec for the screen structure is changing. Requested interval: 100 msec.

2025-08-27 09:19:29,618 [T11-ScriptEngine] INFO  WinFinder
Finding Result: Found by 'ObjectPathEx' method. (Total: 1)
 - name: '차트 영역 서식...'
 - value: ''

2025-08-27 09:19:30,040 [T11-ScriptEngine] INFO  JobRequest
 - STEP 65: S3c3c12b5005748ff8c42ba27f3514ba7 (39/83) - (65/114)
 - [39] Click


2025-08-27 09:19:30,470 [T7] INFO  WinFinder
Finding Object In App... Try: 1, IsLastTry: False. AppCount: 1

2025-08-27 09:19:30,485 [T7] DEBUG WinElementTargetFinder
## Object Find In App (name: '업종분석_264_2020-2024.xlsx - Exce...')

2025-08-27 09:19:30,948 [T7] INFO  WinFinder
 . Finding Object by 'RelativePoint Search' (Try: 1) ... 

2025-08-27 09:19:31,169 [T11-ScriptEngine] INFO  WinFinder
Finding Result: Found by 'ObjectPathEx' method. (Total: 1)
 - name: '크기 및 속성'
 - value: ''

2025-08-27 09:19:31,590 [T11-ScriptEngine] INFO  JobRequest
 - STEP 66: Sff5b496e0c104fce8cdada62f2298664 (40/83) - (66/114)
 - [40] Click


2025-08-27 09:19:31,623 [T23] INFO  WinFinder
Finding Object In App... Try: 1, IsLastTry: False. AppCount: 1

2025-08-27 09:19:31,624 [T23] DEBUG WinElementTargetFinder
## Object Find In App (name: '업종분석_264_2020-2024.xlsx - Exce...')

2025-08-27 09:19:31,722 [T23] INFO  WinFinder
 . Finding Object by 'RelativePoint Search' (Try: 1) ... 

2025-08-27 09:19:31,776 [T11-ScriptEngine] INFO  WinFinder
Finding Result: Found by 'ObjectPathEx' method. (Total: 1)
 - name: ''
 - value: ''

2025-08-27 09:19:32,188 [T11-ScriptEngine] INFO  JobRequest
 - STEP 67: S909f9071915d452596a40cb91350fb3e (41/83) - (67/114)
 - [41] TextInput


2025-08-27 09:19:32,250 [T22] INFO  WinFinder
Finding Object In App... Try: 1, IsLastTry: False. AppCount: 1

2025-08-27 09:19:32,251 [T22] DEBUG WinElementTargetFinder
## Object Find In App (name: '업종분석_264_2020-2024.xlsx - Exce...')

2025-08-27 09:19:32,354 [T22] INFO  WinFinder
 . Finding Object by 'RelativePoint Search' (Try: 1) ... 

2025-08-27 09:19:32,411 [T11-ScriptEngine] INFO  WinFinder
Finding Result: Found by 'ObjectPathEx' method. (Total: 1)
 - name: '높이 조절'
 - value: '100%'

2025-08-27 09:19:34,884 [T11-ScriptEngine] INFO  JobRequest
 - STEP 68: S98c69bbefad84755ada5bc37df9788a6 (42/83) - (68/114)
 - [42] TextInput


2025-08-27 09:19:35,216 [T16] INFO  WinFinder
Finding Object In App... Try: 1, IsLastTry: False. AppCount: 1

2025-08-27 09:19:35,232 [T16] DEBUG WinElementTargetFinder
## Object Find In App (name: '업종분석_264_2020-2024.xlsx - Exce...')

2025-08-27 09:19:35,343 [T16] INFO  WinFinder
 . Finding Object by 'RelativePoint Search' (Try: 1) ... 

2025-08-27 09:19:35,399 [T11-ScriptEngine] INFO  WinFinder
Finding Result: Found by 'ObjectPathEx' method. (Total: 1)
 - name: '너비 조절'
 - value: '100%'

2025-08-27 09:19:37,717 [T11-ScriptEngine] INFO  JobRequest
 - STEP 69: S7d5e5a6689e14f29aeb27f768af0317c (43/83) - (69/114)
 - [43] MouseScroll


2025-08-27 09:19:38,002 [T6] INFO  WinFinder
Finding Object In App... Try: 1, IsLastTry: False. AppCount: 1

2025-08-27 09:19:38,016 [T6] DEBUG WinElementTargetFinder
## Object Find In App (name: '업종분석_264_2020-2024.xlsx - Exce...')

2025-08-27 09:19:38,141 [T6] INFO  WinFinder
 . Finding Object by 'RelativePoint Search' (Try: 1) ... 

2025-08-27 09:19:38,199 [T11-ScriptEngine] INFO  WinFinder
Finding Result: Found by 'ObjectPathEx' method. (Total: 1)
 - name: '위치'
 - value: ''

2025-08-27 09:19:40,592 [T11-ScriptEngine] INFO  JobRequest
 - STEP 70: S0cf440ed7bf245ea91d3f7b71e521dcc (44/83) - (70/114)
 - [44] Click


2025-08-27 09:19:40,622 [T23] INFO  WinFinder
Finding Object In App... Try: 1, IsLastTry: False. AppCount: 1

2025-08-27 09:19:40,623 [T23] DEBUG WinElementTargetFinder
## Object Find In App (name: '업종분석_264_2020-2024.xlsx - Exce...')

2025-08-27 09:19:40,718 [T23] INFO  WinFinder
 . Finding Object by 'RelativePoint Search' (Try: 1) ... 

2025-08-27 09:19:40,776 [T11-ScriptEngine] INFO  WinFinder
Finding Result: Found by 'ObjectPathEx' method. (Total: 1)
 - name: 'Sheet1'
 - value: ''

2025-08-27 09:19:41,193 [T11-ScriptEngine] INFO  JobRequest
 - STEP 71: Sb63f9f2896ad4503a5e9c74555d3efd2 (45/83) - (71/114)
 - [45] SelectRange


2025-08-27 09:19:41,485 [T11-ScriptEngine] INFO  JobRequest
 - STEP 72: Sb0ec664143894bb79e8611336bda0358 (46/83) - (72/114)
 - [46] SendShortCut


2025-08-27 09:19:41,874 [T11-ScriptEngine] INFO  JobRequest
 - STEP 73: Sf42936f574b64959a778a22aa28e7ff7 (47/83) - (73/114)
 - [47] SendShortCut


2025-08-27 09:19:42,185 [T11-ScriptEngine] INFO  JobRequest
 - STEP 74: S5e1ac0e1541c43cbbfcc3b0ae9a57f9b (48/83) - (74/114)
 - [48] Click


2025-08-27 09:19:42,353 [T15] INFO  WinFinder
Finding Object In App... Try: 1, IsLastTry: False. AppCount: 1

2025-08-27 09:19:42,354 [T15] DEBUG WinElementTargetFinder
## Object Find In App (name: '피벗 차트 만들기')

2025-08-27 09:19:42,440 [T15] INFO  WinFinder
 . Finding Object by 'RelativePoint Search' (Try: 1) ... 

2025-08-27 09:19:42,493 [T11-ScriptEngine] INFO  WinFinder
Finding Result: Found by 'ObjectPathEx' method. (Total: 1)
 - name: '기존 워크시트(E)'
 - value: ''

2025-08-27 09:19:42,918 [T11-ScriptEngine] INFO  JobRequest
 - STEP 75: Scfe7c4ec3ca344c8b2b752c5dea21a91 (49/83) - (75/114)
 - [49] TextInput


2025-08-27 09:19:42,962 [T7] INFO  WinFinder
Finding Object In App... Try: 1, IsLastTry: False. AppCount: 1

2025-08-27 09:19:42,963 [T7] DEBUG WinElementTargetFinder
## Object Find In App (name: '피벗 차트 만들기')

2025-08-27 09:19:42,992 [T7] INFO  WinFinder
 . Finding Object by 'RelativePoint Search' (Try: 1) ... 

2025-08-27 09:19:43,042 [T11-ScriptEngine] INFO  WinFinder
Finding Result: Found by 'ObjectPathEx' method. (Total: 1)
 - name: ''
 - value: ''

2025-08-27 09:19:45,768 [T11-ScriptEngine] INFO  JobRequest
 - STEP 76: S1488dab3bd2a4586837d8f69a7c5ef3c (50/83) - (76/114)
 - [50] Click


2025-08-27 09:19:46,026 [T7] INFO  WinFinder
Finding Object In App... Try: 1, IsLastTry: False. AppCount: 1

2025-08-27 09:19:46,131 [T7] DEBUG WinElementTargetFinder
## Object Find In App (name: '업종분석_264_2020-2024.xlsx - Exce...')

2025-08-27 09:19:46,556 [T7] INFO  WinFinder
 . Finding Object by 'RelativePoint Search' (Try: 1) ... 

2025-08-27 09:19:46,619 [T11-ScriptEngine] INFO  WinFinder
Finding Result: Found by 'ObjectPathEx' method. (Total: 1)
 - name: '기업명'
 - value: ''

2025-08-27 09:19:47,031 [T11-ScriptEngine] INFO  JobRequest
 - STEP 77: S7b6be5c4b1434a92900df7b41c2a8218 (51/83) - (77/114)
 - [51] Click


2025-08-27 09:19:47,258 [T16] INFO  WinFinder
Finding Object In App... Try: 1, IsLastTry: False. AppCount: 1

2025-08-27 09:19:47,259 [T16] DEBUG WinElementTargetFinder
## Object Find In App (name: '업종분석_264_2020-2024.xlsx - Exce...')

2025-08-27 09:19:47,354 [T16] INFO  WinFinder
 . Finding Object by 'RelativePoint Search' (Try: 1) ... 

2025-08-27 09:19:47,406 [T11-ScriptEngine] INFO  WinFinder
Finding Result: Found by 'ObjectPathEx' method. (Total: 1)
 - name: '분기'
 - value: ''

2025-08-27 09:19:47,828 [T11-ScriptEngine] INFO  JobRequest
 - STEP 78: S2a068390532449a7ac529868500fa4d1 (52/83) - (78/114)
 - [52] Click


2025-08-27 09:19:48,089 [T23] INFO  WinFinder
Finding Object In App... Try: 1, IsLastTry: False. AppCount: 1

2025-08-27 09:19:48,089 [T23] DEBUG WinElementTargetFinder
## Object Find In App (name: '업종분석_264_2020-2024.xlsx - Exce...')

2025-08-27 09:19:48,194 [T23] INFO  WinFinder
 . Finding Object by 'RelativePoint Search' (Try: 1) ... 

2025-08-27 09:19:48,248 [T11-ScriptEngine] INFO  WinFinder
Finding Result: Found by 'ObjectPathEx' method. (Total: 1)
 - name: '구분'
 - value: ''

2025-08-27 09:19:48,740 [T11-ScriptEngine] INFO  JobRequest
 - STEP 79: S330e2baba8fd4098b829868f27497fcd (53/83) - (79/114)
 - [53] MouseScroll


2025-08-27 09:19:48,995 [T22] INFO  WinFinder
Finding Object In App... Try: 1, IsLastTry: False. AppCount: 1

2025-08-27 09:19:48,996 [T22] DEBUG WinElementTargetFinder
## Object Find In App (name: '업종분석_264_2020-2024.xlsx - Exce...')

2025-08-27 09:19:49,184 [T22] INFO  WinFinder
 . Finding Object by 'RelativePoint Search' (Try: 1) ... 

2025-08-27 09:19:49,239 [T11-ScriptEngine] INFO  WinFinder
Finding Result: Found by 'ObjectPathEx' method. (Total: 1)
 - name: '위치'
 - value: ''

2025-08-27 09:19:50,762 [T11-ScriptEngine] INFO  JobRequest
 - STEP 80: S9d132a22d6e04476a966f340d3312e1d (54/83) - (80/114)
 - [54] Click


2025-08-27 09:19:50,817 [T22] INFO  WinFinder
Finding Object In App... Try: 1, IsLastTry: False. AppCount: 1

2025-08-27 09:19:50,818 [T22] DEBUG WinElementTargetFinder
## Object Find In App (name: '업종분석_264_2020-2024.xlsx - Exce...')

2025-08-27 09:19:50,924 [T22] INFO  WinFinder
 . Finding Object by 'RelativePoint Search' (Try: 1) ... 

2025-08-27 09:19:50,976 [T11-ScriptEngine] INFO  WinFinder
Finding Result: Found by 'ObjectPathEx' method. (Total: 1)
 - name: '영업비용률'
 - value: ''

2025-08-27 09:19:51,391 [T11-ScriptEngine] INFO  JobRequest
 - STEP 81: S1f991b05444b4b88b43fe1dc2e530884 (55/83) - (81/114)
 - [55] Click


2025-08-27 09:19:51,766 [T16] INFO  WinFinder
Finding Object In App... Try: 1, IsLastTry: False. AppCount: 1

2025-08-27 09:19:51,767 [T16] DEBUG WinElementTargetFinder
## Object Find In App (name: '업종분석_264_2020-2024.xlsx - Exce...')

2025-08-27 09:19:51,867 [T16] INFO  WinFinder
 . Finding Object by 'RelativePoint Search' (Try: 1) ... 

2025-08-27 09:19:51,927 [T11-ScriptEngine] INFO  WinFinder
Finding Result: Found by 'ObjectPathEx' method. (Total: 1)
 - name: '영업이익률'
 - value: ''

2025-08-27 09:19:52,357 [T11-ScriptEngine] INFO  JobRequest
 - STEP 82: Sd1804f6066344779971a6ab26db601ee (56/83) - (82/114)
 - [56] Click


2025-08-27 09:19:52,843 [T7] INFO  WinFinder
Finding Object In App... Try: 1, IsLastTry: False. AppCount: 1

2025-08-27 09:19:52,843 [T7] DEBUG WinElementTargetFinder
## Object Find In App (name: '업종분석_264_2020-2024.xlsx - Exce...')

2025-08-27 09:19:53,001 [T7] INFO  WinFinder
 . Finding Object by 'RelativePoint Search' (Try: 1) ... 

2025-08-27 09:19:53,052 [T11-ScriptEngine] INFO  WinFinder
Finding Result: Found by 'ObjectPathEx' method. (Total: 1)
 - name: '기업명'
 - value: ''

2025-08-27 09:19:53,470 [T11-ScriptEngine] INFO  JobRequest
 - STEP 83: Sbd571a4c34494e83aa47758e53cfde1a (57/83) - (83/114)
 - [57] Click


2025-08-27 09:19:53,810 [T16] INFO  WinFinder
Finding Object In App... Try: 1, IsLastTry: False. AppCount: 1

2025-08-27 09:19:53,816 [T16] DEBUG WinElementTargetFinder
## Object Find In App (name: '업종분석_264_2020-2024.xlsx - Exce...')

2025-08-27 09:19:53,909 [T16] INFO  WinFinder
 . Finding Object by 'RelativePoint Search' (Try: 1) ... 

2025-08-27 09:19:53,962 [T11-ScriptEngine] INFO  WinFinder
Finding Result: Found by 'ObjectPathEx' method. (Total: 1)
 - name: '범례 필드(계열)로 이동'
 - value: ''

2025-08-27 09:19:54,371 [T11-ScriptEngine] INFO  JobRequest
 - STEP 84: S8824fb8e7ea04957a4b36b9f7e93b1c8 (58/83) - (84/114)
 - [58] Click


2025-08-27 09:19:54,698 [T7] INFO  WinFinder
Finding Object In App... Try: 1, IsLastTry: False. AppCount: 1

2025-08-27 09:19:54,699 [T7] DEBUG WinElementTargetFinder
## Object Find In App (name: '업종분석_264_2020-2024.xlsx - Exce...')

2025-08-27 09:19:54,805 [T7] INFO  WinFinder
 . Finding Object by 'RelativePoint Search' (Try: 1) ... 

2025-08-27 09:19:54,862 [T11-ScriptEngine] INFO  WinFinder
Finding Result: Found by 'ObjectPathEx' method. (Total: 1)
 - name: ''
 - value: ''

2025-08-27 09:19:55,273 [T11-ScriptEngine] INFO  JobRequest
 - STEP 85: Seb7576f0d0124585b90441e0245f8268 (59/83) - (85/114)
 - [59] SetCheckState


2025-08-27 09:19:55,453 [T7] INFO  WinFinder
Finding Object In App... Try: 1, IsLastTry: False. AppCount: 1

2025-08-27 09:19:55,586 [T7] DEBUG WinElementTargetFinder
## Object Find In App (name: '업종분석_264_2020-2024.xlsx - Exce...')

2025-08-27 09:19:55,714 [T11-ScriptEngine] INFO  WinFinder
Finding Result: Found by 'ObjectPathEx' method. (Total: 1)
 - name: '삼성전자'
 - value: ''

2025-08-27 09:19:55,739 [T11-ScriptEngine] INFO  JobRequest
 - STEP 86: S32ae8f965b8b45189b4bfccf68e18f3b (60/83) - (86/114)
 - [60] Click


2025-08-27 09:19:55,778 [T16] INFO  WinFinder
Finding Object In App... Try: 1, IsLastTry: False. AppCount: 1

2025-08-27 09:19:55,908 [T16] DEBUG WinElementTargetFinder
## Object Find In App (name: '업종분석_264_2020-2024.xlsx - Exce...')

2025-08-27 09:19:55,971 [T16] INFO  WinFinder
 . Finding Object by 'RelativePoint Search' (Try: 1) ... 

2025-08-27 09:19:56,042 [T11-ScriptEngine] INFO  WinFinder
Finding Result: Found by 'ObjectPathEx' method. (Total: 1)
 - name: '확인'
 - value: ''

2025-08-27 09:19:56,454 [T11-ScriptEngine] INFO  JobRequest
 - STEP 87: S0d0d22897f8547cd926a85b06e74d4d1 (61/83) - (87/114)
 - [61] Click


2025-08-27 09:19:56,777 [T16] INFO  WinFinder
Finding Object In App... Try: 1, IsLastTry: False. AppCount: 1

2025-08-27 09:19:56,778 [T16] DEBUG WinElementTargetFinder
## Object Find In App (name: '업종분석_264_2020-2024.xlsx - Exce...')

2025-08-27 09:19:56,884 [T16] INFO  WinFinder
 . Finding Object by 'RelativePoint Search' (Try: 1) ... 

2025-08-27 09:19:56,942 [T11-ScriptEngine] INFO  WinFinder
Finding Result: Found by 'ObjectPathEx' method. (Total: 1)
 - name: ''
 - value: ''

2025-08-27 09:19:57,357 [T11-ScriptEngine] INFO  JobRequest
 - STEP 88: S437c595ad868463d8d0ea620519b9dfa (62/83) - (88/114)
 - [62] Click


2025-08-27 09:19:57,557 [T7] INFO  WinFinder
Finding Object In App... Try: 1, IsLastTry: False. AppCount: 1

2025-08-27 09:19:57,566 [T7] DEBUG WinElementTargetFinder
## Object Find In App (name: '업종분석_264_2020-2024.xlsx - Exce...')

2025-08-27 09:19:57,703 [T7] INFO  WinFinder
 . Finding Object by 'RelativePoint Search' (Try: 1) ... 

2025-08-27 09:19:57,778 [T7] DEBUG UIAEventHandler
UI Structure Changed Count: 0

2025-08-27 09:19:57,778 [T7] DEBUG UIAEventHandler
Waiting additional time 20 msec for the screen structure is changing. Requested interval: 100 msec.

2025-08-27 09:19:57,778 [T11-ScriptEngine] INFO  WinFinder
Finding Result: Found by 'ObjectPathEx' method. (Total: 1)
 - name: '텍스트 내림차순 정렬'
 - value: ''

2025-08-27 09:19:58,189 [T11-ScriptEngine] INFO  JobRequest
 - STEP 89: S19fc3d1efe08468faf140f83921d7c28 (63/83) - (89/114)
 - [63] Click


2025-08-27 09:19:58,783 [T23] INFO  WinFinder
Finding Object In App... Try: 1, IsLastTry: False. AppCount: 1

2025-08-27 09:19:58,794 [T23] DEBUG WinElementTargetFinder
## Object Find In App (name: '업종분석_264_2020-2024.xlsx - Exce...')

2025-08-27 09:20:00,214 [T23] INFO  WinFinder
 . Finding Object by 'RelativePoint Search' (Try: 1) ... 

2025-08-27 09:20:00,267 [T11-ScriptEngine] INFO  WinFinder
Finding Result: Found by 'TopDown' method. (Total: 1)
 - name: '합계 : 영업비용률'
 - value: ''

2025-08-27 09:20:00,681 [T11-ScriptEngine] INFO  JobRequest
 - STEP 90: Sb17cddd8f142410cae3fd150c07e50ff (64/83) - (90/114)
 - [64] Click


2025-08-27 09:20:00,976 [T6] INFO  WinFinder
Finding Object In App... Try: 1, IsLastTry: False. AppCount: 1

2025-08-27 09:20:00,976 [T6] DEBUG WinElementTargetFinder
## Object Find In App (name: '업종분석_264_2020-2024.xlsx - Exce...')

2025-08-27 09:20:01,060 [T6] INFO  WinFinder
 . Finding Object by 'RelativePoint Search' (Try: 1) ... 

2025-08-27 09:20:01,120 [T11-ScriptEngine] INFO  WinFinder
Finding Result: Found by 'ObjectPathEx' method. (Total: 1)
 - name: '값 필드 설정... '
 - value: ''

2025-08-27 09:20:01,551 [T11-ScriptEngine] INFO  JobRequest
 - STEP 91: Se8880295dbd24a029db996e2abd425e6 (65/83) - (91/114)
 - [65] Click


2025-08-27 09:20:01,787 [T22] DEBUG UIAEventHandler
UI Structure Changed Count: 0

2025-08-27 09:20:01,787 [T22] DEBUG UIAEventHandler
Waiting additional time 203 msec for the screen structure is changing. Requested interval: 200 msec.

2025-08-27 09:20:01,800 [T22] INFO  WinFinder
Finding Object In App... Try: 1, IsLastTry: False. AppCount: 1

2025-08-27 09:20:01,800 [T22] DEBUG WinElementTargetFinder
## Object Find In App (name: '값 필드 설정')

2025-08-27 09:20:01,898 [T22] INFO  WinFinder
 . Finding Object by 'RelativePoint Search' (Try: 1) ... 

2025-08-27 09:20:01,954 [T11-ScriptEngine] INFO  WinFinder
Finding Result: Found by 'ObjectPathEx' method. (Total: 1)
 - name: '평균'
 - value: ''

2025-08-27 09:20:02,386 [T11-ScriptEngine] INFO  JobRequest
 - STEP 92: S70522bd9eb05463a9db893916e0a012b (66/83) - (92/114)
 - [66] Click


2025-08-27 09:20:02,436 [T6] INFO  WinFinder
Finding Object In App... Try: 1, IsLastTry: False. AppCount: 1

2025-08-27 09:20:02,437 [T6] DEBUG WinElementTargetFinder
## Object Find In App (name: '값 필드 설정')

2025-08-27 09:20:02,493 [T6] INFO  WinFinder
 . Finding Object by 'RelativePoint Search' (Try: 1) ... 

2025-08-27 09:20:02,541 [T11-ScriptEngine] INFO  WinFinder
Finding Result: Found by 'ObjectPathEx' method. (Total: 1)
 - name: '확인'
 - value: ''

2025-08-27 09:20:02,967 [T11-ScriptEngine] INFO  JobRequest
 - STEP 93: S00821f221cb344f4be8500fd445a0a4a (67/83) - (93/114)
 - [67] Click


2025-08-27 09:20:03,562 [T22] INFO  WinFinder
Finding Object In App... Try: 1, IsLastTry: False. AppCount: 1

2025-08-27 09:20:03,563 [T22] DEBUG WinElementTargetFinder
## Object Find In App (name: '업종분석_264_2020-2024.xlsx - Exce...')

2025-08-27 09:20:04,429 [T22] INFO  WinFinder
 . Finding Object by 'RelativePoint Search' (Try: 1) ... 

2025-08-27 09:20:04,480 [T11-ScriptEngine] INFO  WinFinder
Finding Result: Found by 'TopDown' method. (Total: 1)
 - name: '합계 : 영업이익률'
 - value: ''

2025-08-27 09:20:04,899 [T11-ScriptEngine] INFO  JobRequest
 - STEP 94: Sf398c412176f4d8691dc825dbead568e (68/83) - (94/114)
 - [68] Click


2025-08-27 09:20:05,226 [T22] INFO  WinFinder
Finding Object In App... Try: 1, IsLastTry: False. AppCount: 1

2025-08-27 09:20:05,226 [T22] DEBUG WinElementTargetFinder
## Object Find In App (name: '업종분석_264_2020-2024.xlsx - Exce...')

2025-08-27 09:20:05,307 [T22] INFO  WinFinder
 . Finding Object by 'RelativePoint Search' (Try: 1) ... 

2025-08-27 09:20:05,419 [T11-ScriptEngine] INFO  WinFinder
Finding Result: Found by 'ObjectPathEx' method. (Total: 1)
 - name: '값 필드 설정... '
 - value: ''

2025-08-27 09:20:05,853 [T11-ScriptEngine] INFO  JobRequest
 - STEP 95: Sa2d7cbf6677a45bd8a5bd09a9a80ab52 (69/83) - (95/114)
 - [69] Click


2025-08-27 09:20:06,056 [T15] DEBUG UIAEventHandler
UI Structure Changed Count: 0

2025-08-27 09:20:06,056 [T15] DEBUG UIAEventHandler
Waiting additional time 181 msec for the screen structure is changing. Requested interval: 200 msec.

2025-08-27 09:20:06,070 [T15] INFO  WinFinder
Finding Object In App... Try: 1, IsLastTry: False. AppCount: 1

2025-08-27 09:20:06,070 [T15] DEBUG WinElementTargetFinder
## Object Find In App (name: '값 필드 설정')

2025-08-27 09:20:06,175 [T15] INFO  WinFinder
 . Finding Object by 'RelativePoint Search' (Try: 1) ... 

2025-08-27 09:20:06,240 [T11-ScriptEngine] INFO  WinFinder
Finding Result: Found by 'ObjectPathEx' method. (Total: 1)
 - name: '평균'
 - value: ''

2025-08-27 09:20:06,669 [T11-ScriptEngine] INFO  JobRequest
 - STEP 96: S3b9f627b16e945d88cdaaa656c184c71 (70/83) - (96/114)
 - [70] Click


2025-08-27 09:20:06,723 [T7] INFO  WinFinder
Finding Object In App... Try: 1, IsLastTry: False. AppCount: 1

2025-08-27 09:20:06,724 [T7] DEBUG WinElementTargetFinder
## Object Find In App (name: '값 필드 설정')

2025-08-27 09:20:06,780 [T7] INFO  WinFinder
 . Finding Object by 'RelativePoint Search' (Try: 1) ... 

2025-08-27 09:20:06,830 [T11-ScriptEngine] INFO  WinFinder
Finding Result: Found by 'ObjectPathEx' method. (Total: 1)
 - name: '확인'
 - value: ''

2025-08-27 09:20:07,251 [T11-ScriptEngine] INFO  JobRequest
 - STEP 97: Sdf8f9d772e9d409c8e125ac9bdad9a3a (71/83) - (97/114)
 - [71] RightClick


2025-08-27 09:20:07,773 [T15] INFO  WinFinder
Finding Object In App... Try: 1, IsLastTry: False. AppCount: 1

2025-08-27 09:20:07,774 [T15] DEBUG WinElementTargetFinder
## Object Find In App (name: '업종분석_264_2020-2024.xlsx - Exce...')

2025-08-27 09:20:09,443 [T15] INFO  WinFinder
 . Finding Object by 'RelativePoint Search' (Try: 1) ... 

2025-08-27 09:20:09,500 [T11-ScriptEngine] INFO  WinFinder
Finding Result: Found by 'ObjectPathEx' method. (Total: 1)
 - name: ''
 - value: ''

2025-08-27 09:20:09,923 [T11-ScriptEngine] INFO  JobRequest
 - STEP 98: S2b97a9525a2e406f8c709de0cf69ac6b (72/83) - (98/114)
 - [72] Click


2025-08-27 09:20:10,671 [T6] DEBUG UIAEventHandler
UI Structure Changed Count: 4

2025-08-27 09:20:11,073 [T6] DEBUG UIAEventHandler
Waiting additional time 628 msec for the screen structure is changing. Requested interval: 200 msec.

2025-08-27 09:20:11,148 [T6] INFO  WinFinder
Finding Object In App... Try: 1, IsLastTry: False. AppCount: 1

2025-08-27 09:20:11,149 [T6] DEBUG WinElementTargetFinder
## Object Find In App (name: '업종분석_264_2020-2024.xlsx - Exce...')

2025-08-27 09:20:11,216 [T6] INFO  WinFinder
 . Finding Object by 'RelativePoint Search' (Try: 1) ... 

2025-08-27 09:20:11,279 [T11-ScriptEngine] INFO  WinFinder
Finding Result: Found by 'ObjectPathEx' method. (Total: 1)
 - name: '차트 종류 변경...'
 - value: ''

2025-08-27 09:20:11,684 [T11-ScriptEngine] INFO  JobRequest
 - STEP 99: S8bcb395b680b48e4805665e03d1a11a9 (73/83) - (99/114)
 - [73] Click


2025-08-27 09:20:11,758 [T7] INFO  WinFinder
Finding Object In App... Try: 1, IsLastTry: False. AppCount: 1

2025-08-27 09:20:12,779 [T15] WARN  WinApi
SetForeground Failed.
 Attach ThreadInput - True
 Foreground Window - HWND: 395192, Title: 차트 종류 변경, PID: 9284, ProcessName: EXCEL
 Target Window - HWND: 197936, Title: 업종분석_264_2020-2024.xlsx - Excel, PID: 9284, ProcessName: EXCEL

2025-08-27 09:20:12,881 [T7] DEBUG WinElementTargetFinder
## Object Find In App (name: '업종분석_264_2020-2024.xlsx - Exce...')

2025-08-27 09:20:12,943 [T7] INFO  WinFinder
 . Finding Object by 'RelativePoint Search' (Try: 1) ... 

2025-08-27 09:20:13,003 [T11-ScriptEngine] INFO  WinFinder
Finding Result: Found by 'ObjectPathEx' method. (Total: 1)
 - name: '100% 기준 누적 세로 막대형'
 - value: ''

2025-08-27 09:20:13,642 [T11-ScriptEngine] INFO  JobRequest
 - STEP 100: S6be1c3ab6eb54d16b691dc39eb1db419 (74/83) - (100/114)
 - [74] Click


2025-08-27 09:20:13,677 [T22] INFO  WinFinder
Finding Object In App... Try: 1, IsLastTry: False. AppCount: 1

2025-08-27 09:20:14,685 [T6] WARN  WinApi
SetForeground Failed.
 Attach ThreadInput - True
 Foreground Window - HWND: 395192, Title: 차트 종류 변경, PID: 9284, ProcessName: EXCEL
 Target Window - HWND: 197936, Title: 업종분석_264_2020-2024.xlsx - Excel, PID: 9284, ProcessName: EXCEL

2025-08-27 09:20:14,786 [T22] DEBUG WinElementTargetFinder
## Object Find In App (name: '업종분석_264_2020-2024.xlsx - Exce...')

2025-08-27 09:20:14,841 [T22] INFO  WinFinder
 . Finding Object by 'RelativePoint Search' (Try: 1) ... 

2025-08-27 09:20:14,890 [T11-ScriptEngine] INFO  WinFinder
Finding Result: Found by 'ObjectPathEx' method. (Total: 1)
 - name: '확인'
 - value: ''

2025-08-27 09:20:15,501 [T11-ScriptEngine] INFO  JobRequest
 - STEP 101: S4b31213038c54d18b1fed424e7f5df17 (75/83) - (101/114)
 - [75] RightClick


2025-08-27 09:20:15,713 [T16] INFO  WinFinder
Finding Object In App... Try: 1, IsLastTry: False. AppCount: 1

2025-08-27 09:20:15,714 [T16] DEBUG WinElementTargetFinder
## Object Find In App (name: '업종분석_264_2020-2024.xlsx - Exce...')

2025-08-27 09:20:15,846 [T16] INFO  WinFinder
 . Finding Object by 'RelativePoint Search' (Try: 1) ... 

2025-08-27 09:20:15,902 [T11-ScriptEngine] INFO  WinFinder
Finding Result: Found by 'ObjectPathEx' method. (Total: 1)
 - name: ''
 - value: ''

2025-08-27 09:20:16,325 [T11-ScriptEngine] INFO  JobRequest
 - STEP 102: Sbcd66410277946ca91f75b147fc623a1 (76/83) - (102/114)
 - [76] Click


2025-08-27 09:20:16,605 [T16] INFO  WinFinder
Finding Object In App... Try: 1, IsLastTry: False. AppCount: 1

2025-08-27 09:20:16,614 [T16] DEBUG WinElementTargetFinder
## Object Find In App (name: '업종분석_264_2020-2024.xlsx - Exce...')

2025-08-27 09:20:16,790 [T16] INFO  WinFinder
 . Finding Object by 'RelativePoint Search' (Try: 1) ... 

2025-08-27 09:20:16,889 [T16] DEBUG UIAEventHandler
UI Structure Changed Count: 0

2025-08-27 09:20:16,889 [T16] DEBUG UIAEventHandler
Waiting additional time 36 msec for the screen structure is changing. Requested interval: 100 msec.

2025-08-27 09:20:16,889 [T11-ScriptEngine] INFO  WinFinder
Finding Result: Found by 'ObjectPathEx' method. (Total: 1)
 - name: '차트 영역 서식...'
 - value: ''

2025-08-27 09:20:17,309 [T11-ScriptEngine] INFO  JobRequest
 - STEP 103: Scfa4548f74aa4cd1932b06838c658337 (77/83) - (103/114)
 - [77] Click


2025-08-27 09:20:17,595 [T22] INFO  WinFinder
Finding Object In App... Try: 1, IsLastTry: False. AppCount: 1

2025-08-27 09:20:17,605 [T22] DEBUG WinElementTargetFinder
## Object Find In App (name: '업종분석_264_2020-2024.xlsx - Exce...')

2025-08-27 09:20:17,912 [T22] INFO  WinFinder
 . Finding Object by 'RelativePoint Search' (Try: 1) ... 

2025-08-27 09:20:17,978 [T11-ScriptEngine] INFO  WinFinder
Finding Result: Found by 'ObjectPathEx' method. (Total: 1)
 - name: '크기 및 속성'
 - value: ''

2025-08-27 09:20:18,416 [T11-ScriptEngine] INFO  JobRequest
 - STEP 104: S56bf77ea06da460eb7289fee4d443c7e (78/83) - (104/114)
 - [78] Click


2025-08-27 09:20:18,453 [T23] INFO  WinFinder
Finding Object In App... Try: 1, IsLastTry: False. AppCount: 1

2025-08-27 09:20:18,454 [T23] DEBUG WinElementTargetFinder
## Object Find In App (name: '업종분석_264_2020-2024.xlsx - Exce...')

2025-08-27 09:20:18,552 [T23] INFO  WinFinder
 . Finding Object by 'RelativePoint Search' (Try: 1) ... 

2025-08-27 09:20:18,605 [T11-ScriptEngine] INFO  WinFinder
Finding Result: Found by 'ObjectPathEx' method. (Total: 1)
 - name: ''
 - value: ''

2025-08-27 09:20:19,061 [T11-ScriptEngine] INFO  JobRequest
 - STEP 105: S4aa923d035a74e6e9e1a70d9fb92b950 (79/83) - (105/114)
 - [79] TextInput


2025-08-27 09:20:19,097 [T15] INFO  WinFinder
Finding Object In App... Try: 1, IsLastTry: False. AppCount: 1

2025-08-27 09:20:19,098 [T15] DEBUG WinElementTargetFinder
## Object Find In App (name: '업종분석_264_2020-2024.xlsx - Exce...')

2025-08-27 09:20:20,472 [T15] INFO  WinFinder
 . Finding Object by 'RelativePoint Search' (Try: 1) ... 

2025-08-27 09:20:20,526 [T11-ScriptEngine] INFO  WinFinder
Finding Result: Found by 'ObjectPathEx' method. (Total: 1)
 - name: '높이 조절'
 - value: '100%'

2025-08-27 09:20:22,946 [T11-ScriptEngine] INFO  JobRequest
 - STEP 106: Sc38b6cb4b9444f5bb4dd1626465d1161 (80/83) - (106/114)
 - [80] TextInput


2025-08-27 09:20:22,997 [T15] INFO  WinFinder
Finding Object In App... Try: 1, IsLastTry: False. AppCount: 1

2025-08-27 09:20:22,999 [T15] DEBUG WinElementTargetFinder
## Object Find In App (name: '업종분석_264_2020-2024.xlsx - Exce...')

2025-08-27 09:20:24,309 [T15] INFO  WinFinder
 . Finding Object by 'RelativePoint Search' (Try: 1) ... 

2025-08-27 09:20:24,368 [T11-ScriptEngine] INFO  WinFinder
Finding Result: Found by 'ObjectPathEx' method. (Total: 1)
 - name: '너비 조절'
 - value: '100%'

2025-08-27 09:20:26,753 [T11-ScriptEngine] INFO  JobRequest
 - STEP 107: S91ee88ff7a0f4d4eafeee955b8ae2088 (81/83) - (107/114)
 - [81] SaveExcel


2025-08-27 09:20:26,876 [T11-ScriptEngine] INFO  JobRequest
 - STEP 108: S4e937733850a4965bb25bdb74d170475 (82/83) - (108/114)
 - [82] Delay


2025-08-27 09:20:27,898 [T11-ScriptEngine] INFO  JobRequest
 - STEP 109: S0b9cc37d291d4e7690fd6565e32c9a07 (83/83) - (109/114)
 - [83] CloseExcel


2025-08-27 09:20:27,997 [T11-ScriptEngine] DEBUG ExcelBase
DisposeExcel

2025-08-27 09:20:29,268 [T11-ScriptEngine] INFO  JobRunner
[PASS] TASK: T_3_시각화

2025-08-27 09:20:29,270 [T11-ScriptEngine] INFO  JobRequest
##############################################################
### STATE: EndTask - T_3_시각화
##############################################################
1ef12143-8738-4a20-b78f-851548397f8a
T_3_시각화


2025-08-27 09:20:29,283 [T11-ScriptEngine] INFO  JobRequest
**************************************************************
*** TASK: P_Automatic_Analysis
**************************************************************
 - STEP 110: S9f74c32b521c4b07ad66765b40457bab (4/4) - (110/114)
 - [4] RunTask


2025-08-27 09:20:29,286 [T11-ScriptEngine] INFO  JobRequest
##############################################################
### STATE: StartTask - T_4_메일링
##############################################################
8a92b6e8-9af6-4015-97db-599296a677b4
T_4_메일링


2025-08-27 09:20:29,299 [T11-ScriptEngine] INFO  JobRequest
**************************************************************
*** TASK: T_4_메일링
**************************************************************
 - STEP 111: Sbfa2a67b287643a0ad3ad22f9d97c48e (1/4) - (111/114)
 - [1] InputBox


2025-08-27 09:20:37,608 [T11-ScriptEngine] INFO  JobRequest
 - STEP 112: S1c51900264264165abb83a455622b3bd (2/4) - (112/114)
 - [2] InputBox


2025-08-27 09:20:38,718 [T11-ScriptEngine] INFO  JobRequest
 - STEP 113: S6b99b0e368924fafad8d988250d3db81 (3/4) - (113/114)
 - [3] InputBox


2025-08-27 09:20:39,395 [T11-ScriptEngine] INFO  JobRequest
 - STEP 114: S8f415e574db34331ade0d9f86e3a6ad2 (4/4) - (114/114)
 - [4] SendMail


2025-08-27 09:20:39,467 [T11-ScriptEngine] ERROR SendMail
개체 참조가 개체의 인스턴스로 설정되지 않았습니다.

2025-08-27 09:20:39,498 [T11-ScriptEngine] ERROR SendMail
[Extra Message for Log Tracking above]
Stack Trace=>
    RPAGO.Lib.Net.StepItem.SendMail.SendMailExecute (:0)
    [null].CallSite.Target (:0)
    RPAGO.Lib.Net.StepItem.SendMail.Run (:0)
    RPAGO.Core.Player.StepPlayer.Run (:0)
    System.RuntimeMethodHandle.InvokeMethod (:0)
    System.Reflection.RuntimeMethodInfo.UnsafeInvokeInternal (:0)
    System.Reflection.RuntimeMethodInfo.Invoke (:0)
    Microsoft.ClearScript.Util.InvokeHelpers.InvokeMethod (:0)
    Microsoft.ClearScript.HostItem.InvokeMethod (:0)
    Microsoft.ClearScript.HostItem.InvokeHostMember (:0)
    ...

2025-08-27 09:20:40,916 [T11-ScriptEngine] WARN  ScriptSupport
[CATCH_STEP_EXCEPTION] Process: P_Automatic_Analysis
Task: T_4_메일링
Step: SendMail (4/4)

Error: 개체 참조가 개체의 인스턴스로 설정되지 않았습니다.

2025-08-27 09:20:40,916 [T11-ScriptEngine] ERROR ScriptSupport
[Extra Message for Log Tracking above]
Stack Trace=>
    System.RuntimeMethodHandle.InvokeMethod (:0)
    System.Reflection.RuntimeMethodInfo.UnsafeInvokeInternal (:0)
    System.Reflection.RuntimeMethodInfo.Invoke (:0)
    Microsoft.ClearScript.Util.InvokeHelpers.InvokeMethod (:0)
    Microsoft.ClearScript.HostItem.InvokeMethod (:0)
    Microsoft.ClearScript.HostItem.InvokeHostMember (:0)
    Microsoft.ClearScript.HostItem.InvokeMember (:0)
    Microsoft.ClearScript.HostMethod.TryInvoke (:0)
    Microsoft.ClearScript.Util.InvokeHelpers.TryInvokeObject (:0)
    Microsoft.ClearScript.HostItem.InvokeHostMember (:0)
    ...

2025-08-27 09:20:40,921 [T11-ScriptEngine] FINE  JobRunner
RunTask ExceptionOccured. TASK: T_4_메일링 => 개체 참조가 개체의 인스턴스로 설정되지 않았습니다.

2025-08-27 09:20:40,931 [T11-ScriptEngine] INFO  JobRequest
##############################################################
### STATE: EndTask - T_4_메일링
##############################################################
8a92b6e8-9af6-4015-97db-599296a677b4
T_4_메일링


2025-08-27 09:20:40,934 [T11-ScriptEngine] DEBUG JobRunner
RunTask ExceptionOccured. TASK: P_Automatic_Analysis => Process: P_Automatic_Analysis
Task: T_4_메일링
Step: SendMail (4/4)
Error: 개체 참조가 개체의 인스턴스로 설정되지 않았습니다.

2025-08-27 09:20:40,935 [T11-ScriptEngine] ERROR JobRunner
[Extra Message for Log Tracking above]
Stack Trace=>
    RPAGO.Core.ScriptEngine.JobRunner.RunTask (:0)
    RPAGO.Core.ScriptEngine.JobRunner.<RunProcess>b__54_0 (:0)
    RPAGO.Common.Util.ThreadDispatcher.WorkInDispatherThread (:0)
    System.RuntimeMethodHandle.InvokeMethod (:0)
    System.Reflection.RuntimeMethodInfo.UnsafeInvokeInternal (:0)
    System.Delegate.DynamicInvokeImpl (:0)
    System.Windows.Threading.ExceptionWrapper.InternalRealCall (:0)
    System.Windows.Threading.ExceptionWrapper.TryCatchWhen (:0)
    System.Windows.Threading.DispatcherOperation.InvokeImpl (:0)
    MS.Internal.CulturePreservingExecutionContext.CallbackWrapper (:0)
    ...

2025-08-27 09:20:40,935 [T11-ScriptEngine] INFO  JobRequest
##############################################################
### STATE: EndProcess - P_Automatic_Analysis
##############################################################
2cc63046-6ac4-4bfe-b1d8-d587a5eae5f5
P_Automatic_Analysis


2025-08-27 09:20:40,953 [T11-ScriptEngine] ERROR JobRunner
Process: P_Automatic_Analysis
Task: T_4_메일링
Step: SendMail (4/4)

Error: 개체 참조가 개체의 인스턴스로 설정되지 않았습니다.

[CallStack]
  - T_4_메일링: [4] SendMail
  - P_Automatic_Analysis: [4] RunTask

[Global Variables]
  - RESULT = true (Boolean)

2025-08-27 09:20:40,956 [T11-ScriptEngine] ERROR JobRunner
[Extra Message for Log Tracking above]
Stack Trace=>
    RPAGO.Core.ScriptEngine.JobRunner.UpdateJobResult (:0)
    [null].CallSite.Target (:0)
    System.Dynamic.UpdateDelegates.UpdateAndExecute3 (:0)
    RPAGO.Core.ScriptEngine.JobRunner.OnProcessEnded (:0)
    System.Dynamic.UpdateDelegates.UpdateAndExecuteVoid3 (:0)
    RPAGO.Core.ScriptEngine.JobRunner.<RunProcess>b__54_0 (:0)
    RPAGO.Common.Util.ThreadDispatcher.WorkInDispatherThread (:0)
    System.RuntimeMethodHandle.InvokeMethod (:0)
    System.Reflection.RuntimeMethodInfo.UnsafeInvokeInternal (:0)
    System.Delegate.DynamicInvokeImpl (:0)
    ...

2025-08-27 09:20:40,957 [T11-ScriptEngine] DEBUG JobManager
Set Result State: ExceptionOccured

2025-08-27 09:20:41,826 [T12] INFO  JobService
Stop Job

2025-08-27 09:20:41,828 [T12] INFO  JobRunner
Stop Job Runner - Cause: LocalUser / Message: stop by user

2025-08-27 09:20:41,829 [T12] INFO  JobRequest
##############################################################
### STATE: Stopping
##############################################################
stop by user


2025-08-27 09:20:41,830 [T4] DEBUG JobRequest
Callback - State: Stopping
stop by user

2025-08-27 09:20:41,832 [T1] INFO  JobRunner
Close engine's popup window - 에러가 발생하였습니다

2025-08-27 09:20:41,840 [T11-ScriptEngine] INFO  JobRunner
Make report.

2025-08-27 09:20:41,909 [T11-ScriptEngine] INFO  JobRunner
Start to clean up resources.

2025-08-27 09:20:41,911 [T11-ScriptEngine] DEBUG JobRunner
OnProcessFailed

2025-08-27 09:20:41,911 [T22] DEBUG JobRunner
Start timer for checking the job to be completed.

2025-08-27 09:20:41,912 [T11-ScriptEngine] INFO  JobRunner
Start to clean up resources.

2025-08-27 09:20:41,914 [T11-ScriptEngine] DEBUG JobRunner
Remove all libraries

2025-08-27 09:20:41,916 [T11-ScriptEngine] DEBUG NetPlayer
WebPlayer OnDispose

2025-08-27 09:20:41,919 [T11-ScriptEngine] DEBUG WebPlayer
WebPlayer OnDispose : Do Nothing

2025-08-27 09:20:41,920 [T11-ScriptEngine] DEBUG UIAEventHandler
Stop UIA event handler

2025-08-27 09:20:41,921 [T11-ScriptEngine] DEBUG UIAEventHandler
Stop UIA event handler

2025-08-27 09:20:41,933 [T11-ScriptEngine] DEBUG UiaAppHelper
WinHelper DisposeAppList Count: 0

2025-08-27 09:20:41,933 [T11-ScriptEngine] INFO  JobRunner
All Resources Clear

2025-08-27 09:20:41,937 [T11-ScriptEngine] DEBUG JobRunner
OnCompleted

2025-08-27 09:20:41,938 [T11-ScriptEngine] DEBUG JobRunner
SendJobResult: ExceptionOccured

2025-08-27 09:20:41,938 [T11-ScriptEngine] ERROR JobRunner
[Extra Message for Log Tracking above]
Stack Trace=>
    RPAGO.Core.ScriptEngine.JobRunner.SendJobResult (:0)
    RPAGO.Core.ScriptEngine.JobRunner.OnCompleted (:0)
    System.Dynamic.UpdateDelegates.UpdateAndExecuteVoid3 (:0)
    RPAGO.Core.ScriptEngine.JobRunner.<RunProcess>b__54_0 (:0)
    RPAGO.Common.Util.ThreadDispatcher.WorkInDispatherThread (:0)
    System.RuntimeMethodHandle.InvokeMethod (:0)
    System.Reflection.RuntimeMethodInfo.UnsafeInvokeInternal (:0)
    System.Delegate.DynamicInvokeImpl (:0)
    System.Windows.Threading.ExceptionWrapper.InternalRealCall (:0)
    System.Windows.Threading.ExceptionWrapper.TryCatchWhen (:0)
    ...

2025-08-27 09:20:41,938 [T11-ScriptEngine] INFO  JobRequest
##############################################################
### STATE: ExceptionOccured
##############################################################
Process: P_Automatic_Analysis
Task: T_4_메일링
Step: SendMail (4/4)

Error: 개체 참조가 개체의 인스턴스로 설정되지 않았습니다.

[CallStack]
  - T_4_메일링: [4] SendMail
  - P_Automatic_Analysis: [4] RunTask

[Global Variables]
  - RESULT = true (Boolean)


2025-08-27 09:20:41,938 [T11-ScriptEngine] ERROR JobRequest
[Extra Message for Log Tracking above]
Stack Trace=>
    RPAGO.Core.ScriptEngine.JobRunner.UpdateState (:0)
    RPAGO.Core.ScriptEngine.JobRunner.SendJobResult (:0)
    RPAGO.Core.ScriptEngine.JobRunner.OnCompleted (:0)
    System.Dynamic.UpdateDelegates.UpdateAndExecuteVoid3 (:0)
    RPAGO.Core.ScriptEngine.JobRunner.<RunProcess>b__54_0 (:0)
    RPAGO.Common.Util.ThreadDispatcher.WorkInDispatherThread (:0)
    System.RuntimeMethodHandle.InvokeMethod (:0)
    System.Reflection.RuntimeMethodInfo.UnsafeInvokeInternal (:0)
    System.Delegate.DynamicInvokeImpl (:0)
    System.Windows.Threading.ExceptionWrapper.InternalRealCall (:0)
    ...

2025-08-27 09:20:41,938 [T11-ScriptEngine] INFO  JobRequest
Last job life cycle state: ExceptionOccured

2025-08-27 09:20:41,942 [T11-ScriptEngine] DEBUG JobDBManager
Set last life-cycle state: ExceptionOccured - Process: P_Automatic_Analysis
Task: T_4_메일링
Step: SendMail (4/4)

Error: 개체 참조가 개체의 인스턴스로 설정되지 않았습니다.

[CallStack]
  - T_4_메일링: [4] SendMail
  - P_Automatic_Analysis: [4] RunTask

[Global Variables]
  - RESULT = true (Boolean)

2025-08-27 09:20:41,942 [T11-ScriptEngine] ERROR JobDBManager
[Extra Message for Log Tracking above]
Stack Trace=>
    RPAGO.Core.Model.JobRequest.UpdateState (:0)
    RPAGO.Core.ScriptEngine.JobRunner.UpdateState (:0)
    RPAGO.Core.ScriptEngine.JobRunner.SendJobResult (:0)
    RPAGO.Core.ScriptEngine.JobRunner.OnCompleted (:0)
    System.Dynamic.UpdateDelegates.UpdateAndExecuteVoid3 (:0)
    RPAGO.Core.ScriptEngine.JobRunner.<RunProcess>b__54_0 (:0)
    RPAGO.Common.Util.ThreadDispatcher.WorkInDispatherThread (:0)
    System.RuntimeMethodHandle.InvokeMethod (:0)
    System.Reflection.RuntimeMethodInfo.UnsafeInvokeInternal (:0)
    System.Delegate.DynamicInvokeImpl (:0)
    ...

2025-08-27 09:20:41,971 [T4] DEBUG JobRequest
Callback - State: ExceptionOccured
Process: P_Automatic_Analysis
Task: T_4_메일링
Step: SendMail (4/4)

Error: 개체 참조가 개체의 인스턴스로 설정되지 않았습니다.

[CallStack]
  - T_4_메일링: [4] SendMail
  - P_Automatic_Analysis: [4] RunTask

[Global Variables]
  - RESULT = true (Boolean)

2025-08-27 09:20:41,972 [T4] ERROR JobRequest
[Extra Message for Log Tracking above]
Stack Trace=>
    RPAGO.Common.Util.ThreadUtil+<>c__DisplayClass13_0.<TryRunAsync>b__0 (:0)
    System.Threading.Tasks.Task.Execute (:0)
    System.Threading.ExecutionContext.RunInternal (:0)
    System.Threading.ExecutionContext.Run (:0)
    System.Threading.Tasks.Task.ExecuteWithThreadLocal (:0)
    System.Threading.Tasks.Task.ExecuteEntry (:0)
    System.Threading.ThreadPoolWorkQueue.Dispatch (:0)


2025-08-27 09:20:41,973 [T11-ScriptEngine] INFO  JobRequest
##############################################################
### JOB COMPLETED
##############################################################


2025-08-27 09:20:41,987 [T11-ScriptEngine] INFO  JobRunner
RunProcess end

2025-08-27 09:20:41,987 [T1] INFO  JobService
Exit - Shutdown Engine BOT

2025-08-27 09:20:41,988 [T1] INFO  EngineStarter
EngineBOT MainWindow Closing

2025-08-27 09:20:41,988 [T1] INFO  EngineStarter
EngineBOT MainWindow Closed

2025-08-27 09:20:41,990 [T1] INFO  EngineStarter
EngineBOT Application Exit

