2025-08-27 10:22:39,308 [T1] INFO  EngineStarter
BOT Engine Start - v3.1.125.00701 at 2025-08-27 오전 10:22:39
EngineID: D_20250827_102238_507
PID : 4744
PPID: 480
Working Directory: C:\Users\GVTI1C18\AppData\Roaming\Brity RPA Designer

2025-08-27 10:22:39,328 [T1] INFO  EngineStarter
System Language: ko-KR
Resolution: 1920 x 1080

2025-08-27 10:22:39,620 [T1] INFO  Config
Initialize Config

2025-08-27 10:22:39,671 [T1] DEBUG Config
Config Loaded

2025-08-27 10:22:39,672 [T1] DEBUG Config
Backup config file.

2025-08-27 10:22:39,683 [T1] INFO  Config
Orchestrator Service => https://bwrpa.samsungsds.com:8777

2025-08-27 10:22:39,689 [T1] INFO  Config
Initialize Resource Config

2025-08-27 10:22:39,724 [T1] DEBUG Config
Refresh Language Information

2025-08-27 10:22:39,807 [T1] INFO  Config
All Config Initialized.

2025-08-27 10:22:39,815 [T1] DEBUG KeyManager
Initialize KeyManager

2025-08-27 10:22:39,818 [T1] DEBUG KeyManager
Load device unique id.

2025-08-27 10:22:39,826 [T1] DEBUG KeyManager
Device ID is initialized.

2025-08-27 10:22:39,830 [T1] INFO  Config
Activated License Type : StandAloneDesigner

2025-08-27 10:22:39,901 [T5] DEBUG JobService
Connect to agent service

2025-08-27 10:22:39,933 [T5] DEBUG JobService
JobService URL : net.tcp://127.0.0.1:59001/rpa/agent

2025-08-27 10:22:39,933 [T5] DEBUG JobService
Open connection

2025-08-27 10:22:39,940 [T1] DEBUG ApplicationInitializer
InitMode: Thread

2025-08-27 10:22:39,951 [T5] DEBUG JobService
Register engine to agent

2025-08-27 10:22:39,952 [T1] INFO  LibraryManager
Load Libraries - Started

2025-08-27 10:22:39,966 [T5] DEBUG JobService
Engine is connected to agent service.

2025-08-27 10:22:39,966 [T5] DEBUG JobService
Owner Process PID: 480

2025-08-27 10:22:39,968 [T1] DEBUG AddInLoader
Load Assembly : IPA.Lib.Chrome

2025-08-27 10:22:39,968 [T5] INFO  JobService
Start monitoring owner process is terminated.

2025-08-27 10:22:40,224 [T1] DEBUG AddInLoader
Load Assembly : IPA.Lib.Desktop

2025-08-27 10:22:40,404 [T1] DEBUG AddInLoader
Load Assembly : IPA.Lib.Excel

2025-08-27 10:22:40,597 [T1] DEBUG AddInLoader
Load Assembly : IPA.Lib.Flow

2025-08-27 10:22:40,730 [T1] DEBUG AddInLoader
Load Assembly : IPA.Lib.IE

2025-08-27 10:22:40,836 [T1] DEBUG AddInLoader
Load Assembly : IPA.Lib.ImageConverter

2025-08-27 10:22:40,899 [T1] DEBUG AddInLoader
Load Assembly : IPA.Lib.ImageRecognition

2025-08-27 10:22:41,118 [T1] DEBUG AddInLoader
Load Assembly : IPA.Lib.MicrosoftOCR

2025-08-27 10:22:41,186 [T1] DEBUG AddInLoader
Load Assembly : IPA.Lib.Net

2025-08-27 10:22:41,279 [T1] DEBUG AddInLoader
Load Assembly : IPA.Lib.Orchestra

2025-08-27 10:22:41,373 [T1] DEBUG AddInLoader
Load Assembly : IPA.Lib.ProcessFlow

2025-08-27 10:22:41,471 [T1] DEBUG AddInLoader
Load Assembly : IPA.Lib.SAP

2025-08-27 10:22:41,563 [T1] DEBUG AddInLoader
Load Assembly : IPA.Lib.Web

2025-08-27 10:22:41,682 [T1] DEBUG AddInLoader
Load Assembly : IPA.Lib.Win

2025-08-27 10:22:41,824 [T1] INFO  ScreenCapture
Default Screen Capture Bounds: 0,0,1920,1080

2025-08-27 10:22:41,860 [T1] DEBUG AddInLoader
Load Assembly : BrityRPA.AddIn.NativeApp

2025-08-27 10:22:41,980 [T1] DEBUG AddInLoader
Load Assembly : BrityWorks.AddIn.Outlook

2025-08-27 10:22:42,055 [T1] DEBUG AddInLoader
Load Assembly : BrityWorks.AddIn.Pdf

2025-08-27 10:22:42,153 [T1] DEBUG LibraryManager
Load Library - Chrome

2025-08-27 10:22:42,169 [T1] DEBUG LibraryManager
Load Library - Desktop

2025-08-27 10:22:42,184 [T1] DEBUG LibraryManager
Load Library - Excel

2025-08-27 10:22:42,200 [T1] DEBUG LibraryManager
Load Library - Flow

2025-08-27 10:22:42,215 [T1] DEBUG LibraryManager
Load Library - IE

2025-08-27 10:22:42,230 [T1] DEBUG LibraryManager
Load Library - ImageConverter

2025-08-27 10:22:42,246 [T1] DEBUG LibraryManager
Load Library - ImageRecognition

2025-08-27 10:22:42,261 [T1] DEBUG LibraryManager
Load Library - MicrosoftOCR

2025-08-27 10:22:42,277 [T1] DEBUG LibraryManager
Load Library - NativeApp

2025-08-27 10:22:42,292 [T1] DEBUG LibraryManager
Load Library - Net

2025-08-27 10:22:42,307 [T1] DEBUG LibraryManager
Load Library - Orchestra

2025-08-27 10:22:42,323 [T1] DEBUG LibraryManager
Load Library - Outlook

2025-08-27 10:22:42,339 [T1] DEBUG LibraryManager
Load Library - Pdf

2025-08-27 10:22:42,355 [T1] DEBUG LibraryManager
Load Library - SAP

2025-08-27 10:22:42,371 [T1] DEBUG LibraryManager
Load Library - Web

2025-08-27 10:22:42,387 [T1] DEBUG LibraryManager
Load Library - Win

2025-08-27 10:22:42,402 [T1] DEBUG LibraryManager
Load Library - WorkFlow

2025-08-27 10:22:42,412 [T1] DEBUG LibraryManager
Load built-in script libraries

2025-08-27 10:22:42,691 [T1] INFO  LibraryManager
Load Libraries - Completed.

2025-08-27 10:22:42,706 [T1] INFO  App
Launch Arguments: Total: 6 |  -eid D_20250827_102238_507 -runtype ProcRunner -ppid 480

2025-08-27 10:22:42,707 [T1] DEBUG Config
Refresh Language Information

2025-08-27 10:22:42,707 [T1] DEBUG LibraryManager
LibraryManager Initialized.

2025-08-27 10:26:39,117 [T9] INFO  JobService
Start Job: T_3_시각화 (Foreground)
{
  "JobType": 1,
  "State": 0,
  "IsRunning": false,
  "ResultMessage": null,
  "StartTime": "2025-08-27 10:26:39",
  "EndTime": null,
  "JobId": "Designer_20250827_102638_867",
  "UserAuthentication": null,
  "ProcessPath": "C:\\Users\\GVTI1C18\\Desktop\\Automatic-Analysis\\T_3_시각화.proc",
  "ProcessId": "1ef12143-8738-4a20-b78f-851548397f8a",
  "ProcessVer": "1.0",
  "ProcessArgs": "Sb864082671d047c7a58bc4f2c9c2fe25;Sf804cc546c864aa18099b32030d0657b;False",
  "RequesterType": 3,
  "RequesterId": "designer",
  "RequesterPID": 480,
  "OptionsJsonString": null,
  "TimeoutSec": 0,
  "EngineID": "D_20250827_102238_507",
  "EnginePID": 0,
  "EngineRecommededVersion": "",
  "JobWorkDir": "C:\\Users\\GVTI1C18\\Desktop\\Automatic-Analysis\\Histories\\20250827_102639_T_3_시각화_Designer_20250827_102638_867",
  "JobLogDir": "C:\\Users\\GVTI1C18\\Desktop\\Automatic-Analysis\\Histories\\20250827_102639_T_3_시각화_Designer_20250827_102638_867\\Log",
  "JobScreenshotDir": "C:\\Users\\GVTI1C18\\Desktop\\Automatic-Analysis\\Histories\\20250827_102639_T_3_시각화_Designer_20250827_102638_867\\Log\\Screenshot"
}

2025-08-27 10:26:39,295 [T10] DEBUG JobService
Waiting library loading...

2025-08-27 10:26:39,300 [T10] DEBUG Config
Reload User Settings

2025-08-27 10:26:39,304 [T10] INFO  Config
UserSettings Reloaded =>
 - LastExecution : +9sxXe9VTvb3E+yjzEPLAHomMy774RpbsAKLlmZBHzY= -> +X/4U9nYtb98FNadqKc7JjhHiHeJ2qgGyE09DpvwQxQ=

2025-08-27 10:26:39,304 [T10] INFO  JobService
Config Loading Completed.

2025-08-27 10:26:39,305 [T10] DEBUG JobService
Config Loading Time: 9 ms.

2025-08-27 10:26:39,312 [T10] DEBUG JobService
Check Shared Token

2025-08-27 10:26:39,316 [T10] DEBUG TokenManager
Load connection token

2025-08-27 10:26:39,320 [T10] DEBUG TokenManager
Clear Connection Token - No Shared Token

2025-08-27 10:26:39,327 [T10] DEBUG ServerInformationClient
get server features for engine bot from config.

2025-08-27 10:26:39,329 [T10] INFO  Config
Try to load server features from config.

2025-08-27 10:26:39,330 [T10] INFO  TokenManager
SecurityType : v2

2025-08-27 10:26:39,334 [T10] INFO  JobService
Shared Token - No Token

2025-08-27 10:26:39,344 [T10] INFO  JobManager
Create JobManager instance for job T_3_시각화(Designer_20250827_102638_867)

2025-08-27 10:26:39,351 [T10] INFO  JobRequest
Job ID : Designer_20250827_102638_867
Project Path  : C:\Users\GVTI1C18\Desktop\Automatic-Analysis\Automatic_Analysis.proj
Process Name  : T_3_시각화
Engine Mode   : Designer
Requester Type: Designer
Requester PID : 480

2025-08-27 10:26:39,356 [T11] INFO  JobRequest
Start Callback Sender

2025-08-27 10:26:39,356 [T11] DEBUG JobRequest
Step Callback Interval: 500

2025-08-27 10:26:39,409 [T10] DEBUG ProjectManager
Set Project Information

2025-08-27 10:26:39,455 [T10] INFO  PlayOptionManager
PlayOption
- Step Interval : 1
- Disable DrawBounds : False
- Invoke First : False
- Allow Upload of DumpScreen results : False

2025-08-27 10:26:39,456 [T10] INFO  JobRunner
Initialize Script Engine

2025-08-27 10:26:39,481 [T14-ScriptEngine] INFO  JobRequest
##############################################################
### STATE: Initializing
##############################################################


2025-08-27 10:26:39,497 [T11] DEBUG JobRequest
Callback - State: Initializing


2025-08-27 10:26:40,598 [T14-ScriptEngine] INFO  JobRequest
##############################################################
### STATE: Ready
##############################################################


2025-08-27 10:26:40,601 [T11] DEBUG JobRequest
Callback - State: Ready


2025-08-27 10:26:40,613 [T10] INFO  JobRunnerHook
HotKey Hook Started

2025-08-27 10:26:40,614 [T10] INFO  JobRequest
##############################################################
### STATE: Starting
##############################################################


2025-08-27 10:26:40,616 [T11] DEBUG JobRequest
Callback - State: Starting


2025-08-27 10:26:40,616 [T14-ScriptEngine] INFO  JobRunner
RunProcess start

2025-08-27 10:26:40,618 [T14-ScriptEngine] INFO  JobRequest
##############################################################
### STATE: Running
##############################################################


2025-08-27 10:26:40,618 [T14-ScriptEngine] INFO  JobRequest
Last job life cycle state: Running

2025-08-27 10:26:40,632 [T11] DEBUG JobRequest
Callback - State: Running


2025-08-27 10:26:41,819 [T14-ScriptEngine] DEBUG ScreenCapture
DirectX Screen Capture Initialized.

2025-08-27 10:26:41,844 [T14-ScriptEngine] DEBUG JobRunner
DirectX ScreenCapture Checked.

2025-08-27 10:26:41,950 [T14-ScriptEngine] INFO  JobRequest
##############################################################
### STATE: StartProcess - T_3_시각화
##############################################################
1ef12143-8738-4a20-b78f-851548397f8a
T_3_시각화


2025-08-27 10:26:42,019 [T14-ScriptEngine] INFO  JobRequest
**************************************************************
*** TASK: T_3_시각화
**************************************************************
 - STEP 1: Sb864082671d047c7a58bc4f2c9c2fe25 (81/85) - (1/2)
 - [81] MouseDrag


2025-08-27 10:26:42,359 [T10] DEBUG UIAEventHandler
Start UIA event handler

2025-08-27 10:26:42,832 [T10] INFO  WinFinder
Finding Object In App... Try: 1, IsLastTry: False. AppCount: 1

2025-08-27 10:26:42,976 [T10] DEBUG WinElementTargetFinder
## Object Find In App (name: '업종분석_264_2020-2024.xlsx - Exce...')

2025-08-27 10:26:43,132 [T10] INFO  WinFinder
 . Finding Object by 'RelativePoint Search' (Try: 1) ... 

2025-08-27 10:26:43,272 [T14-ScriptEngine] INFO  WinFinder
Finding Result: Found by 'ObjectPathEx' method. (Total: 1)
 - name: ''
 - value: ''

2025-08-27 10:26:43,776 [T14-ScriptEngine] INFO  JobRequest
 - STEP 2: Sf804cc546c864aa18099b32030d0657b (82/85) - (2/2)
 - [82] MouseDrop


2025-08-27 10:26:43,829 [T12] INFO  WinFinder
Finding Object In App... Try: 1, IsLastTry: False. AppCount: 1

2025-08-27 10:26:43,830 [T12] DEBUG WinElementTargetFinder
## Object Find In App (name: '업종분석_264_2020-2024.xlsx - Exce...')

2025-08-27 10:26:44,008 [T12] INFO  WinFinder
 . Finding Object by 'RelativePoint Search' (Try: 1) ... 

2025-08-27 10:26:44,064 [T14-ScriptEngine] INFO  WinFinder
Finding Result: Found by 'ObjectPathEx' method. (Total: 1)
 - name: '"A" 43'
 - value: ''

2025-08-27 10:26:45,731 [T14-ScriptEngine] INFO  JobRunner
[PASS] TASK: T_3_시각화

2025-08-27 10:26:45,738 [T14-ScriptEngine] INFO  JobRequest
##############################################################
### STATE: EndProcess - T_3_시각화
##############################################################
1ef12143-8738-4a20-b78f-851548397f8a
T_3_시각화


2025-08-27 10:26:45,760 [T14-ScriptEngine] INFO  JobRunner
RunProcess - Job Result: {}

2025-08-27 10:26:45,761 [T14-ScriptEngine] DEBUG JobManager
Set Result State: Completed

2025-08-27 10:26:45,767 [T14-ScriptEngine] INFO  JobRunner
Make report.

2025-08-27 10:26:45,826 [T14-ScriptEngine] INFO  JobRunner
Start to clean up resources.

2025-08-27 10:26:45,828 [T14-ScriptEngine] DEBUG JobRunner
OnProcessCompleted

2025-08-27 10:26:45,828 [T12] DEBUG JobRunner
Start timer for checking the job to be completed.

2025-08-27 10:26:45,829 [T14-ScriptEngine] INFO  JobRunner
Start to clean up resources.

2025-08-27 10:26:45,834 [T14-ScriptEngine] DEBUG JobRunner
Remove all libraries

2025-08-27 10:26:45,849 [T14-ScriptEngine] DEBUG NetPlayer
WebPlayer OnDispose

2025-08-27 10:26:45,852 [T14-ScriptEngine] DEBUG WebPlayer
WebPlayer OnDispose : Do Nothing

2025-08-27 10:26:45,852 [T14-ScriptEngine] DEBUG UIAEventHandler
Stop UIA event handler

2025-08-27 10:26:45,853 [T14-ScriptEngine] DEBUG UIAEventHandler
Stop UIA event handler

2025-08-27 10:26:46,020 [T14-ScriptEngine] DEBUG UiaAppHelper
WinHelper DisposeAppList Count: 0

2025-08-27 10:26:46,020 [T14-ScriptEngine] INFO  JobRunner
All Resources Clear

2025-08-27 10:26:46,024 [T14-ScriptEngine] DEBUG JobRunner
OnCompleted

2025-08-27 10:26:46,025 [T14-ScriptEngine] DEBUG JobRunner
SendJobResult: Completed

2025-08-27 10:26:46,025 [T14-ScriptEngine] INFO  JobRequest
##############################################################
### STATE: Completed
##############################################################
{}


2025-08-27 10:26:46,025 [T14-ScriptEngine] INFO  JobRequest
Last job life cycle state: Completed

2025-08-27 10:26:46,029 [T14-ScriptEngine] DEBUG JobDBManager
Set last life-cycle state: Completed - {}

2025-08-27 10:26:46,058 [T11] DEBUG JobRequest
Callback - State: Completed
{}

2025-08-27 10:26:46,060 [T14-ScriptEngine] INFO  JobRequest
##############################################################
### JOB COMPLETED
##############################################################


2025-08-27 10:26:46,075 [T11] INFO  JobRequest
Callback - EngineClosed

2025-08-27 10:26:46,075 [T11] INFO  JobService
Disconnect agent service

2025-08-27 10:26:46,078 [T11] DEBUG JobRequest
End of Callback Sender

2025-08-27 10:26:46,089 [T14-ScriptEngine] INFO  JobRunner
RunProcess end

2025-08-27 10:26:46,089 [T1] INFO  JobService
Exit - Shutdown Engine BOT

2025-08-27 10:26:46,090 [T1] INFO  EngineStarter
EngineBOT MainWindow Closing

2025-08-27 10:26:46,090 [T1] INFO  EngineStarter
EngineBOT MainWindow Closed

2025-08-27 10:26:46,092 [T1] INFO  EngineStarter
EngineBOT Application Exit

