2025-08-27 10:31:05,567 [T1] INFO  EngineStarter
BOT Engine Start - v3.1.125.00701 at 2025-08-27 오전 10:31:05
EngineID: D_20250827_103104_617
PID : 11076
PPID: 480
Working Directory: C:\Users\GVTI1C18\AppData\Roaming\Brity RPA Designer

2025-08-27 10:31:05,586 [T1] INFO  EngineStarter
System Language: ko-KR
Resolution: 1920 x 1080

2025-08-27 10:31:05,885 [T1] INFO  Config
Initialize Config

2025-08-27 10:31:05,943 [T1] DEBUG Config
Config Loaded

2025-08-27 10:31:05,944 [T1] DEBUG Config
Backup config file.

2025-08-27 10:31:05,974 [T1] INFO  Config
Orchestrator Service => https://bwrpa.samsungsds.com:8777

2025-08-27 10:31:05,980 [T1] INFO  Config
Initialize Resource Config

2025-08-27 10:31:06,014 [T1] DEBUG Config
Refresh Language Information

2025-08-27 10:31:06,113 [T1] INFO  Config
All Config Initialized.

2025-08-27 10:31:06,121 [T1] DEBUG KeyManager
Initialize KeyManager

2025-08-27 10:31:06,124 [T1] DEBUG KeyManager
Load device unique id.

2025-08-27 10:31:06,133 [T1] DEBUG KeyManager
Device ID is initialized.

2025-08-27 10:31:06,139 [T1] INFO  Config
Activated License Type : StandAloneDesigner

2025-08-27 10:31:06,220 [T4] DEBUG JobService
Connect to agent service

2025-08-27 10:31:06,270 [T4] DEBUG JobService
JobService URL : net.tcp://127.0.0.1:59001/rpa/agent

2025-08-27 10:31:06,270 [T4] DEBUG JobService
Open connection

2025-08-27 10:31:06,274 [T1] DEBUG ApplicationInitializer
InitMode: Thread

2025-08-27 10:31:06,295 [T1] INFO  LibraryManager
Load Libraries - Started

2025-08-27 10:31:06,304 [T4] DEBUG JobService
Register engine to agent

2025-08-27 10:31:06,317 [T1] DEBUG AddInLoader
Load Assembly : IPA.Lib.Chrome

2025-08-27 10:31:06,318 [T4] DEBUG JobService
Engine is connected to agent service.

2025-08-27 10:31:06,318 [T4] DEBUG JobService
Owner Process PID: 480

2025-08-27 10:31:06,321 [T4] INFO  JobService
Start monitoring owner process is terminated.

2025-08-27 10:31:06,574 [T1] DEBUG AddInLoader
Load Assembly : IPA.Lib.Desktop

2025-08-27 10:31:06,774 [T1] DEBUG AddInLoader
Load Assembly : IPA.Lib.Excel

2025-08-27 10:31:06,969 [T1] DEBUG AddInLoader
Load Assembly : IPA.Lib.Flow

2025-08-27 10:31:07,120 [T1] DEBUG AddInLoader
Load Assembly : IPA.Lib.IE

2025-08-27 10:31:07,234 [T1] DEBUG AddInLoader
Load Assembly : IPA.Lib.ImageConverter

2025-08-27 10:31:07,305 [T1] DEBUG AddInLoader
Load Assembly : IPA.Lib.ImageRecognition

2025-08-27 10:31:07,549 [T1] DEBUG AddInLoader
Load Assembly : IPA.Lib.MicrosoftOCR

2025-08-27 10:31:07,626 [T1] DEBUG AddInLoader
Load Assembly : IPA.Lib.Net

2025-08-27 10:31:07,726 [T1] DEBUG AddInLoader
Load Assembly : IPA.Lib.Orchestra

2025-08-27 10:31:07,826 [T1] DEBUG AddInLoader
Load Assembly : IPA.Lib.ProcessFlow

2025-08-27 10:31:07,929 [T1] DEBUG AddInLoader
Load Assembly : IPA.Lib.SAP

2025-08-27 10:31:08,020 [T1] DEBUG AddInLoader
Load Assembly : IPA.Lib.Web

2025-08-27 10:31:08,145 [T1] DEBUG AddInLoader
Load Assembly : IPA.Lib.Win

2025-08-27 10:31:08,296 [T1] INFO  ScreenCapture
Default Screen Capture Bounds: 0,0,1920,1080

2025-08-27 10:31:08,333 [T1] DEBUG AddInLoader
Load Assembly : BrityRPA.AddIn.NativeApp

2025-08-27 10:31:08,460 [T1] DEBUG AddInLoader
Load Assembly : BrityWorks.AddIn.Outlook

2025-08-27 10:31:08,537 [T1] DEBUG AddInLoader
Load Assembly : BrityWorks.AddIn.Pdf

2025-08-27 10:31:08,641 [T1] DEBUG LibraryManager
Load Library - Chrome

2025-08-27 10:31:08,656 [T1] DEBUG LibraryManager
Load Library - Desktop

2025-08-27 10:31:08,672 [T1] DEBUG LibraryManager
Load Library - Excel

2025-08-27 10:31:08,687 [T1] DEBUG LibraryManager
Load Library - Flow

2025-08-27 10:31:08,702 [T1] DEBUG LibraryManager
Load Library - IE

2025-08-27 10:31:08,718 [T1] DEBUG LibraryManager
Load Library - ImageConverter

2025-08-27 10:31:08,733 [T1] DEBUG LibraryManager
Load Library - ImageRecognition

2025-08-27 10:31:08,748 [T1] DEBUG LibraryManager
Load Library - MicrosoftOCR

2025-08-27 10:31:08,764 [T1] DEBUG LibraryManager
Load Library - NativeApp

2025-08-27 10:31:08,780 [T1] DEBUG LibraryManager
Load Library - Net

2025-08-27 10:31:08,796 [T1] DEBUG LibraryManager
Load Library - Orchestra

2025-08-27 10:31:08,812 [T1] DEBUG LibraryManager
Load Library - Outlook

2025-08-27 10:31:08,828 [T1] DEBUG LibraryManager
Load Library - Pdf

2025-08-27 10:31:08,844 [T1] DEBUG LibraryManager
Load Library - SAP

2025-08-27 10:31:08,859 [T1] DEBUG LibraryManager
Load Library - Web

2025-08-27 10:31:08,875 [T1] DEBUG LibraryManager
Load Library - Win

2025-08-27 10:31:08,891 [T1] DEBUG LibraryManager
Load Library - WorkFlow

2025-08-27 10:31:08,896 [T1] DEBUG LibraryManager
Load built-in script libraries

2025-08-27 10:31:09,217 [T1] INFO  LibraryManager
Load Libraries - Completed.

2025-08-27 10:31:09,235 [T1] INFO  App
Launch Arguments: Total: 6 |  -eid D_20250827_103104_617 -runtype ProcRunner -ppid 480

2025-08-27 10:31:09,236 [T1] DEBUG Config
Refresh Language Information

2025-08-27 10:31:09,237 [T1] DEBUG LibraryManager
LibraryManager Initialized.

2025-08-27 10:31:19,937 [T8] INFO  JobService
Start Job: P_Automatic_Analysis (Foreground)
{
  "JobType": 1,
  "State": 0,
  "IsRunning": false,
  "ResultMessage": null,
  "StartTime": "2025-08-27 10:31:19",
  "EndTime": null,
  "JobId": "Designer_20250827_103118_868",
  "UserAuthentication": null,
  "ProcessPath": "C:\\Users\\GVTI1C18\\Desktop\\Automatic-Analysis\\P_Automatic_Analysis.proc",
  "ProcessId": "2cc63046-6ac4-4bfe-b1d8-d587a5eae5f5",
  "ProcessVer": "1.0",
  "ProcessArgs": ";S39ee30f700f7435db2a63845f7c321ed;False",
  "RequesterType": 3,
  "RequesterId": "designer",
  "RequesterPID": 480,
  "OptionsJsonString": null,
  "TimeoutSec": 0,
  "EngineID": "D_20250827_103104_617",
  "EnginePID": 0,
  "EngineRecommededVersion": "",
  "JobWorkDir": "C:\\Users\\GVTI1C18\\Desktop\\Automatic-Analysis\\Histories\\20250827_103119_P_Automatic_Analysis_Designer_20250827_103118_868",
  "JobLogDir": "C:\\Users\\GVTI1C18\\Desktop\\Automatic-Analysis\\Histories\\20250827_103119_P_Automatic_Analysis_Designer_20250827_103118_868\\Log",
  "JobScreenshotDir": "C:\\Users\\GVTI1C18\\Desktop\\Automatic-Analysis\\Histories\\20250827_103119_P_Automatic_Analysis_Designer_20250827_103118_868\\Log\\Screenshot"
}

2025-08-27 10:31:20,109 [T5] DEBUG JobService
Waiting library loading...

2025-08-27 10:31:20,112 [T5] DEBUG Config
Reload User Settings

2025-08-27 10:31:20,115 [T5] INFO  JobService
Config Loading Completed.

2025-08-27 10:31:20,115 [T5] DEBUG JobService
Config Loading Time: 5 ms.

2025-08-27 10:31:20,121 [T5] DEBUG JobService
Check Shared Token

2025-08-27 10:31:20,124 [T5] DEBUG TokenManager
Load connection token

2025-08-27 10:31:20,127 [T5] DEBUG TokenManager
Clear Connection Token - No Shared Token

2025-08-27 10:31:20,135 [T5] DEBUG ServerInformationClient
get server features for engine bot from config.

2025-08-27 10:31:20,139 [T5] INFO  Config
Try to load server features from config.

2025-08-27 10:31:20,140 [T5] INFO  TokenManager
SecurityType : v2

2025-08-27 10:31:20,144 [T5] INFO  JobService
Shared Token - No Token

2025-08-27 10:31:20,152 [T5] INFO  JobManager
Create JobManager instance for job P_Automatic_Analysis(Designer_20250827_103118_868)

2025-08-27 10:31:20,162 [T5] INFO  JobRequest
Job ID : Designer_20250827_103118_868
Project Path  : C:\Users\GVTI1C18\Desktop\Automatic-Analysis\Automatic_Analysis.proj
Process Name  : P_Automatic_Analysis
Engine Mode   : Designer
Requester Type: Designer
Requester PID : 480

2025-08-27 10:31:20,165 [T6] INFO  JobRequest
Start Callback Sender

2025-08-27 10:31:20,165 [T6] DEBUG JobRequest
Step Callback Interval: 500

2025-08-27 10:31:20,216 [T5] DEBUG ProjectManager
Set Project Information

2025-08-27 10:31:20,260 [T5] INFO  PlayOptionManager
PlayOption
- Step Interval : 1
- Disable DrawBounds : False
- Invoke First : False
- Allow Upload of DumpScreen results : False

2025-08-27 10:31:20,262 [T5] INFO  JobRunner
Initialize Script Engine

2025-08-27 10:31:20,281 [T11-ScriptEngine] INFO  JobRequest
##############################################################
### STATE: Initializing
##############################################################


2025-08-27 10:31:20,304 [T6] DEBUG JobRequest
Callback - State: Initializing


2025-08-27 10:31:21,448 [T11-ScriptEngine] INFO  JobRequest
##############################################################
### STATE: Ready
##############################################################


2025-08-27 10:31:21,450 [T6] DEBUG JobRequest
Callback - State: Ready


2025-08-27 10:31:21,462 [T5] INFO  JobRunnerHook
HotKey Hook Started

2025-08-27 10:31:21,463 [T5] INFO  JobRequest
##############################################################
### STATE: Starting
##############################################################


2025-08-27 10:31:21,465 [T6] DEBUG JobRequest
Callback - State: Starting


2025-08-27 10:31:21,465 [T11-ScriptEngine] INFO  JobRunner
RunProcess start

2025-08-27 10:31:21,467 [T11-ScriptEngine] INFO  JobRequest
##############################################################
### STATE: Running
##############################################################


2025-08-27 10:31:21,467 [T11-ScriptEngine] INFO  JobRequest
Last job life cycle state: Running

2025-08-27 10:31:21,481 [T6] DEBUG JobRequest
Callback - State: Running


2025-08-27 10:31:22,645 [T11-ScriptEngine] DEBUG ScreenCapture
DirectX Screen Capture Initialized.

2025-08-27 10:31:22,671 [T11-ScriptEngine] DEBUG JobRunner
DirectX ScreenCapture Checked.

2025-08-27 10:31:22,707 [T11-ScriptEngine] INFO  JobRequest
##############################################################
### STATE: StartProcess - P_Automatic_Analysis
##############################################################
2cc63046-6ac4-4bfe-b1d8-d587a5eae5f5
P_Automatic_Analysis


2025-08-27 10:31:22,784 [T11-ScriptEngine] INFO  JobRequest
**************************************************************
*** TASK: P_Automatic_Analysis
**************************************************************
 - STEP 1: S9eee63e54b944340a136fee0551fa16b (1/4) - (1/116)
 - [1] RunTask


2025-08-27 10:31:22,902 [T11-ScriptEngine] INFO  JobRequest
##############################################################
### STATE: StartTask - T_1_데이터_수집
##############################################################
70204bce-0ab1-4fba-b301-aaccfc8d39cd
T_1_데이터_수집


2025-08-27 10:31:22,924 [T11-ScriptEngine] INFO  JobRequest
**************************************************************
*** TASK: T_1_데이터_수집
**************************************************************
 - STEP 2: S9a22cf0485d445ffb21eb037754381ad (2/9) - (2/116)
 - [2] IsFileExist


2025-08-27 10:31:22,970 [T11-ScriptEngine] INFO  JobRequest
 - STEP 3: Sc7238b4dfc9d4b46a9f4ed9d3a6a541f (3/9) - (3/116)
 - [3] IfElse


2025-08-27 10:31:22,986 [T11-ScriptEngine] INFO  JobRequest
 - STEP 4: Sc154f03f3d554c7ea5a770463c3f6fa3 (4/9) - (4/116)
 - [4] Else


2025-08-27 10:31:23,001 [T11-ScriptEngine] INFO  JobRequest
 - STEP 5: S9b2ad93387d044c69d07cd56977aa0a2 (5/9) - (5/116)
 - [5] ExecuteFile


2025-08-27 10:31:23,219 [T11-ScriptEngine] INFO  JobRequest
 - STEP 6: Scf40351ad93044dc971b5b7711091161 (6/9) - (6/116)
 - [6] Delay


2025-08-27 10:31:28,242 [T11-ScriptEngine] INFO  JobRequest
 - STEP 7: S2c395b2bec8047c989909b4cff95476b (8/9) - (7/116)
 - [8] WaitFileCreation


2025-08-27 10:31:38,493 [T11-ScriptEngine] INFO  JobRequest
 - STEP 8: Sadd26bbe7fbd4bc3a5894489171d8fc0 (9/9) - (8/116)
 - [9] End-IfElse


2025-08-27 10:31:38,493 [T11-ScriptEngine] INFO  JobRunner
[PASS] TASK: T_1_데이터_수집

2025-08-27 10:31:38,504 [T11-ScriptEngine] INFO  JobRequest
##############################################################
### STATE: EndTask - T_1_데이터_수집
##############################################################
70204bce-0ab1-4fba-b301-aaccfc8d39cd
T_1_데이터_수집


2025-08-27 10:31:38,524 [T11-ScriptEngine] INFO  JobRequest
**************************************************************
*** TASK: P_Automatic_Analysis
**************************************************************
 - STEP 9: Sc26cb9e689a446ceaddb9ccc0a790485 (2/4) - (9/116)
 - [2] RunTask


2025-08-27 10:31:38,533 [T11-ScriptEngine] INFO  JobRequest
##############################################################
### STATE: StartTask - T_2_데이터_가공
##############################################################
a3b24c3c-040c-4e96-8a6f-982534afe863
T_2_데이터_가공


2025-08-27 10:31:38,541 [T11-ScriptEngine] INFO  JobRequest
**************************************************************
*** TASK: T_2_데이터_가공
**************************************************************
 - STEP 10: S5627f8e7c97c41c9963b3e4cc74648d8 (1/19) - (10/116)
 - [1] OpenExcel


2025-08-27 10:31:41,081 [T11-ScriptEngine] INFO  JobRequest
 - STEP 11: S718e4c754dd8433587c70e6beb306fb9 (2/19) - (11/116)
 - [2] SelectRange


2025-08-27 10:31:41,300 [T11-ScriptEngine] INFO  JobRequest
 - STEP 12: Sce068113d0664a578f43f5c0dfdce35c (3/19) - (12/116)
 - [3] SendShortCut


2025-08-27 10:31:41,646 [T11-ScriptEngine] INFO  JobRequest
 - STEP 13: S6ece845c1f154f1b90cef4f6daf4bf96 (4/19) - (13/116)
 - [4] SendShortCut


2025-08-27 10:31:41,957 [T11-ScriptEngine] INFO  JobRequest
 - STEP 14: S90d500a222bf422bb0bef7b9417ca822 (5/19) - (14/116)
 - [5] WaitAppear


2025-08-27 10:31:43,138 [T5] DEBUG UIAEventHandler
Start UIA event handler

2025-08-27 10:31:43,344 [T5] DEBUG UIAEventHandler
UI Structure Changed Count: 0

2025-08-27 10:31:43,344 [T5] DEBUG UIAEventHandler
Waiting additional time 127 msec for the screen structure is changing. Requested interval: 200 msec.

2025-08-27 10:31:43,365 [T5] INFO  WinFinder
Finding Object In App... Try: 1, IsLastTry: False. AppCount: 1

2025-08-27 10:31:43,375 [T5] DEBUG WinElementTargetFinder
## Object Find In App (name: '업종분석_264_2020-2024.xlsx - Exce...')

2025-08-27 10:31:43,663 [T5] INFO  WinFinder
 . Finding Object by 'RelativePoint Search' (Try: 1) ... 

2025-08-27 10:31:43,800 [T11-ScriptEngine] INFO  WinFinder
Finding Result: Found by 'ObjectPathEx' method. (Total: 1)
 - name: '"I" 1'
 - value: '매출액'

2025-08-27 10:31:43,827 [T11-ScriptEngine] INFO  JobRequest
 - STEP 15: S36537397c79742dc86f2a2218ae85f65 (6/19) - (15/116)
 - [6] SelectRange


2025-08-27 10:31:44,029 [T11-ScriptEngine] INFO  JobRequest
 - STEP 16: Sf7774126e7224cf3a2f7298b200d8971 (7/19) - (16/116)
 - [7] SendShortCut


2025-08-27 10:31:44,356 [T11-ScriptEngine] INFO  JobRequest
 - STEP 17: Sc775a4198c124e64a4174b76115eef37 (8/19) - (17/116)
 - [8] SelectRange


2025-08-27 10:31:44,450 [T11-ScriptEngine] INFO  JobRequest
 - STEP 18: S162c5684950a439fa705bb52ee44f7e2 (9/19) - (18/116)
 - [9] SendShortCut


2025-08-27 10:31:44,764 [T11-ScriptEngine] INFO  JobRequest
 - STEP 19: S33d7ea1c13f44fa2b12ff52f17c52cf2 (10/19) - (19/116)
 - [10] MouseScroll


2025-08-27 10:31:45,007 [T5] INFO  WinFinder
Finding Object In App... Try: 1, IsLastTry: False. AppCount: 1

2025-08-27 10:31:45,020 [T5] DEBUG WinElementTargetFinder
## Object Find In App (name: '업종분석_264_2020-2024.xlsx - Exce...')

2025-08-27 10:31:45,089 [T5] INFO  WinFinder
 . Finding Object by 'RelativePoint Search' (Try: 1) ... 

2025-08-27 10:31:45,167 [T11-ScriptEngine] INFO  WinFinder
Finding Result: Found by 'ObjectPathEx' method. (Total: 1)
 - name: '위치'
 - value: ''

2025-08-27 10:31:49,212 [T11-ScriptEngine] INFO  JobRequest
 - STEP 20: Sbd130ce899584563a5414b7f423b2a44 (11/19) - (20/116)
 - [11] SelectRange


2025-08-27 10:31:49,290 [T11-ScriptEngine] INFO  JobRequest
 - STEP 21: S588d7bd17299404a9a97ef7930a49f48 (12/19) - (21/116)
 - [12] SendShortCut


2025-08-27 10:31:49,600 [T11-ScriptEngine] INFO  JobRequest
 - STEP 22: Sad17e2650d9e45e9b8ff03190c9277e0 (13/19) - (22/116)
 - [13] SelectRange


2025-08-27 10:31:49,677 [T11-ScriptEngine] INFO  JobRequest
 - STEP 23: S471cb826a5664ee0afb756e5f05ffc61 (14/19) - (23/116)
 - [14] SendShortCut


2025-08-27 10:31:49,992 [T11-ScriptEngine] INFO  JobRequest
 - STEP 24: S2c03ffa3a16a41039231af6b011b0528 (15/19) - (24/116)
 - [15] WriteRange


2025-08-27 10:31:50,101 [T11-ScriptEngine] INFO  JobRequest
 - STEP 25: S02273569533c4484b8cc280621fe20c7 (16/19) - (25/116)
 - [16] SelectRange


2025-08-27 10:31:50,193 [T11-ScriptEngine] INFO  JobRequest
 - STEP 26: S3c478e9bab46434e95f2eb9183d53aff (17/19) - (26/116)
 - [17] DoubleClick


2025-08-27 10:31:50,246 [T10] INFO  WinFinder
Finding Object In App... Try: 1, IsLastTry: False. AppCount: 1

2025-08-27 10:31:50,246 [T10] DEBUG WinElementTargetFinder
## Object Find In App (name: '업종분석_264_2020-2024.xlsx - Exce...')

2025-08-27 10:31:50,495 [T10] INFO  WinFinder
 . Finding Object by 'RelativePoint Search' (Try: 1) ... 

2025-08-27 10:31:50,555 [T11-ScriptEngine] INFO  WinFinder
Finding Result: Found by 'ObjectPathEx' method. (Total: 1)
 - name: '"R" 22'
 - value: '90.8142'

2025-08-27 10:31:51,210 [T11-ScriptEngine] INFO  JobRequest
 - STEP 27: S03a9a5fceac144f9b1a47e625078f199 (19/19) - (27/116)
 - [19] SaveExcel


2025-08-27 10:31:51,310 [T11-ScriptEngine] INFO  JobRunner
[PASS] TASK: T_2_데이터_가공

2025-08-27 10:31:51,311 [T11-ScriptEngine] INFO  JobRequest
##############################################################
### STATE: EndTask - T_2_데이터_가공
##############################################################
a3b24c3c-040c-4e96-8a6f-982534afe863
T_2_데이터_가공


2025-08-27 10:31:51,320 [T11-ScriptEngine] INFO  JobRequest
**************************************************************
*** TASK: P_Automatic_Analysis
**************************************************************
 - STEP 28: S39ee30f700f7435db2a63845f7c321ed (3/4) - (28/116)
 - [3] RunTask


2025-08-27 10:31:51,418 [T11-ScriptEngine] INFO  JobRequest
##############################################################
### STATE: StartTask - T_3_시각화
##############################################################
1ef12143-8738-4a20-b78f-851548397f8a
T_3_시각화


2025-08-27 10:31:51,428 [T11-ScriptEngine] INFO  JobRequest
**************************************************************
*** TASK: T_3_시각화
**************************************************************
 - STEP 29: S2fb83b29998d4a88b7c391b9e283efb7 (3/92) - (29/116)
 - [3] SendShortCut


2025-08-27 10:31:51,738 [T11-ScriptEngine] INFO  JobRequest
 - STEP 30: S29dde30d5c9a4ad7b022772737ce049c (4/92) - (30/116)
 - [4] SendShortCut


2025-08-27 10:31:52,314 [T11-ScriptEngine] INFO  JobRequest
 - STEP 31: S2b27f52f7d7f4b2c976ed0729f36870e (5/92) - (31/116)
 - [5] Delay


2025-08-27 10:31:53,339 [T11-ScriptEngine] INFO  JobRequest
 - STEP 32: S5f3ad3fc7de24bac86613e3bcd566aa7 (6/92) - (32/116)
 - [6] KeyInput


2025-08-27 10:31:55,251 [T11-ScriptEngine] INFO  JobRequest
 - STEP 33: S4949f471696340bd8c6ff086f5eede47 (7/92) - (33/116)
 - [7] Click


2025-08-27 10:31:55,435 [T5] DEBUG UIAEventHandler
UI Structure Changed Count: 0

2025-08-27 10:31:55,435 [T5] DEBUG UIAEventHandler
Waiting additional time 136 msec for the screen structure is changing. Requested interval: 200 msec.

2025-08-27 10:31:55,447 [T5] INFO  WinFinder
Finding Object In App... Try: 1, IsLastTry: False. AppCount: 1

2025-08-27 10:31:55,448 [T5] DEBUG WinElementTargetFinder
## Object Find In App (name: '업종분석_264_2020-2024.xlsx - Exce...')

2025-08-27 10:31:55,544 [T5] INFO  WinFinder
 . Finding Object by 'RelativePoint Search' (Try: 1) ... 

2025-08-27 10:31:55,607 [T11-ScriptEngine] INFO  WinFinder
Finding Result: Found by 'ObjectPathEx' method. (Total: 1)
 - name: '기업명'
 - value: ''

2025-08-27 10:31:56,054 [T11-ScriptEngine] INFO  JobRequest
 - STEP 34: S92a09432cb5b4bdf97f21581f9a306d1 (8/92) - (34/116)
 - [8] Click


2025-08-27 10:31:56,114 [T10] INFO  WinFinder
Finding Object In App... Try: 1, IsLastTry: False. AppCount: 1

2025-08-27 10:31:56,116 [T10] DEBUG WinElementTargetFinder
## Object Find In App (name: '업종분석_264_2020-2024.xlsx - Exce...')

2025-08-27 10:31:56,208 [T10] INFO  WinFinder
 . Finding Object by 'RelativePoint Search' (Try: 1) ... 

2025-08-27 10:31:56,260 [T11-ScriptEngine] INFO  WinFinder
Finding Result: Found by 'ObjectPathEx' method. (Total: 1)
 - name: '날짜'
 - value: ''

2025-08-27 10:31:56,677 [T11-ScriptEngine] INFO  JobRequest
 - STEP 35: S86984f460750474093eb48e13e463f96 (9/92) - (35/116)
 - [9] Click


2025-08-27 10:31:56,727 [T5] INFO  WinFinder
Finding Object In App... Try: 1, IsLastTry: False. AppCount: 1

2025-08-27 10:31:56,728 [T5] DEBUG WinElementTargetFinder
## Object Find In App (name: '업종분석_264_2020-2024.xlsx - Exce...')

2025-08-27 10:31:56,833 [T5] INFO  WinFinder
 . Finding Object by 'RelativePoint Search' (Try: 1) ... 

2025-08-27 10:31:56,901 [T11-ScriptEngine] INFO  WinFinder
Finding Result: Found by 'ObjectPathEx' method. (Total: 1)
 - name: '분기'
 - value: ''

2025-08-27 10:31:57,325 [T11-ScriptEngine] INFO  JobRequest
 - STEP 36: Se86ecad2bcf64a21ab6e7f8f6b3bb813 (10/92) - (36/116)
 - [10] MouseScroll


2025-08-27 10:31:57,405 [T5] INFO  WinFinder
Finding Object In App... Try: 1, IsLastTry: False. AppCount: 1

2025-08-27 10:31:57,406 [T5] DEBUG WinElementTargetFinder
## Object Find In App (name: '업종분석_264_2020-2024.xlsx - Exce...')

2025-08-27 10:31:57,507 [T5] INFO  WinFinder
 . Finding Object by 'RelativePoint Search' (Try: 1) ... 

2025-08-27 10:31:57,567 [T11-ScriptEngine] INFO  WinFinder
Finding Result: Found by 'ObjectPathEx' method. (Total: 1)
 - name: '위치'
 - value: ''

2025-08-27 10:31:59,084 [T11-ScriptEngine] INFO  JobRequest
 - STEP 37: Sdeb71b1968a448d4b03f1e71b3a3584b (11/92) - (37/116)
 - [11] Click


2025-08-27 10:31:59,117 [T5] INFO  WinFinder
Finding Object In App... Try: 1, IsLastTry: False. AppCount: 1

2025-08-27 10:31:59,118 [T5] DEBUG WinElementTargetFinder
## Object Find In App (name: '업종분석_264_2020-2024.xlsx - Exce...')

2025-08-27 10:31:59,223 [T5] INFO  WinFinder
 . Finding Object by 'RelativePoint Search' (Try: 1) ... 

2025-08-27 10:31:59,283 [T11-ScriptEngine] INFO  WinFinder
Finding Result: Found by 'ObjectPathEx' method. (Total: 1)
 - name: '매출액'
 - value: ''

2025-08-27 10:31:59,706 [T11-ScriptEngine] INFO  JobRequest
 - STEP 38: Scf668fa5866f45c2861f9e4cf5be7e97 (12/92) - (38/116)
 - [12] Click


2025-08-27 10:32:00,032 [T5] INFO  WinFinder
Finding Object In App... Try: 1, IsLastTry: False. AppCount: 1

2025-08-27 10:32:00,033 [T5] DEBUG WinElementTargetFinder
## Object Find In App (name: '업종분석_264_2020-2024.xlsx - Exce...')

2025-08-27 10:32:00,134 [T5] INFO  WinFinder
 . Finding Object by 'RelativePoint Search' (Try: 1) ... 

2025-08-27 10:32:00,194 [T11-ScriptEngine] INFO  WinFinder
Finding Result: Found by 'ObjectPathEx' method. (Total: 1)
 - name: '영업이익률'
 - value: ''

2025-08-27 10:32:00,600 [T11-ScriptEngine] INFO  JobRequest
 - STEP 39: S84013a40bb4f4af09f9b0842ed6e0d8c (13/92) - (39/116)
 - [13] Click


2025-08-27 10:32:01,032 [T5] INFO  WinFinder
Finding Object In App... Try: 1, IsLastTry: False. AppCount: 1

2025-08-27 10:32:01,033 [T5] DEBUG WinElementTargetFinder
## Object Find In App (name: '업종분석_264_2020-2024.xlsx - Exce...')

2025-08-27 10:32:01,135 [T5] INFO  WinFinder
 . Finding Object by 'RelativePoint Search' (Try: 1) ... 

2025-08-27 10:32:01,205 [T11-ScriptEngine] INFO  WinFinder
Finding Result: Found by 'ObjectPathEx' method. (Total: 1)
 - name: '영업비용률'
 - value: ''

2025-08-27 10:32:01,623 [T11-ScriptEngine] INFO  JobRequest
 - STEP 40: S1714a95e783342da8940c0d08cac5120 (14/92) - (40/116)
 - [14] Click


2025-08-27 10:32:02,034 [T5] INFO  WinFinder
Finding Object In App... Try: 1, IsLastTry: False. AppCount: 1

2025-08-27 10:32:02,035 [T5] DEBUG WinElementTargetFinder
## Object Find In App (name: '업종분석_264_2020-2024.xlsx - Exce...')

2025-08-27 10:32:02,120 [T5] INFO  WinFinder
 . Finding Object by 'RelativePoint Search' (Try: 1) ... 

2025-08-27 10:32:02,156 [T11-ScriptEngine] INFO  WinFinder
Finding Result: Found by 'ObjectPathEx' method. (Total: 1)
 - name: '기업명'
 - value: ''

2025-08-27 10:32:02,588 [T11-ScriptEngine] INFO  JobRequest
 - STEP 41: Saa9d872ed9f548928c73e7fb9b6e28ca (15/92) - (41/116)
 - [15] Click


2025-08-27 10:32:02,878 [T5] INFO  WinFinder
Finding Object In App... Try: 1, IsLastTry: False. AppCount: 1

2025-08-27 10:32:02,885 [T5] DEBUG WinElementTargetFinder
## Object Find In App (name: '업종분석_264_2020-2024.xlsx - Exce...')

2025-08-27 10:32:02,967 [T5] INFO  WinFinder
 . Finding Object by 'RelativePoint Search' (Try: 1) ... 

2025-08-27 10:32:03,020 [T11-ScriptEngine] INFO  WinFinder
Finding Result: Found by 'ObjectPathEx' method. (Total: 1)
 - name: '범례 필드(계열)로 이동'
 - value: ''

2025-08-27 10:32:03,491 [T11-ScriptEngine] INFO  JobRequest
 - STEP 42: Sf51a9e61708642bbbdd34eca903b8e2a (16/92) - (42/116)
 - [16] Click


2025-08-27 10:32:03,741 [T10] INFO  WinFinder
Finding Object In App... Try: 1, IsLastTry: False. AppCount: 1

2025-08-27 10:32:03,742 [T10] DEBUG WinElementTargetFinder
## Object Find In App (name: '업종분석_264_2020-2024.xlsx - Exce...')

2025-08-27 10:32:03,947 [T10] INFO  WinFinder
 . Finding Object by 'RelativePoint Search' (Try: 1) ... 

2025-08-27 10:32:04,001 [T11-ScriptEngine] INFO  WinFinder
Finding Result: Found by 'ObjectPathEx' method. (Total: 1)
 - name: ''
 - value: ''

2025-08-27 10:32:04,428 [T11-ScriptEngine] INFO  JobRequest
 - STEP 43: Sf3ea61fa2c53457e997e9b871e07c4d8 (17/92) - (43/116)
 - [17] SetCheckState


2025-08-27 10:32:04,664 [T10] INFO  WinFinder
Finding Object In App... Try: 1, IsLastTry: False. AppCount: 1

2025-08-27 10:32:04,805 [T10] DEBUG WinElementTargetFinder
## Object Find In App (name: '업종분석_264_2020-2024.xlsx - Exce...')

2025-08-27 10:32:04,951 [T11-ScriptEngine] INFO  WinFinder
Finding Result: Found by 'ObjectPathEx' method. (Total: 1)
 - name: '2025'
 - value: ''

2025-08-27 10:32:04,973 [T11-ScriptEngine] INFO  JobRequest
 - STEP 44: Sefc53bf393e14279bf4959dfdfa92394 (18/92) - (44/116)
 - [18] Click


2025-08-27 10:32:05,015 [T17] INFO  WinFinder
Finding Object In App... Try: 1, IsLastTry: False. AppCount: 1

2025-08-27 10:32:05,144 [T17] DEBUG WinElementTargetFinder
## Object Find In App (name: '업종분석_264_2020-2024.xlsx - Exce...')

2025-08-27 10:32:05,201 [T17] INFO  WinFinder
 . Finding Object by 'RelativePoint Search' (Try: 1) ... 

2025-08-27 10:32:05,255 [T11-ScriptEngine] INFO  WinFinder
Finding Result: Found by 'ObjectPathEx' method. (Total: 1)
 - name: '확인'
 - value: ''

2025-08-27 10:32:05,675 [T11-ScriptEngine] INFO  JobRequest
 - STEP 45: S434fdd2c3895457d8e924c3e895b5491 (19/92) - (45/116)
 - [19] RightClick


2025-08-27 10:32:06,682 [T5] INFO  WinFinder
Finding Object In App... Try: 1, IsLastTry: False. AppCount: 1

2025-08-27 10:32:06,704 [T5] DEBUG WinElementTargetFinder
## Object Find In App (name: '업종분석_264_2020-2024.xlsx - Exce...')

2025-08-27 10:32:07,359 [T5] INFO  WinFinder
 . Finding Object by 'RelativePoint Search' (Try: 1) ... 

2025-08-27 10:32:07,480 [T11-ScriptEngine] INFO  WinFinder
Finding Result: Found by 'ObjectPathEx' method. (Total: 1)
 - name: ''
 - value: ''

2025-08-27 10:32:07,888 [T11-ScriptEngine] INFO  JobRequest
 - STEP 46: Sc6b929430293420696b94c1741e34e3a (20/92) - (46/116)
 - [20] Click


2025-08-27 10:32:08,214 [T10] WARN  UIAEventHandler
UI Structure Changed Count: 15

2025-08-27 10:32:09,228 [T10] DEBUG UIAEventHandler
Waiting additional time 1285 msec for the screen structure is changing. Requested interval: 200 msec.

2025-08-27 10:32:09,258 [T10] INFO  WinFinder
Finding Object In App... Try: 1, IsLastTry: False. AppCount: 1

2025-08-27 10:32:09,258 [T10] DEBUG WinElementTargetFinder
## Object Find In App (name: '업종분석_264_2020-2024.xlsx - Exce...')

2025-08-27 10:32:09,316 [T10] INFO  WinFinder
 . Finding Object by 'RelativePoint Search' (Try: 1) ... 

2025-08-27 10:32:09,375 [T11-ScriptEngine] INFO  WinFinder
Finding Result: Found by 'ObjectPathEx' method. (Total: 1)
 - name: '차트 종류 변경...'
 - value: ''

2025-08-27 10:32:09,801 [T11-ScriptEngine] INFO  JobRequest
 - STEP 47: Sdd8ff49f8abe4d9c9064540856d4b4ed (21/92) - (47/116)
 - [21] Click


2025-08-27 10:32:09,920 [T18] INFO  WinFinder
Finding Object In App... Try: 1, IsLastTry: False. AppCount: 1

2025-08-27 10:32:10,931 [T10] WARN  WinApi
SetForeground Failed.
 Attach ThreadInput - True
 Foreground Window - HWND: 1967672, Title: 차트 종류 변경, PID: 4612, ProcessName: EXCEL
 Target Window - HWND: 4327240, Title: 업종분석_264_2020-2024.xlsx - Excel, PID: 4612, ProcessName: EXCEL

2025-08-27 10:32:11,032 [T18] DEBUG WinElementTargetFinder
## Object Find In App (name: '업종분석_264_2020-2024.xlsx - Exce...')

2025-08-27 10:32:11,125 [T18] INFO  WinFinder
 . Finding Object by 'RelativePoint Search' (Try: 1) ... 

2025-08-27 10:32:11,177 [T11-ScriptEngine] INFO  WinFinder
Finding Result: Found by 'ObjectPathEx' method. (Total: 1)
 - name: '혼합'
 - value: ''

2025-08-27 10:32:11,794 [T11-ScriptEngine] INFO  JobRequest
 - STEP 48: S7e56bc633884422ca838510de3723d8f (22/92) - (48/116)
 - [22] Click


2025-08-27 10:32:11,834 [T17] INFO  WinFinder
Finding Object In App... Try: 1, IsLastTry: False. AppCount: 1

2025-08-27 10:32:12,846 [T5] WARN  WinApi
SetForeground Failed.
 Attach ThreadInput - True
 Foreground Window - HWND: 1967672, Title: 차트 종류 변경, PID: 4612, ProcessName: EXCEL
 Target Window - HWND: 4327240, Title: 업종분석_264_2020-2024.xlsx - Excel, PID: 4612, ProcessName: EXCEL

2025-08-27 10:32:12,950 [T17] DEBUG WinElementTargetFinder
## Object Find In App (name: '업종분석_264_2020-2024.xlsx - Exce...')

2025-08-27 10:32:13,010 [T17] INFO  WinFinder
 . Finding Object by 'RelativePoint Search' (Try: 1) ... 

2025-08-27 10:32:13,057 [T11-ScriptEngine] INFO  WinFinder
Finding Result: Found by 'ObjectPathEx' method. (Total: 1)
 - name: '사용자 지정 조합'
 - value: ''

2025-08-27 10:32:13,684 [T11-ScriptEngine] INFO  JobRequest
 - STEP 49: Sa64f2bbb879246259c8093cf7915b3cb (23/92) - (49/116)
 - [23] Click


2025-08-27 10:32:13,720 [T5] INFO  WinFinder
Finding Object In App... Try: 1, IsLastTry: False. AppCount: 1

2025-08-27 10:32:14,739 [T17] WARN  WinApi
SetForeground Failed.
 Attach ThreadInput - True
 Foreground Window - HWND: 1967672, Title: 차트 종류 변경, PID: 4612, ProcessName: EXCEL
 Target Window - HWND: 4327240, Title: 업종분석_264_2020-2024.xlsx - Excel, PID: 4612, ProcessName: EXCEL

2025-08-27 10:32:14,855 [T5] DEBUG WinElementTargetFinder
## Object Find In App (name: '업종분석_264_2020-2024.xlsx - Exce...')

2025-08-27 10:32:14,922 [T5] INFO  WinFinder
 . Finding Object by 'RelativePoint Search' (Try: 1) ... 

2025-08-27 10:32:14,970 [T11-ScriptEngine] INFO  WinFinder
Finding Result: Found by 'ObjectPathEx' method. (Total: 1)
 - name: '묶은 세로 막대형'
 - value: ''

2025-08-27 10:32:15,603 [T11-ScriptEngine] INFO  JobRequest
 - STEP 50: S3e8a1f77a8714ae7860016ca3de5fac7 (24/92) - (50/116)
 - [24] Click


2025-08-27 10:32:15,791 [T17] DEBUG UIAEventHandler
UI Structure Changed Count: 0

2025-08-27 10:32:15,791 [T17] DEBUG UIAEventHandler
Waiting additional time 167 msec for the screen structure is changing. Requested interval: 200 msec.

2025-08-27 10:32:15,814 [T17] INFO  WinFinder
Finding Object In App... Try: 1, IsLastTry: False. AppCount: 1

2025-08-27 10:32:16,831 [T5] WARN  WinApi
SetForeground Failed.
 Attach ThreadInput - True
 Foreground Window - HWND: 2558102, Title: [NoTitle], PID: 4612, ProcessName: EXCEL
 Target Window - HWND: 4327240, Title: 업종분석_264_2020-2024.xlsx - Excel, PID: 4612, ProcessName: EXCEL

2025-08-27 10:32:16,933 [T17] DEBUG WinElementTargetFinder
## Object Find In App (name: '업종분석_264_2020-2024.xlsx - Exce...')

2025-08-27 10:32:17,025 [T17] INFO  WinFinder
 . Finding Object by 'RelativePoint Search' (Try: 1) ... 

2025-08-27 10:32:17,088 [T11-ScriptEngine] INFO  WinFinder
Finding Result: Found by 'ObjectPathEx' method. (Total: 1)
 - name: '표식이 있는 꺾은선형'
 - value: ''

2025-08-27 10:32:17,713 [T11-ScriptEngine] INFO  JobRequest
 - STEP 51: S0657f3ea2e8649939e21eab4ed01b16c (25/92) - (51/116)
 - [25] Click


2025-08-27 10:32:17,753 [T21] INFO  WinFinder
Finding Object In App... Try: 1, IsLastTry: False. AppCount: 1

2025-08-27 10:32:18,763 [T5] WARN  WinApi
SetForeground Failed.
 Attach ThreadInput - True
 Foreground Window - HWND: 1967672, Title: 차트 종류 변경, PID: 4612, ProcessName: EXCEL
 Target Window - HWND: 4327240, Title: 업종분석_264_2020-2024.xlsx - Excel, PID: 4612, ProcessName: EXCEL

2025-08-27 10:32:18,867 [T21] DEBUG WinElementTargetFinder
## Object Find In App (name: '업종분석_264_2020-2024.xlsx - Exce...')

2025-08-27 10:32:18,927 [T21] INFO  WinFinder
 . Finding Object by 'RelativePoint Search' (Try: 1) ... 

2025-08-27 10:32:18,977 [T11-ScriptEngine] INFO  WinFinder
Finding Result: Found by 'ObjectPathEx' method. (Total: 1)
 - name: '보조 축 옵션으로 이동'
 - value: ''

2025-08-27 10:32:19,600 [T11-ScriptEngine] INFO  JobRequest
 - STEP 52: S76ab3fcb10004d1f8e0bd9a5d5262ec0 (26/92) - (52/116)
 - [26] MouseScroll


2025-08-27 10:32:19,633 [T21] INFO  WinFinder
Finding Object In App... Try: 1, IsLastTry: False. AppCount: 1

2025-08-27 10:32:20,643 [T5] WARN  WinApi
SetForeground Failed.
 Attach ThreadInput - True
 Foreground Window - HWND: 1967672, Title: 차트 종류 변경, PID: 4612, ProcessName: EXCEL
 Target Window - HWND: 4327240, Title: 업종분석_264_2020-2024.xlsx - Excel, PID: 4612, ProcessName: EXCEL

2025-08-27 10:32:20,747 [T21] DEBUG WinElementTargetFinder
## Object Find In App (name: '업종분석_264_2020-2024.xlsx - Exce...')

2025-08-27 10:32:20,845 [T21] INFO  WinFinder
 . Finding Object by 'RelativePoint Search' (Try: 1) ... 

2025-08-27 10:32:20,891 [T11-ScriptEngine] INFO  WinFinder
Finding Result: Found by 'ObjectPathEx' method. (Total: 1)
 - name: '위치'
 - value: ''

2025-08-27 10:32:22,741 [T11-ScriptEngine] INFO  JobRequest
 - STEP 53: S00dea3eefe4c4d75b2a7c86b4180f56c (27/92) - (53/116)
 - [27] Click


2025-08-27 10:32:22,792 [T17] INFO  WinFinder
Finding Object In App... Try: 1, IsLastTry: False. AppCount: 1

2025-08-27 10:32:23,805 [T21] WARN  WinApi
SetForeground Failed.
 Attach ThreadInput - True
 Foreground Window - HWND: 1967672, Title: 차트 종류 변경, PID: 4612, ProcessName: EXCEL
 Target Window - HWND: 4327240, Title: 업종분석_264_2020-2024.xlsx - Excel, PID: 4612, ProcessName: EXCEL

2025-08-27 10:32:23,907 [T17] DEBUG WinElementTargetFinder
## Object Find In App (name: '업종분석_264_2020-2024.xlsx - Exce...')

2025-08-27 10:32:23,968 [T17] INFO  WinFinder
 . Finding Object by 'RelativePoint Search' (Try: 1) ... 

2025-08-27 10:32:24,016 [T11-ScriptEngine] INFO  WinFinder
Finding Result: Found by 'ObjectPathEx' method. (Total: 1)
 - name: '꺾은선형'
 - value: ''

2025-08-27 10:32:24,646 [T11-ScriptEngine] INFO  JobRequest
 - STEP 54: S464ecdafa4224bada5b6f821e49f429f (28/92) - (54/116)
 - [28] Click


2025-08-27 10:32:24,849 [T17] DEBUG UIAEventHandler
UI Structure Changed Count: 0

2025-08-27 10:32:24,849 [T17] DEBUG UIAEventHandler
Waiting additional time 183 msec for the screen structure is changing. Requested interval: 200 msec.

2025-08-27 10:32:24,876 [T17] INFO  WinFinder
Finding Object In App... Try: 1, IsLastTry: False. AppCount: 1

2025-08-27 10:32:25,894 [T5] WARN  WinApi
SetForeground Failed.
 Attach ThreadInput - True
 Foreground Window - HWND: 2623638, Title: [NoTitle], PID: 4612, ProcessName: EXCEL
 Target Window - HWND: 4327240, Title: 업종분석_264_2020-2024.xlsx - Excel, PID: 4612, ProcessName: EXCEL

2025-08-27 10:32:25,998 [T17] DEBUG WinElementTargetFinder
## Object Find In App (name: '업종분석_264_2020-2024.xlsx - Exce...')

2025-08-27 10:32:26,081 [T17] INFO  WinFinder
 . Finding Object by 'RelativePoint Search' (Try: 1) ... 

2025-08-27 10:32:26,141 [T11-ScriptEngine] INFO  WinFinder
Finding Result: Found by 'ObjectPathEx' method. (Total: 1)
 - name: '표식이 있는 꺾은선형'
 - value: ''

2025-08-27 10:32:26,781 [T11-ScriptEngine] INFO  JobRequest
 - STEP 55: S429a6427b7b24d5484e65ad6776a354d (29/92) - (55/116)
 - [29] Click


2025-08-27 10:32:26,819 [T17] INFO  WinFinder
Finding Object In App... Try: 1, IsLastTry: False. AppCount: 1

2025-08-27 10:32:27,842 [T18] WARN  WinApi
SetForeground Failed.
 Attach ThreadInput - True
 Foreground Window - HWND: 1967672, Title: 차트 종류 변경, PID: 4612, ProcessName: EXCEL
 Target Window - HWND: 4327240, Title: 업종분석_264_2020-2024.xlsx - Excel, PID: 4612, ProcessName: EXCEL

2025-08-27 10:32:27,944 [T17] DEBUG WinElementTargetFinder
## Object Find In App (name: '업종분석_264_2020-2024.xlsx - Exce...')

2025-08-27 10:32:28,011 [T17] INFO  WinFinder
 . Finding Object by 'RelativePoint Search' (Try: 1) ... 

2025-08-27 10:32:28,064 [T11-ScriptEngine] INFO  WinFinder
Finding Result: Found by 'ObjectPathEx' method. (Total: 1)
 - name: '보조 축 옵션으로 이동'
 - value: ''

2025-08-27 10:32:28,676 [T11-ScriptEngine] INFO  JobRequest
 - STEP 56: S27f8752c8460444eb2ede9102e14ec3f (30/92) - (56/116)
 - [30] Click


2025-08-27 10:32:28,711 [T18] INFO  WinFinder
Finding Object In App... Try: 1, IsLastTry: False. AppCount: 1

2025-08-27 10:32:29,733 [T17] WARN  WinApi
SetForeground Failed.
 Attach ThreadInput - True
 Foreground Window - HWND: 1967672, Title: 차트 종류 변경, PID: 4612, ProcessName: EXCEL
 Target Window - HWND: 4327240, Title: 업종분석_264_2020-2024.xlsx - Excel, PID: 4612, ProcessName: EXCEL

2025-08-27 10:32:29,838 [T18] DEBUG WinElementTargetFinder
## Object Find In App (name: '업종분석_264_2020-2024.xlsx - Exce...')

2025-08-27 10:32:29,909 [T18] INFO  WinFinder
 . Finding Object by 'RelativePoint Search' (Try: 1) ... 

2025-08-27 10:32:29,957 [T11-ScriptEngine] INFO  WinFinder
Finding Result: Found by 'ObjectPathEx' method. (Total: 1)
 - name: '꺾은선형'
 - value: ''

2025-08-27 10:32:30,583 [T11-ScriptEngine] INFO  JobRequest
 - STEP 57: S793d888457eb4f7c8c425e9f2bf76f0f (31/92) - (57/116)
 - [31] Click


2025-08-27 10:32:30,786 [T17] DEBUG UIAEventHandler
UI Structure Changed Count: 0

2025-08-27 10:32:30,786 [T17] DEBUG UIAEventHandler
Waiting additional time 183 msec for the screen structure is changing. Requested interval: 200 msec.

2025-08-27 10:32:30,806 [T17] INFO  WinFinder
Finding Object In App... Try: 1, IsLastTry: False. AppCount: 1

2025-08-27 10:32:31,826 [T18] WARN  WinApi
SetForeground Failed.
 Attach ThreadInput - True
 Foreground Window - HWND: 2689174, Title: [NoTitle], PID: 4612, ProcessName: EXCEL
 Target Window - HWND: 4327240, Title: 업종분석_264_2020-2024.xlsx - Excel, PID: 4612, ProcessName: EXCEL

2025-08-27 10:32:31,928 [T17] DEBUG WinElementTargetFinder
## Object Find In App (name: '업종분석_264_2020-2024.xlsx - Exce...')

2025-08-27 10:32:32,008 [T17] INFO  WinFinder
 . Finding Object by 'RelativePoint Search' (Try: 1) ... 

2025-08-27 10:32:32,069 [T11-ScriptEngine] INFO  WinFinder
Finding Result: Found by 'ObjectPathEx' method. (Total: 1)
 - name: '표식이 있는 꺾은선형'
 - value: ''

2025-08-27 10:32:32,691 [T11-ScriptEngine] INFO  JobRequest
 - STEP 58: Sbe42ba0efd534e6e87601cb2a22576e9 (32/92) - (58/116)
 - [32] Click


2025-08-27 10:32:32,730 [T5] INFO  WinFinder
Finding Object In App... Try: 1, IsLastTry: False. AppCount: 1

2025-08-27 10:32:33,752 [T18] WARN  WinApi
SetForeground Failed.
 Attach ThreadInput - True
 Foreground Window - HWND: 1967672, Title: 차트 종류 변경, PID: 4612, ProcessName: EXCEL
 Target Window - HWND: 4327240, Title: 업종분석_264_2020-2024.xlsx - Excel, PID: 4612, ProcessName: EXCEL

2025-08-27 10:32:33,854 [T5] DEBUG WinElementTargetFinder
## Object Find In App (name: '업종분석_264_2020-2024.xlsx - Exce...')

2025-08-27 10:32:33,919 [T5] INFO  WinFinder
 . Finding Object by 'RelativePoint Search' (Try: 1) ... 

2025-08-27 10:32:33,969 [T11-ScriptEngine] INFO  WinFinder
Finding Result: Found by 'ObjectPathEx' method. (Total: 1)
 - name: '보조 축 옵션으로 이동'
 - value: ''

2025-08-27 10:32:34,600 [T11-ScriptEngine] INFO  JobRequest
 - STEP 59: S1a617cc9e2484f09b1d0ea28dfedce91 (33/92) - (59/116)
 - [33] Click


2025-08-27 10:32:34,641 [T17] INFO  WinFinder
Finding Object In App... Try: 1, IsLastTry: False. AppCount: 1

2025-08-27 10:32:35,651 [T5] WARN  WinApi
SetForeground Failed.
 Attach ThreadInput - True
 Foreground Window - HWND: 1967672, Title: 차트 종류 변경, PID: 4612, ProcessName: EXCEL
 Target Window - HWND: 4327240, Title: 업종분석_264_2020-2024.xlsx - Excel, PID: 4612, ProcessName: EXCEL

2025-08-27 10:32:35,756 [T17] DEBUG WinElementTargetFinder
## Object Find In App (name: '업종분석_264_2020-2024.xlsx - Exce...')

2025-08-27 10:32:35,869 [T17] INFO  WinFinder
 . Finding Object by 'RelativePoint Search' (Try: 1) ... 

2025-08-27 10:32:35,917 [T11-ScriptEngine] INFO  WinFinder
Finding Result: Found by 'ObjectPathEx' method. (Total: 1)
 - name: '꺾은선형'
 - value: ''

2025-08-27 10:32:36,542 [T11-ScriptEngine] INFO  JobRequest
 - STEP 60: Sea1b7b16626a49b794e49dc66d35c89c (34/92) - (60/116)
 - [34] Click


2025-08-27 10:32:36,806 [T17] DEBUG UIAEventHandler
UI Structure Changed Count: 2

2025-08-27 10:32:37,008 [T17] DEBUG UIAEventHandler
Waiting additional time 421 msec for the screen structure is changing. Requested interval: 200 msec.

2025-08-27 10:32:37,030 [T17] INFO  WinFinder
Finding Object In App... Try: 1, IsLastTry: False. AppCount: 1

2025-08-27 10:32:38,050 [T5] WARN  WinApi
SetForeground Failed.
 Attach ThreadInput - True
 Foreground Window - HWND: 2754710, Title: [NoTitle], PID: 4612, ProcessName: EXCEL
 Target Window - HWND: 4327240, Title: 업종분석_264_2020-2024.xlsx - Excel, PID: 4612, ProcessName: EXCEL

2025-08-27 10:32:38,152 [T17] DEBUG WinElementTargetFinder
## Object Find In App (name: '업종분석_264_2020-2024.xlsx - Exce...')

2025-08-27 10:32:38,231 [T17] INFO  WinFinder
 . Finding Object by 'RelativePoint Search' (Try: 1) ... 

2025-08-27 10:32:38,287 [T11-ScriptEngine] INFO  WinFinder
Finding Result: Found by 'ObjectPathEx' method. (Total: 1)
 - name: '표식이 있는 꺾은선형'
 - value: ''

2025-08-27 10:32:38,899 [T11-ScriptEngine] INFO  JobRequest
 - STEP 61: S8a3f3d40b93f4d7b97fd791f29cb7378 (35/92) - (61/116)
 - [35] Click


2025-08-27 10:32:38,942 [T18] INFO  WinFinder
Finding Object In App... Try: 1, IsLastTry: False. AppCount: 1

2025-08-27 10:32:39,965 [T17] WARN  WinApi
SetForeground Failed.
 Attach ThreadInput - True
 Foreground Window - HWND: 1967672, Title: 차트 종류 변경, PID: 4612, ProcessName: EXCEL
 Target Window - HWND: 4327240, Title: 업종분석_264_2020-2024.xlsx - Excel, PID: 4612, ProcessName: EXCEL

2025-08-27 10:32:40,067 [T18] DEBUG WinElementTargetFinder
## Object Find In App (name: '업종분석_264_2020-2024.xlsx - Exce...')

2025-08-27 10:32:40,129 [T18] INFO  WinFinder
 . Finding Object by 'RelativePoint Search' (Try: 1) ... 

2025-08-27 10:32:40,185 [T11-ScriptEngine] INFO  WinFinder
Finding Result: Found by 'ObjectPathEx' method. (Total: 1)
 - name: '보조 축 옵션으로 이동'
 - value: ''

2025-08-27 10:32:40,797 [T11-ScriptEngine] INFO  JobRequest
 - STEP 62: S07f25720f9394b25a197c52db67836b5 (36/92) - (62/116)
 - [36] Click


2025-08-27 10:32:40,835 [T10] INFO  WinFinder
Finding Object In App... Try: 1, IsLastTry: False. AppCount: 1

2025-08-27 10:32:41,851 [T21] WARN  WinApi
SetForeground Failed.
 Attach ThreadInput - True
 Foreground Window - HWND: 1967672, Title: 차트 종류 변경, PID: 4612, ProcessName: EXCEL
 Target Window - HWND: 4327240, Title: 업종분석_264_2020-2024.xlsx - Excel, PID: 4612, ProcessName: EXCEL

2025-08-27 10:32:41,966 [T10] DEBUG WinElementTargetFinder
## Object Find In App (name: '업종분석_264_2020-2024.xlsx - Exce...')

2025-08-27 10:32:42,047 [T10] INFO  WinFinder
 . Finding Object by 'RelativePoint Search' (Try: 1) ... 

2025-08-27 10:32:42,091 [T11-ScriptEngine] INFO  WinFinder
Finding Result: Found by 'ObjectPathEx' method. (Total: 1)
 - name: '확인'
 - value: ''

2025-08-27 10:32:42,718 [T11-ScriptEngine] INFO  JobRequest
 - STEP 63: Sdfb0eed679624302b265343dfca6d3b7 (37/92) - (63/116)
 - [37] RightClick


2025-08-27 10:32:43,009 [T18] INFO  WinFinder
Finding Object In App... Try: 1, IsLastTry: False. AppCount: 1

2025-08-27 10:32:43,011 [T18] DEBUG WinElementTargetFinder
## Object Find In App (name: '업종분석_264_2020-2024.xlsx - Exce...')

2025-08-27 10:32:43,729 [T18] INFO  WinFinder
 . Finding Object by 'RelativePoint Search' (Try: 1) ... 

2025-08-27 10:32:43,922 [T18] DEBUG UIAEventHandler
UI Structure Changed Count: 0

2025-08-27 10:32:43,922 [T18] DEBUG UIAEventHandler
Waiting additional time 37 msec for the screen structure is changing. Requested interval: 100 msec.

2025-08-27 10:32:43,922 [T11-ScriptEngine] INFO  WinFinder
Finding Result: Found by 'ObjectPathEx' method. (Total: 1)
 - name: ''
 - value: ''

2025-08-27 10:32:44,341 [T11-ScriptEngine] INFO  JobRequest
 - STEP 64: S70682de173fd40e8983727c594d95e8c (38/92) - (64/116)
 - [38] Click


2025-08-27 10:32:44,637 [T21] INFO  WinFinder
Finding Object In App... Try: 1, IsLastTry: False. AppCount: 1

2025-08-27 10:32:44,648 [T21] DEBUG WinElementTargetFinder
## Object Find In App (name: '업종분석_264_2020-2024.xlsx - Exce...')

2025-08-27 10:32:44,808 [T21] INFO  WinFinder
 . Finding Object by 'RelativePoint Search' (Try: 1) ... 

2025-08-27 10:32:44,903 [T21] DEBUG UIAEventHandler
UI Structure Changed Count: 0

2025-08-27 10:32:44,903 [T21] DEBUG UIAEventHandler
Waiting additional time 35 msec for the screen structure is changing. Requested interval: 100 msec.

2025-08-27 10:32:44,903 [T11-ScriptEngine] INFO  WinFinder
Finding Result: Found by 'ObjectPathEx' method. (Total: 1)
 - name: '차트 영역 서식...'
 - value: ''

2025-08-27 10:32:45,324 [T11-ScriptEngine] INFO  JobRequest
 - STEP 65: S3c3c12b5005748ff8c42ba27f3514ba7 (39/92) - (65/116)
 - [39] Click


2025-08-27 10:32:45,702 [T5] INFO  WinFinder
Finding Object In App... Try: 1, IsLastTry: False. AppCount: 1

2025-08-27 10:32:45,719 [T5] DEBUG WinElementTargetFinder
## Object Find In App (name: '업종분석_264_2020-2024.xlsx - Exce...')

2025-08-27 10:32:46,226 [T5] INFO  WinFinder
 . Finding Object by 'RelativePoint Search' (Try: 1) ... 

2025-08-27 10:32:46,397 [T11-ScriptEngine] INFO  WinFinder
Finding Result: Found by 'ObjectPathEx' method. (Total: 1)
 - name: '크기 및 속성'
 - value: ''

2025-08-27 10:32:46,807 [T11-ScriptEngine] INFO  JobRequest
 - STEP 66: Sff5b496e0c104fce8cdada62f2298664 (40/92) - (66/116)
 - [40] Click


2025-08-27 10:32:46,918 [T18] INFO  WinFinder
Finding Object In App... Try: 1, IsLastTry: False. AppCount: 1

2025-08-27 10:32:46,939 [T18] DEBUG WinElementTargetFinder
## Object Find In App (name: '업종분석_264_2020-2024.xlsx - Exce...')

2025-08-27 10:32:47,038 [T18] INFO  WinFinder
 . Finding Object by 'RelativePoint Search' (Try: 1) ... 

2025-08-27 10:32:47,092 [T11-ScriptEngine] INFO  WinFinder
Finding Result: Found by 'ObjectPathEx' method. (Total: 1)
 - name: ''
 - value: ''

2025-08-27 10:32:47,508 [T11-ScriptEngine] INFO  JobRequest
 - STEP 67: S909f9071915d452596a40cb91350fb3e (41/92) - (67/116)
 - [41] TextInput


2025-08-27 10:32:47,572 [T18] INFO  WinFinder
Finding Object In App... Try: 1, IsLastTry: False. AppCount: 1

2025-08-27 10:32:47,574 [T18] DEBUG WinElementTargetFinder
## Object Find In App (name: '업종분석_264_2020-2024.xlsx - Exce...')

2025-08-27 10:32:47,678 [T18] INFO  WinFinder
 . Finding Object by 'RelativePoint Search' (Try: 1) ... 

2025-08-27 10:32:47,733 [T11-ScriptEngine] INFO  WinFinder
Finding Result: Found by 'ObjectPathEx' method. (Total: 1)
 - name: '높이 조절'
 - value: '100%'

2025-08-27 10:32:50,147 [T11-ScriptEngine] INFO  JobRequest
 - STEP 68: S98c69bbefad84755ada5bc37df9788a6 (42/92) - (68/116)
 - [42] TextInput


2025-08-27 10:32:50,518 [T10] INFO  WinFinder
Finding Object In App... Try: 1, IsLastTry: False. AppCount: 1

2025-08-27 10:32:50,533 [T10] DEBUG WinElementTargetFinder
## Object Find In App (name: '업종분석_264_2020-2024.xlsx - Exce...')

2025-08-27 10:32:50,646 [T10] INFO  WinFinder
 . Finding Object by 'RelativePoint Search' (Try: 1) ... 

2025-08-27 10:32:50,701 [T11-ScriptEngine] INFO  WinFinder
Finding Result: Found by 'ObjectPathEx' method. (Total: 1)
 - name: '너비 조절'
 - value: '100%'

2025-08-27 10:32:53,072 [T11-ScriptEngine] INFO  JobRequest
 - STEP 69: S7d5e5a6689e14f29aeb27f768af0317c (43/92) - (69/116)
 - [43] MouseScroll


2025-08-27 10:32:53,338 [T10] INFO  WinFinder
Finding Object In App... Try: 1, IsLastTry: False. AppCount: 1

2025-08-27 10:32:53,352 [T10] DEBUG WinElementTargetFinder
## Object Find In App (name: '업종분석_264_2020-2024.xlsx - Exce...')

2025-08-27 10:32:53,491 [T10] INFO  WinFinder
 . Finding Object by 'RelativePoint Search' (Try: 1) ... 

2025-08-27 10:32:53,550 [T11-ScriptEngine] INFO  WinFinder
Finding Result: Found by 'ObjectPathEx' method. (Total: 1)
 - name: '위치'
 - value: ''

2025-08-27 10:32:55,941 [T11-ScriptEngine] INFO  JobRequest
 - STEP 70: S0cf440ed7bf245ea91d3f7b71e521dcc (44/92) - (70/116)
 - [44] Click


2025-08-27 10:32:55,972 [T17] INFO  WinFinder
Finding Object In App... Try: 1, IsLastTry: False. AppCount: 1

2025-08-27 10:32:55,973 [T17] DEBUG WinElementTargetFinder
## Object Find In App (name: '업종분석_264_2020-2024.xlsx - Exce...')

2025-08-27 10:32:56,064 [T17] INFO  WinFinder
 . Finding Object by 'RelativePoint Search' (Try: 1) ... 

2025-08-27 10:32:56,122 [T11-ScriptEngine] INFO  WinFinder
Finding Result: Found by 'ObjectPathEx' method. (Total: 1)
 - name: 'Sheet1'
 - value: ''

2025-08-27 10:32:56,547 [T11-ScriptEngine] INFO  JobRequest
 - STEP 71: Sb63f9f2896ad4503a5e9c74555d3efd2 (45/92) - (71/116)
 - [45] SelectRange


2025-08-27 10:32:56,890 [T11-ScriptEngine] INFO  JobRequest
 - STEP 72: Sb0ec664143894bb79e8611336bda0358 (46/92) - (72/116)
 - [46] SendShortCut


2025-08-27 10:32:57,295 [T11-ScriptEngine] INFO  JobRequest
 - STEP 73: Sf42936f574b64959a778a22aa28e7ff7 (47/92) - (73/116)
 - [47] SendShortCut


2025-08-27 10:32:57,620 [T11-ScriptEngine] INFO  JobRequest
 - STEP 74: S5e1ac0e1541c43cbbfcc3b0ae9a57f9b (48/92) - (74/116)
 - [48] Click


2025-08-27 10:32:57,784 [T17] INFO  WinFinder
Finding Object In App... Try: 1, IsLastTry: False. AppCount: 1

2025-08-27 10:32:57,784 [T17] DEBUG WinElementTargetFinder
## Object Find In App (name: '피벗 차트 만들기')

2025-08-27 10:32:57,869 [T17] INFO  WinFinder
 . Finding Object by 'RelativePoint Search' (Try: 1) ... 

2025-08-27 10:32:57,924 [T11-ScriptEngine] INFO  WinFinder
Finding Result: Found by 'ObjectPathEx' method. (Total: 1)
 - name: '기존 워크시트(E)'
 - value: ''

2025-08-27 10:32:58,351 [T11-ScriptEngine] INFO  JobRequest
 - STEP 75: Scfe7c4ec3ca344c8b2b752c5dea21a91 (49/92) - (75/116)
 - [49] TextInput


2025-08-27 10:32:58,394 [T15] INFO  WinFinder
Finding Object In App... Try: 1, IsLastTry: False. AppCount: 1

2025-08-27 10:32:58,395 [T15] DEBUG WinElementTargetFinder
## Object Find In App (name: '피벗 차트 만들기')

2025-08-27 10:32:58,427 [T15] INFO  WinFinder
 . Finding Object by 'RelativePoint Search' (Try: 1) ... 

2025-08-27 10:32:58,486 [T11-ScriptEngine] INFO  WinFinder
Finding Result: Found by 'ObjectPathEx' method. (Total: 1)
 - name: ''
 - value: ''

2025-08-27 10:33:01,229 [T11-ScriptEngine] INFO  JobRequest
 - STEP 76: S1488dab3bd2a4586837d8f69a7c5ef3c (50/92) - (76/116)
 - [50] Click


2025-08-27 10:33:01,299 [T5] ERROR UIAHelper
Failed to get element from handle: 1706206 - PID: -1 ()
=> 이벤트에서 가입자를 불러낼 수 없습니다. (예외가 발생한 HRESULT: 0x80040201)

2025-08-27 10:33:01,485 [T5] INFO  WinFinder
Finding Object In App... Try: 1, IsLastTry: False. AppCount: 1

2025-08-27 10:33:01,589 [T5] DEBUG WinElementTargetFinder
## Object Find In App (name: '업종분석_264_2020-2024.xlsx - Exce...')

2025-08-27 10:33:02,017 [T5] INFO  WinFinder
 . Finding Object by 'RelativePoint Search' (Try: 1) ... 

2025-08-27 10:33:02,078 [T11-ScriptEngine] INFO  WinFinder
Finding Result: Found by 'ObjectPathEx' method. (Total: 1)
 - name: '기업명'
 - value: ''

2025-08-27 10:33:02,487 [T11-ScriptEngine] INFO  JobRequest
 - STEP 77: S2a068390532449a7ac529868500fa4d1 (52/92) - (77/116)
 - [52] Click


2025-08-27 10:33:02,705 [T15] INFO  WinFinder
Finding Object In App... Try: 1, IsLastTry: False. AppCount: 1

2025-08-27 10:33:02,706 [T15] DEBUG WinElementTargetFinder
## Object Find In App (name: '업종분석_264_2020-2024.xlsx - Exce...')

2025-08-27 10:33:02,796 [T15] INFO  WinFinder
 . Finding Object by 'RelativePoint Search' (Try: 1) ... 

2025-08-27 10:33:02,846 [T11-ScriptEngine] INFO  WinFinder
Finding Result: Found by 'ObjectPathEx' method. (Total: 1)
 - name: '구분'
 - value: ''

2025-08-27 10:33:03,266 [T11-ScriptEngine] INFO  JobRequest
 - STEP 78: S330e2baba8fd4098b829868f27497fcd (53/92) - (78/116)
 - [53] MouseScroll


2025-08-27 10:33:03,514 [T5] INFO  WinFinder
Finding Object In App... Try: 1, IsLastTry: False. AppCount: 1

2025-08-27 10:33:03,515 [T5] DEBUG WinElementTargetFinder
## Object Find In App (name: '업종분석_264_2020-2024.xlsx - Exce...')

2025-08-27 10:33:03,612 [T5] INFO  WinFinder
 . Finding Object by 'RelativePoint Search' (Try: 1) ... 

2025-08-27 10:33:03,663 [T11-ScriptEngine] INFO  WinFinder
Finding Result: Found by 'ObjectPathEx' method. (Total: 1)
 - name: '위치'
 - value: ''

2025-08-27 10:33:05,175 [T11-ScriptEngine] INFO  JobRequest
 - STEP 79: S9d132a22d6e04476a966f340d3312e1d (54/92) - (79/116)
 - [54] Click


2025-08-27 10:33:05,209 [T5] INFO  WinFinder
Finding Object In App... Try: 1, IsLastTry: False. AppCount: 1

2025-08-27 10:33:05,210 [T5] DEBUG WinElementTargetFinder
## Object Find In App (name: '업종분석_264_2020-2024.xlsx - Exce...')

2025-08-27 10:33:05,312 [T5] INFO  WinFinder
 . Finding Object by 'RelativePoint Search' (Try: 1) ... 

2025-08-27 10:33:05,363 [T11-ScriptEngine] INFO  WinFinder
Finding Result: Found by 'ObjectPathEx' method. (Total: 1)
 - name: '영업비용률'
 - value: ''

2025-08-27 10:33:05,781 [T11-ScriptEngine] INFO  JobRequest
 - STEP 80: S1f991b05444b4b88b43fe1dc2e530884 (55/92) - (80/116)
 - [55] Click


2025-08-27 10:33:06,076 [T15] INFO  WinFinder
Finding Object In App... Try: 1, IsLastTry: False. AppCount: 1

2025-08-27 10:33:06,077 [T15] DEBUG WinElementTargetFinder
## Object Find In App (name: '업종분석_264_2020-2024.xlsx - Exce...')

2025-08-27 10:33:06,175 [T15] INFO  WinFinder
 . Finding Object by 'RelativePoint Search' (Try: 1) ... 

2025-08-27 10:33:06,226 [T11-ScriptEngine] INFO  WinFinder
Finding Result: Found by 'ObjectPathEx' method. (Total: 1)
 - name: '영업이익률'
 - value: ''

2025-08-27 10:33:06,637 [T11-ScriptEngine] INFO  JobRequest
 - STEP 81: Sd1804f6066344779971a6ab26db601ee (56/92) - (81/116)
 - [56] Click


2025-08-27 10:33:06,966 [T17] INFO  WinFinder
Finding Object In App... Try: 1, IsLastTry: False. AppCount: 1

2025-08-27 10:33:06,967 [T17] DEBUG WinElementTargetFinder
## Object Find In App (name: '업종분석_264_2020-2024.xlsx - Exce...')

2025-08-27 10:33:07,056 [T17] INFO  WinFinder
 . Finding Object by 'RelativePoint Search' (Try: 1) ... 

2025-08-27 10:33:07,117 [T11-ScriptEngine] INFO  WinFinder
Finding Result: Found by 'ObjectPathEx' method. (Total: 1)
 - name: '기업명'
 - value: ''

2025-08-27 10:33:07,543 [T11-ScriptEngine] INFO  JobRequest
 - STEP 82: Sbd571a4c34494e83aa47758e53cfde1a (57/92) - (82/116)
 - [57] Click


2025-08-27 10:33:07,799 [T5] INFO  WinFinder
Finding Object In App... Try: 1, IsLastTry: False. AppCount: 1

2025-08-27 10:33:07,804 [T5] DEBUG WinElementTargetFinder
## Object Find In App (name: '업종분석_264_2020-2024.xlsx - Exce...')

2025-08-27 10:33:07,896 [T5] INFO  WinFinder
 . Finding Object by 'RelativePoint Search' (Try: 1) ... 

2025-08-27 10:33:07,956 [T11-ScriptEngine] INFO  WinFinder
Finding Result: Found by 'ObjectPathEx' method. (Total: 1)
 - name: '범례 필드(계열)로 이동'
 - value: ''

2025-08-27 10:33:08,370 [T11-ScriptEngine] INFO  JobRequest
 - STEP 83: S8824fb8e7ea04957a4b36b9f7e93b1c8 (58/92) - (83/116)
 - [58] Click


2025-08-27 10:33:08,640 [T17] INFO  WinFinder
Finding Object In App... Try: 1, IsLastTry: False. AppCount: 1

2025-08-27 10:33:08,641 [T17] DEBUG WinElementTargetFinder
## Object Find In App (name: '업종분석_264_2020-2024.xlsx - Exce...')

2025-08-27 10:33:08,738 [T17] INFO  WinFinder
 . Finding Object by 'RelativePoint Search' (Try: 1) ... 

2025-08-27 10:33:08,793 [T11-ScriptEngine] INFO  WinFinder
Finding Result: Found by 'ObjectPathEx' method. (Total: 1)
 - name: ''
 - value: ''

2025-08-27 10:33:09,255 [T11-ScriptEngine] INFO  JobRequest
 - STEP 84: Seb7576f0d0124585b90441e0245f8268 (59/92) - (84/116)
 - [59] SetCheckState


2025-08-27 10:33:09,465 [T5] INFO  WinFinder
Finding Object In App... Try: 1, IsLastTry: False. AppCount: 1

2025-08-27 10:33:09,613 [T5] DEBUG WinElementTargetFinder
## Object Find In App (name: '업종분석_264_2020-2024.xlsx - Exce...')

2025-08-27 10:33:09,698 [T5] INFO  WinFinder
 . Finding Object by 'RelativePoint Search' (Try: 1) ... 

2025-08-27 10:33:09,766 [T11-ScriptEngine] INFO  WinFinder
Finding Result: Found by 'ObjectPathEx' method. (Total: 1)
 - name: '삼성전자'
 - value: ''

2025-08-27 10:33:09,781 [T11-ScriptEngine] INFO  JobRequest
 - STEP 85: S32ae8f965b8b45189b4bfccf68e18f3b (60/92) - (85/116)
 - [60] Click


2025-08-27 10:33:09,823 [T10] INFO  WinFinder
Finding Object In App... Try: 1, IsLastTry: False. AppCount: 1

2025-08-27 10:33:09,952 [T10] DEBUG WinElementTargetFinder
## Object Find In App (name: '업종분석_264_2020-2024.xlsx - Exce...')

2025-08-27 10:33:10,019 [T10] INFO  WinFinder
 . Finding Object by 'RelativePoint Search' (Try: 1) ... 

2025-08-27 10:33:10,072 [T11-ScriptEngine] INFO  WinFinder
Finding Result: Found by 'ObjectPathEx' method. (Total: 1)
 - name: '확인'
 - value: ''

2025-08-27 10:33:10,499 [T11-ScriptEngine] INFO  JobRequest
 - STEP 86: S0d0d22897f8547cd926a85b06e74d4d1 (61/92) - (86/116)
 - [61] Click


2025-08-27 10:33:10,781 [T10] INFO  WinFinder
Finding Object In App... Try: 1, IsLastTry: False. AppCount: 1

2025-08-27 10:33:10,782 [T10] DEBUG WinElementTargetFinder
## Object Find In App (name: '업종분석_264_2020-2024.xlsx - Exce...')

2025-08-27 10:33:10,870 [T10] INFO  WinFinder
 . Finding Object by 'RelativePoint Search' (Try: 1) ... 

2025-08-27 10:33:10,931 [T11-ScriptEngine] INFO  WinFinder
Finding Result: Found by 'ObjectPathEx' method. (Total: 1)
 - name: ''
 - value: ''

2025-08-27 10:33:11,340 [T11-ScriptEngine] INFO  JobRequest
 - STEP 87: S437c595ad868463d8d0ea620519b9dfa (62/92) - (87/116)
 - [62] Click


2025-08-27 10:33:11,544 [T10] INFO  WinFinder
Finding Object In App... Try: 1, IsLastTry: False. AppCount: 1

2025-08-27 10:33:11,553 [T10] DEBUG WinElementTargetFinder
## Object Find In App (name: '업종분석_264_2020-2024.xlsx - Exce...')

2025-08-27 10:33:11,686 [T10] INFO  WinFinder
 . Finding Object by 'RelativePoint Search' (Try: 1) ... 

2025-08-27 10:33:11,759 [T10] DEBUG UIAEventHandler
UI Structure Changed Count: 0

2025-08-27 10:33:11,759 [T10] DEBUG UIAEventHandler
Waiting additional time 19 msec for the screen structure is changing. Requested interval: 100 msec.

2025-08-27 10:33:11,759 [T11-ScriptEngine] INFO  WinFinder
Finding Result: Found by 'ObjectPathEx' method. (Total: 1)
 - name: '텍스트 내림차순 정렬'
 - value: ''

2025-08-27 10:33:12,178 [T11-ScriptEngine] INFO  JobRequest
 - STEP 88: S19fc3d1efe08468faf140f83921d7c28 (63/92) - (88/116)
 - [63] Click


2025-08-27 10:33:12,629 [T17] INFO  WinFinder
Finding Object In App... Try: 1, IsLastTry: False. AppCount: 1

2025-08-27 10:33:12,631 [T17] DEBUG WinElementTargetFinder
## Object Find In App (name: '업종분석_264_2020-2024.xlsx - Exce...')

2025-08-27 10:33:13,986 [T17] INFO  WinFinder
 . Finding Object by 'RelativePoint Search' (Try: 1) ... 

2025-08-27 10:33:14,039 [T11-ScriptEngine] INFO  WinFinder
Finding Result: Found by 'TopDown' method. (Total: 1)
 - name: '합계 : 영업비용률'
 - value: ''

2025-08-27 10:33:14,467 [T11-ScriptEngine] INFO  JobRequest
 - STEP 89: Sb17cddd8f142410cae3fd150c07e50ff (64/92) - (89/116)
 - [64] Click


2025-08-27 10:33:14,761 [T17] INFO  WinFinder
Finding Object In App... Try: 1, IsLastTry: False. AppCount: 1

2025-08-27 10:33:14,762 [T17] DEBUG WinElementTargetFinder
## Object Find In App (name: '업종분석_264_2020-2024.xlsx - Exce...')

2025-08-27 10:33:14,847 [T17] INFO  WinFinder
 . Finding Object by 'RelativePoint Search' (Try: 1) ... 

2025-08-27 10:33:14,905 [T11-ScriptEngine] INFO  WinFinder
Finding Result: Found by 'ObjectPathEx' method. (Total: 1)
 - name: '값 필드 설정... '
 - value: ''

2025-08-27 10:33:15,313 [T11-ScriptEngine] INFO  JobRequest
 - STEP 90: Se8880295dbd24a029db996e2abd425e6 (65/92) - (90/116)
 - [65] Click


2025-08-27 10:33:15,515 [T17] DEBUG UIAEventHandler
UI Structure Changed Count: 0

2025-08-27 10:33:15,515 [T17] DEBUG UIAEventHandler
Waiting additional time 178 msec for the screen structure is changing. Requested interval: 200 msec.

2025-08-27 10:33:15,527 [T17] INFO  WinFinder
Finding Object In App... Try: 1, IsLastTry: False. AppCount: 1

2025-08-27 10:33:15,528 [T17] DEBUG WinElementTargetFinder
## Object Find In App (name: '값 필드 설정')

2025-08-27 10:33:15,623 [T17] INFO  WinFinder
 . Finding Object by 'RelativePoint Search' (Try: 1) ... 

2025-08-27 10:33:15,678 [T11-ScriptEngine] INFO  WinFinder
Finding Result: Found by 'ObjectPathEx' method. (Total: 1)
 - name: '평균'
 - value: ''

2025-08-27 10:33:16,094 [T11-ScriptEngine] INFO  JobRequest
 - STEP 91: S70522bd9eb05463a9db893916e0a012b (66/92) - (91/116)
 - [66] Click


2025-08-27 10:33:16,128 [T21] INFO  WinFinder
Finding Object In App... Try: 1, IsLastTry: False. AppCount: 1

2025-08-27 10:33:16,129 [T21] DEBUG WinElementTargetFinder
## Object Find In App (name: '값 필드 설정')

2025-08-27 10:33:16,181 [T21] INFO  WinFinder
 . Finding Object by 'RelativePoint Search' (Try: 1) ... 

2025-08-27 10:33:16,230 [T11-ScriptEngine] INFO  WinFinder
Finding Result: Found by 'ObjectPathEx' method. (Total: 1)
 - name: '확인'
 - value: ''

2025-08-27 10:33:16,638 [T11-ScriptEngine] INFO  JobRequest
 - STEP 92: S00821f221cb344f4be8500fd445a0a4a (67/92) - (92/116)
 - [67] Click


2025-08-27 10:33:17,120 [T17] INFO  WinFinder
Finding Object In App... Try: 1, IsLastTry: False. AppCount: 1

2025-08-27 10:33:17,121 [T17] DEBUG WinElementTargetFinder
## Object Find In App (name: '업종분석_264_2020-2024.xlsx - Exce...')

2025-08-27 10:33:18,050 [T17] INFO  WinFinder
 . Finding Object by 'RelativePoint Search' (Try: 1) ... 

2025-08-27 10:33:18,102 [T11-ScriptEngine] INFO  WinFinder
Finding Result: Found by 'TopDown' method. (Total: 1)
 - name: '합계 : 영업이익률'
 - value: ''

2025-08-27 10:33:18,539 [T11-ScriptEngine] INFO  JobRequest
 - STEP 93: Sf398c412176f4d8691dc825dbead568e (68/92) - (93/116)
 - [68] Click


2025-08-27 10:33:18,861 [T10] INFO  WinFinder
Finding Object In App... Try: 1, IsLastTry: False. AppCount: 1

2025-08-27 10:33:18,861 [T10] DEBUG WinElementTargetFinder
## Object Find In App (name: '업종분석_264_2020-2024.xlsx - Exce...')

2025-08-27 10:33:19,005 [T10] INFO  WinFinder
 . Finding Object by 'RelativePoint Search' (Try: 1) ... 

2025-08-27 10:33:19,058 [T11-ScriptEngine] INFO  WinFinder
Finding Result: Found by 'ObjectPathEx' method. (Total: 1)
 - name: '값 필드 설정... '
 - value: ''

2025-08-27 10:33:19,491 [T11-ScriptEngine] INFO  JobRequest
 - STEP 94: Sa2d7cbf6677a45bd8a5bd09a9a80ab52 (69/92) - (94/116)
 - [69] Click


2025-08-27 10:33:19,692 [T15] DEBUG UIAEventHandler
UI Structure Changed Count: 0

2025-08-27 10:33:19,692 [T15] DEBUG UIAEventHandler
Waiting additional time 175 msec for the screen structure is changing. Requested interval: 200 msec.

2025-08-27 10:33:19,706 [T15] INFO  WinFinder
Finding Object In App... Try: 1, IsLastTry: False. AppCount: 1

2025-08-27 10:33:19,707 [T15] DEBUG WinElementTargetFinder
## Object Find In App (name: '값 필드 설정')

2025-08-27 10:33:19,803 [T15] INFO  WinFinder
 . Finding Object by 'RelativePoint Search' (Try: 1) ... 

2025-08-27 10:33:19,857 [T11-ScriptEngine] INFO  WinFinder
Finding Result: Found by 'ObjectPathEx' method. (Total: 1)
 - name: '평균'
 - value: ''

2025-08-27 10:33:20,272 [T11-ScriptEngine] INFO  JobRequest
 - STEP 95: S3b9f627b16e945d88cdaaa656c184c71 (70/92) - (95/116)
 - [70] Click


2025-08-27 10:33:20,317 [T17] INFO  WinFinder
Finding Object In App... Try: 1, IsLastTry: False. AppCount: 1

2025-08-27 10:33:20,318 [T17] DEBUG WinElementTargetFinder
## Object Find In App (name: '값 필드 설정')

2025-08-27 10:33:20,368 [T17] INFO  WinFinder
 . Finding Object by 'RelativePoint Search' (Try: 1) ... 

2025-08-27 10:33:20,424 [T11-ScriptEngine] INFO  WinFinder
Finding Result: Found by 'ObjectPathEx' method. (Total: 1)
 - name: '확인'
 - value: ''

2025-08-27 10:33:20,834 [T11-ScriptEngine] INFO  JobRequest
 - STEP 96: Sdf8f9d772e9d409c8e125ac9bdad9a3a (71/92) - (96/116)
 - [71] RightClick


2025-08-27 10:33:21,352 [T10] INFO  WinFinder
Finding Object In App... Try: 1, IsLastTry: False. AppCount: 1

2025-08-27 10:33:21,370 [T10] DEBUG WinElementTargetFinder
## Object Find In App (name: '업종분석_264_2020-2024.xlsx - Exce...')

2025-08-27 10:33:23,029 [T10] INFO  WinFinder
 . Finding Object by 'RelativePoint Search' (Try: 1) ... 

2025-08-27 10:33:23,082 [T11-ScriptEngine] INFO  WinFinder
Finding Result: Found by 'ObjectPathEx' method. (Total: 1)
 - name: ''
 - value: ''

2025-08-27 10:33:23,514 [T11-ScriptEngine] INFO  JobRequest
 - STEP 97: S2b97a9525a2e406f8c709de0cf69ac6b (72/92) - (97/116)
 - [72] Click


2025-08-27 10:33:24,224 [T17] DEBUG UIAEventHandler
UI Structure Changed Count: 3

2025-08-27 10:33:24,535 [T17] DEBUG UIAEventHandler
Waiting additional time 521 msec for the screen structure is changing. Requested interval: 200 msec.

2025-08-27 10:33:24,562 [T17] INFO  WinFinder
Finding Object In App... Try: 1, IsLastTry: False. AppCount: 1

2025-08-27 10:33:24,563 [T17] DEBUG WinElementTargetFinder
## Object Find In App (name: '업종분석_264_2020-2024.xlsx - Exce...')

2025-08-27 10:33:24,622 [T17] INFO  WinFinder
 . Finding Object by 'RelativePoint Search' (Try: 1) ... 

2025-08-27 10:33:24,677 [T11-ScriptEngine] INFO  WinFinder
Finding Result: Found by 'ObjectPathEx' method. (Total: 1)
 - name: '차트 종류 변경...'
 - value: ''

2025-08-27 10:33:25,144 [T11-ScriptEngine] INFO  JobRequest
 - STEP 98: S8bcb395b680b48e4805665e03d1a11a9 (73/92) - (98/116)
 - [73] Click


2025-08-27 10:33:25,203 [T5] INFO  WinFinder
Finding Object In App... Try: 1, IsLastTry: False. AppCount: 1

2025-08-27 10:33:26,217 [T17] WARN  WinApi
SetForeground Failed.
 Attach ThreadInput - True
 Foreground Window - HWND: 2557274, Title: 차트 종류 변경, PID: 4612, ProcessName: EXCEL
 Target Window - HWND: 4327240, Title: 업종분석_264_2020-2024.xlsx - Excel, PID: 4612, ProcessName: EXCEL

2025-08-27 10:33:26,322 [T5] DEBUG WinElementTargetFinder
## Object Find In App (name: '업종분석_264_2020-2024.xlsx - Exce...')

2025-08-27 10:33:26,411 [T5] INFO  WinFinder
 . Finding Object by 'RelativePoint Search' (Try: 1) ... 

2025-08-27 10:33:26,460 [T11-ScriptEngine] INFO  WinFinder
Finding Result: Found by 'ObjectPathEx' method. (Total: 1)
 - name: '100% 기준 누적 세로 막대형'
 - value: ''

2025-08-27 10:33:27,078 [T11-ScriptEngine] INFO  JobRequest
 - STEP 99: S6be1c3ab6eb54d16b691dc39eb1db419 (74/92) - (99/116)
 - [74] Click


2025-08-27 10:33:27,114 [T5] INFO  WinFinder
Finding Object In App... Try: 1, IsLastTry: False. AppCount: 1

2025-08-27 10:33:28,139 [T10] WARN  WinApi
SetForeground Failed.
 Attach ThreadInput - True
 Foreground Window - HWND: 2557274, Title: 차트 종류 변경, PID: 4612, ProcessName: EXCEL
 Target Window - HWND: 4327240, Title: 업종분석_264_2020-2024.xlsx - Excel, PID: 4612, ProcessName: EXCEL

2025-08-27 10:33:28,243 [T5] DEBUG WinElementTargetFinder
## Object Find In App (name: '업종분석_264_2020-2024.xlsx - Exce...')

2025-08-27 10:33:28,332 [T5] INFO  WinFinder
 . Finding Object by 'RelativePoint Search' (Try: 1) ... 

2025-08-27 10:33:28,376 [T11-ScriptEngine] INFO  WinFinder
Finding Result: Found by 'ObjectPathEx' method. (Total: 1)
 - name: '확인'
 - value: ''

2025-08-27 10:33:29,008 [T11-ScriptEngine] INFO  JobRequest
 - STEP 100: S4b31213038c54d18b1fed424e7f5df17 (75/92) - (100/116)
 - [75] RightClick


2025-08-27 10:33:29,161 [T21] INFO  WinFinder
Finding Object In App... Try: 1, IsLastTry: False. AppCount: 1

2025-08-27 10:33:29,162 [T21] DEBUG WinElementTargetFinder
## Object Find In App (name: '업종분석_264_2020-2024.xlsx - Exce...')

2025-08-27 10:33:29,278 [T21] INFO  WinFinder
 . Finding Object by 'RelativePoint Search' (Try: 1) ... 

2025-08-27 10:33:29,334 [T11-ScriptEngine] INFO  WinFinder
Finding Result: Found by 'ObjectPathEx' method. (Total: 1)
 - name: ''
 - value: ''

2025-08-27 10:33:29,737 [T11-ScriptEngine] INFO  JobRequest
 - STEP 101: Sbcd66410277946ca91f75b147fc623a1 (76/92) - (101/116)
 - [76] Click


2025-08-27 10:33:30,025 [T10] INFO  WinFinder
Finding Object In App... Try: 1, IsLastTry: False. AppCount: 1

2025-08-27 10:33:30,035 [T10] DEBUG WinElementTargetFinder
## Object Find In App (name: '업종분석_264_2020-2024.xlsx - Exce...')

2025-08-27 10:33:30,186 [T10] INFO  WinFinder
 . Finding Object by 'RelativePoint Search' (Try: 1) ... 

2025-08-27 10:33:30,295 [T10] DEBUG UIAEventHandler
UI Structure Changed Count: 0

2025-08-27 10:33:30,295 [T10] DEBUG UIAEventHandler
Waiting additional time 53 msec for the screen structure is changing. Requested interval: 100 msec.

2025-08-27 10:33:30,295 [T11-ScriptEngine] INFO  WinFinder
Finding Result: Found by 'ObjectPathEx' method. (Total: 1)
 - name: '차트 영역 서식...'
 - value: ''

2025-08-27 10:33:30,715 [T11-ScriptEngine] INFO  JobRequest
 - STEP 102: Scfa4548f74aa4cd1932b06838c658337 (77/92) - (102/116)
 - [77] Click


2025-08-27 10:33:31,042 [T5] INFO  WinFinder
Finding Object In App... Try: 1, IsLastTry: False. AppCount: 1

2025-08-27 10:33:31,053 [T5] DEBUG WinElementTargetFinder
## Object Find In App (name: '업종분석_264_2020-2024.xlsx - Exce...')

2025-08-27 10:33:31,307 [T5] INFO  WinFinder
 . Finding Object by 'RelativePoint Search' (Try: 1) ... 

2025-08-27 10:33:31,367 [T11-ScriptEngine] INFO  WinFinder
Finding Result: Found by 'ObjectPathEx' method. (Total: 1)
 - name: '크기 및 속성'
 - value: ''

2025-08-27 10:33:31,776 [T11-ScriptEngine] INFO  JobRequest
 - STEP 103: S4aa923d035a74e6e9e1a70d9fb92b950 (79/92) - (103/116)
 - [79] TextInput


2025-08-27 10:33:31,810 [T18] INFO  WinFinder
Finding Object In App... Try: 1, IsLastTry: False. AppCount: 1

2025-08-27 10:33:31,811 [T18] DEBUG WinElementTargetFinder
## Object Find In App (name: '업종분석_264_2020-2024.xlsx - Exce...')

2025-08-27 10:33:33,347 [T18] INFO  WinFinder
 . Finding Object by 'RelativePoint Search' (Try: 1) ... 

2025-08-27 10:33:33,403 [T11-ScriptEngine] INFO  WinFinder
Finding Result: Found by 'ObjectPathEx' method. (Total: 1)
 - name: '높이 조절'
 - value: '100%'

2025-08-27 10:33:35,783 [T11-ScriptEngine] INFO  JobRequest
 - STEP 104: Sc38b6cb4b9444f5bb4dd1626465d1161 (80/92) - (104/116)
 - [80] TextInput


2025-08-27 10:33:36,074 [T18] INFO  WinFinder
Finding Object In App... Try: 1, IsLastTry: False. AppCount: 1

2025-08-27 10:33:36,075 [T18] DEBUG WinElementTargetFinder
## Object Find In App (name: '업종분석_264_2020-2024.xlsx - Exce...')

2025-08-27 10:33:37,577 [T18] INFO  WinFinder
 . Finding Object by 'RelativePoint Search' (Try: 1) ... 

2025-08-27 10:33:37,641 [T11-ScriptEngine] INFO  WinFinder
Finding Result: Found by 'ObjectPathEx' method. (Total: 1)
 - name: '너비 조절'
 - value: '100%'

2025-08-27 10:33:40,095 [T11-ScriptEngine] INFO  JobRequest
 - STEP 105: Sb864082671d047c7a58bc4f2c9c2fe25 (81/92) - (105/116)
 - [81] MouseDrag


2025-08-27 10:33:40,334 [T10] INFO  WinFinder
Finding Object In App... Try: 1, IsLastTry: False. AppCount: 1

2025-08-27 10:33:40,335 [T10] DEBUG WinElementTargetFinder
## Object Find In App (name: '업종분석_264_2020-2024.xlsx - Exce...')

2025-08-27 10:33:40,427 [T10] INFO  WinFinder
 . Finding Object by 'RelativePoint Search' (Try: 1) ... 

2025-08-27 10:33:40,489 [T11-ScriptEngine] INFO  WinFinder
Finding Result: Found by 'ObjectPathEx' method. (Total: 1)
 - name: ''
 - value: ''

2025-08-27 10:33:40,966 [T11-ScriptEngine] INFO  JobRequest
 - STEP 106: Sf804cc546c864aa18099b32030d0657b (82/92) - (106/116)
 - [82] MouseDrop


2025-08-27 10:33:41,030 [T17] INFO  WinFinder
Finding Object In App... Try: 1, IsLastTry: False. AppCount: 1

2025-08-27 10:33:41,031 [T17] DEBUG WinElementTargetFinder
## Object Find In App (name: '업종분석_264_2020-2024.xlsx - Exce...')

2025-08-27 10:33:41,138 [T17] INFO  WinFinder
 . Finding Object by 'RelativePoint Search' (Try: 1) ... 

2025-08-27 10:33:41,188 [T11-ScriptEngine] INFO  WinFinder
Finding Result: Found by 'ObjectPathEx' method. (Total: 1)
 - name: '"A" 43'
 - value: ''

2025-08-27 10:33:42,872 [T11-ScriptEngine] INFO  JobRequest
 - STEP 107: Sc8808113edf04ad696fc9fdee7083041 (83/92) - (107/116)
 - [83] SelectRange


2025-08-27 10:33:43,013 [T11-ScriptEngine] INFO  JobRequest
 - STEP 108: S1082f7eeb0c84a22bd4eb48a51b2e7c5 (84/92) - (108/116)
 - [84] SendShortCut


2025-08-27 10:33:43,601 [T11-ScriptEngine] INFO  JobRequest
 - STEP 109: S639ab668ee674d82a9b1acae8d5a2e0b (85/92) - (109/116)
 - [85] SelectRange


2025-08-27 10:33:43,756 [T11-ScriptEngine] INFO  JobRequest
 - STEP 110: S0804d730ca374568a05fcedb2bc3dbcb (86/92) - (110/116)
 - [86] SendShortCut


2025-08-27 10:33:44,086 [T11-ScriptEngine] INFO  JobRequest
 - STEP 111: Sfa195a61bfe4452990ba4e88ae1f4850 (87/92) - (111/116)
 - [87] KeyInput


2025-08-27 10:33:46,102 [T11-ScriptEngine] INFO  JobRequest
 - STEP 112: S0e5f941341134e5d8e0f626b284a5b8c (88/92) - (112/116)
 - [88] WriteRange


2025-08-27 10:33:46,227 [T11-ScriptEngine] INFO  JobRequest
 - STEP 113: S7abee6e5c09446729a1fa924e260fcc6 (89/92) - (113/116)
 - [89] WriteRange


2025-08-27 10:33:46,305 [T11-ScriptEngine] INFO  JobRequest
 - STEP 114: S91ee88ff7a0f4d4eafeee955b8ae2088 (90/92) - (114/116)
 - [90] SaveExcel


2025-08-27 10:33:46,413 [T11-ScriptEngine] INFO  JobRequest
 - STEP 115: S4e937733850a4965bb25bdb74d170475 (91/92) - (115/116)
 - [91] Delay


2025-08-27 10:33:47,438 [T11-ScriptEngine] INFO  JobRequest
 - STEP 116: S0b9cc37d291d4e7690fd6565e32c9a07 (92/92) - (116/116)
 - [92] CloseExcel


2025-08-27 10:33:47,525 [T11-ScriptEngine] DEBUG ExcelBase
DisposeExcel

2025-08-27 10:33:48,803 [T11-ScriptEngine] INFO  JobRunner
[PASS] TASK: T_3_시각화

2025-08-27 10:33:48,805 [T11-ScriptEngine] INFO  JobRequest
##############################################################
### STATE: EndTask - T_3_시각화
##############################################################
1ef12143-8738-4a20-b78f-851548397f8a
T_3_시각화


2025-08-27 10:33:48,805 [T11-ScriptEngine] INFO  JobRunner
[PASS] TASK: P_Automatic_Analysis

2025-08-27 10:33:48,805 [T11-ScriptEngine] INFO  JobRequest
##############################################################
### STATE: EndProcess - P_Automatic_Analysis
##############################################################
2cc63046-6ac4-4bfe-b1d8-d587a5eae5f5
P_Automatic_Analysis


2025-08-27 10:33:48,826 [T11-ScriptEngine] INFO  JobRunner
RunProcess - Job Result: {}

2025-08-27 10:33:48,827 [T11-ScriptEngine] DEBUG JobManager
Set Result State: Completed

2025-08-27 10:33:48,833 [T11-ScriptEngine] INFO  JobRunner
Make report.

2025-08-27 10:33:48,912 [T11-ScriptEngine] INFO  JobRunner
Start to clean up resources.

2025-08-27 10:33:48,914 [T11-ScriptEngine] DEBUG JobRunner
OnProcessCompleted

2025-08-27 10:33:48,914 [T10] DEBUG JobRunner
Start timer for checking the job to be completed.

2025-08-27 10:33:48,914 [T11-ScriptEngine] INFO  JobRunner
Start to clean up resources.

2025-08-27 10:33:48,917 [T11-ScriptEngine] DEBUG JobRunner
Remove all libraries

2025-08-27 10:33:48,927 [T11-ScriptEngine] DEBUG NetPlayer
WebPlayer OnDispose

2025-08-27 10:33:48,930 [T11-ScriptEngine] DEBUG WebPlayer
WebPlayer OnDispose : Do Nothing

2025-08-27 10:33:48,930 [T11-ScriptEngine] DEBUG UIAEventHandler
Stop UIA event handler

2025-08-27 10:33:48,931 [T11-ScriptEngine] DEBUG UIAEventHandler
Stop UIA event handler

2025-08-27 10:33:48,942 [T11-ScriptEngine] DEBUG UiaAppHelper
WinHelper DisposeAppList Count: 0

2025-08-27 10:33:48,943 [T11-ScriptEngine] INFO  JobRunner
All Resources Clear

2025-08-27 10:33:48,946 [T11-ScriptEngine] DEBUG JobRunner
OnCompleted

2025-08-27 10:33:48,947 [T11-ScriptEngine] DEBUG JobRunner
SendJobResult: Completed

2025-08-27 10:33:48,947 [T11-ScriptEngine] INFO  JobRequest
##############################################################
### STATE: Completed
##############################################################
{}


2025-08-27 10:33:48,947 [T11-ScriptEngine] INFO  JobRequest
Last job life cycle state: Completed

2025-08-27 10:33:48,947 [T11-ScriptEngine] INFO  JobRequest
Update skipped current step informations.

2025-08-27 10:33:48,951 [T11-ScriptEngine] DEBUG JobDBManager
Set last life-cycle state: Completed - {}

2025-08-27 10:33:48,983 [T11-ScriptEngine] INFO  JobRequest
##############################################################
### JOB COMPLETED
##############################################################


2025-08-27 10:33:48,991 [T6] DEBUG JobRequest
Callback - State: Completed
{}

2025-08-27 10:33:48,992 [T6] INFO  JobRequest
Callback - EngineClosed

2025-08-27 10:33:48,993 [T6] INFO  JobService
Disconnect agent service

2025-08-27 10:33:48,996 [T6] DEBUG JobRequest
End of Callback Sender

