2025-08-27 10:18:18,202 [T1] INFO  EngineStarter
BOT Engine Start - v3.1.125.00701 at 2025-08-27 오전 10:18:18
EngineID: D_20250827_101817_308
PID : 9772
PPID: 480
Working Directory: C:\Users\GVTI1C18\AppData\Roaming\Brity RPA Designer

2025-08-27 10:18:18,226 [T1] INFO  EngineStarter
System Language: ko-KR
Resolution: 1920 x 1080

2025-08-27 10:18:18,519 [T1] INFO  Config
Initialize Config

2025-08-27 10:18:18,580 [T1] DEBUG Config
Config Loaded

2025-08-27 10:18:18,581 [T1] DEBUG Config
Backup config file.

2025-08-27 10:18:18,592 [T1] INFO  Config
Orchestrator Service => https://bwrpa.samsungsds.com:8777

2025-08-27 10:18:18,597 [T1] INFO  Config
Initialize Resource Config

2025-08-27 10:18:18,631 [T1] DEBUG Config
Refresh Language Information

2025-08-27 10:18:18,727 [T1] INFO  Config
All Config Initialized.

2025-08-27 10:18:18,742 [T1] DEBUG KeyManager
Initialize KeyManager

2025-08-27 10:18:18,751 [T1] DEBUG KeyManager
Load device unique id.

2025-08-27 10:18:18,768 [T1] DEBUG KeyManager
Device ID is initialized.

2025-08-27 10:18:18,777 [T1] INFO  Config
Activated License Type : StandAloneDesigner

2025-08-27 10:18:18,856 [T5] DEBUG JobService
Connect to agent service

2025-08-27 10:18:18,890 [T5] DEBUG JobService
JobService URL : net.tcp://127.0.0.1:59001/rpa/agent

2025-08-27 10:18:18,890 [T5] DEBUG JobService
Open connection

2025-08-27 10:18:18,900 [T1] DEBUG ApplicationInitializer
InitMode: Thread

2025-08-27 10:18:18,908 [T5] DEBUG JobService
Register engine to agent

2025-08-27 10:18:18,913 [T1] INFO  LibraryManager
Load Libraries - Started

2025-08-27 10:18:18,922 [T5] DEBUG JobService
Engine is connected to agent service.

2025-08-27 10:18:18,922 [T5] DEBUG JobService
Owner Process PID: 480

2025-08-27 10:18:18,925 [T5] INFO  JobService
Start monitoring owner process is terminated.

2025-08-27 10:18:18,929 [T1] DEBUG AddInLoader
Load Assembly : IPA.Lib.Chrome

2025-08-27 10:18:19,166 [T1] DEBUG AddInLoader
Load Assembly : IPA.Lib.Desktop

2025-08-27 10:18:19,363 [T1] DEBUG AddInLoader
Load Assembly : IPA.Lib.Excel

2025-08-27 10:18:19,546 [T1] DEBUG AddInLoader
Load Assembly : IPA.Lib.Flow

2025-08-27 10:18:19,675 [T1] DEBUG AddInLoader
Load Assembly : IPA.Lib.IE

2025-08-27 10:18:19,782 [T1] DEBUG AddInLoader
Load Assembly : IPA.Lib.ImageConverter

2025-08-27 10:18:19,847 [T1] DEBUG AddInLoader
Load Assembly : IPA.Lib.ImageRecognition

2025-08-27 10:18:20,063 [T1] DEBUG AddInLoader
Load Assembly : IPA.Lib.MicrosoftOCR

2025-08-27 10:18:20,128 [T1] DEBUG AddInLoader
Load Assembly : IPA.Lib.Net

2025-08-27 10:18:20,219 [T1] DEBUG AddInLoader
Load Assembly : IPA.Lib.Orchestra

2025-08-27 10:18:20,308 [T1] DEBUG AddInLoader
Load Assembly : IPA.Lib.ProcessFlow

2025-08-27 10:18:20,401 [T1] DEBUG AddInLoader
Load Assembly : IPA.Lib.SAP

2025-08-27 10:18:20,488 [T1] DEBUG AddInLoader
Load Assembly : IPA.Lib.Web

2025-08-27 10:18:20,608 [T1] DEBUG AddInLoader
Load Assembly : IPA.Lib.Win

2025-08-27 10:18:20,752 [T1] INFO  ScreenCapture
Default Screen Capture Bounds: 0,0,1920,1080

2025-08-27 10:18:20,787 [T1] DEBUG AddInLoader
Load Assembly : BrityRPA.AddIn.NativeApp

2025-08-27 10:18:20,906 [T1] DEBUG AddInLoader
Load Assembly : BrityWorks.AddIn.Outlook

2025-08-27 10:18:20,996 [T1] DEBUG AddInLoader
Load Assembly : BrityWorks.AddIn.Pdf

2025-08-27 10:18:21,087 [T1] DEBUG LibraryManager
Load Library - Chrome

2025-08-27 10:18:21,102 [T1] DEBUG LibraryManager
Load Library - Desktop

2025-08-27 10:18:21,117 [T1] DEBUG LibraryManager
Load Library - Excel

2025-08-27 10:18:21,133 [T1] DEBUG LibraryManager
Load Library - Flow

2025-08-27 10:18:21,149 [T1] DEBUG LibraryManager
Load Library - IE

2025-08-27 10:18:21,164 [T1] DEBUG LibraryManager
Load Library - ImageConverter

2025-08-27 10:18:21,180 [T1] DEBUG LibraryManager
Load Library - ImageRecognition

2025-08-27 10:18:21,196 [T1] DEBUG LibraryManager
Load Library - MicrosoftOCR

2025-08-27 10:18:21,211 [T1] DEBUG LibraryManager
Load Library - NativeApp

2025-08-27 10:18:21,227 [T1] DEBUG LibraryManager
Load Library - Net

2025-08-27 10:18:21,243 [T1] DEBUG LibraryManager
Load Library - Orchestra

2025-08-27 10:18:21,258 [T1] DEBUG LibraryManager
Load Library - Outlook

2025-08-27 10:18:21,273 [T1] DEBUG LibraryManager
Load Library - Pdf

2025-08-27 10:18:21,288 [T1] DEBUG LibraryManager
Load Library - SAP

2025-08-27 10:18:21,304 [T1] DEBUG LibraryManager
Load Library - Web

2025-08-27 10:18:21,319 [T1] DEBUG LibraryManager
Load Library - Win

2025-08-27 10:18:21,335 [T1] DEBUG LibraryManager
Load Library - WorkFlow

2025-08-27 10:18:21,340 [T1] DEBUG LibraryManager
Load built-in script libraries

2025-08-27 10:18:21,643 [T1] INFO  LibraryManager
Load Libraries - Completed.

2025-08-27 10:18:21,659 [T1] INFO  App
Launch Arguments: Total: 6 |  -eid D_20250827_101817_308 -runtype ProcRunner -ppid 480

2025-08-27 10:18:21,660 [T1] DEBUG Config
Refresh Language Information

2025-08-27 10:18:21,661 [T1] DEBUG LibraryManager
LibraryManager Initialized.

2025-08-27 10:18:27,932 [T8] INFO  JobService
Start Job: P_Automatic_Analysis (Foreground)
{
  "JobType": 1,
  "State": 0,
  "IsRunning": false,
  "ResultMessage": null,
  "StartTime": "2025-08-27 10:18:27",
  "EndTime": null,
  "JobId": "Designer_20250827_101827_696",
  "UserAuthentication": null,
  "ProcessPath": "C:\\Users\\GVTI1C18\\Desktop\\Automatic-Analysis\\P_Automatic_Analysis.proc",
  "ProcessId": "2cc63046-6ac4-4bfe-b1d8-d587a5eae5f5",
  "ProcessVer": "1.0",
  "ProcessArgs": ";S39ee30f700f7435db2a63845f7c321ed;False",
  "RequesterType": 3,
  "RequesterId": "designer",
  "RequesterPID": 480,
  "OptionsJsonString": null,
  "TimeoutSec": 0,
  "EngineID": "D_20250827_101817_308",
  "EnginePID": 0,
  "EngineRecommededVersion": "",
  "JobWorkDir": "C:\\Users\\GVTI1C18\\Desktop\\Automatic-Analysis\\Histories\\20250827_101827_P_Automatic_Analysis_Designer_20250827_101827_696",
  "JobLogDir": "C:\\Users\\GVTI1C18\\Desktop\\Automatic-Analysis\\Histories\\20250827_101827_P_Automatic_Analysis_Designer_20250827_101827_696\\Log",
  "JobScreenshotDir": "C:\\Users\\GVTI1C18\\Desktop\\Automatic-Analysis\\Histories\\20250827_101827_P_Automatic_Analysis_Designer_20250827_101827_696\\Log\\Screenshot"
}

2025-08-27 10:18:28,094 [T6] DEBUG JobService
Waiting library loading...

2025-08-27 10:18:28,097 [T6] DEBUG Config
Reload User Settings

2025-08-27 10:18:28,100 [T6] INFO  JobService
Config Loading Completed.

2025-08-27 10:18:28,100 [T6] DEBUG JobService
Config Loading Time: 5 ms.

2025-08-27 10:18:28,106 [T6] DEBUG JobService
Check Shared Token

2025-08-27 10:18:28,109 [T6] DEBUG TokenManager
Load connection token

2025-08-27 10:18:28,112 [T6] DEBUG TokenManager
Clear Connection Token - No Shared Token

2025-08-27 10:18:28,121 [T6] DEBUG ServerInformationClient
get server features for engine bot from config.

2025-08-27 10:18:28,123 [T6] INFO  Config
Try to load server features from config.

2025-08-27 10:18:28,124 [T6] INFO  TokenManager
SecurityType : v2

2025-08-27 10:18:28,126 [T6] INFO  JobService
Shared Token - No Token

2025-08-27 10:18:28,133 [T6] INFO  JobManager
Create JobManager instance for job P_Automatic_Analysis(Designer_20250827_101827_696)

2025-08-27 10:18:28,140 [T6] INFO  JobRequest
Job ID : Designer_20250827_101827_696
Project Path  : C:\Users\GVTI1C18\Desktop\Automatic-Analysis\Automatic_Analysis.proj
Process Name  : P_Automatic_Analysis
Engine Mode   : Designer
Requester Type: Designer
Requester PID : 480

2025-08-27 10:18:28,143 [T10] INFO  JobRequest
Start Callback Sender

2025-08-27 10:18:28,143 [T10] DEBUG JobRequest
Step Callback Interval: 500

2025-08-27 10:18:28,195 [T6] DEBUG ProjectManager
Set Project Information

2025-08-27 10:18:28,227 [T6] INFO  PlayOptionManager
PlayOption
- Step Interval : 1
- Disable DrawBounds : False
- Invoke First : False
- Allow Upload of DumpScreen results : False

2025-08-27 10:18:28,228 [T6] INFO  JobRunner
Initialize Script Engine

2025-08-27 10:18:28,249 [T11-ScriptEngine] INFO  JobRequest
##############################################################
### STATE: Initializing
##############################################################


2025-08-27 10:18:28,269 [T10] DEBUG JobRequest
Callback - State: Initializing


2025-08-27 10:18:29,378 [T11-ScriptEngine] INFO  JobRequest
##############################################################
### STATE: Ready
##############################################################


2025-08-27 10:18:29,387 [T10] DEBUG JobRequest
Callback - State: Ready


2025-08-27 10:18:29,395 [T6] INFO  JobRunnerHook
HotKey Hook Started

2025-08-27 10:18:29,396 [T6] INFO  JobRequest
##############################################################
### STATE: Starting
##############################################################


2025-08-27 10:18:29,399 [T11-ScriptEngine] INFO  JobRunner
RunProcess start

2025-08-27 10:18:29,402 [T11-ScriptEngine] INFO  JobRequest
##############################################################
### STATE: Running
##############################################################


2025-08-27 10:18:29,402 [T11-ScriptEngine] INFO  JobRequest
Last job life cycle state: Running

2025-08-27 10:18:29,403 [T10] DEBUG JobRequest
Callback - State: Starting


2025-08-27 10:18:29,419 [T10] DEBUG JobRequest
Callback - State: Running


2025-08-27 10:18:30,575 [T11-ScriptEngine] DEBUG ScreenCapture
DirectX Screen Capture Initialized.

2025-08-27 10:18:30,600 [T11-ScriptEngine] DEBUG JobRunner
DirectX ScreenCapture Checked.

2025-08-27 10:18:30,634 [T11-ScriptEngine] INFO  JobRequest
##############################################################
### STATE: StartProcess - P_Automatic_Analysis
##############################################################
2cc63046-6ac4-4bfe-b1d8-d587a5eae5f5
P_Automatic_Analysis


2025-08-27 10:18:30,696 [T11-ScriptEngine] INFO  JobRequest
**************************************************************
*** TASK: P_Automatic_Analysis
**************************************************************
 - STEP 1: S9eee63e54b944340a136fee0551fa16b (1/4) - (1/107)
 - [1] RunTask


2025-08-27 10:18:30,813 [T11-ScriptEngine] INFO  JobRequest
##############################################################
### STATE: StartTask - T_1_데이터_수집
##############################################################
70204bce-0ab1-4fba-b301-aaccfc8d39cd
T_1_데이터_수집


2025-08-27 10:18:30,839 [T11-ScriptEngine] INFO  JobRequest
**************************************************************
*** TASK: T_1_데이터_수집
**************************************************************
 - STEP 2: S9a22cf0485d445ffb21eb037754381ad (2/9) - (2/107)
 - [2] IsFileExist


2025-08-27 10:18:30,900 [T11-ScriptEngine] INFO  JobRequest
 - STEP 3: Sc7238b4dfc9d4b46a9f4ed9d3a6a541f (3/9) - (3/107)
 - [3] IfElse


2025-08-27 10:18:30,915 [T11-ScriptEngine] INFO  JobRequest
 - STEP 4: Sc154f03f3d554c7ea5a770463c3f6fa3 (4/9) - (4/107)
 - [4] Else


2025-08-27 10:18:30,931 [T11-ScriptEngine] INFO  JobRequest
 - STEP 5: S9b2ad93387d044c69d07cd56977aa0a2 (5/9) - (5/107)
 - [5] ExecuteFile


2025-08-27 10:18:31,148 [T11-ScriptEngine] INFO  JobRequest
 - STEP 6: Scf40351ad93044dc971b5b7711091161 (6/9) - (6/107)
 - [6] Delay


2025-08-27 10:18:36,177 [T11-ScriptEngine] INFO  JobRequest
 - STEP 7: S2c395b2bec8047c989909b4cff95476b (8/9) - (7/107)
 - [8] WaitFileCreation


2025-08-27 10:18:46,380 [T11-ScriptEngine] INFO  JobRequest
 - STEP 8: Sadd26bbe7fbd4bc3a5894489171d8fc0 (9/9) - (8/107)
 - [9] End-IfElse


2025-08-27 10:18:46,381 [T11-ScriptEngine] INFO  JobRunner
[PASS] TASK: T_1_데이터_수집

2025-08-27 10:18:46,403 [T11-ScriptEngine] INFO  JobRequest
##############################################################
### STATE: EndTask - T_1_데이터_수집
##############################################################
70204bce-0ab1-4fba-b301-aaccfc8d39cd
T_1_데이터_수집


2025-08-27 10:18:46,428 [T11-ScriptEngine] INFO  JobRequest
**************************************************************
*** TASK: P_Automatic_Analysis
**************************************************************
 - STEP 9: Sc26cb9e689a446ceaddb9ccc0a790485 (2/4) - (9/107)
 - [2] RunTask


2025-08-27 10:18:46,438 [T11-ScriptEngine] INFO  JobRequest
##############################################################
### STATE: StartTask - T_2_데이터_가공
##############################################################
a3b24c3c-040c-4e96-8a6f-982534afe863
T_2_데이터_가공


2025-08-27 10:18:46,444 [T11-ScriptEngine] INFO  JobRequest
**************************************************************
*** TASK: T_2_데이터_가공
**************************************************************
 - STEP 10: S5627f8e7c97c41c9963b3e4cc74648d8 (1/19) - (10/107)
 - [1] OpenExcel


2025-08-27 10:18:48,214 [T11-ScriptEngine] INFO  JobRequest
 - STEP 11: S718e4c754dd8433587c70e6beb306fb9 (2/19) - (11/107)
 - [2] SelectRange


2025-08-27 10:18:53,251 [T11-ScriptEngine] ERROR ActiveExcelUtil
개체 참조가 개체의 인스턴스로 설정되지 않았습니다.

2025-08-27 10:18:53,251 [T11-ScriptEngine] ERROR ActiveExcelUtil


System.NullReferenceException: 개체 참조가 개체의 인스턴스로 설정되지 않았습니다.
   위치: RPAGO.Lib.Excel.Util.ActiveExcelUtil.GetActiveWorkbook()
2025-08-27 10:18:53,354 [T11-ScriptEngine] INFO  JobRequest
 - STEP 12: Sce068113d0664a578f43f5c0dfdce35c (3/19) - (12/107)
 - [3] SendShortCut


2025-08-27 10:18:58,396 [T11-ScriptEngine] ERROR ActiveExcelUtil
개체 참조가 개체의 인스턴스로 설정되지 않았습니다.

2025-08-27 10:18:58,396 [T11-ScriptEngine] ERROR ActiveExcelUtil


System.NullReferenceException: 개체 참조가 개체의 인스턴스로 설정되지 않았습니다.
   위치: RPAGO.Lib.Excel.Util.ActiveExcelUtil.GetActiveWorkbook()
2025-08-27 10:18:58,706 [T11-ScriptEngine] INFO  JobRequest
 - STEP 13: S6ece845c1f154f1b90cef4f6daf4bf96 (4/19) - (13/107)
 - [4] SendShortCut


2025-08-27 10:19:03,713 [T11-ScriptEngine] ERROR ActiveExcelUtil
개체 참조가 개체의 인스턴스로 설정되지 않았습니다.

2025-08-27 10:19:03,713 [T11-ScriptEngine] ERROR ActiveExcelUtil


System.NullReferenceException: 개체 참조가 개체의 인스턴스로 설정되지 않았습니다.
   위치: RPAGO.Lib.Excel.Util.ActiveExcelUtil.GetActiveWorkbook()
2025-08-27 10:19:03,977 [T11-ScriptEngine] INFO  JobRequest
 - STEP 14: S90d500a222bf422bb0bef7b9417ca822 (5/19) - (14/107)
 - [5] WaitAppear


2025-08-27 10:19:05,194 [T28] DEBUG UIAEventHandler
Start UIA event handler

2025-08-27 10:19:05,407 [T28] DEBUG UIAEventHandler
UI Structure Changed Count: 0

2025-08-27 10:19:05,407 [T28] DEBUG UIAEventHandler
Waiting additional time 139 msec for the screen structure is changing. Requested interval: 200 msec.

2025-08-27 10:19:05,430 [T28] INFO  WinFinder
Finding Object In App... Try: 1, IsLastTry: False. AppCount: 1

2025-08-27 10:19:05,440 [T28] DEBUG WinElementTargetFinder
## Object Find In App (name: '업종분석_264_2020-2024.xlsx - Exce...')

2025-08-27 10:19:05,755 [T28] INFO  WinFinder
 . Finding Object by 'RelativePoint Search' (Try: 1) ... 

2025-08-27 10:19:05,895 [T11-ScriptEngine] INFO  WinFinder
Finding Result: Found by 'ObjectPathEx' method. (Total: 1)
 - name: '"I" 1'
 - value: '매출액'

2025-08-27 10:19:05,921 [T11-ScriptEngine] INFO  JobRequest
 - STEP 15: S36537397c79742dc86f2a2218ae85f65 (6/19) - (15/107)
 - [6] SelectRange


2025-08-27 10:19:10,938 [T11-ScriptEngine] ERROR ActiveExcelUtil
개체 참조가 개체의 인스턴스로 설정되지 않았습니다.

2025-08-27 10:19:10,938 [T11-ScriptEngine] ERROR ActiveExcelUtil


System.NullReferenceException: 개체 참조가 개체의 인스턴스로 설정되지 않았습니다.
   위치: RPAGO.Lib.Excel.Util.ActiveExcelUtil.GetActiveWorkbook()
2025-08-27 10:19:11,074 [T11-ScriptEngine] INFO  JobRequest
 - STEP 16: Sf7774126e7224cf3a2f7298b200d8971 (7/19) - (16/107)
 - [7] SendShortCut


2025-08-27 10:19:16,080 [T11-ScriptEngine] ERROR ActiveExcelUtil
개체 참조가 개체의 인스턴스로 설정되지 않았습니다.

2025-08-27 10:19:16,080 [T11-ScriptEngine] ERROR ActiveExcelUtil


System.NullReferenceException: 개체 참조가 개체의 인스턴스로 설정되지 않았습니다.
   위치: RPAGO.Lib.Excel.Util.ActiveExcelUtil.GetActiveWorkbook()
2025-08-27 10:19:16,328 [T11-ScriptEngine] INFO  JobRequest
 - STEP 17: Sc775a4198c124e64a4174b76115eef37 (8/19) - (17/107)
 - [8] SelectRange


2025-08-27 10:19:21,355 [T11-ScriptEngine] ERROR ActiveExcelUtil
개체 참조가 개체의 인스턴스로 설정되지 않았습니다.

2025-08-27 10:19:21,355 [T11-ScriptEngine] ERROR ActiveExcelUtil


System.NullReferenceException: 개체 참조가 개체의 인스턴스로 설정되지 않았습니다.
   위치: RPAGO.Lib.Excel.Util.ActiveExcelUtil.GetActiveWorkbook()
2025-08-27 10:19:21,397 [T11-ScriptEngine] INFO  JobRequest
 - STEP 18: S162c5684950a439fa705bb52ee44f7e2 (9/19) - (18/107)
 - [9] SendShortCut


2025-08-27 10:19:26,414 [T11-ScriptEngine] ERROR ActiveExcelUtil
개체 참조가 개체의 인스턴스로 설정되지 않았습니다.

2025-08-27 10:19:26,414 [T11-ScriptEngine] ERROR ActiveExcelUtil


System.NullReferenceException: 개체 참조가 개체의 인스턴스로 설정되지 않았습니다.
   위치: RPAGO.Lib.Excel.Util.ActiveExcelUtil.GetActiveWorkbook()
2025-08-27 10:19:26,661 [T11-ScriptEngine] INFO  JobRequest
 - STEP 19: S33d7ea1c13f44fa2b12ff52f17c52cf2 (10/19) - (19/107)
 - [10] MouseScroll


2025-08-27 10:19:26,909 [T7] INFO  WinFinder
Finding Object In App... Try: 1, IsLastTry: False. AppCount: 1

2025-08-27 10:19:26,910 [T7] DEBUG WinElementTargetFinder
## Object Find In App (name: '업종분석_264_2020-2024.xlsx - Exce...')

2025-08-27 10:19:26,982 [T7] INFO  WinFinder
 . Finding Object by 'RelativePoint Search' (Try: 1) ... 

2025-08-27 10:19:27,045 [T11-ScriptEngine] INFO  WinFinder
Finding Result: Found by 'ObjectPathEx' method. (Total: 1)
 - name: '위치'
 - value: ''

2025-08-27 10:19:31,079 [T11-ScriptEngine] INFO  JobRequest
 - STEP 20: Sbd130ce899584563a5414b7f423b2a44 (11/19) - (20/107)
 - [11] SelectRange


2025-08-27 10:19:36,093 [T11-ScriptEngine] ERROR ActiveExcelUtil
개체 참조가 개체의 인스턴스로 설정되지 않았습니다.

2025-08-27 10:19:36,093 [T11-ScriptEngine] ERROR ActiveExcelUtil


System.NullReferenceException: 개체 참조가 개체의 인스턴스로 설정되지 않았습니다.
   위치: RPAGO.Lib.Excel.Util.ActiveExcelUtil.GetActiveWorkbook()
2025-08-27 10:19:36,134 [T11-ScriptEngine] INFO  JobRequest
 - STEP 21: S588d7bd17299404a9a97ef7930a49f48 (12/19) - (21/107)
 - [12] SendShortCut


2025-08-27 10:19:41,152 [T11-ScriptEngine] ERROR ActiveExcelUtil
개체 참조가 개체의 인스턴스로 설정되지 않았습니다.

2025-08-27 10:19:41,152 [T11-ScriptEngine] ERROR ActiveExcelUtil


System.NullReferenceException: 개체 참조가 개체의 인스턴스로 설정되지 않았습니다.
   위치: RPAGO.Lib.Excel.Util.ActiveExcelUtil.GetActiveWorkbook()
2025-08-27 10:19:41,414 [T11-ScriptEngine] INFO  JobRequest
 - STEP 22: Sad17e2650d9e45e9b8ff03190c9277e0 (13/19) - (22/107)
 - [13] SelectRange


2025-08-27 10:19:46,441 [T11-ScriptEngine] ERROR ActiveExcelUtil
개체 참조가 개체의 인스턴스로 설정되지 않았습니다.

2025-08-27 10:19:46,441 [T11-ScriptEngine] ERROR ActiveExcelUtil


System.NullReferenceException: 개체 참조가 개체의 인스턴스로 설정되지 않았습니다.
   위치: RPAGO.Lib.Excel.Util.ActiveExcelUtil.GetActiveWorkbook()
2025-08-27 10:19:46,484 [T11-ScriptEngine] INFO  JobRequest
 - STEP 23: S471cb826a5664ee0afb756e5f05ffc61 (14/19) - (23/107)
 - [14] SendShortCut


2025-08-27 10:19:51,490 [T11-ScriptEngine] ERROR ActiveExcelUtil
개체 참조가 개체의 인스턴스로 설정되지 않았습니다.

2025-08-27 10:19:51,490 [T11-ScriptEngine] ERROR ActiveExcelUtil


System.NullReferenceException: 개체 참조가 개체의 인스턴스로 설정되지 않았습니다.
   위치: RPAGO.Lib.Excel.Util.ActiveExcelUtil.GetActiveWorkbook()
2025-08-27 10:19:51,748 [T11-ScriptEngine] INFO  JobRequest
 - STEP 24: S2c03ffa3a16a41039231af6b011b0528 (15/19) - (24/107)
 - [15] WriteRange


2025-08-27 10:19:56,790 [T11-ScriptEngine] ERROR ActiveExcelUtil
개체 참조가 개체의 인스턴스로 설정되지 않았습니다.

2025-08-27 10:19:56,790 [T11-ScriptEngine] ERROR ActiveExcelUtil


System.NullReferenceException: 개체 참조가 개체의 인스턴스로 설정되지 않았습니다.
   위치: RPAGO.Lib.Excel.Util.ActiveExcelUtil.GetActiveWorkbook()
2025-08-27 10:19:56,833 [T11-ScriptEngine] INFO  JobRequest
 - STEP 25: S02273569533c4484b8cc280621fe20c7 (16/19) - (25/107)
 - [16] SelectRange


2025-08-27 10:20:01,852 [T11-ScriptEngine] ERROR ActiveExcelUtil
개체 참조가 개체의 인스턴스로 설정되지 않았습니다.

2025-08-27 10:20:01,852 [T11-ScriptEngine] ERROR ActiveExcelUtil


System.NullReferenceException: 개체 참조가 개체의 인스턴스로 설정되지 않았습니다.
   위치: RPAGO.Lib.Excel.Util.ActiveExcelUtil.GetActiveWorkbook()
2025-08-27 10:20:01,895 [T11-ScriptEngine] INFO  JobRequest
 - STEP 26: S3c478e9bab46434e95f2eb9183d53aff (17/19) - (26/107)
 - [17] DoubleClick


2025-08-27 10:20:01,964 [T45] INFO  WinFinder
Finding Object In App... Try: 1, IsLastTry: False. AppCount: 1

2025-08-27 10:20:01,964 [T45] DEBUG WinElementTargetFinder
## Object Find In App (name: '업종분석_264_2020-2024.xlsx - Exce...')

2025-08-27 10:20:02,178 [T45] INFO  WinFinder
 . Finding Object by 'RelativePoint Search' (Try: 1) ... 

2025-08-27 10:20:02,235 [T11-ScriptEngine] INFO  WinFinder
Finding Result: Found by 'ObjectPathEx' method. (Total: 1)
 - name: '"R" 22'
 - value: '90.8142'

2025-08-27 10:20:02,914 [T11-ScriptEngine] INFO  JobRequest
 - STEP 27: S03a9a5fceac144f9b1a47e625078f199 (19/19) - (27/107)
 - [19] SaveExcel


2025-08-27 10:20:07,937 [T11-ScriptEngine] ERROR ActiveExcelUtil
개체 참조가 개체의 인스턴스로 설정되지 않았습니다.

2025-08-27 10:20:07,937 [T11-ScriptEngine] ERROR ActiveExcelUtil


System.NullReferenceException: 개체 참조가 개체의 인스턴스로 설정되지 않았습니다.
   위치: RPAGO.Lib.Excel.Util.ActiveExcelUtil.GetActiveWorkbook()
2025-08-27 10:20:07,983 [T11-ScriptEngine] INFO  JobRunner
[PASS] TASK: T_2_데이터_가공

2025-08-27 10:20:07,984 [T11-ScriptEngine] INFO  JobRequest
##############################################################
### STATE: EndTask - T_2_데이터_가공
##############################################################
a3b24c3c-040c-4e96-8a6f-982534afe863
T_2_데이터_가공


2025-08-27 10:20:07,994 [T11-ScriptEngine] INFO  JobRequest
**************************************************************
*** TASK: P_Automatic_Analysis
**************************************************************
 - STEP 28: S39ee30f700f7435db2a63845f7c321ed (3/4) - (28/107)
 - [3] RunTask


2025-08-27 10:20:08,075 [T11-ScriptEngine] INFO  JobRequest
##############################################################
### STATE: StartTask - T_3_시각화
##############################################################
1ef12143-8738-4a20-b78f-851548397f8a
T_3_시각화


2025-08-27 10:20:08,089 [T11-ScriptEngine] INFO  JobRequest
**************************************************************
*** TASK: T_3_시각화
**************************************************************
 - STEP 29: S2fb83b29998d4a88b7c391b9e283efb7 (3/83) - (29/107)
 - [3] SendShortCut


2025-08-27 10:20:13,112 [T11-ScriptEngine] ERROR ActiveExcelUtil
개체 참조가 개체의 인스턴스로 설정되지 않았습니다.

2025-08-27 10:20:13,112 [T11-ScriptEngine] ERROR ActiveExcelUtil


System.NullReferenceException: 개체 참조가 개체의 인스턴스로 설정되지 않았습니다.
   위치: RPAGO.Lib.Excel.Util.ActiveExcelUtil.GetActiveWorkbook()
2025-08-27 10:20:13,371 [T11-ScriptEngine] INFO  JobRequest
 - STEP 30: S29dde30d5c9a4ad7b022772737ce049c (4/83) - (30/107)
 - [4] SendShortCut


2025-08-27 10:20:18,376 [T11-ScriptEngine] ERROR ActiveExcelUtil
개체 참조가 개체의 인스턴스로 설정되지 않았습니다.

2025-08-27 10:20:18,376 [T11-ScriptEngine] ERROR ActiveExcelUtil


System.NullReferenceException: 개체 참조가 개체의 인스턴스로 설정되지 않았습니다.
   위치: RPAGO.Lib.Excel.Util.ActiveExcelUtil.GetActiveWorkbook()
2025-08-27 10:20:18,654 [T11-ScriptEngine] INFO  JobRequest
 - STEP 31: S2b27f52f7d7f4b2c976ed0729f36870e (5/83) - (31/107)
 - [5] Delay


2025-08-27 10:20:19,685 [T11-ScriptEngine] INFO  JobRequest
 - STEP 32: S5f3ad3fc7de24bac86613e3bcd566aa7 (6/83) - (32/107)
 - [6] KeyInput


2025-08-27 10:20:21,614 [T11-ScriptEngine] INFO  JobRequest
 - STEP 33: S4949f471696340bd8c6ff086f5eede47 (7/83) - (33/107)
 - [7] Click


2025-08-27 10:20:21,704 [T4] INFO  WinFinder
Finding Object In App... Try: 1, IsLastTry: False. AppCount: 1

2025-08-27 10:20:21,705 [T4] DEBUG WinElementTargetFinder
## Object Find In App (name: '업종분석_264_2020-2024.xlsx - Exce...')

2025-08-27 10:20:21,807 [T4] INFO  WinFinder
 . Finding Object by 'RelativePoint Search' (Try: 1) ... 

2025-08-27 10:20:21,865 [T11-ScriptEngine] INFO  WinFinder
Finding Result: Found by 'ObjectPathEx' method. (Total: 1)
 - name: '기업명'
 - value: ''

2025-08-27 10:20:22,359 [T11-ScriptEngine] INFO  JobRequest
 - STEP 34: S92a09432cb5b4bdf97f21581f9a306d1 (8/83) - (34/107)
 - [8] Click


2025-08-27 10:20:22,394 [T46] INFO  WinFinder
Finding Object In App... Try: 1, IsLastTry: False. AppCount: 1

2025-08-27 10:20:22,395 [T46] DEBUG WinElementTargetFinder
## Object Find In App (name: '업종분석_264_2020-2024.xlsx - Exce...')

2025-08-27 10:20:22,493 [T46] INFO  WinFinder
 . Finding Object by 'RelativePoint Search' (Try: 1) ... 

2025-08-27 10:20:22,546 [T11-ScriptEngine] INFO  WinFinder
Finding Result: Found by 'ObjectPathEx' method. (Total: 1)
 - name: '날짜'
 - value: ''

2025-08-27 10:20:22,964 [T11-ScriptEngine] INFO  JobRequest
 - STEP 35: S86984f460750474093eb48e13e463f96 (9/83) - (35/107)
 - [9] Click


2025-08-27 10:20:23,006 [T28] INFO  WinFinder
Finding Object In App... Try: 1, IsLastTry: False. AppCount: 1

2025-08-27 10:20:23,007 [T28] DEBUG WinElementTargetFinder
## Object Find In App (name: '업종분석_264_2020-2024.xlsx - Exce...')

2025-08-27 10:20:23,107 [T28] INFO  WinFinder
 . Finding Object by 'RelativePoint Search' (Try: 1) ... 

2025-08-27 10:20:23,160 [T11-ScriptEngine] INFO  WinFinder
Finding Result: Found by 'ObjectPathEx' method. (Total: 1)
 - name: '분기'
 - value: ''

2025-08-27 10:20:23,575 [T11-ScriptEngine] INFO  JobRequest
 - STEP 36: Se86ecad2bcf64a21ab6e7f8f6b3bb813 (10/83) - (36/107)
 - [10] MouseScroll


2025-08-27 10:20:23,633 [T7] INFO  WinFinder
Finding Object In App... Try: 1, IsLastTry: False. AppCount: 1

2025-08-27 10:20:23,634 [T7] DEBUG WinElementTargetFinder
## Object Find In App (name: '업종분석_264_2020-2024.xlsx - Exce...')

2025-08-27 10:20:23,735 [T7] INFO  WinFinder
 . Finding Object by 'RelativePoint Search' (Try: 1) ... 

2025-08-27 10:20:23,786 [T11-ScriptEngine] INFO  WinFinder
Finding Result: Found by 'ObjectPathEx' method. (Total: 1)
 - name: '위치'
 - value: ''

2025-08-27 10:20:25,309 [T11-ScriptEngine] INFO  JobRequest
 - STEP 37: Sdeb71b1968a448d4b03f1e71b3a3584b (11/83) - (37/107)
 - [11] Click


2025-08-27 10:20:25,343 [T42] INFO  WinFinder
Finding Object In App... Try: 1, IsLastTry: False. AppCount: 1

2025-08-27 10:20:25,344 [T42] DEBUG WinElementTargetFinder
## Object Find In App (name: '업종분석_264_2020-2024.xlsx - Exce...')

2025-08-27 10:20:25,443 [T42] INFO  WinFinder
 . Finding Object by 'RelativePoint Search' (Try: 1) ... 

2025-08-27 10:20:25,494 [T11-ScriptEngine] INFO  WinFinder
Finding Result: Found by 'ObjectPathEx' method. (Total: 1)
 - name: '매출액'
 - value: ''

2025-08-27 10:20:25,905 [T11-ScriptEngine] INFO  JobRequest
 - STEP 38: Scf668fa5866f45c2861f9e4cf5be7e97 (12/83) - (38/107)
 - [12] Click


2025-08-27 10:20:26,196 [T45] INFO  WinFinder
Finding Object In App... Try: 1, IsLastTry: False. AppCount: 1

2025-08-27 10:20:26,197 [T45] DEBUG WinElementTargetFinder
## Object Find In App (name: '업종분석_264_2020-2024.xlsx - Exce...')

2025-08-27 10:20:26,297 [T45] INFO  WinFinder
 . Finding Object by 'RelativePoint Search' (Try: 1) ... 

2025-08-27 10:20:26,356 [T11-ScriptEngine] INFO  WinFinder
Finding Result: Found by 'ObjectPathEx' method. (Total: 1)
 - name: '영업이익률'
 - value: ''

2025-08-27 10:20:26,778 [T11-ScriptEngine] INFO  JobRequest
 - STEP 39: S84013a40bb4f4af09f9b0842ed6e0d8c (13/83) - (39/107)
 - [13] Click


2025-08-27 10:20:27,175 [T46] INFO  WinFinder
Finding Object In App... Try: 1, IsLastTry: False. AppCount: 1

2025-08-27 10:20:27,176 [T46] DEBUG WinElementTargetFinder
## Object Find In App (name: '업종분석_264_2020-2024.xlsx - Exce...')

2025-08-27 10:20:27,283 [T46] INFO  WinFinder
 . Finding Object by 'RelativePoint Search' (Try: 1) ... 

2025-08-27 10:20:27,331 [T11-ScriptEngine] INFO  WinFinder
Finding Result: Found by 'ObjectPathEx' method. (Total: 1)
 - name: '영업비용률'
 - value: ''

2025-08-27 10:20:27,777 [T11-ScriptEngine] INFO  JobRequest
 - STEP 40: S1714a95e783342da8940c0d08cac5120 (14/83) - (40/107)
 - [14] Click


2025-08-27 10:20:28,209 [T4] INFO  WinFinder
Finding Object In App... Try: 1, IsLastTry: False. AppCount: 1

2025-08-27 10:20:28,210 [T4] DEBUG WinElementTargetFinder
## Object Find In App (name: '업종분석_264_2020-2024.xlsx - Exce...')

2025-08-27 10:20:28,297 [T4] INFO  WinFinder
 . Finding Object by 'RelativePoint Search' (Try: 1) ... 

2025-08-27 10:20:28,357 [T11-ScriptEngine] INFO  WinFinder
Finding Result: Found by 'ObjectPathEx' method. (Total: 1)
 - name: '기업명'
 - value: ''

2025-08-27 10:20:28,818 [T11-ScriptEngine] INFO  JobRequest
 - STEP 41: Saa9d872ed9f548928c73e7fb9b6e28ca (15/83) - (41/107)
 - [15] Click


2025-08-27 10:20:29,149 [T4] INFO  WinFinder
Finding Object In App... Try: 1, IsLastTry: False. AppCount: 1

2025-08-27 10:20:29,158 [T4] DEBUG WinElementTargetFinder
## Object Find In App (name: '업종분석_264_2020-2024.xlsx - Exce...')

2025-08-27 10:20:29,248 [T4] INFO  WinFinder
 . Finding Object by 'RelativePoint Search' (Try: 1) ... 

2025-08-27 10:20:29,313 [T11-ScriptEngine] INFO  WinFinder
Finding Result: Found by 'ObjectPathEx' method. (Total: 1)
 - name: '범례 필드(계열)로 이동'
 - value: ''

2025-08-27 10:20:29,722 [T11-ScriptEngine] INFO  JobRequest
 - STEP 42: Sf51a9e61708642bbbdd34eca903b8e2a (16/83) - (42/107)
 - [16] Click


2025-08-27 10:20:29,985 [T4] INFO  WinFinder
Finding Object In App... Try: 1, IsLastTry: False. AppCount: 1

2025-08-27 10:20:29,987 [T4] DEBUG WinElementTargetFinder
## Object Find In App (name: '업종분석_264_2020-2024.xlsx - Exce...')

2025-08-27 10:20:30,123 [T4] INFO  WinFinder
 . Finding Object by 'RelativePoint Search' (Try: 1) ... 

2025-08-27 10:20:30,188 [T11-ScriptEngine] INFO  WinFinder
Finding Result: Found by 'ObjectPathEx' method. (Total: 1)
 - name: ''
 - value: ''

2025-08-27 10:20:30,608 [T11-ScriptEngine] INFO  JobRequest
 - STEP 43: Sf3ea61fa2c53457e997e9b871e07c4d8 (17/83) - (43/107)
 - [17] SetCheckState


2025-08-27 10:20:30,828 [T4] INFO  WinFinder
Finding Object In App... Try: 1, IsLastTry: False. AppCount: 1

2025-08-27 10:20:31,475 [T4] DEBUG WinElementTargetFinder
## Object Find In App (name: '업종분석_264_2020-2024.xlsx - Exce...')

2025-08-27 10:20:31,609 [T11-ScriptEngine] INFO  WinFinder
Finding Result: Found by 'ObjectPathEx' method. (Total: 1)
 - name: '2025'
 - value: ''

2025-08-27 10:20:31,627 [T11-ScriptEngine] INFO  JobRequest
 - STEP 44: Sefc53bf393e14279bf4959dfdfa92394 (18/83) - (44/107)
 - [18] Click


2025-08-27 10:20:31,678 [T28] INFO  WinFinder
Finding Object In App... Try: 1, IsLastTry: False. AppCount: 1

2025-08-27 10:20:31,799 [T28] DEBUG WinElementTargetFinder
## Object Find In App (name: '업종분석_264_2020-2024.xlsx - Exce...')

2025-08-27 10:20:31,862 [T28] INFO  WinFinder
 . Finding Object by 'RelativePoint Search' (Try: 1) ... 

2025-08-27 10:20:31,920 [T11-ScriptEngine] INFO  WinFinder
Finding Result: Found by 'ObjectPathEx' method. (Total: 1)
 - name: '확인'
 - value: ''

2025-08-27 10:20:32,329 [T11-ScriptEngine] INFO  JobRequest
 - STEP 45: S434fdd2c3895457d8e924c3e895b5491 (19/83) - (45/107)
 - [19] RightClick


2025-08-27 10:20:33,395 [T4] INFO  WinFinder
Finding Object In App... Try: 1, IsLastTry: False. AppCount: 1

2025-08-27 10:20:33,426 [T4] DEBUG WinElementTargetFinder
## Object Find In App (name: '업종분석_264_2020-2024.xlsx - Exce...')

2025-08-27 10:20:34,125 [T4] INFO  WinFinder
 . Finding Object by 'RelativePoint Search' (Try: 1) ... 

2025-08-27 10:20:34,180 [T11-ScriptEngine] INFO  WinFinder
Finding Result: Found by 'ObjectPathEx' method. (Total: 1)
 - name: ''
 - value: ''

2025-08-27 10:20:34,619 [T11-ScriptEngine] INFO  JobRequest
 - STEP 46: Sc6b929430293420696b94c1741e34e3a (20/83) - (46/107)
 - [20] Click


2025-08-27 10:20:34,975 [T7] DEBUG UIAEventHandler
UI Structure Changed Count: 10

2025-08-27 10:20:35,985 [T7] DEBUG UIAEventHandler
Waiting additional time 1309 msec for the screen structure is changing. Requested interval: 200 msec.

2025-08-27 10:20:36,020 [T7] INFO  WinFinder
Finding Object In App... Try: 1, IsLastTry: False. AppCount: 1

2025-08-27 10:20:36,021 [T7] DEBUG WinElementTargetFinder
## Object Find In App (name: '업종분석_264_2020-2024.xlsx - Exce...')

2025-08-27 10:20:36,083 [T7] INFO  WinFinder
 . Finding Object by 'RelativePoint Search' (Try: 1) ... 

2025-08-27 10:20:36,150 [T11-ScriptEngine] INFO  WinFinder
Finding Result: Found by 'ObjectPathEx' method. (Total: 1)
 - name: '차트 종류 변경...'
 - value: ''

2025-08-27 10:20:36,562 [T11-ScriptEngine] INFO  JobRequest
 - STEP 47: Sdd8ff49f8abe4d9c9064540856d4b4ed (21/83) - (47/107)
 - [21] Click


2025-08-27 10:20:36,638 [T39] INFO  WinFinder
Finding Object In App... Try: 1, IsLastTry: False. AppCount: 1

2025-08-27 10:20:37,660 [T7] WARN  WinApi
SetForeground Failed.
 Attach ThreadInput - True
 Foreground Window - HWND: 329798, Title: 차트 종류 변경, PID: 9136, ProcessName: EXCEL
 Target Window - HWND: 2622808, Title: 업종분석_264_2020-2024.xlsx - Excel, PID: 9136, ProcessName: EXCEL

2025-08-27 10:20:37,762 [T39] DEBUG WinElementTargetFinder
## Object Find In App (name: '업종분석_264_2020-2024.xlsx - Exce...')

2025-08-27 10:20:37,858 [T39] INFO  WinFinder
 . Finding Object by 'RelativePoint Search' (Try: 1) ... 

2025-08-27 10:20:37,914 [T11-ScriptEngine] INFO  WinFinder
Finding Result: Found by 'ObjectPathEx' method. (Total: 1)
 - name: '혼합'
 - value: ''

2025-08-27 10:20:38,529 [T11-ScriptEngine] INFO  JobRequest
 - STEP 48: S7e56bc633884422ca838510de3723d8f (22/83) - (48/107)
 - [22] Click


2025-08-27 10:20:38,563 [T28] INFO  WinFinder
Finding Object In App... Try: 1, IsLastTry: False. AppCount: 1

2025-08-27 10:20:39,580 [T4] WARN  WinApi
SetForeground Failed.
 Attach ThreadInput - True
 Foreground Window - HWND: 329798, Title: 차트 종류 변경, PID: 9136, ProcessName: EXCEL
 Target Window - HWND: 2622808, Title: 업종분석_264_2020-2024.xlsx - Excel, PID: 9136, ProcessName: EXCEL

2025-08-27 10:20:39,682 [T28] DEBUG WinElementTargetFinder
## Object Find In App (name: '업종분석_264_2020-2024.xlsx - Exce...')

2025-08-27 10:20:39,740 [T28] INFO  WinFinder
 . Finding Object by 'RelativePoint Search' (Try: 1) ... 

2025-08-27 10:20:39,787 [T11-ScriptEngine] INFO  WinFinder
Finding Result: Found by 'ObjectPathEx' method. (Total: 1)
 - name: '사용자 지정 조합'
 - value: ''

2025-08-27 10:20:40,398 [T11-ScriptEngine] INFO  JobRequest
 - STEP 49: Sa64f2bbb879246259c8093cf7915b3cb (23/83) - (49/107)
 - [23] Click


2025-08-27 10:20:40,432 [T42] INFO  WinFinder
Finding Object In App... Try: 1, IsLastTry: False. AppCount: 1

2025-08-27 10:20:41,452 [T7] WARN  WinApi
SetForeground Failed.
 Attach ThreadInput - True
 Foreground Window - HWND: 329798, Title: 차트 종류 변경, PID: 9136, ProcessName: EXCEL
 Target Window - HWND: 2622808, Title: 업종분석_264_2020-2024.xlsx - Excel, PID: 9136, ProcessName: EXCEL

2025-08-27 10:20:41,553 [T42] DEBUG WinElementTargetFinder
## Object Find In App (name: '업종분석_264_2020-2024.xlsx - Exce...')

2025-08-27 10:20:41,635 [T42] INFO  WinFinder
 . Finding Object by 'RelativePoint Search' (Try: 1) ... 

2025-08-27 10:20:41,679 [T11-ScriptEngine] INFO  WinFinder
Finding Result: Found by 'ObjectPathEx' method. (Total: 1)
 - name: '묶은 세로 막대형'
 - value: ''

2025-08-27 10:20:42,301 [T11-ScriptEngine] INFO  JobRequest
 - STEP 50: S3e8a1f77a8714ae7860016ca3de5fac7 (24/83) - (50/107)
 - [24] Click


2025-08-27 10:20:42,551 [T42] DEBUG UIAEventHandler
UI Structure Changed Count: 2

2025-08-27 10:20:42,753 [T42] DEBUG UIAEventHandler
Waiting additional time 411 msec for the screen structure is changing. Requested interval: 200 msec.

2025-08-27 10:20:42,793 [T42] INFO  WinFinder
Finding Object In App... Try: 1, IsLastTry: False. AppCount: 1

2025-08-27 10:20:43,811 [T7] WARN  WinApi
SetForeground Failed.
 Attach ThreadInput - True
 Foreground Window - HWND: 329802, Title: [NoTitle], PID: 9136, ProcessName: EXCEL
 Target Window - HWND: 2622808, Title: 업종분석_264_2020-2024.xlsx - Excel, PID: 9136, ProcessName: EXCEL

2025-08-27 10:20:43,914 [T42] DEBUG WinElementTargetFinder
## Object Find In App (name: '업종분석_264_2020-2024.xlsx - Exce...')

2025-08-27 10:20:44,015 [T42] INFO  WinFinder
 . Finding Object by 'RelativePoint Search' (Try: 1) ... 

2025-08-27 10:20:44,072 [T11-ScriptEngine] INFO  WinFinder
Finding Result: Found by 'ObjectPathEx' method. (Total: 1)
 - name: '표식이 있는 꺾은선형'
 - value: ''

2025-08-27 10:20:44,710 [T11-ScriptEngine] INFO  JobRequest
 - STEP 51: S0657f3ea2e8649939e21eab4ed01b16c (25/83) - (51/107)
 - [25] Click


2025-08-27 10:20:44,746 [T39] INFO  WinFinder
Finding Object In App... Try: 1, IsLastTry: False. AppCount: 1

2025-08-27 10:20:45,768 [T46] WARN  WinApi
SetForeground Failed.
 Attach ThreadInput - True
 Foreground Window - HWND: 329798, Title: 차트 종류 변경, PID: 9136, ProcessName: EXCEL
 Target Window - HWND: 2622808, Title: 업종분석_264_2020-2024.xlsx - Excel, PID: 9136, ProcessName: EXCEL

2025-08-27 10:20:45,885 [T39] DEBUG WinElementTargetFinder
## Object Find In App (name: '업종분석_264_2020-2024.xlsx - Exce...')

2025-08-27 10:20:45,975 [T39] INFO  WinFinder
 . Finding Object by 'RelativePoint Search' (Try: 1) ... 

2025-08-27 10:20:46,024 [T11-ScriptEngine] INFO  WinFinder
Finding Result: Found by 'ObjectPathEx' method. (Total: 1)
 - name: '보조 축 옵션으로 이동'
 - value: ''

2025-08-27 10:20:46,638 [T11-ScriptEngine] INFO  JobRequest
 - STEP 52: S76ab3fcb10004d1f8e0bd9a5d5262ec0 (26/83) - (52/107)
 - [26] MouseScroll


2025-08-27 10:20:46,674 [T39] INFO  WinFinder
Finding Object In App... Try: 1, IsLastTry: False. AppCount: 1

2025-08-27 10:20:47,693 [T46] WARN  WinApi
SetForeground Failed.
 Attach ThreadInput - True
 Foreground Window - HWND: 329798, Title: 차트 종류 변경, PID: 9136, ProcessName: EXCEL
 Target Window - HWND: 2622808, Title: 업종분석_264_2020-2024.xlsx - Excel, PID: 9136, ProcessName: EXCEL

2025-08-27 10:20:47,798 [T39] DEBUG WinElementTargetFinder
## Object Find In App (name: '업종분석_264_2020-2024.xlsx - Exce...')

2025-08-27 10:20:47,882 [T39] INFO  WinFinder
 . Finding Object by 'RelativePoint Search' (Try: 1) ... 

2025-08-27 10:20:47,927 [T11-ScriptEngine] INFO  WinFinder
Finding Result: Found by 'ObjectPathEx' method. (Total: 1)
 - name: '위치'
 - value: ''

2025-08-27 10:20:49,776 [T11-ScriptEngine] INFO  JobRequest
 - STEP 53: S00dea3eefe4c4d75b2a7c86b4180f56c (27/83) - (53/107)
 - [27] Click


2025-08-27 10:20:49,821 [T4] INFO  WinFinder
Finding Object In App... Try: 1, IsLastTry: False. AppCount: 1

2025-08-27 10:20:50,833 [T45] WARN  WinApi
SetForeground Failed.
 Attach ThreadInput - True
 Foreground Window - HWND: 329798, Title: 차트 종류 변경, PID: 9136, ProcessName: EXCEL
 Target Window - HWND: 2622808, Title: 업종분석_264_2020-2024.xlsx - Excel, PID: 9136, ProcessName: EXCEL

2025-08-27 10:20:50,949 [T4] DEBUG WinElementTargetFinder
## Object Find In App (name: '업종분석_264_2020-2024.xlsx - Exce...')

2025-08-27 10:20:51,021 [T4] INFO  WinFinder
 . Finding Object by 'RelativePoint Search' (Try: 1) ... 

2025-08-27 10:20:51,070 [T11-ScriptEngine] INFO  WinFinder
Finding Result: Found by 'ObjectPathEx' method. (Total: 1)
 - name: '꺾은선형'
 - value: ''

2025-08-27 10:20:51,698 [T11-ScriptEngine] INFO  JobRequest
 - STEP 54: S464ecdafa4224bada5b6f821e49f429f (28/83) - (54/107)
 - [28] Click


2025-08-27 10:20:51,886 [T7] DEBUG UIAEventHandler
UI Structure Changed Count: 0

2025-08-27 10:20:51,886 [T7] DEBUG UIAEventHandler
Waiting additional time 169 msec for the screen structure is changing. Requested interval: 200 msec.

2025-08-27 10:20:51,907 [T7] INFO  WinFinder
Finding Object In App... Try: 1, IsLastTry: False. AppCount: 1

2025-08-27 10:20:52,929 [T45] WARN  WinApi
SetForeground Failed.
 Attach ThreadInput - True
 Foreground Window - HWND: 3671898, Title: [NoTitle], PID: 9136, ProcessName: EXCEL
 Target Window - HWND: 2622808, Title: 업종분석_264_2020-2024.xlsx - Excel, PID: 9136, ProcessName: EXCEL

2025-08-27 10:20:53,042 [T7] DEBUG WinElementTargetFinder
## Object Find In App (name: '업종분석_264_2020-2024.xlsx - Exce...')

2025-08-27 10:20:53,120 [T7] INFO  WinFinder
 . Finding Object by 'RelativePoint Search' (Try: 1) ... 

2025-08-27 10:20:53,174 [T11-ScriptEngine] INFO  WinFinder
Finding Result: Found by 'ObjectPathEx' method. (Total: 1)
 - name: '표식이 있는 꺾은선형'
 - value: ''

2025-08-27 10:20:53,794 [T11-ScriptEngine] INFO  JobRequest
 - STEP 55: S429a6427b7b24d5484e65ad6776a354d (29/83) - (55/107)
 - [29] Click


2025-08-27 10:20:53,830 [T42] INFO  WinFinder
Finding Object In App... Try: 1, IsLastTry: False. AppCount: 1

2025-08-27 10:20:54,849 [T28] WARN  WinApi
SetForeground Failed.
 Attach ThreadInput - True
 Foreground Window - HWND: 329798, Title: 차트 종류 변경, PID: 9136, ProcessName: EXCEL
 Target Window - HWND: 2622808, Title: 업종분석_264_2020-2024.xlsx - Excel, PID: 9136, ProcessName: EXCEL

2025-08-27 10:20:54,965 [T42] DEBUG WinElementTargetFinder
## Object Find In App (name: '업종분석_264_2020-2024.xlsx - Exce...')

2025-08-27 10:20:55,040 [T42] INFO  WinFinder
 . Finding Object by 'RelativePoint Search' (Try: 1) ... 

2025-08-27 10:20:55,088 [T11-ScriptEngine] INFO  WinFinder
Finding Result: Found by 'ObjectPathEx' method. (Total: 1)
 - name: '보조 축 옵션으로 이동'
 - value: ''

2025-08-27 10:20:55,715 [T11-ScriptEngine] INFO  JobRequest
 - STEP 56: S27f8752c8460444eb2ede9102e14ec3f (30/83) - (56/107)
 - [30] Click


2025-08-27 10:20:55,752 [T28] INFO  WinFinder
Finding Object In App... Try: 1, IsLastTry: False. AppCount: 1

2025-08-27 10:20:56,776 [T4] WARN  WinApi
SetForeground Failed.
 Attach ThreadInput - True
 Foreground Window - HWND: 329798, Title: 차트 종류 변경, PID: 9136, ProcessName: EXCEL
 Target Window - HWND: 2622808, Title: 업종분석_264_2020-2024.xlsx - Excel, PID: 9136, ProcessName: EXCEL

2025-08-27 10:20:56,879 [T28] DEBUG WinElementTargetFinder
## Object Find In App (name: '업종분석_264_2020-2024.xlsx - Exce...')

2025-08-27 10:20:56,976 [T28] INFO  WinFinder
 . Finding Object by 'RelativePoint Search' (Try: 1) ... 

2025-08-27 10:20:57,023 [T11-ScriptEngine] INFO  WinFinder
Finding Result: Found by 'ObjectPathEx' method. (Total: 1)
 - name: '꺾은선형'
 - value: ''

2025-08-27 10:20:57,644 [T11-ScriptEngine] INFO  JobRequest
 - STEP 57: S793d888457eb4f7c8c425e9f2bf76f0f (31/83) - (57/107)
 - [31] Click


2025-08-27 10:20:57,909 [T7] DEBUG UIAEventHandler
UI Structure Changed Count: 3

2025-08-27 10:20:58,220 [T7] DEBUG UIAEventHandler
Waiting additional time 520 msec for the screen structure is changing. Requested interval: 200 msec.

2025-08-27 10:20:58,245 [T7] INFO  WinFinder
Finding Object In App... Try: 1, IsLastTry: False. AppCount: 1

2025-08-27 10:20:59,263 [T42] WARN  WinApi
SetForeground Failed.
 Attach ThreadInput - True
 Foreground Window - HWND: 3737434, Title: [NoTitle], PID: 9136, ProcessName: EXCEL
 Target Window - HWND: 2622808, Title: 업종분석_264_2020-2024.xlsx - Excel, PID: 9136, ProcessName: EXCEL

2025-08-27 10:20:59,367 [T7] DEBUG WinElementTargetFinder
## Object Find In App (name: '업종분석_264_2020-2024.xlsx - Exce...')

2025-08-27 10:20:59,472 [T7] INFO  WinFinder
 . Finding Object by 'RelativePoint Search' (Try: 1) ... 

2025-08-27 10:20:59,527 [T11-ScriptEngine] INFO  WinFinder
Finding Result: Found by 'ObjectPathEx' method. (Total: 1)
 - name: '표식이 있는 꺾은선형'
 - value: ''

2025-08-27 10:21:00,150 [T11-ScriptEngine] INFO  JobRequest
 - STEP 58: Sbe42ba0efd534e6e87601cb2a22576e9 (32/83) - (58/107)
 - [32] Click


2025-08-27 10:21:00,188 [T4] INFO  WinFinder
Finding Object In App... Try: 1, IsLastTry: False. AppCount: 1

2025-08-27 10:21:01,206 [T39] WARN  WinApi
SetForeground Failed.
 Attach ThreadInput - True
 Foreground Window - HWND: 329798, Title: 차트 종류 변경, PID: 9136, ProcessName: EXCEL
 Target Window - HWND: 2622808, Title: 업종분석_264_2020-2024.xlsx - Excel, PID: 9136, ProcessName: EXCEL

2025-08-27 10:21:01,323 [T4] DEBUG WinElementTargetFinder
## Object Find In App (name: '업종분석_264_2020-2024.xlsx - Exce...')

2025-08-27 10:21:01,416 [T4] INFO  WinFinder
 . Finding Object by 'RelativePoint Search' (Try: 1) ... 

2025-08-27 10:21:01,465 [T11-ScriptEngine] INFO  WinFinder
Finding Result: Found by 'ObjectPathEx' method. (Total: 1)
 - name: '보조 축 옵션으로 이동'
 - value: ''

2025-08-27 10:21:02,099 [T11-ScriptEngine] INFO  JobRequest
 - STEP 59: S1a617cc9e2484f09b1d0ea28dfedce91 (33/83) - (59/107)
 - [33] Click


2025-08-27 10:21:02,135 [T4] INFO  WinFinder
Finding Object In App... Try: 1, IsLastTry: False. AppCount: 1

2025-08-27 10:21:03,141 [T7] WARN  WinApi
SetForeground Failed.
 Attach ThreadInput - True
 Foreground Window - HWND: 329798, Title: 차트 종류 변경, PID: 9136, ProcessName: EXCEL
 Target Window - HWND: 2622808, Title: 업종분석_264_2020-2024.xlsx - Excel, PID: 9136, ProcessName: EXCEL

2025-08-27 10:21:03,244 [T4] DEBUG WinElementTargetFinder
## Object Find In App (name: '업종분석_264_2020-2024.xlsx - Exce...')

2025-08-27 10:21:03,311 [T4] INFO  WinFinder
 . Finding Object by 'RelativePoint Search' (Try: 1) ... 

2025-08-27 10:21:03,359 [T11-ScriptEngine] INFO  WinFinder
Finding Result: Found by 'ObjectPathEx' method. (Total: 1)
 - name: '꺾은선형'
 - value: ''

2025-08-27 10:21:03,992 [T11-ScriptEngine] INFO  JobRequest
 - STEP 60: Sea1b7b16626a49b794e49dc66d35c89c (34/83) - (60/107)
 - [34] Click


2025-08-27 10:21:04,273 [T4] DEBUG UIAEventHandler
UI Structure Changed Count: 3

2025-08-27 10:21:04,574 [T4] DEBUG UIAEventHandler
Waiting additional time 525 msec for the screen structure is changing. Requested interval: 200 msec.

2025-08-27 10:21:04,597 [T4] INFO  WinFinder
Finding Object In App... Try: 1, IsLastTry: False. AppCount: 1

2025-08-27 10:21:05,615 [T7] WARN  WinApi
SetForeground Failed.
 Attach ThreadInput - True
 Foreground Window - HWND: 3802970, Title: [NoTitle], PID: 9136, ProcessName: EXCEL
 Target Window - HWND: 2622808, Title: 업종분석_264_2020-2024.xlsx - Excel, PID: 9136, ProcessName: EXCEL

2025-08-27 10:21:05,718 [T4] DEBUG WinElementTargetFinder
## Object Find In App (name: '업종분석_264_2020-2024.xlsx - Exce...')

2025-08-27 10:21:05,813 [T4] INFO  WinFinder
 . Finding Object by 'RelativePoint Search' (Try: 1) ... 

2025-08-27 10:21:05,869 [T11-ScriptEngine] INFO  WinFinder
Finding Result: Found by 'ObjectPathEx' method. (Total: 1)
 - name: '표식이 있는 꺾은선형'
 - value: ''

2025-08-27 10:21:06,485 [T11-ScriptEngine] INFO  JobRequest
 - STEP 61: S8a3f3d40b93f4d7b97fd791f29cb7378 (35/83) - (61/107)
 - [35] Click


2025-08-27 10:21:06,524 [T4] INFO  WinFinder
Finding Object In App... Try: 1, IsLastTry: False. AppCount: 1

2025-08-27 10:21:07,543 [T7] WARN  WinApi
SetForeground Failed.
 Attach ThreadInput - True
 Foreground Window - HWND: 329798, Title: 차트 종류 변경, PID: 9136, ProcessName: EXCEL
 Target Window - HWND: 2622808, Title: 업종분석_264_2020-2024.xlsx - Excel, PID: 9136, ProcessName: EXCEL

2025-08-27 10:21:07,645 [T4] DEBUG WinElementTargetFinder
## Object Find In App (name: '업종분석_264_2020-2024.xlsx - Exce...')

2025-08-27 10:21:07,712 [T4] INFO  WinFinder
 . Finding Object by 'RelativePoint Search' (Try: 1) ... 

2025-08-27 10:21:07,767 [T11-ScriptEngine] INFO  WinFinder
Finding Result: Found by 'ObjectPathEx' method. (Total: 1)
 - name: '보조 축 옵션으로 이동'
 - value: ''

2025-08-27 10:21:08,395 [T11-ScriptEngine] INFO  JobRequest
 - STEP 62: S07f25720f9394b25a197c52db67836b5 (36/83) - (62/107)
 - [36] Click


2025-08-27 10:21:08,433 [T28] INFO  WinFinder
Finding Object In App... Try: 1, IsLastTry: False. AppCount: 1

2025-08-27 10:21:09,446 [T7] WARN  WinApi
SetForeground Failed.
 Attach ThreadInput - True
 Foreground Window - HWND: 329798, Title: 차트 종류 변경, PID: 9136, ProcessName: EXCEL
 Target Window - HWND: 2622808, Title: 업종분석_264_2020-2024.xlsx - Excel, PID: 9136, ProcessName: EXCEL

2025-08-27 10:21:09,550 [T28] DEBUG WinElementTargetFinder
## Object Find In App (name: '업종분석_264_2020-2024.xlsx - Exce...')

2025-08-27 10:21:09,622 [T28] INFO  WinFinder
 . Finding Object by 'RelativePoint Search' (Try: 1) ... 

2025-08-27 10:21:09,669 [T11-ScriptEngine] INFO  WinFinder
Finding Result: Found by 'ObjectPathEx' method. (Total: 1)
 - name: '확인'
 - value: ''

2025-08-27 10:21:10,288 [T11-ScriptEngine] INFO  JobRequest
 - STEP 63: Sdfb0eed679624302b265343dfca6d3b7 (37/83) - (63/107)
 - [37] RightClick


2025-08-27 10:21:10,575 [T28] INFO  WinFinder
Finding Object In App... Try: 1, IsLastTry: False. AppCount: 1

2025-08-27 10:21:10,578 [T28] DEBUG WinElementTargetFinder
## Object Find In App (name: '업종분석_264_2020-2024.xlsx - Exce...')

2025-08-27 10:21:11,280 [T28] INFO  WinFinder
 . Finding Object by 'RelativePoint Search' (Try: 1) ... 

2025-08-27 10:21:11,466 [T28] DEBUG UIAEventHandler
UI Structure Changed Count: 0

2025-08-27 10:21:11,466 [T28] DEBUG UIAEventHandler
Waiting additional time 44 msec for the screen structure is changing. Requested interval: 100 msec.

2025-08-27 10:21:11,466 [T11-ScriptEngine] INFO  WinFinder
Finding Result: Found by 'ObjectPathEx' method. (Total: 1)
 - name: ''
 - value: ''

2025-08-27 10:21:11,886 [T11-ScriptEngine] INFO  JobRequest
 - STEP 64: S70682de173fd40e8983727c594d95e8c (38/83) - (64/107)
 - [38] Click


2025-08-27 10:21:12,166 [T4] INFO  WinFinder
Finding Object In App... Try: 1, IsLastTry: False. AppCount: 1

2025-08-27 10:21:12,174 [T4] DEBUG WinElementTargetFinder
## Object Find In App (name: '업종분석_264_2020-2024.xlsx - Exce...')

2025-08-27 10:21:12,318 [T4] INFO  WinFinder
 . Finding Object by 'RelativePoint Search' (Try: 1) ... 

2025-08-27 10:21:12,415 [T4] DEBUG UIAEventHandler
UI Structure Changed Count: 0

2025-08-27 10:21:12,415 [T4] DEBUG UIAEventHandler
Waiting additional time 41 msec for the screen structure is changing. Requested interval: 100 msec.

2025-08-27 10:21:12,415 [T11-ScriptEngine] INFO  WinFinder
Finding Result: Found by 'ObjectPathEx' method. (Total: 1)
 - name: '차트 영역 서식...'
 - value: ''

2025-08-27 10:21:12,823 [T11-ScriptEngine] INFO  JobRequest
 - STEP 65: S3c3c12b5005748ff8c42ba27f3514ba7 (39/83) - (65/107)
 - [39] Click


2025-08-27 10:21:13,131 [T28] INFO  WinFinder
Finding Object In App... Try: 1, IsLastTry: False. AppCount: 1

2025-08-27 10:21:13,155 [T28] DEBUG WinElementTargetFinder
## Object Find In App (name: '업종분석_264_2020-2024.xlsx - Exce...')

2025-08-27 10:21:13,569 [T28] INFO  WinFinder
 . Finding Object by 'RelativePoint Search' (Try: 1) ... 

2025-08-27 10:21:13,739 [T11-ScriptEngine] INFO  WinFinder
Finding Result: Found by 'ObjectPathEx' method. (Total: 1)
 - name: '크기 및 속성'
 - value: ''

2025-08-27 10:21:14,145 [T11-ScriptEngine] INFO  JobRequest
 - STEP 66: Sff5b496e0c104fce8cdada62f2298664 (40/83) - (66/107)
 - [40] Click


2025-08-27 10:21:14,261 [T39] INFO  WinFinder
Finding Object In App... Try: 1, IsLastTry: False. AppCount: 1

2025-08-27 10:21:14,276 [T39] DEBUG WinElementTargetFinder
## Object Find In App (name: '업종분석_264_2020-2024.xlsx - Exce...')

2025-08-27 10:21:14,395 [T39] INFO  WinFinder
 . Finding Object by 'RelativePoint Search' (Try: 1) ... 

2025-08-27 10:21:14,448 [T11-ScriptEngine] INFO  WinFinder
Finding Result: Found by 'ObjectPathEx' method. (Total: 1)
 - name: ''
 - value: ''

2025-08-27 10:21:14,862 [T11-ScriptEngine] INFO  JobRequest
 - STEP 67: S909f9071915d452596a40cb91350fb3e (41/83) - (67/107)
 - [41] TextInput


2025-08-27 10:21:14,953 [T4] INFO  WinFinder
Finding Object In App... Try: 1, IsLastTry: False. AppCount: 1

2025-08-27 10:21:14,954 [T4] DEBUG WinElementTargetFinder
## Object Find In App (name: '업종분석_264_2020-2024.xlsx - Exce...')

2025-08-27 10:21:16,343 [T4] INFO  WinFinder
 . Finding Object by 'RelativePoint Search' (Try: 1) ... 

2025-08-27 10:21:16,396 [T11-ScriptEngine] INFO  WinFinder
Finding Result: Found by 'ObjectPathEx' method. (Total: 1)
 - name: '높이 조절'
 - value: '100%'

2025-08-27 10:21:18,875 [T11-ScriptEngine] INFO  JobRequest
 - STEP 68: S98c69bbefad84755ada5bc37df9788a6 (42/83) - (68/107)
 - [42] TextInput


2025-08-27 10:21:18,926 [T4] INFO  WinFinder
Finding Object In App... Try: 1, IsLastTry: False. AppCount: 1

2025-08-27 10:21:18,927 [T4] DEBUG WinElementTargetFinder
## Object Find In App (name: '업종분석_264_2020-2024.xlsx - Exce...')

2025-08-27 10:21:20,355 [T4] INFO  WinFinder
 . Finding Object by 'RelativePoint Search' (Try: 1) ... 

2025-08-27 10:21:20,415 [T11-ScriptEngine] INFO  WinFinder
Finding Result: Found by 'ObjectPathEx' method. (Total: 1)
 - name: '너비 조절'
 - value: '100%'

2025-08-27 10:21:22,776 [T11-ScriptEngine] INFO  JobRequest
 - STEP 69: S7d5e5a6689e14f29aeb27f768af0317c (43/83) - (69/107)
 - [43] MouseScroll


2025-08-27 10:21:22,829 [T28] INFO  WinFinder
Finding Object In App... Try: 1, IsLastTry: False. AppCount: 1

2025-08-27 10:21:22,830 [T28] DEBUG WinElementTargetFinder
## Object Find In App (name: '업종분석_264_2020-2024.xlsx - Exce...')

2025-08-27 10:21:22,906 [T28] INFO  WinFinder
 . Finding Object by 'RelativePoint Search' (Try: 1) ... 

2025-08-27 10:21:22,966 [T11-ScriptEngine] INFO  WinFinder
Finding Result: Found by 'ObjectPathEx' method. (Total: 1)
 - name: '위치'
 - value: ''

2025-08-27 10:21:25,355 [T11-ScriptEngine] INFO  JobRequest
 - STEP 70: S0cf440ed7bf245ea91d3f7b71e521dcc (44/83) - (70/107)
 - [44] Click


2025-08-27 10:21:25,385 [T4] INFO  WinFinder
Finding Object In App... Try: 1, IsLastTry: False. AppCount: 1

2025-08-27 10:21:25,386 [T4] DEBUG WinElementTargetFinder
## Object Find In App (name: '업종분석_264_2020-2024.xlsx - Exce...')

2025-08-27 10:21:25,473 [T4] INFO  WinFinder
 . Finding Object by 'RelativePoint Search' (Try: 1) ... 

2025-08-27 10:21:25,529 [T11-ScriptEngine] INFO  WinFinder
Finding Result: Found by 'ObjectPathEx' method. (Total: 1)
 - name: 'Sheet1'
 - value: ''

2025-08-27 10:21:25,943 [T11-ScriptEngine] INFO  JobRequest
 - STEP 71: Sb63f9f2896ad4503a5e9c74555d3efd2 (45/83) - (71/107)
 - [45] SelectRange


2025-08-27 10:21:30,966 [T11-ScriptEngine] ERROR ActiveExcelUtil
개체 참조가 개체의 인스턴스로 설정되지 않았습니다.

2025-08-27 10:21:30,967 [T11-ScriptEngine] ERROR ActiveExcelUtil


System.NullReferenceException: 개체 참조가 개체의 인스턴스로 설정되지 않았습니다.
   위치: RPAGO.Lib.Excel.Util.ActiveExcelUtil.GetActiveWorkbook()
2025-08-27 10:21:31,010 [T11-ScriptEngine] INFO  JobRequest
 - STEP 72: Sb0ec664143894bb79e8611336bda0358 (46/83) - (72/107)
 - [46] SendShortCut


2025-08-27 10:21:36,020 [T11-ScriptEngine] ERROR ActiveExcelUtil
개체 참조가 개체의 인스턴스로 설정되지 않았습니다.

2025-08-27 10:21:36,020 [T11-ScriptEngine] ERROR ActiveExcelUtil


System.NullReferenceException: 개체 참조가 개체의 인스턴스로 설정되지 않았습니다.
   위치: RPAGO.Lib.Excel.Util.ActiveExcelUtil.GetActiveWorkbook()
2025-08-27 10:21:36,266 [T11-ScriptEngine] INFO  JobRequest
 - STEP 73: Sf42936f574b64959a778a22aa28e7ff7 (47/83) - (73/107)
 - [47] SendShortCut


2025-08-27 10:21:41,284 [T11-ScriptEngine] ERROR ActiveExcelUtil
개체 참조가 개체의 인스턴스로 설정되지 않았습니다.

2025-08-27 10:21:41,285 [T11-ScriptEngine] ERROR ActiveExcelUtil


System.NullReferenceException: 개체 참조가 개체의 인스턴스로 설정되지 않았습니다.
   위치: RPAGO.Lib.Excel.Util.ActiveExcelUtil.GetActiveWorkbook()
2025-08-27 10:21:41,560 [T11-ScriptEngine] INFO  JobRequest
 - STEP 74: S5e1ac0e1541c43cbbfcc3b0ae9a57f9b (48/83) - (74/107)
 - [48] Click


2025-08-27 10:21:41,712 [T45] INFO  WinFinder
Finding Object In App... Try: 1, IsLastTry: False. AppCount: 0

2025-08-27 10:21:41,935 [T45] DEBUG UIAEventHandler
UI Structure Changed Count: 0

2025-08-27 10:21:41,935 [T45] DEBUG UIAEventHandler
Waiting additional time 91 msec for the screen structure is changing. Requested interval: 200 msec.

2025-08-27 10:21:41,946 [T45] INFO  WinFinder
Finding Object In App... Try: 2, IsLastTry: False. AppCount: 1

2025-08-27 10:21:41,947 [T45] DEBUG WinElementTargetFinder
## Object Find In App (name: '피벗 차트 만들기')

2025-08-27 10:21:42,036 [T45] INFO  WinFinder
 . Finding Object by 'RelativePoint Search' (Try: 2) ... 

2025-08-27 10:21:42,092 [T11-ScriptEngine] INFO  WinFinder
Finding Result: Found by 'ObjectPathEx' method. (Total: 1)
 - name: '기존 워크시트(E)'
 - value: ''

2025-08-27 10:21:42,498 [T11-ScriptEngine] INFO  JobRequest
 - STEP 75: Scfe7c4ec3ca344c8b2b752c5dea21a91 (49/83) - (75/107)
 - [49] TextInput


2025-08-27 10:21:42,528 [T28] INFO  WinFinder
Finding Object In App... Try: 1, IsLastTry: False. AppCount: 1

2025-08-27 10:21:42,529 [T28] DEBUG WinElementTargetFinder
## Object Find In App (name: '피벗 차트 만들기')

2025-08-27 10:21:42,559 [T28] INFO  WinFinder
 . Finding Object by 'RelativePoint Search' (Try: 1) ... 

2025-08-27 10:21:42,616 [T11-ScriptEngine] INFO  WinFinder
Finding Result: Found by 'ObjectPathEx' method. (Total: 1)
 - name: ''
 - value: ''

2025-08-27 10:21:45,341 [T11-ScriptEngine] INFO  JobRequest
 - STEP 76: S1488dab3bd2a4586837d8f69a7c5ef3c (50/83) - (76/107)
 - [50] Click


2025-08-27 10:21:45,438 [T39] INFO  WinFinder
Finding Object In App... Try: 1, IsLastTry: False. AppCount: 1

2025-08-27 10:21:45,440 [T39] DEBUG WinElementTargetFinder
## Object Find In App (name: '업종분석_264_2020-2024.xlsx - Exce...')

2025-08-27 10:21:45,935 [T39] INFO  WinFinder
 . Finding Object by 'RelativePoint Search' (Try: 1) ... 

2025-08-27 10:21:45,997 [T11-ScriptEngine] INFO  WinFinder
Finding Result: Found by 'ObjectPathEx' method. (Total: 1)
 - name: '기업명'
 - value: ''

2025-08-27 10:21:46,405 [T11-ScriptEngine] INFO  JobRequest
 - STEP 77: S2a068390532449a7ac529868500fa4d1 (52/83) - (77/107)
 - [52] Click


2025-08-27 10:21:46,442 [T45] INFO  WinFinder
Finding Object In App... Try: 1, IsLastTry: False. AppCount: 1

2025-08-27 10:21:46,443 [T45] DEBUG WinElementTargetFinder
## Object Find In App (name: '업종분석_264_2020-2024.xlsx - Exce...')

2025-08-27 10:21:46,540 [T45] INFO  WinFinder
 . Finding Object by 'RelativePoint Search' (Try: 1) ... 

2025-08-27 10:21:46,596 [T11-ScriptEngine] INFO  WinFinder
Finding Result: Found by 'ObjectPathEx' method. (Total: 1)
 - name: '구분'
 - value: ''

2025-08-27 10:21:47,029 [T11-ScriptEngine] INFO  JobRequest
 - STEP 78: S330e2baba8fd4098b829868f27497fcd (53/83) - (78/107)
 - [53] MouseScroll


2025-08-27 10:21:47,150 [T4] INFO  WinFinder
Finding Object In App... Try: 1, IsLastTry: False. AppCount: 1

2025-08-27 10:21:47,151 [T4] DEBUG WinElementTargetFinder
## Object Find In App (name: '업종분석_264_2020-2024.xlsx - Exce...')

2025-08-27 10:21:47,249 [T4] INFO  WinFinder
 . Finding Object by 'RelativePoint Search' (Try: 1) ... 

2025-08-27 10:21:47,301 [T11-ScriptEngine] INFO  WinFinder
Finding Result: Found by 'ObjectPathEx' method. (Total: 1)
 - name: '위치'
 - value: ''

2025-08-27 10:21:48,826 [T11-ScriptEngine] INFO  JobRequest
 - STEP 79: S9d132a22d6e04476a966f340d3312e1d (54/83) - (79/107)
 - [54] Click


2025-08-27 10:21:48,875 [T46] INFO  WinFinder
Finding Object In App... Try: 1, IsLastTry: False. AppCount: 1

2025-08-27 10:21:48,875 [T46] DEBUG WinElementTargetFinder
## Object Find In App (name: '업종분석_264_2020-2024.xlsx - Exce...')

2025-08-27 10:21:48,979 [T46] INFO  WinFinder
 . Finding Object by 'RelativePoint Search' (Try: 1) ... 

2025-08-27 10:21:49,031 [T11-ScriptEngine] INFO  WinFinder
Finding Result: Found by 'ObjectPathEx' method. (Total: 1)
 - name: '영업비용률'
 - value: ''

2025-08-27 10:21:49,436 [T11-ScriptEngine] INFO  JobRequest
 - STEP 80: S1f991b05444b4b88b43fe1dc2e530884 (55/83) - (80/107)
 - [55] Click


2025-08-27 10:21:49,550 [T39] INFO  WinFinder
Finding Object In App... Try: 1, IsLastTry: False. AppCount: 1

2025-08-27 10:21:49,551 [T39] DEBUG WinElementTargetFinder
## Object Find In App (name: '업종분석_264_2020-2024.xlsx - Exce...')

2025-08-27 10:21:49,645 [T39] INFO  WinFinder
 . Finding Object by 'RelativePoint Search' (Try: 1) ... 

2025-08-27 10:21:49,699 [T11-ScriptEngine] INFO  WinFinder
Finding Result: Found by 'ObjectPathEx' method. (Total: 1)
 - name: '영업이익률'
 - value: ''

2025-08-27 10:21:50,102 [T11-ScriptEngine] INFO  JobRequest
 - STEP 81: Sd1804f6066344779971a6ab26db601ee (56/83) - (81/107)
 - [56] Click


2025-08-27 10:21:50,262 [T7] INFO  WinFinder
Finding Object In App... Try: 1, IsLastTry: False. AppCount: 1

2025-08-27 10:21:50,263 [T7] DEBUG WinElementTargetFinder
## Object Find In App (name: '업종분석_264_2020-2024.xlsx - Exce...')

2025-08-27 10:21:50,353 [T7] INFO  WinFinder
 . Finding Object by 'RelativePoint Search' (Try: 1) ... 

2025-08-27 10:21:50,406 [T11-ScriptEngine] INFO  WinFinder
Finding Result: Found by 'ObjectPathEx' method. (Total: 1)
 - name: '기업명'
 - value: ''

2025-08-27 10:21:50,832 [T11-ScriptEngine] INFO  JobRequest
 - STEP 82: Sbd571a4c34494e83aa47758e53cfde1a (57/83) - (82/107)
 - [57] Click


2025-08-27 10:21:51,083 [T4] INFO  WinFinder
Finding Object In App... Try: 1, IsLastTry: False. AppCount: 1

2025-08-27 10:21:51,089 [T4] DEBUG WinElementTargetFinder
## Object Find In App (name: '업종분석_264_2020-2024.xlsx - Exce...')

2025-08-27 10:21:51,174 [T4] INFO  WinFinder
 . Finding Object by 'RelativePoint Search' (Try: 1) ... 

2025-08-27 10:21:51,227 [T11-ScriptEngine] INFO  WinFinder
Finding Result: Found by 'ObjectPathEx' method. (Total: 1)
 - name: '범례 필드(계열)로 이동'
 - value: ''

2025-08-27 10:21:51,642 [T11-ScriptEngine] INFO  JobRequest
 - STEP 83: S8824fb8e7ea04957a4b36b9f7e93b1c8 (58/83) - (83/107)
 - [58] Click


2025-08-27 10:21:51,777 [T28] INFO  WinFinder
Finding Object In App... Try: 1, IsLastTry: False. AppCount: 1

2025-08-27 10:21:51,778 [T28] DEBUG WinElementTargetFinder
## Object Find In App (name: '업종분석_264_2020-2024.xlsx - Exce...')

2025-08-27 10:21:51,873 [T28] INFO  WinFinder
 . Finding Object by 'RelativePoint Search' (Try: 1) ... 

2025-08-27 10:21:51,928 [T11-ScriptEngine] INFO  WinFinder
Finding Result: Found by 'ObjectPathEx' method. (Total: 1)
 - name: ''
 - value: ''

2025-08-27 10:21:52,345 [T11-ScriptEngine] INFO  JobRequest
 - STEP 84: Seb7576f0d0124585b90441e0245f8268 (59/83) - (84/107)
 - [59] SetCheckState


2025-08-27 10:21:52,554 [T28] INFO  WinFinder
Finding Object In App... Try: 1, IsLastTry: False. AppCount: 1

2025-08-27 10:21:52,690 [T28] DEBUG WinElementTargetFinder
## Object Find In App (name: '업종분석_264_2020-2024.xlsx - Exce...')

2025-08-27 10:21:52,780 [T28] INFO  WinFinder
 . Finding Object by 'RelativePoint Search' (Try: 1) ... 

2025-08-27 10:21:52,850 [T11-ScriptEngine] INFO  WinFinder
Finding Result: Found by 'ObjectPathEx' method. (Total: 1)
 - name: '삼성전자'
 - value: ''

2025-08-27 10:21:52,875 [T11-ScriptEngine] INFO  JobRequest
 - STEP 85: S32ae8f965b8b45189b4bfccf68e18f3b (60/83) - (85/107)
 - [60] Click


2025-08-27 10:21:52,920 [T45] INFO  WinFinder
Finding Object In App... Try: 1, IsLastTry: False. AppCount: 1

2025-08-27 10:21:53,989 [T45] DEBUG WinElementTargetFinder
## Object Find In App (name: '업종분석_264_2020-2024.xlsx - Exce...')

2025-08-27 10:21:54,055 [T45] INFO  WinFinder
 . Finding Object by 'RelativePoint Search' (Try: 1) ... 

2025-08-27 10:21:54,117 [T11-ScriptEngine] INFO  WinFinder
Finding Result: Found by 'ObjectPathEx' method. (Total: 1)
 - name: '확인'
 - value: ''

2025-08-27 10:21:54,545 [T11-ScriptEngine] INFO  JobRequest
 - STEP 86: S0d0d22897f8547cd926a85b06e74d4d1 (61/83) - (86/107)
 - [61] Click


2025-08-27 10:21:54,673 [T42] INFO  WinFinder
Finding Object In App... Try: 1, IsLastTry: False. AppCount: 1

2025-08-27 10:21:54,674 [T42] DEBUG WinElementTargetFinder
## Object Find In App (name: '업종분석_264_2020-2024.xlsx - Exce...')

2025-08-27 10:21:54,774 [T42] INFO  WinFinder
 . Finding Object by 'RelativePoint Search' (Try: 1) ... 

2025-08-27 10:21:54,830 [T11-ScriptEngine] INFO  WinFinder
Finding Result: Found by 'ObjectPathEx' method. (Total: 1)
 - name: ''
 - value: ''

2025-08-27 10:21:55,246 [T11-ScriptEngine] INFO  JobRequest
 - STEP 87: S437c595ad868463d8d0ea620519b9dfa (62/83) - (87/107)
 - [62] Click


2025-08-27 10:21:55,542 [T45] DEBUG UIAEventHandler
UI Structure Changed Count: 7

2025-08-27 10:21:56,242 [T45] DEBUG UIAEventHandler
Waiting additional time 943 msec for the screen structure is changing. Requested interval: 200 msec.

2025-08-27 10:21:56,261 [T45] INFO  WinFinder
Finding Object In App... Try: 1, IsLastTry: False. AppCount: 1

2025-08-27 10:21:56,262 [T45] DEBUG WinElementTargetFinder
## Object Find In App (name: '업종분석_264_2020-2024.xlsx - Exce...')

2025-08-27 10:21:56,328 [T45] INFO  WinFinder
 . Finding Object by 'RelativePoint Search' (Try: 1) ... 

2025-08-27 10:21:56,384 [T11-ScriptEngine] INFO  WinFinder
Finding Result: Found by 'ObjectPathEx' method. (Total: 1)
 - name: '텍스트 내림차순 정렬'
 - value: ''

2025-08-27 10:21:56,799 [T11-ScriptEngine] INFO  JobRequest
 - STEP 88: S19fc3d1efe08468faf140f83921d7c28 (63/83) - (88/107)
 - [63] Click


2025-08-27 10:21:57,055 [T42] INFO  WinFinder
Finding Object In App... Try: 1, IsLastTry: False. AppCount: 1

2025-08-27 10:21:57,056 [T42] DEBUG WinElementTargetFinder
## Object Find In App (name: '업종분석_264_2020-2024.xlsx - Exce...')

2025-08-27 10:21:58,344 [T42] INFO  WinFinder
 . Finding Object by 'RelativePoint Search' (Try: 1) ... 

2025-08-27 10:21:58,396 [T11-ScriptEngine] INFO  WinFinder
Finding Result: Found by 'TopDown' method. (Total: 1)
 - name: '합계 : 영업비용률'
 - value: ''

2025-08-27 10:21:58,822 [T11-ScriptEngine] INFO  JobRequest
 - STEP 89: Sb17cddd8f142410cae3fd150c07e50ff (64/83) - (89/107)
 - [64] Click


2025-08-27 10:21:59,189 [T7] INFO  WinFinder
Finding Object In App... Try: 1, IsLastTry: False. AppCount: 1

2025-08-27 10:21:59,189 [T7] DEBUG WinElementTargetFinder
## Object Find In App (name: '업종분석_264_2020-2024.xlsx - Exce...')

2025-08-27 10:21:59,268 [T7] INFO  WinFinder
 . Finding Object by 'RelativePoint Search' (Try: 1) ... 

2025-08-27 10:21:59,322 [T11-ScriptEngine] INFO  WinFinder
Finding Result: Found by 'ObjectPathEx' method. (Total: 1)
 - name: '값 필드 설정... '
 - value: ''

2025-08-27 10:21:59,755 [T11-ScriptEngine] INFO  JobRequest
 - STEP 90: Se8880295dbd24a029db996e2abd425e6 (65/83) - (90/107)
 - [65] Click


2025-08-27 10:21:59,943 [T7] DEBUG UIAEventHandler
UI Structure Changed Count: 0

2025-08-27 10:21:59,943 [T7] DEBUG UIAEventHandler
Waiting additional time 166 msec for the screen structure is changing. Requested interval: 200 msec.

2025-08-27 10:21:59,957 [T7] INFO  WinFinder
Finding Object In App... Try: 1, IsLastTry: False. AppCount: 1

2025-08-27 10:21:59,957 [T7] DEBUG WinElementTargetFinder
## Object Find In App (name: '값 필드 설정')

2025-08-27 10:22:00,061 [T7] INFO  WinFinder
 . Finding Object by 'RelativePoint Search' (Try: 1) ... 

2025-08-27 10:22:00,127 [T11-ScriptEngine] INFO  WinFinder
Finding Result: Found by 'ObjectPathEx' method. (Total: 1)
 - name: '평균'
 - value: ''

2025-08-27 10:22:00,550 [T11-ScriptEngine] INFO  JobRequest
 - STEP 91: S70522bd9eb05463a9db893916e0a012b (66/83) - (91/107)
 - [66] Click


2025-08-27 10:22:00,586 [T46] INFO  WinFinder
Finding Object In App... Try: 1, IsLastTry: False. AppCount: 1

2025-08-27 10:22:00,587 [T46] DEBUG WinElementTargetFinder
## Object Find In App (name: '값 필드 설정')

2025-08-27 10:22:00,654 [T46] INFO  WinFinder
 . Finding Object by 'RelativePoint Search' (Try: 1) ... 

2025-08-27 10:22:00,703 [T11-ScriptEngine] INFO  WinFinder
Finding Result: Found by 'ObjectPathEx' method. (Total: 1)
 - name: '확인'
 - value: ''

2025-08-27 10:22:01,112 [T11-ScriptEngine] INFO  JobRequest
 - STEP 92: S00821f221cb344f4be8500fd445a0a4a (67/83) - (92/107)
 - [67] Click


2025-08-27 10:22:01,410 [T42] INFO  WinFinder
Finding Object In App... Try: 1, IsLastTry: False. AppCount: 1

2025-08-27 10:22:01,412 [T42] DEBUG WinElementTargetFinder
## Object Find In App (name: '업종분석_264_2020-2024.xlsx - Exce...')

2025-08-27 10:22:02,304 [T42] INFO  WinFinder
 . Finding Object by 'RelativePoint Search' (Try: 1) ... 

2025-08-27 10:22:02,354 [T11-ScriptEngine] INFO  WinFinder
Finding Result: Found by 'TopDown' method. (Total: 1)
 - name: '합계 : 영업이익률'
 - value: ''

2025-08-27 10:22:02,767 [T11-ScriptEngine] INFO  JobRequest
 - STEP 93: Sf398c412176f4d8691dc825dbead568e (68/83) - (93/107)
 - [68] Click


2025-08-27 10:22:03,086 [T4] INFO  WinFinder
Finding Object In App... Try: 1, IsLastTry: False. AppCount: 1

2025-08-27 10:22:03,086 [T4] DEBUG WinElementTargetFinder
## Object Find In App (name: '업종분석_264_2020-2024.xlsx - Exce...')

2025-08-27 10:22:03,177 [T4] INFO  WinFinder
 . Finding Object by 'RelativePoint Search' (Try: 1) ... 

2025-08-27 10:22:03,229 [T11-ScriptEngine] INFO  WinFinder
Finding Result: Found by 'ObjectPathEx' method. (Total: 1)
 - name: '값 필드 설정... '
 - value: ''

2025-08-27 10:22:03,656 [T11-ScriptEngine] INFO  JobRequest
 - STEP 94: Sa2d7cbf6677a45bd8a5bd09a9a80ab52 (69/83) - (94/107)
 - [69] Click


2025-08-27 10:22:03,907 [T46] DEBUG UIAEventHandler
UI Structure Changed Count: 0

2025-08-27 10:22:03,907 [T46] DEBUG UIAEventHandler
Waiting additional time 212 msec for the screen structure is changing. Requested interval: 200 msec.

2025-08-27 10:22:03,921 [T46] INFO  WinFinder
Finding Object In App... Try: 1, IsLastTry: False. AppCount: 1

2025-08-27 10:22:03,922 [T46] DEBUG WinElementTargetFinder
## Object Find In App (name: '값 필드 설정')

2025-08-27 10:22:04,022 [T46] INFO  WinFinder
 . Finding Object by 'RelativePoint Search' (Try: 1) ... 

2025-08-27 10:22:04,074 [T11-ScriptEngine] INFO  WinFinder
Finding Result: Found by 'ObjectPathEx' method. (Total: 1)
 - name: '평균'
 - value: ''

2025-08-27 10:22:04,484 [T11-ScriptEngine] INFO  JobRequest
 - STEP 95: S3b9f627b16e945d88cdaaa656c184c71 (70/83) - (95/107)
 - [70] Click


2025-08-27 10:22:04,518 [T39] INFO  WinFinder
Finding Object In App... Try: 1, IsLastTry: False. AppCount: 1

2025-08-27 10:22:04,519 [T39] DEBUG WinElementTargetFinder
## Object Find In App (name: '값 필드 설정')

2025-08-27 10:22:04,572 [T39] INFO  WinFinder
 . Finding Object by 'RelativePoint Search' (Try: 1) ... 

2025-08-27 10:22:04,623 [T11-ScriptEngine] INFO  WinFinder
Finding Result: Found by 'ObjectPathEx' method. (Total: 1)
 - name: '확인'
 - value: ''

2025-08-27 10:22:05,044 [T11-ScriptEngine] INFO  JobRequest
 - STEP 96: Sdf8f9d772e9d409c8e125ac9bdad9a3a (71/83) - (96/107)
 - [71] RightClick


2025-08-27 10:22:05,330 [T46] INFO  WinFinder
Finding Object In App... Try: 1, IsLastTry: False. AppCount: 1

2025-08-27 10:22:05,331 [T46] DEBUG WinElementTargetFinder
## Object Find In App (name: '업종분석_264_2020-2024.xlsx - Exce...')

2025-08-27 10:22:06,882 [T46] INFO  WinFinder
 . Finding Object by 'RelativePoint Search' (Try: 1) ... 

2025-08-27 10:22:06,935 [T11-ScriptEngine] INFO  WinFinder
Finding Result: Found by 'ObjectPathEx' method. (Total: 1)
 - name: ''
 - value: ''

2025-08-27 10:22:07,357 [T11-ScriptEngine] INFO  JobRequest
 - STEP 97: S2b97a9525a2e406f8c709de0cf69ac6b (72/83) - (97/107)
 - [72] Click


2025-08-27 10:22:07,933 [T42] DEBUG UIAEventHandler
UI Structure Changed Count: 8

2025-08-27 10:22:08,741 [T42] DEBUG UIAEventHandler
Waiting additional time 1031 msec for the screen structure is changing. Requested interval: 200 msec.

2025-08-27 10:22:08,770 [T42] INFO  WinFinder
Finding Object In App... Try: 1, IsLastTry: False. AppCount: 1

2025-08-27 10:22:08,771 [T42] DEBUG WinElementTargetFinder
## Object Find In App (name: '업종분석_264_2020-2024.xlsx - Exce...')

2025-08-27 10:22:08,833 [T42] INFO  WinFinder
 . Finding Object by 'RelativePoint Search' (Try: 1) ... 

2025-08-27 10:22:08,888 [T11-ScriptEngine] INFO  WinFinder
Finding Result: Found by 'ObjectPathEx' method. (Total: 1)
 - name: '차트 종류 변경...'
 - value: ''

2025-08-27 10:22:09,304 [T11-ScriptEngine] INFO  JobRequest
 - STEP 98: S8bcb395b680b48e4805665e03d1a11a9 (73/83) - (98/107)
 - [73] Click


2025-08-27 10:22:09,366 [T7] INFO  WinFinder
Finding Object In App... Try: 1, IsLastTry: False. AppCount: 1

2025-08-27 10:22:10,378 [T39] WARN  WinApi
SetForeground Failed.
 Attach ThreadInput - True
 Foreground Window - HWND: 1049696, Title: 차트 종류 변경, PID: 9136, ProcessName: EXCEL
 Target Window - HWND: 2622808, Title: 업종분석_264_2020-2024.xlsx - Excel, PID: 9136, ProcessName: EXCEL

2025-08-27 10:22:10,482 [T7] DEBUG WinElementTargetFinder
## Object Find In App (name: '업종분석_264_2020-2024.xlsx - Exce...')

2025-08-27 10:22:10,563 [T7] INFO  WinFinder
 . Finding Object by 'RelativePoint Search' (Try: 1) ... 

2025-08-27 10:22:10,612 [T11-ScriptEngine] INFO  WinFinder
Finding Result: Found by 'ObjectPathEx' method. (Total: 1)
 - name: '100% 기준 누적 세로 막대형'
 - value: ''

2025-08-27 10:22:11,248 [T11-ScriptEngine] INFO  JobRequest
 - STEP 99: S6be1c3ab6eb54d16b691dc39eb1db419 (74/83) - (99/107)
 - [74] Click


2025-08-27 10:22:11,284 [T4] INFO  WinFinder
Finding Object In App... Try: 1, IsLastTry: False. AppCount: 1

2025-08-27 10:22:12,306 [T42] WARN  WinApi
SetForeground Failed.
 Attach ThreadInput - True
 Foreground Window - HWND: 1049696, Title: 차트 종류 변경, PID: 9136, ProcessName: EXCEL
 Target Window - HWND: 2622808, Title: 업종분석_264_2020-2024.xlsx - Excel, PID: 9136, ProcessName: EXCEL

2025-08-27 10:22:12,408 [T4] DEBUG WinElementTargetFinder
## Object Find In App (name: '업종분석_264_2020-2024.xlsx - Exce...')

2025-08-27 10:22:12,490 [T4] INFO  WinFinder
 . Finding Object by 'RelativePoint Search' (Try: 1) ... 

2025-08-27 10:22:12,536 [T11-ScriptEngine] INFO  WinFinder
Finding Result: Found by 'ObjectPathEx' method. (Total: 1)
 - name: '확인'
 - value: ''

2025-08-27 10:22:13,169 [T11-ScriptEngine] INFO  JobRequest
 - STEP 100: S4b31213038c54d18b1fed424e7f5df17 (75/83) - (100/107)
 - [75] RightClick


2025-08-27 10:22:13,321 [T42] INFO  WinFinder
Finding Object In App... Try: 1, IsLastTry: False. AppCount: 1

2025-08-27 10:22:13,322 [T42] DEBUG WinElementTargetFinder
## Object Find In App (name: '업종분석_264_2020-2024.xlsx - Exce...')

2025-08-27 10:22:13,439 [T42] INFO  WinFinder
 . Finding Object by 'RelativePoint Search' (Try: 1) ... 

2025-08-27 10:22:13,494 [T11-ScriptEngine] INFO  WinFinder
Finding Result: Found by 'ObjectPathEx' method. (Total: 1)
 - name: ''
 - value: ''

2025-08-27 10:22:13,918 [T11-ScriptEngine] INFO  JobRequest
 - STEP 101: Sbcd66410277946ca91f75b147fc623a1 (76/83) - (101/107)
 - [76] Click


2025-08-27 10:22:14,212 [T28] INFO  WinFinder
Finding Object In App... Try: 1, IsLastTry: False. AppCount: 1

2025-08-27 10:22:14,220 [T28] DEBUG WinElementTargetFinder
## Object Find In App (name: '업종분석_264_2020-2024.xlsx - Exce...')

2025-08-27 10:22:14,363 [T28] INFO  WinFinder
 . Finding Object by 'RelativePoint Search' (Try: 1) ... 

2025-08-27 10:22:14,461 [T28] DEBUG UIAEventHandler
UI Structure Changed Count: 0

2025-08-27 10:22:14,461 [T28] DEBUG UIAEventHandler
Waiting additional time 45 msec for the screen structure is changing. Requested interval: 100 msec.

2025-08-27 10:22:14,461 [T11-ScriptEngine] INFO  WinFinder
Finding Result: Found by 'ObjectPathEx' method. (Total: 1)
 - name: '차트 영역 서식...'
 - value: ''

2025-08-27 10:22:14,885 [T11-ScriptEngine] INFO  JobRequest
 - STEP 102: Scfa4548f74aa4cd1932b06838c658337 (77/83) - (102/107)
 - [77] Click


2025-08-27 10:22:15,185 [T7] INFO  WinFinder
Finding Object In App... Try: 1, IsLastTry: False. AppCount: 1

2025-08-27 10:22:15,204 [T7] DEBUG WinElementTargetFinder
## Object Find In App (name: '업종분석_264_2020-2024.xlsx - Exce...')

2025-08-27 10:22:15,468 [T7] INFO  WinFinder
 . Finding Object by 'RelativePoint Search' (Try: 1) ... 

2025-08-27 10:22:15,531 [T11-ScriptEngine] INFO  WinFinder
Finding Result: Found by 'ObjectPathEx' method. (Total: 1)
 - name: '크기 및 속성'
 - value: ''

2025-08-27 10:22:15,947 [T11-ScriptEngine] INFO  JobRequest
 - STEP 103: S4aa923d035a74e6e9e1a70d9fb92b950 (79/83) - (103/107)
 - [79] TextInput


2025-08-27 10:22:16,002 [T28] INFO  WinFinder
Finding Object In App... Try: 1, IsLastTry: False. AppCount: 1

2025-08-27 10:22:16,003 [T28] DEBUG WinElementTargetFinder
## Object Find In App (name: '업종분석_264_2020-2024.xlsx - Exce...')

2025-08-27 10:22:17,388 [T28] INFO  WinFinder
 . Finding Object by 'RelativePoint Search' (Try: 1) ... 

2025-08-27 10:22:17,440 [T11-ScriptEngine] INFO  WinFinder
Finding Result: Found by 'ObjectPathEx' method. (Total: 1)
 - name: '높이 조절'
 - value: '100%'

2025-08-27 10:22:19,910 [T11-ScriptEngine] INFO  JobRequest
 - STEP 104: Sc38b6cb4b9444f5bb4dd1626465d1161 (80/83) - (104/107)
 - [80] TextInput


2025-08-27 10:22:19,962 [T28] INFO  WinFinder
Finding Object In App... Try: 1, IsLastTry: False. AppCount: 1

2025-08-27 10:22:19,962 [T28] DEBUG WinElementTargetFinder
## Object Find In App (name: '업종분석_264_2020-2024.xlsx - Exce...')

2025-08-27 10:22:21,382 [T28] INFO  WinFinder
 . Finding Object by 'RelativePoint Search' (Try: 1) ... 

2025-08-27 10:22:21,443 [T11-ScriptEngine] INFO  WinFinder
Finding Result: Found by 'ObjectPathEx' method. (Total: 1)
 - name: '너비 조절'
 - value: '100%'

2025-08-27 10:22:23,843 [T11-ScriptEngine] INFO  JobRequest
 - STEP 105: S91ee88ff7a0f4d4eafeee955b8ae2088 (81/83) - (105/107)
 - [81] SaveExcel


2025-08-27 10:22:28,874 [T11-ScriptEngine] ERROR ActiveExcelUtil
개체 참조가 개체의 인스턴스로 설정되지 않았습니다.

2025-08-27 10:22:28,875 [T11-ScriptEngine] ERROR ActiveExcelUtil


System.NullReferenceException: 개체 참조가 개체의 인스턴스로 설정되지 않았습니다.
   위치: RPAGO.Lib.Excel.Util.ActiveExcelUtil.GetActiveWorkbook()
2025-08-27 10:22:28,948 [T11-ScriptEngine] INFO  JobRequest
 - STEP 106: S4e937733850a4965bb25bdb74d170475 (82/83) - (106/107)
 - [82] Delay


2025-08-27 10:22:29,969 [T11-ScriptEngine] INFO  JobRequest
 - STEP 107: S0b9cc37d291d4e7690fd6565e32c9a07 (83/83) - (107/107)
 - [83] CloseExcel


2025-08-27 10:22:35,003 [T11-ScriptEngine] ERROR ActiveExcelUtil
개체 참조가 개체의 인스턴스로 설정되지 않았습니다.

2025-08-27 10:22:35,003 [T11-ScriptEngine] ERROR ActiveExcelUtil


System.NullReferenceException: 개체 참조가 개체의 인스턴스로 설정되지 않았습니다.
   위치: RPAGO.Lib.Excel.Util.ActiveExcelUtil.GetActiveWorkbook()
2025-08-27 10:22:35,017 [T11-ScriptEngine] DEBUG ExcelBase
DisposeExcel

2025-08-27 10:22:36,269 [T11-ScriptEngine] INFO  JobRunner
[PASS] TASK: T_3_시각화

2025-08-27 10:22:36,271 [T11-ScriptEngine] INFO  JobRequest
##############################################################
### STATE: EndTask - T_3_시각화
##############################################################
1ef12143-8738-4a20-b78f-851548397f8a
T_3_시각화


2025-08-27 10:22:36,271 [T11-ScriptEngine] INFO  JobRunner
[PASS] TASK: P_Automatic_Analysis

2025-08-27 10:22:36,271 [T11-ScriptEngine] INFO  JobRequest
##############################################################
### STATE: EndProcess - P_Automatic_Analysis
##############################################################
2cc63046-6ac4-4bfe-b1d8-d587a5eae5f5
P_Automatic_Analysis


2025-08-27 10:22:36,292 [T11-ScriptEngine] INFO  JobRunner
RunProcess - Job Result: {}

2025-08-27 10:22:36,292 [T11-ScriptEngine] DEBUG JobManager
Set Result State: Completed

2025-08-27 10:22:36,298 [T11-ScriptEngine] INFO  JobRunner
Make report.

2025-08-27 10:22:36,365 [T11-ScriptEngine] INFO  JobRunner
Start to clean up resources.

2025-08-27 10:22:36,367 [T11-ScriptEngine] DEBUG JobRunner
OnProcessCompleted

2025-08-27 10:22:36,367 [T39] DEBUG JobRunner
Start timer for checking the job to be completed.

2025-08-27 10:22:36,367 [T11-ScriptEngine] INFO  JobRunner
Start to clean up resources.

2025-08-27 10:22:36,370 [T11-ScriptEngine] DEBUG JobRunner
Remove all libraries

2025-08-27 10:22:36,379 [T11-ScriptEngine] DEBUG NetPlayer
WebPlayer OnDispose

2025-08-27 10:22:36,382 [T11-ScriptEngine] DEBUG WebPlayer
WebPlayer OnDispose : Do Nothing

2025-08-27 10:22:36,382 [T11-ScriptEngine] DEBUG UIAEventHandler
Stop UIA event handler

2025-08-27 10:22:36,383 [T11-ScriptEngine] DEBUG UIAEventHandler
Stop UIA event handler

2025-08-27 10:22:38,445 [T11-ScriptEngine] DEBUG UiaAppHelper
WinHelper DisposeAppList Count: 0

2025-08-27 10:22:38,445 [T11-ScriptEngine] INFO  JobRunner
All Resources Clear

2025-08-27 10:22:38,449 [T11-ScriptEngine] DEBUG JobRunner
OnCompleted

2025-08-27 10:22:38,450 [T11-ScriptEngine] DEBUG JobRunner
SendJobResult: Completed

2025-08-27 10:22:38,450 [T11-ScriptEngine] INFO  JobRequest
##############################################################
### STATE: Completed
##############################################################
{}


2025-08-27 10:22:38,450 [T11-ScriptEngine] INFO  JobRequest
Last job life cycle state: Completed

2025-08-27 10:22:38,454 [T11-ScriptEngine] DEBUG JobDBManager
Set last life-cycle state: Completed - {}

2025-08-27 10:22:38,488 [T10] DEBUG JobRequest
Callback - State: Completed
{}

2025-08-27 10:22:38,489 [T11-ScriptEngine] INFO  JobRequest
##############################################################
### JOB COMPLETED
##############################################################


2025-08-27 10:22:38,505 [T10] INFO  JobRequest
Callback - EngineClosed

2025-08-27 10:22:38,506 [T10] INFO  JobService
Disconnect agent service

2025-08-27 10:22:38,507 [T10] DEBUG JobRequest
End of Callback Sender

