2025-08-27 10:26:46,951 [T1] INFO  EngineStarter
BOT Engine Start - v3.1.125.00701 at 2025-08-27 오전 10:26:46
EngineID: D_20250827_102646_164
PID : 3204
PPID: 480
Working Directory: C:\Users\GVTI1C18\AppData\Roaming\Brity RPA Designer

2025-08-27 10:26:46,970 [T1] INFO  EngineStarter
System Language: ko-KR
Resolution: 1920 x 1080

2025-08-27 10:26:47,241 [T1] INFO  Config
Initialize Config

2025-08-27 10:26:47,309 [T1] DEBUG Config
Config Loaded

2025-08-27 10:26:47,309 [T1] DEBUG Config
Backup config file.

2025-08-27 10:26:47,337 [T1] INFO  Config
Orchestrator Service => https://bwrpa.samsungsds.com:8777

2025-08-27 10:26:47,342 [T1] INFO  Config
Initialize Resource Config

2025-08-27 10:26:47,376 [T1] DEBUG Config
Refresh Language Information

2025-08-27 10:26:47,475 [T1] INFO  Config
All Config Initialized.

2025-08-27 10:26:47,483 [T1] DEBUG KeyManager
Initialize KeyManager

2025-08-27 10:26:47,486 [T1] DEBUG KeyManager
Load device unique id.

2025-08-27 10:26:47,492 [T1] DEBUG KeyManager
Device ID is initialized.

2025-08-27 10:26:47,497 [T1] INFO  Config
Activated License Type : StandAloneDesigner

2025-08-27 10:26:47,584 [T5] DEBUG JobService
Connect to agent service

2025-08-27 10:26:47,625 [T5] DEBUG JobService
JobService URL : net.tcp://127.0.0.1:59001/rpa/agent

2025-08-27 10:26:47,625 [T5] DEBUG JobService
Open connection

2025-08-27 10:26:47,635 [T1] DEBUG ApplicationInitializer
InitMode: Thread

2025-08-27 10:26:47,653 [T5] DEBUG JobService
Register engine to agent

2025-08-27 10:26:47,654 [T1] INFO  LibraryManager
Load Libraries - Started

2025-08-27 10:26:47,673 [T1] DEBUG AddInLoader
Load Assembly : IPA.Lib.Chrome

2025-08-27 10:26:47,679 [T5] DEBUG JobService
Engine is connected to agent service.

2025-08-27 10:26:47,679 [T5] DEBUG JobService
Owner Process PID: 480

2025-08-27 10:26:47,682 [T5] INFO  JobService
Start monitoring owner process is terminated.

2025-08-27 10:26:47,914 [T1] DEBUG AddInLoader
Load Assembly : IPA.Lib.Desktop

2025-08-27 10:26:48,100 [T1] DEBUG AddInLoader
Load Assembly : IPA.Lib.Excel

2025-08-27 10:26:48,286 [T1] DEBUG AddInLoader
Load Assembly : IPA.Lib.Flow

2025-08-27 10:26:48,412 [T1] DEBUG AddInLoader
Load Assembly : IPA.Lib.IE

2025-08-27 10:26:48,510 [T1] DEBUG AddInLoader
Load Assembly : IPA.Lib.ImageConverter

2025-08-27 10:26:48,572 [T1] DEBUG AddInLoader
Load Assembly : IPA.Lib.ImageRecognition

2025-08-27 10:26:48,791 [T1] DEBUG AddInLoader
Load Assembly : IPA.Lib.MicrosoftOCR

2025-08-27 10:26:48,859 [T1] DEBUG AddInLoader
Load Assembly : IPA.Lib.Net

2025-08-27 10:26:48,956 [T1] DEBUG AddInLoader
Load Assembly : IPA.Lib.Orchestra

2025-08-27 10:26:49,049 [T1] DEBUG AddInLoader
Load Assembly : IPA.Lib.ProcessFlow

2025-08-27 10:26:49,144 [T1] DEBUG AddInLoader
Load Assembly : IPA.Lib.SAP

2025-08-27 10:26:49,237 [T1] DEBUG AddInLoader
Load Assembly : IPA.Lib.Web

2025-08-27 10:26:49,358 [T1] DEBUG AddInLoader
Load Assembly : IPA.Lib.Win

2025-08-27 10:26:49,499 [T1] INFO  ScreenCapture
Default Screen Capture Bounds: 0,0,1920,1080

2025-08-27 10:26:49,535 [T1] DEBUG AddInLoader
Load Assembly : BrityRPA.AddIn.NativeApp

2025-08-27 10:26:49,665 [T1] DEBUG AddInLoader
Load Assembly : BrityWorks.AddIn.Outlook

2025-08-27 10:26:49,745 [T1] DEBUG AddInLoader
Load Assembly : BrityWorks.AddIn.Pdf

2025-08-27 10:26:49,839 [T1] DEBUG LibraryManager
Load Library - Chrome

2025-08-27 10:26:49,855 [T1] DEBUG LibraryManager
Load Library - Desktop

2025-08-27 10:26:49,870 [T1] DEBUG LibraryManager
Load Library - Excel

2025-08-27 10:26:49,886 [T1] DEBUG LibraryManager
Load Library - Flow

2025-08-27 10:26:49,901 [T1] DEBUG LibraryManager
Load Library - IE

2025-08-27 10:26:49,916 [T1] DEBUG LibraryManager
Load Library - ImageConverter

2025-08-27 10:26:49,932 [T1] DEBUG LibraryManager
Load Library - ImageRecognition

2025-08-27 10:26:49,948 [T1] DEBUG LibraryManager
Load Library - MicrosoftOCR

2025-08-27 10:26:49,963 [T1] DEBUG LibraryManager
Load Library - NativeApp

2025-08-27 10:26:49,979 [T1] DEBUG LibraryManager
Load Library - Net

2025-08-27 10:26:49,995 [T1] DEBUG LibraryManager
Load Library - Orchestra

2025-08-27 10:26:50,010 [T1] DEBUG LibraryManager
Load Library - Outlook

2025-08-27 10:26:50,026 [T1] DEBUG LibraryManager
Load Library - Pdf

2025-08-27 10:26:50,041 [T1] DEBUG LibraryManager
Load Library - SAP

2025-08-27 10:26:50,057 [T1] DEBUG LibraryManager
Load Library - Web

2025-08-27 10:26:50,072 [T1] DEBUG LibraryManager
Load Library - Win

2025-08-27 10:26:50,089 [T1] DEBUG LibraryManager
Load Library - WorkFlow

2025-08-27 10:26:50,094 [T1] DEBUG LibraryManager
Load built-in script libraries

2025-08-27 10:26:50,393 [T1] INFO  LibraryManager
Load Libraries - Completed.

2025-08-27 10:26:50,408 [T1] INFO  App
Launch Arguments: Total: 6 |  -eid D_20250827_102646_164 -runtype ProcRunner -ppid 480

2025-08-27 10:26:50,408 [T1] DEBUG Config
Refresh Language Information

2025-08-27 10:26:50,409 [T1] DEBUG LibraryManager
LibraryManager Initialized.

2025-08-27 10:30:48,577 [T8] INFO  JobService
Start Job: T_3_시각화 (Foreground)
{
  "JobType": 1,
  "State": 0,
  "IsRunning": false,
  "ResultMessage": null,
  "StartTime": "2025-08-27 10:30:48",
  "EndTime": null,
  "JobId": "Designer_20250827_103048_327",
  "UserAuthentication": null,
  "ProcessPath": "C:\\Users\\GVTI1C18\\Desktop\\Automatic-Analysis\\T_3_시각화.proc",
  "ProcessId": "1ef12143-8738-4a20-b78f-851548397f8a",
  "ProcessVer": "1.0",
  "ProcessArgs": "Sb864082671d047c7a58bc4f2c9c2fe25;;False",
  "RequesterType": 3,
  "RequesterId": "designer",
  "RequesterPID": 480,
  "OptionsJsonString": null,
  "TimeoutSec": 0,
  "EngineID": "D_20250827_102646_164",
  "EnginePID": 0,
  "EngineRecommededVersion": "",
  "JobWorkDir": "C:\\Users\\GVTI1C18\\Desktop\\Automatic-Analysis\\Histories\\20250827_103048_T_3_시각화_Designer_20250827_103048_327",
  "JobLogDir": "C:\\Users\\GVTI1C18\\Desktop\\Automatic-Analysis\\Histories\\20250827_103048_T_3_시각화_Designer_20250827_103048_327\\Log",
  "JobScreenshotDir": "C:\\Users\\GVTI1C18\\Desktop\\Automatic-Analysis\\Histories\\20250827_103048_T_3_시각화_Designer_20250827_103048_327\\Log\\Screenshot"
}

2025-08-27 10:30:48,745 [T9] DEBUG JobService
Waiting library loading...

2025-08-27 10:30:48,749 [T9] DEBUG Config
Reload User Settings

2025-08-27 10:30:48,752 [T9] INFO  Config
UserSettings Reloaded =>
 - LastExecution : +X/4U9nYtb98FNadqKc7JjhHiHeJ2qgGyE09DpvwQxQ= -> kFlXebLtATlOmVqgwYNf5t/ICcFF2Qr1JckIj21wbNw=

2025-08-27 10:30:48,752 [T9] INFO  JobService
Config Loading Completed.

2025-08-27 10:30:48,752 [T9] DEBUG JobService
Config Loading Time: 6 ms.

2025-08-27 10:30:48,758 [T9] DEBUG JobService
Check Shared Token

2025-08-27 10:30:48,761 [T9] DEBUG TokenManager
Load connection token

2025-08-27 10:30:48,764 [T9] DEBUG TokenManager
Clear Connection Token - No Shared Token

2025-08-27 10:30:48,772 [T9] DEBUG ServerInformationClient
get server features for engine bot from config.

2025-08-27 10:30:48,774 [T9] INFO  Config
Try to load server features from config.

2025-08-27 10:30:48,775 [T9] INFO  TokenManager
SecurityType : v2

2025-08-27 10:30:48,777 [T9] INFO  JobService
Shared Token - No Token

2025-08-27 10:30:48,785 [T9] INFO  JobManager
Create JobManager instance for job T_3_시각화(Designer_20250827_103048_327)

2025-08-27 10:30:48,794 [T9] INFO  JobRequest
Job ID : Designer_20250827_103048_327
Project Path  : C:\Users\GVTI1C18\Desktop\Automatic-Analysis\Automatic_Analysis.proj
Process Name  : T_3_시각화
Engine Mode   : Designer
Requester Type: Designer
Requester PID : 480

2025-08-27 10:30:48,797 [T10] INFO  JobRequest
Start Callback Sender

2025-08-27 10:30:48,797 [T10] DEBUG JobRequest
Step Callback Interval: 500

2025-08-27 10:30:48,855 [T9] DEBUG ProjectManager
Set Project Information

2025-08-27 10:30:48,896 [T9] INFO  PlayOptionManager
PlayOption
- Step Interval : 1
- Disable DrawBounds : False
- Invoke First : False
- Allow Upload of DumpScreen results : False

2025-08-27 10:30:48,898 [T9] INFO  JobRunner
Initialize Script Engine

2025-08-27 10:30:48,918 [T13-ScriptEngine] INFO  JobRequest
##############################################################
### STATE: Initializing
##############################################################


2025-08-27 10:30:48,949 [T10] DEBUG JobRequest
Callback - State: Initializing


2025-08-27 10:30:50,011 [T13-ScriptEngine] INFO  JobRequest
##############################################################
### STATE: Ready
##############################################################


2025-08-27 10:30:50,021 [T10] DEBUG JobRequest
Callback - State: Ready


2025-08-27 10:30:50,026 [T9] INFO  JobRunnerHook
HotKey Hook Started

2025-08-27 10:30:50,027 [T9] INFO  JobRequest
##############################################################
### STATE: Starting
##############################################################


2025-08-27 10:30:50,029 [T13-ScriptEngine] INFO  JobRunner
RunProcess start

2025-08-27 10:30:50,032 [T13-ScriptEngine] INFO  JobRequest
##############################################################
### STATE: Running
##############################################################


2025-08-27 10:30:50,032 [T13-ScriptEngine] INFO  JobRequest
Last job life cycle state: Running

2025-08-27 10:30:50,036 [T10] DEBUG JobRequest
Callback - State: Starting


2025-08-27 10:30:50,052 [T10] DEBUG JobRequest
Callback - State: Running


2025-08-27 10:30:51,227 [T13-ScriptEngine] DEBUG ScreenCapture
DirectX Screen Capture Initialized.

2025-08-27 10:30:51,255 [T13-ScriptEngine] DEBUG JobRunner
DirectX ScreenCapture Checked.

2025-08-27 10:30:51,370 [T13-ScriptEngine] INFO  JobRequest
##############################################################
### STATE: StartProcess - T_3_시각화
##############################################################
1ef12143-8738-4a20-b78f-851548397f8a
T_3_시각화


2025-08-27 10:30:51,443 [T13-ScriptEngine] INFO  JobRequest
**************************************************************
*** TASK: T_3_시각화
**************************************************************
 - STEP 1: Sb864082671d047c7a58bc4f2c9c2fe25 (81/92) - (1/12)
 - [81] MouseDrag


2025-08-27 10:30:51,800 [T11] DEBUG UIAEventHandler
Start UIA event handler

2025-08-27 10:30:52,203 [T11] INFO  WinFinder
Finding Object In App... Try: 1, IsLastTry: False. AppCount: 1

2025-08-27 10:30:52,361 [T11] DEBUG WinElementTargetFinder
## Object Find In App (name: '업종분석_264_2020-2024.xlsx - Exce...')

2025-08-27 10:30:52,555 [T11] INFO  WinFinder
 . Finding Object by 'RelativePoint Search' (Try: 1) ... 

2025-08-27 10:30:52,692 [T13-ScriptEngine] INFO  WinFinder
Finding Result: Found by 'ObjectPathEx' method. (Total: 1)
 - name: ''
 - value: ''

2025-08-27 10:30:53,195 [T13-ScriptEngine] INFO  JobRequest
 - STEP 2: Sf804cc546c864aa18099b32030d0657b (82/92) - (2/12)
 - [82] MouseDrop


2025-08-27 10:30:53,248 [T11] INFO  WinFinder
Finding Object In App... Try: 1, IsLastTry: False. AppCount: 1

2025-08-27 10:30:53,249 [T11] DEBUG WinElementTargetFinder
## Object Find In App (name: '업종분석_264_2020-2024.xlsx - Exce...')

2025-08-27 10:30:53,397 [T11] INFO  WinFinder
 . Finding Object by 'RelativePoint Search' (Try: 1) ... 

2025-08-27 10:30:53,453 [T13-ScriptEngine] INFO  WinFinder
Finding Result: Found by 'ObjectPathEx' method. (Total: 1)
 - name: '"A" 43'
 - value: ''

2025-08-27 10:30:55,138 [T13-ScriptEngine] INFO  JobRequest
 - STEP 3: Sc8808113edf04ad696fc9fdee7083041 (83/92) - (3/12)
 - [83] SelectRange


2025-08-27 10:31:00,190 [T13-ScriptEngine] ERROR ActiveExcelUtil
개체 참조가 개체의 인스턴스로 설정되지 않았습니다.

2025-08-27 10:31:00,190 [T13-ScriptEngine] ERROR ActiveExcelUtil


System.NullReferenceException: 개체 참조가 개체의 인스턴스로 설정되지 않았습니다.
   위치: RPAGO.Lib.Excel.Util.ActiveExcelUtil.GetActiveWorkbook()
2025-08-27 10:31:03,369 [T13-ScriptEngine] WARN  ScriptSupport
[CATCH_STEP_EXCEPTION] Process: T_3_시각화
Step: SelectRange (83/92)

Error: 활성화 된 엑셀이 없습니다. 재확인 해주십시요.

2025-08-27 10:31:03,378 [T13-ScriptEngine] FINE  JobRunner
RunTask ExceptionOccured. TASK: T_3_시각화 => 활성화 된 엑셀이 없습니다. 재확인 해주십시요.

2025-08-27 10:31:03,392 [T13-ScriptEngine] INFO  JobRequest
##############################################################
### STATE: EndProcess - T_3_시각화
##############################################################
1ef12143-8738-4a20-b78f-851548397f8a
T_3_시각화


2025-08-27 10:31:03,408 [T13-ScriptEngine] ERROR JobRunner
Process: T_3_시각화
Step: SelectRange (83/92)

활성화 된 엑셀이 없습니다. 재확인 해주십시요.

[CallStack]
  - T_3_시각화: [83] SelectRange

[Global Variables]
  - RESULT = <null> (Any)

2025-08-27 10:31:03,408 [T13-ScriptEngine] DEBUG JobManager
Set Result State: ExceptionOccured

2025-08-27 10:31:04,431 [T13-ScriptEngine] INFO  JobRunner
Make report.

2025-08-27 10:31:04,488 [T13-ScriptEngine] INFO  JobRunner
Start to clean up resources.

2025-08-27 10:31:04,489 [T13-ScriptEngine] DEBUG JobRunner
OnProcessFailed

2025-08-27 10:31:04,490 [T33] DEBUG JobRunner
Start timer for checking the job to be completed.

2025-08-27 10:31:04,491 [T13-ScriptEngine] INFO  JobRunner
Start to clean up resources.

2025-08-27 10:31:04,494 [T13-ScriptEngine] DEBUG JobRunner
Remove all libraries

2025-08-27 10:31:04,503 [T13-ScriptEngine] DEBUG NetPlayer
WebPlayer OnDispose

2025-08-27 10:31:04,507 [T13-ScriptEngine] DEBUG WebPlayer
WebPlayer OnDispose : Do Nothing

2025-08-27 10:31:04,508 [T13-ScriptEngine] DEBUG UIAEventHandler
Stop UIA event handler

2025-08-27 10:31:04,509 [T13-ScriptEngine] DEBUG UIAEventHandler
Stop UIA event handler

2025-08-27 10:31:04,558 [T13-ScriptEngine] DEBUG UiaAppHelper
WinHelper DisposeAppList Count: 0

2025-08-27 10:31:04,559 [T13-ScriptEngine] INFO  JobRunner
All Resources Clear

2025-08-27 10:31:04,564 [T13-ScriptEngine] DEBUG JobRunner
OnCompleted

2025-08-27 10:31:04,565 [T13-ScriptEngine] DEBUG JobRunner
SendJobResult: ExceptionOccured

2025-08-27 10:31:04,565 [T13-ScriptEngine] INFO  JobRequest
##############################################################
### STATE: ExceptionOccured
##############################################################
Process: T_3_시각화
Step: SelectRange (83/92)

활성화 된 엑셀이 없습니다. 재확인 해주십시요.

[CallStack]
  - T_3_시각화: [83] SelectRange

[Global Variables]
  - RESULT = <null> (Any)


2025-08-27 10:31:04,565 [T13-ScriptEngine] INFO  JobRequest
Last job life cycle state: ExceptionOccured

2025-08-27 10:31:04,570 [T13-ScriptEngine] DEBUG JobDBManager
Set last life-cycle state: ExceptionOccured - Process: T_3_시각화
Step: SelectRange (83/92)

활성화 된 엑셀이 없습니다. 재확인 해주십시요.

[CallStack]
  - T_3_시각화: [83] SelectRange

[Global Variables]
  - RESULT = <null> (Any)

2025-08-27 10:31:04,598 [T10] DEBUG JobRequest
Callback - State: ExceptionOccured
Process: T_3_시각화
Step: SelectRange (83/92)

활성화 된 엑셀이 없습니다. 재확인 해주십시요.

[CallStack]
  - T_3_시각화: [83] SelectRange

[Global Variables]
  - RESULT = <null> (Any)

2025-08-27 10:31:04,600 [T13-ScriptEngine] INFO  JobRequest
##############################################################
### JOB COMPLETED
##############################################################


2025-08-27 10:31:04,615 [T10] INFO  JobRequest
Callback - EngineClosed

2025-08-27 10:31:04,615 [T10] INFO  JobService
Disconnect agent service

2025-08-27 10:31:04,618 [T10] DEBUG JobRequest
End of Callback Sender

