2025-08-27 10:16:11,569 [T1] INFO  EngineStarter
BOT Engine Start - v3.1.125.00701 at 2025-08-27 오전 10:16:11
EngineID: D_20250827_101610_657
PID : 11952
PPID: 480
Working Directory: C:\Users\GVTI1C18\AppData\Roaming\Brity RPA Designer

2025-08-27 10:16:11,588 [T1] INFO  EngineStarter
System Language: ko-KR
Resolution: 1920 x 1080

2025-08-27 10:16:11,865 [T1] INFO  Config
Initialize Config

2025-08-27 10:16:11,916 [T1] DEBUG Config
Config Loaded

2025-08-27 10:16:11,917 [T1] DEBUG Config
Backup config file.

2025-08-27 10:16:11,929 [T1] INFO  Config
Orchestrator Service => https://bwrpa.samsungsds.com:8777

2025-08-27 10:16:11,934 [T1] INFO  Config
Initialize Resource Config

2025-08-27 10:16:11,971 [T1] DEBUG Config
Refresh Language Information

2025-08-27 10:16:12,069 [T1] INFO  Config
All Config Initialized.

2025-08-27 10:16:12,077 [T1] DEBUG KeyManager
Initialize KeyManager

2025-08-27 10:16:12,080 [T1] DEBUG KeyManager
Load device unique id.

2025-08-27 10:16:12,087 [T1] DEBUG KeyManager
Device ID is initialized.

2025-08-27 10:16:12,092 [T1] INFO  Config
Activated License Type : StandAloneDesigner

2025-08-27 10:16:12,175 [T5] DEBUG JobService
Connect to agent service

2025-08-27 10:16:12,209 [T5] DEBUG JobService
JobService URL : net.tcp://127.0.0.1:59001/rpa/agent

2025-08-27 10:16:12,209 [T5] DEBUG JobService
Open connection

2025-08-27 10:16:12,216 [T1] DEBUG ApplicationInitializer
InitMode: Thread

2025-08-27 10:16:12,228 [T5] DEBUG JobService
Register engine to agent

2025-08-27 10:16:12,229 [T1] INFO  LibraryManager
Load Libraries - Started

2025-08-27 10:16:12,243 [T5] DEBUG JobService
Engine is connected to agent service.

2025-08-27 10:16:12,243 [T5] DEBUG JobService
Owner Process PID: 480

2025-08-27 10:16:12,245 [T1] DEBUG AddInLoader
Load Assembly : IPA.Lib.Chrome

2025-08-27 10:16:12,246 [T5] INFO  JobService
Start monitoring owner process is terminated.

2025-08-27 10:16:12,496 [T1] DEBUG AddInLoader
Load Assembly : IPA.Lib.Desktop

2025-08-27 10:16:12,693 [T1] DEBUG AddInLoader
Load Assembly : IPA.Lib.Excel

2025-08-27 10:16:12,890 [T1] DEBUG AddInLoader
Load Assembly : IPA.Lib.Flow

2025-08-27 10:16:13,024 [T1] DEBUG AddInLoader
Load Assembly : IPA.Lib.IE

2025-08-27 10:16:13,128 [T1] DEBUG AddInLoader
Load Assembly : IPA.Lib.ImageConverter

2025-08-27 10:16:13,194 [T1] DEBUG AddInLoader
Load Assembly : IPA.Lib.ImageRecognition

2025-08-27 10:16:13,417 [T1] DEBUG AddInLoader
Load Assembly : IPA.Lib.MicrosoftOCR

2025-08-27 10:16:13,486 [T1] DEBUG AddInLoader
Load Assembly : IPA.Lib.Net

2025-08-27 10:16:13,581 [T1] DEBUG AddInLoader
Load Assembly : IPA.Lib.Orchestra

2025-08-27 10:16:13,675 [T1] DEBUG AddInLoader
Load Assembly : IPA.Lib.ProcessFlow

2025-08-27 10:16:13,772 [T1] DEBUG AddInLoader
Load Assembly : IPA.Lib.SAP

2025-08-27 10:16:13,861 [T1] DEBUG AddInLoader
Load Assembly : IPA.Lib.Web

2025-08-27 10:16:13,983 [T1] DEBUG AddInLoader
Load Assembly : IPA.Lib.Win

2025-08-27 10:16:14,130 [T1] INFO  ScreenCapture
Default Screen Capture Bounds: 0,0,1920,1080

2025-08-27 10:16:14,167 [T1] DEBUG AddInLoader
Load Assembly : BrityRPA.AddIn.NativeApp

2025-08-27 10:16:14,290 [T1] DEBUG AddInLoader
Load Assembly : BrityWorks.AddIn.Outlook

2025-08-27 10:16:14,365 [T1] DEBUG AddInLoader
Load Assembly : BrityWorks.AddIn.Pdf

2025-08-27 10:16:14,486 [T1] DEBUG LibraryManager
Load Library - Chrome

2025-08-27 10:16:14,501 [T1] DEBUG LibraryManager
Load Library - Desktop

2025-08-27 10:16:14,516 [T1] DEBUG LibraryManager
Load Library - Excel

2025-08-27 10:16:14,531 [T1] DEBUG LibraryManager
Load Library - Flow

2025-08-27 10:16:14,547 [T1] DEBUG LibraryManager
Load Library - IE

2025-08-27 10:16:14,562 [T1] DEBUG LibraryManager
Load Library - ImageConverter

2025-08-27 10:16:14,578 [T1] DEBUG LibraryManager
Load Library - ImageRecognition

2025-08-27 10:16:14,593 [T1] DEBUG LibraryManager
Load Library - MicrosoftOCR

2025-08-27 10:16:14,609 [T1] DEBUG LibraryManager
Load Library - NativeApp

2025-08-27 10:16:14,625 [T1] DEBUG LibraryManager
Load Library - Net

2025-08-27 10:16:14,640 [T1] DEBUG LibraryManager
Load Library - Orchestra

2025-08-27 10:16:14,656 [T1] DEBUG LibraryManager
Load Library - Outlook

2025-08-27 10:16:14,671 [T1] DEBUG LibraryManager
Load Library - Pdf

2025-08-27 10:16:14,687 [T1] DEBUG LibraryManager
Load Library - SAP

2025-08-27 10:16:14,703 [T1] DEBUG LibraryManager
Load Library - Web

2025-08-27 10:16:14,719 [T1] DEBUG LibraryManager
Load Library - Win

2025-08-27 10:16:14,734 [T1] DEBUG LibraryManager
Load Library - WorkFlow

2025-08-27 10:16:14,739 [T1] DEBUG LibraryManager
Load built-in script libraries

2025-08-27 10:16:15,032 [T1] INFO  LibraryManager
Load Libraries - Completed.

2025-08-27 10:16:15,048 [T1] INFO  App
Launch Arguments: Total: 6 |  -eid D_20250827_101610_657 -runtype ProcRunner -ppid 480

2025-08-27 10:16:15,048 [T1] DEBUG Config
Refresh Language Information

2025-08-27 10:16:15,049 [T1] DEBUG LibraryManager
LibraryManager Initialized.

2025-08-27 10:17:04,349 [T8] INFO  JobService
Start Job: T_3_시각화 (Foreground)
{
  "JobType": 1,
  "State": 0,
  "IsRunning": false,
  "ResultMessage": null,
  "StartTime": "2025-08-27 10:17:04",
  "EndTime": null,
  "JobId": "Designer_20250827_101704_091",
  "UserAuthentication": null,
  "ProcessPath": "C:\\Users\\GVTI1C18\\Desktop\\Automatic-Analysis\\T_3_시각화.proc",
  "ProcessId": "1ef12143-8738-4a20-b78f-851548397f8a",
  "ProcessVer": "1.0",
  "ProcessArgs": "S1488dab3bd2a4586837d8f69a7c5ef3c;;False",
  "RequesterType": 3,
  "RequesterId": "designer",
  "RequesterPID": 480,
  "OptionsJsonString": null,
  "TimeoutSec": 0,
  "EngineID": "D_20250827_101610_657",
  "EnginePID": 0,
  "EngineRecommededVersion": "",
  "JobWorkDir": "C:\\Users\\GVTI1C18\\Desktop\\Automatic-Analysis\\Histories\\20250827_101704_T_3_시각화_Designer_20250827_101704_091",
  "JobLogDir": "C:\\Users\\GVTI1C18\\Desktop\\Automatic-Analysis\\Histories\\20250827_101704_T_3_시각화_Designer_20250827_101704_091\\Log",
  "JobScreenshotDir": "C:\\Users\\GVTI1C18\\Desktop\\Automatic-Analysis\\Histories\\20250827_101704_T_3_시각화_Designer_20250827_101704_091\\Log\\Screenshot"
}

2025-08-27 10:17:04,510 [T9] DEBUG JobService
Waiting library loading...

2025-08-27 10:17:04,513 [T9] DEBUG Config
Reload User Settings

2025-08-27 10:17:04,516 [T9] INFO  JobService
Config Loading Completed.

2025-08-27 10:17:04,516 [T9] DEBUG JobService
Config Loading Time: 5 ms.

2025-08-27 10:17:04,522 [T9] DEBUG JobService
Check Shared Token

2025-08-27 10:17:04,525 [T9] DEBUG TokenManager
Load connection token

2025-08-27 10:17:04,528 [T9] DEBUG TokenManager
Clear Connection Token - No Shared Token

2025-08-27 10:17:04,535 [T9] DEBUG ServerInformationClient
get server features for engine bot from config.

2025-08-27 10:17:04,537 [T9] INFO  Config
Try to load server features from config.

2025-08-27 10:17:04,538 [T9] INFO  TokenManager
SecurityType : v2

2025-08-27 10:17:04,541 [T9] INFO  JobService
Shared Token - No Token

2025-08-27 10:17:04,549 [T9] INFO  JobManager
Create JobManager instance for job T_3_시각화(Designer_20250827_101704_091)

2025-08-27 10:17:04,556 [T9] INFO  JobRequest
Job ID : Designer_20250827_101704_091
Project Path  : C:\Users\GVTI1C18\Desktop\Automatic-Analysis\Automatic_Analysis.proj
Process Name  : T_3_시각화
Engine Mode   : Designer
Requester Type: Designer
Requester PID : 480

2025-08-27 10:17:04,560 [T10] INFO  JobRequest
Start Callback Sender

2025-08-27 10:17:04,560 [T10] DEBUG JobRequest
Step Callback Interval: 500

2025-08-27 10:17:04,616 [T9] DEBUG ProjectManager
Set Project Information

2025-08-27 10:17:04,650 [T9] INFO  PlayOptionManager
PlayOption
- Step Interval : 1
- Disable DrawBounds : False
- Invoke First : False
- Allow Upload of DumpScreen results : False

2025-08-27 10:17:04,652 [T9] INFO  JobRunner
Initialize Script Engine

2025-08-27 10:17:04,671 [T13-ScriptEngine] INFO  JobRequest
##############################################################
### STATE: Initializing
##############################################################


2025-08-27 10:17:04,702 [T10] DEBUG JobRequest
Callback - State: Initializing


2025-08-27 10:17:05,751 [T13-ScriptEngine] INFO  JobRequest
##############################################################
### STATE: Ready
##############################################################


2025-08-27 10:17:05,761 [T10] DEBUG JobRequest
Callback - State: Ready


2025-08-27 10:17:05,765 [T9] INFO  JobRunnerHook
HotKey Hook Started

2025-08-27 10:17:05,766 [T9] INFO  JobRequest
##############################################################
### STATE: Starting
##############################################################


2025-08-27 10:17:05,768 [T13-ScriptEngine] INFO  JobRunner
RunProcess start

2025-08-27 10:17:05,771 [T13-ScriptEngine] INFO  JobRequest
##############################################################
### STATE: Running
##############################################################


2025-08-27 10:17:05,771 [T13-ScriptEngine] INFO  JobRequest
Last job life cycle state: Running

2025-08-27 10:17:05,776 [T10] DEBUG JobRequest
Callback - State: Starting


2025-08-27 10:17:05,792 [T10] DEBUG JobRequest
Callback - State: Running


2025-08-27 10:17:06,957 [T13-ScriptEngine] DEBUG ScreenCapture
DirectX Screen Capture Initialized.

2025-08-27 10:17:06,980 [T13-ScriptEngine] DEBUG JobRunner
DirectX ScreenCapture Checked.

2025-08-27 10:17:07,086 [T13-ScriptEngine] INFO  JobRequest
##############################################################
### STATE: StartProcess - T_3_시각화
##############################################################
1ef12143-8738-4a20-b78f-851548397f8a
T_3_시각화


2025-08-27 10:17:07,165 [T13-ScriptEngine] INFO  JobRequest
**************************************************************
*** TASK: T_3_시각화
**************************************************************
 - STEP 1: S1488dab3bd2a4586837d8f69a7c5ef3c (50/83) - (1/32)
 - [50] Click


2025-08-27 10:17:07,482 [T12] DEBUG UIAEventHandler
Start UIA event handler

2025-08-27 10:17:07,685 [T12] DEBUG UIAEventHandler
UI Structure Changed Count: 0

2025-08-27 10:17:07,685 [T12] DEBUG UIAEventHandler
Waiting additional time 106 msec for the screen structure is changing. Requested interval: 200 msec.

2025-08-27 10:17:07,722 [T12] INFO  WinFinder
Finding Object In App... Try: 1, IsLastTry: False. AppCount: 1

2025-08-27 10:17:07,883 [T12] DEBUG WinElementTargetFinder
## Object Find In App (name: '업종분석_264_2020-2024.xlsx - Exce...')

2025-08-27 10:17:08,041 [T12] INFO  WinFinder
 . Finding Object by 'RelativePoint Search' (Try: 1) ... 

2025-08-27 10:17:08,176 [T13-ScriptEngine] INFO  WinFinder
Finding Result: Found by 'ObjectPathEx' method. (Total: 1)
 - name: '기업명'
 - value: ''

2025-08-27 10:17:08,637 [T13-ScriptEngine] INFO  JobRequest
 - STEP 2: S2a068390532449a7ac529868500fa4d1 (52/83) - (2/32)
 - [52] Click


2025-08-27 10:17:08,662 [T12] INFO  WinFinder
Finding Object In App... Try: 1, IsLastTry: False. AppCount: 1

2025-08-27 10:17:08,662 [T12] DEBUG WinElementTargetFinder
## Object Find In App (name: '업종분석_264_2020-2024.xlsx - Exce...')

2025-08-27 10:17:11,785 [T12] INFO  WinFinder
Finding Object In App... Try: 2, IsLastTry: False. AppCount: 1

2025-08-27 10:17:11,787 [T12] DEBUG WinElementTargetFinder
## Object Find In App (name: '업종분석_264_2020-2024.xlsx - Exce...')

2025-08-27 10:17:14,630 [T12] INFO  WinFinder
Finding Object In App... Try: 3, IsLastTry: False. AppCount: 1

2025-08-27 10:17:14,632 [T12] DEBUG WinElementTargetFinder
## Object Find In App (name: '업종분석_264_2020-2024.xlsx - Exce...')

2025-08-27 10:17:17,663 [T12] INFO  WinFinder
Finding Object In App... Try: 4, IsLastTry: True. AppCount: 1

2025-08-27 10:17:17,795 [T12] DEBUG WinElementTargetFinder
## Object Find In App (name: '업종분석_264_2020-2024.xlsx - Exce...')

2025-08-27 10:17:19,769 [T12] INFO  WinFinder
 . Finding Object by 'RelativePoint Search' (Try: 4) ... 

2025-08-27 10:17:19,831 [T13-ScriptEngine] DEBUG WinFinder
UI Inspection Time: 11 seconds.

2025-08-27 10:17:19,831 [T13-ScriptEngine] INFO  WinFinder
Finding Result: Found by 'ObjectPathEx' method. (Total: 1)
 - name: '구분'
 - value: ''

2025-08-27 10:17:20,471 [T13-ScriptEngine] INFO  JobRequest
 - STEP 3: S330e2baba8fd4098b829868f27497fcd (53/83) - (3/32)
 - [53] MouseScroll


2025-08-27 10:17:20,701 [T12] INFO  WinFinder
Finding Object In App... Try: 1, IsLastTry: False. AppCount: 1

2025-08-27 10:17:20,831 [T12] DEBUG WinElementTargetFinder
## Object Find In App (name: '업종분석_264_2020-2024.xlsx - Exce...')

2025-08-27 10:17:22,834 [T12] INFO  WinFinder
 . Finding Object by 'RelativePoint Search' (Try: 1) ... 

2025-08-27 10:17:22,894 [T13-ScriptEngine] INFO  WinFinder
Finding Result: Found by 'ObjectPathEx' method. (Total: 1)
 - name: '위치'
 - value: ''

2025-08-27 10:17:24,432 [T13-ScriptEngine] INFO  JobRequest
 - STEP 4: S9d132a22d6e04476a966f340d3312e1d (54/83) - (4/32)
 - [54] Click


2025-08-27 10:17:24,493 [T12] INFO  WinFinder
Finding Object In App... Try: 1, IsLastTry: False. AppCount: 1

2025-08-27 10:17:24,494 [T12] DEBUG WinElementTargetFinder
## Object Find In App (name: '업종분석_264_2020-2024.xlsx - Exce...')

2025-08-27 10:17:26,399 [T12] INFO  WinFinder
 . Finding Object by 'RelativePoint Search' (Try: 1) ... 

2025-08-27 10:17:26,447 [T13-ScriptEngine] INFO  WinFinder
Finding Result: Found by 'ObjectPathEx' method. (Total: 1)
 - name: '영업비용률'
 - value: ''

2025-08-27 10:17:27,088 [T13-ScriptEngine] INFO  JobRequest
 - STEP 5: S1f991b05444b4b88b43fe1dc2e530884 (55/83) - (5/32)
 - [55] Click


2025-08-27 10:17:27,135 [T11] INFO  WinFinder
Finding Object In App... Try: 1, IsLastTry: False. AppCount: 1

2025-08-27 10:17:27,259 [T11] DEBUG WinElementTargetFinder
## Object Find In App (name: '업종분석_264_2020-2024.xlsx - Exce...')

2025-08-27 10:17:29,169 [T11] INFO  WinFinder
 . Finding Object by 'RelativePoint Search' (Try: 1) ... 

2025-08-27 10:17:29,212 [T13-ScriptEngine] INFO  WinFinder
Finding Result: Found by 'ObjectPathEx' method. (Total: 1)
 - name: '영업이익률'
 - value: ''

2025-08-27 10:17:29,836 [T13-ScriptEngine] INFO  JobRequest
 - STEP 6: Sd1804f6066344779971a6ab26db601ee (56/83) - (6/32)
 - [56] Click


2025-08-27 10:17:29,885 [T12] INFO  WinFinder
Finding Object In App... Try: 1, IsLastTry: False. AppCount: 1

2025-08-27 10:17:29,886 [T12] DEBUG WinElementTargetFinder
## Object Find In App (name: '업종분석_264_2020-2024.xlsx - Exce...')

2025-08-27 10:17:31,999 [T8] INFO  JobService
Stop Job

2025-08-27 10:17:32,002 [T8] INFO  JobRunner
Stop Job Runner - Cause: LocalUser / Message: stop by user

2025-08-27 10:17:32,003 [T8] INFO  JobRequest
##############################################################
### STATE: Stopping
##############################################################
stop by user


2025-08-27 10:17:32,021 [T10] DEBUG JobRequest
Callback - State: Stopping
stop by user

2025-08-27 10:17:32,131 [T13-ScriptEngine] INFO  WinFinder
Finding Result: NotFound

2025-08-27 10:17:32,138 [T13-ScriptEngine] DEBUG JobRunner
RunTask Interrupted. TASK: T_3_시각화 => Script execution interrupted by host

2025-08-27 10:17:32,161 [T13-ScriptEngine] DEBUG JobManager
Set Result State: Stopped

2025-08-27 10:17:32,166 [T13-ScriptEngine] INFO  JobRunner
Make report.

2025-08-27 10:17:32,225 [T13-ScriptEngine] INFO  JobRunner
Start to clean up resources.

2025-08-27 10:17:32,227 [T13-ScriptEngine] DEBUG JobRunner
OnProcessCompleted

2025-08-27 10:17:32,227 [T12] DEBUG JobRunner
Start timer for checking the job to be completed.

2025-08-27 10:17:32,227 [T13-ScriptEngine] INFO  JobRunner
Start to clean up resources.

2025-08-27 10:17:32,228 [T13-ScriptEngine] DEBUG JobRunner
Remove all Process Stack: 1

2025-08-27 10:17:32,235 [T13-ScriptEngine] INFO  JobRequest
##############################################################
### STATE: EndProcess - T_3_시각화
##############################################################
1ef12143-8738-4a20-b78f-851548397f8a
T_3_시각화


2025-08-27 10:17:32,238 [T13-ScriptEngine] DEBUG JobRunner
Remove all libraries

2025-08-27 10:17:32,248 [T13-ScriptEngine] DEBUG NetPlayer
WebPlayer OnDispose

2025-08-27 10:17:32,251 [T13-ScriptEngine] DEBUG WebPlayer
WebPlayer OnDispose : Do Nothing

2025-08-27 10:17:32,253 [T13-ScriptEngine] DEBUG UIAEventHandler
Stop UIA event handler

2025-08-27 10:17:32,254 [T13-ScriptEngine] DEBUG UIAEventHandler
Stop UIA event handler

2025-08-27 10:17:32,267 [T13-ScriptEngine] DEBUG UiaAppHelper
WinHelper DisposeAppList Count: 0

2025-08-27 10:17:32,268 [T13-ScriptEngine] INFO  JobRunner
All Resources Clear

2025-08-27 10:17:32,273 [T13-ScriptEngine] DEBUG JobRunner
OnCompleted

2025-08-27 10:17:32,273 [T13-ScriptEngine] DEBUG JobRunner
SendJobResult: Stopped

2025-08-27 10:17:32,274 [T13-ScriptEngine] INFO  JobRequest
##############################################################
### STATE: Stopped
##############################################################
Process: T_3_시각화
Step: Click (56/83)

Stopped by User


2025-08-27 10:17:32,274 [T13-ScriptEngine] INFO  JobRequest
Last job life cycle state: Stopped

2025-08-27 10:17:32,274 [T13-ScriptEngine] INFO  JobRequest
Update skipped current step informations.

2025-08-27 10:17:32,277 [T13-ScriptEngine] DEBUG JobDBManager
Set last life-cycle state: Stopped - Process: T_3_시각화
Step: Click (56/83)

Stopped by User

2025-08-27 10:17:32,305 [T13-ScriptEngine] INFO  JobRequest
##############################################################
### JOB COMPLETED
##############################################################


2025-08-27 10:17:32,306 [T10] DEBUG JobRequest
Callback - State: Stopped
Process: T_3_시각화
Step: Click (56/83)

Stopped by User

2025-08-27 10:17:32,308 [T10] INFO  JobRequest
Callback - EngineClosed

2025-08-27 10:17:32,309 [T10] INFO  JobService
Disconnect agent service

2025-08-27 10:17:32,309 [T10] DEBUG JobRequest
End of Callback Sender

